#
# There is insufficient memory for the Java Runtime Environment to continue.
# Native memory allocation (mmap) failed to map 134217728 bytes for committing reserved memory.
# Possible reasons:
#   The system is out of physical RAM or swap space
#   The process is running with CompressedOops enabled, and the Java Heap may be blocking the growth of the native heap
# Possible solutions:
#   Reduce memory load on the system
#   Increase physical memory or swap space
#   Check if swap backing store is full
#   Decrease Java heap size (-Xmx/-Xms)
#   Decrease number of Java threads
#   Decrease Java thread stack sizes (-Xss)
#   Set larger code cache with -XX:ReservedCodeCacheSize=
# This output file may be truncated or incomplete.
#
#  Out of Memory Error (os_linux.cpp:2913), pid=59418, tid=59419
#
# JRE version:  (11.0.10+9) (build )
# Java VM: Dynamic Code Evolution 64-Bit Server VM (11.0.10+9-b1341.35, mixed mode, sharing, tiered, compressed oops, g1 gc, linux-amd64)
# Core dump will be written. Default location: Core dumps may be processed with "/usr/share/apport/apport %p %s %c %d %P %E" (or dumping to /home/r00t/IdeaProjects/csp1_0/csp1_0/csp1_0/csp1_0/core.59418)
#

---------------  S U M M A R Y ------------

Command Line: -Djava.rmi.server.hostname=127.0.0.1 -Duser.timezone=UTC -Xmx994m -Xms128m -Dfile.encoding=UTF-8 com.intellij.database.remote.RemoteJdbcServer com.mysql.cj.jdbc.Driver

Host: 12th Gen Intel(R) Core(TM) i7-12700, 2 cores, 7G, Ubuntu 16.04.7 LTS
Time: Sat Jun 10 20:28:11 2023 CST elapsed time: 0.043110 seconds (0d 0h 0m 0s)

---------------  T H R E A D  ---------------

Current thread (0x00007f6498028000):  JavaThread "Unknown thread" [_thread_in_vm, id=59419, stack(0x00007f64a17b6000,0x00007f64a18b7000)]

Stack: [0x00007f64a17b6000,0x00007f64a18b7000],  sp=0x00007f64a18b5270,  free space=1020k
Native frames: (J=compiled Java code, A=aot compiled Java code, j=interpreted, Vv=VM code, C=native code)
V  [libjvm.so+0xe6a2f7]  VMError::report_and_die(int, char const*, char const*, __va_list_tag*, Thread*, unsigned char*, void*, void*, char const*, int, unsigned long)+0x387
V  [libjvm.so+0xe6afdb]  VMError::report_and_die(Thread*, char const*, int, unsigned long, VMErrorType, char const*, __va_list_tag*)+0x2b
V  [libjvm.so+0x688f75]  report_vm_out_of_memory(char const*, int, unsigned long, VMErrorType, char const*, ...)+0xc5
V  [libjvm.so+0xbc1bd8]  os::pd_commit_memory_or_exit(char*, unsigned long, unsigned long, bool, char const*)+0xd8
V  [libjvm.so+0xbb82ad]  os::commit_memory_or_exit(char*, unsigned long, unsigned long, bool, char const*)+0x1d
V  [libjvm.so+0x7a1b7c]  G1PageBasedVirtualSpace::commit_preferred_pages(unsigned long, unsigned long)+0x6c
V  [libjvm.so+0x7a1f5e]  G1PageBasedVirtualSpace::commit(unsigned long, unsigned long)+0x19e
V  [libjvm.so+0x7ab666]  G1RegionsLargerThanCommitSizeMapper::commit_regions(unsigned int, unsigned long, WorkGang*)+0x46
V  [libjvm.so+0x8242e4]  HeapRegionManager::commit_regions(unsigned int, unsigned long, WorkGang*)+0x54
V  [libjvm.so+0x824ef0]  HeapRegionManager::make_regions_available(unsigned int, unsigned int, WorkGang*)+0x30
V  [libjvm.so+0x825317]  HeapRegionManager::expand_at(unsigned int, unsigned int, WorkGang*) [clone .part.25]+0xf7
V  [libjvm.so+0x75e3f0]  G1CollectedHeap::expand(unsigned long, WorkGang*, double*)+0xe0
V  [libjvm.so+0x75eaf1]  G1CollectedHeap::initialize()+0x681
V  [libjvm.so+0xe2d551]  Universe::initialize_heap()+0x41
V  [libjvm.so+0xe2d806]  universe_init()+0x46
V  [libjvm.so+0x844237]  init_globals()+0x57
V  [libjvm.so+0xe0728a]  Threads::create_vm(JavaVMInitArgs*, bool*)+0x30a
V  [libjvm.so+0x8ec691]  JNI_CreateJavaVM+0x51
C  [libjli.so+0x3c98]  JavaMain+0x88


---------------  P R O C E S S  ---------------

Threads class SMR info:
_java_thread_list=0x000055e278b6cb90, length=0, elements={
}

Java Threads: ( => current thread )

Other Threads:
  0x00007f649803f800 GCTaskThread "GC Thread#0" [stack: 0x00007f649dd6f000,0x00007f649de6f000] [id=59420]
  0x00007f649805b000 ConcurrentGCThread "G1 Main Marker" [stack: 0x00007f649c511000,0x00007f649c611000] [id=59421]
  0x00007f649805d000 ConcurrentGCThread "G1 Conc#0" [stack: 0x00007f649c410000,0x00007f649c510000] [id=59422]

[error occurred during error reporting (printing all threads), id 0xb, SIGSEGV (0xb) at pc=0x00007f649fd6f050]

VM state:not at safepoint (not fully initialized)

VM Mutex/Monitor currently owned by a thread:  ([mutex/lock_event])
[0x00007f6498024670] Heap_lock - owner thread: 0x00007f6498028000

Heap address: 0x00000000c1e00000, size: 994 MB, Compressed Oops mode: Non-zero based: 0x00000000c1e00000
Narrow klass base: 0x0000000000000000, Narrow klass shift: 0

GC Heap History (0 events):
No events

Deoptimization events (0 events):
No events

Classes redefined (0 events):
No events

Internal exceptions (0 events):
No events

Events (2 events):
Event: 0.008 Protecting memory [0x00007f64a17b6000,0x00007f64a17ba000] with protection modes 0
Event: 0.009 Loaded shared library /opt/idea-IU-203.7148.57/jbr/lib/libzip.so


Dynamic libraries:
c9e00000-100000000 ---p 00000000 00:00 0 
55e276f7e000-55e276f7f000 r-xp 00000000 08:01 3673588                    /opt/idea-IU-203.7148.57/jbr/bin/java
55e27717f000-55e277180000 r--p 00001000 08:01 3673588                    /opt/idea-IU-203.7148.57/jbr/bin/java
55e277180000-55e277181000 rw-p 00002000 08:01 3673588                    /opt/idea-IU-203.7148.57/jbr/bin/java
55e278b69000-55e278b8a000 rw-p 00000000 00:00 0                          [heap]
7f6476000000-7f6478000000 rw-p 00000000 00:00 0 
7f6478000000-7f6478021000 rw-p 00000000 00:00 0 
7f6478021000-7f647c000000 ---p 00000000 00:00 0 
7f647c000000-7f647c021000 rw-p 00000000 00:00 0 
7f647c021000-7f6480000000 ---p 00000000 00:00 0 
7f6480000000-7f6480021000 rw-p 00000000 00:00 0 
7f6480021000-7f6484000000 ---p 00000000 00:00 0 
7f6484206000-7f6484479000 rw-p 00000000 00:00 0 
7f6484479000-7f6485401000 ---p 00000000 00:00 0 
7f6485401000-7f6485671000 rwxp 00000000 00:00 0 
7f6485671000-7f6485990000 ---p 00000000 00:00 0 
7f6485990000-7f6485c00000 rwxp 00000000 00:00 0 
7f6485c00000-7f648cec8000 ---p 00000000 00:00 0 
7f648cec8000-7f648d138000 rwxp 00000000 00:00 0 
7f648d138000-7f6494401000 ---p 00000000 00:00 0 
7f6494401000-7f6498000000 r--s 00000000 08:01 3673595                    /opt/idea-IU-203.7148.57/jbr/lib/modules
7f6498000000-7f6498072000 rw-p 00000000 00:00 0 
7f6498072000-7f649c000000 ---p 00000000 00:00 0 
7f649c0be000-7f649c40f000 rw-p 00000000 00:00 0 
7f649c40f000-7f649c410000 ---p 00000000 00:00 0 
7f649c410000-7f649c510000 rw-p 00000000 00:00 0 
7f649c510000-7f649c511000 ---p 00000000 00:00 0 
7f649c511000-7f649c611000 rw-p 00000000 00:00 0 
7f649c611000-7f649db6c000 ---p 00000000 00:00 0 
7f649db6c000-7f649dd6e000 rw-p 00000000 00:00 0 
7f649dd6e000-7f649dd6f000 ---p 00000000 00:00 0 
7f649dd6f000-7f649de74000 rw-p 00000000 00:00 0 
7f649de74000-7f649df5a000 ---p 00000000 00:00 0 
7f649df5a000-7f649df5f000 rw-p 00000000 00:00 0 
7f649df5f000-7f649e045000 ---p 00000000 00:00 0 
7f649e045000-7f649e04c000 r-xp 00000000 08:01 3674511                    /opt/idea-IU-203.7148.57/jbr/lib/libzip.so
7f649e04c000-7f649e24b000 ---p 00007000 08:01 3674511                    /opt/idea-IU-203.7148.57/jbr/lib/libzip.so
7f649e24b000-7f649e24c000 r--p 00006000 08:01 3674511                    /opt/idea-IU-203.7148.57/jbr/lib/libzip.so
7f649e24c000-7f649e24d000 rw-p 00000000 00:00 0 
7f649e24d000-7f649e258000 r-xp 00000000 08:01 3412875                    /lib/x86_64-linux-gnu/libnss_files-2.23.so
7f649e258000-7f649e457000 ---p 0000b000 08:01 3412875                    /lib/x86_64-linux-gnu/libnss_files-2.23.so
7f649e457000-7f649e458000 r--p 0000a000 08:01 3412875                    /lib/x86_64-linux-gnu/libnss_files-2.23.so
7f649e458000-7f649e459000 rw-p 0000b000 08:01 3412875                    /lib/x86_64-linux-gnu/libnss_files-2.23.so
7f649e459000-7f649e45f000 rw-p 00000000 00:00 0 
7f649e45f000-7f649e46a000 r-xp 00000000 08:01 3412885                    /lib/x86_64-linux-gnu/libnss_nis-2.23.so
7f649e46a000-7f649e669000 ---p 0000b000 08:01 3412885                    /lib/x86_64-linux-gnu/libnss_nis-2.23.so
7f649e669000-7f649e66a000 r--p 0000a000 08:01 3412885                    /lib/x86_64-linux-gnu/libnss_nis-2.23.so
7f649e66a000-7f649e66b000 rw-p 0000b000 08:01 3412885                    /lib/x86_64-linux-gnu/libnss_nis-2.23.so
7f649e66b000-7f649e681000 r-xp 00000000 08:01 3412869                    /lib/x86_64-linux-gnu/libnsl-2.23.so
7f649e681000-7f649e880000 ---p 00016000 08:01 3412869                    /lib/x86_64-linux-gnu/libnsl-2.23.so
7f649e880000-7f649e881000 r--p 00015000 08:01 3412869                    /lib/x86_64-linux-gnu/libnsl-2.23.so
7f649e881000-7f649e882000 rw-p 00016000 08:01 3412869                    /lib/x86_64-linux-gnu/libnsl-2.23.so
7f649e882000-7f649e884000 rw-p 00000000 00:00 0 
7f649e884000-7f649e88c000 r-xp 00000000 08:01 3412871                    /lib/x86_64-linux-gnu/libnss_compat-2.23.so
7f649e88c000-7f649ea8b000 ---p 00008000 08:01 3412871                    /lib/x86_64-linux-gnu/libnss_compat-2.23.so
7f649ea8b000-7f649ea8c000 r--p 00007000 08:01 3412871                    /lib/x86_64-linux-gnu/libnss_compat-2.23.so
7f649ea8c000-7f649ea8d000 rw-p 00008000 08:01 3412871                    /lib/x86_64-linux-gnu/libnss_compat-2.23.so
7f649ea8d000-7f649eaa8000 r-xp 00000000 08:01 3674486                    /opt/idea-IU-203.7148.57/jbr/lib/libjimage.so
7f649eaa8000-7f649eca8000 ---p 0001b000 08:01 3674486                    /opt/idea-IU-203.7148.57/jbr/lib/libjimage.so
7f649eca8000-7f649ecaa000 r--p 0001b000 08:01 3674486                    /opt/idea-IU-203.7148.57/jbr/lib/libjimage.so
7f649ecaa000-7f649ecab000 rw-p 0001d000 08:01 3674486                    /opt/idea-IU-203.7148.57/jbr/lib/libjimage.so
7f649ecab000-7f649ecd4000 r-xp 00000000 08:01 3673594                    /opt/idea-IU-203.7148.57/jbr/lib/libjava.so
7f649ecd4000-7f649eed4000 ---p 00029000 08:01 3673594                    /opt/idea-IU-203.7148.57/jbr/lib/libjava.so
7f649eed4000-7f649eed5000 r--p 00029000 08:01 3673594                    /opt/idea-IU-203.7148.57/jbr/lib/libjava.so
7f649eed5000-7f649eed6000 rw-p 0002a000 08:01 3673594                    /opt/idea-IU-203.7148.57/jbr/lib/libjava.so
7f649eed6000-7f649eed7000 rw-p 00000000 00:00 0 
7f649eed7000-7f649eee4000 r-xp 00000000 08:01 3674510                    /opt/idea-IU-203.7148.57/jbr/lib/libverify.so
7f649eee4000-7f649f0e3000 ---p 0000d000 08:01 3674510                    /opt/idea-IU-203.7148.57/jbr/lib/libverify.so
7f649f0e3000-7f649f0e5000 r--p 0000c000 08:01 3674510                    /opt/idea-IU-203.7148.57/jbr/lib/libverify.so
7f649f0e5000-7f649f0e6000 rw-p 00000000 00:00 0 
7f649f0e6000-7f649f0ed000 r-xp 00000000 08:01 3412930                    /lib/x86_64-linux-gnu/librt-2.23.so
7f649f0ed000-7f649f2ec000 ---p 00007000 08:01 3412930                    /lib/x86_64-linux-gnu/librt-2.23.so
7f649f2ec000-7f649f2ed000 r--p 00006000 08:01 3412930                    /lib/x86_64-linux-gnu/librt-2.23.so
7f649f2ed000-7f649f2ee000 rw-p 00007000 08:01 3412930                    /lib/x86_64-linux-gnu/librt-2.23.so
7f649f2ee000-7f649f3f6000 r-xp 00000000 08:01 3412846                    /lib/x86_64-linux-gnu/libm-2.23.so
7f649f3f6000-7f649f5f5000 ---p 00108000 08:01 3412846                    /lib/x86_64-linux-gnu/libm-2.23.so
7f649f5f5000-7f649f5f6000 r--p 00107000 08:01 3412846                    /lib/x86_64-linux-gnu/libm-2.23.so
7f649f5f6000-7f649f5f7000 rw-p 00108000 08:01 3412846                    /lib/x86_64-linux-gnu/libm-2.23.so
7f649f5f7000-7f64a0745000 r-xp 00000000 08:01 3673602                    /opt/idea-IU-203.7148.57/jbr/lib/server/libjvm.so
7f64a0745000-7f64a0945000 ---p 0114e000 08:01 3673602                    /opt/idea-IU-203.7148.57/jbr/lib/server/libjvm.so
7f64a0945000-7f64a0a07000 r--p 0114e000 08:01 3673602                    /opt/idea-IU-203.7148.57/jbr/lib/server/libjvm.so
7f64a0a07000-7f64a0a42000 rw-p 01210000 08:01 3673602                    /opt/idea-IU-203.7148.57/jbr/lib/server/libjvm.so
7f64a0a42000-7f64a0a99000 rw-p 00000000 00:00 0 
7f64a0a99000-7f64a0c59000 r-xp 00000000 08:01 3412776                    /lib/x86_64-linux-gnu/libc-2.23.so
7f64a0c59000-7f64a0e59000 ---p 001c0000 08:01 3412776                    /lib/x86_64-linux-gnu/libc-2.23.so
7f64a0e59000-7f64a0e5d000 r--p 001c0000 08:01 3412776                    /lib/x86_64-linux-gnu/libc-2.23.so
7f64a0e5d000-7f64a0e5f000 rw-p 001c4000 08:01 3412776                    /lib/x86_64-linux-gnu/libc-2.23.so
7f64a0e5f000-7f64a0e63000 rw-p 00000000 00:00 0 
7f64a0e63000-7f64a0e66000 r-xp 00000000 08:01 3412800                    /lib/x86_64-linux-gnu/libdl-2.23.so
7f64a0e66000-7f64a1065000 ---p 00003000 08:01 3412800                    /lib/x86_64-linux-gnu/libdl-2.23.so
7f64a1065000-7f64a1066000 r--p 00002000 08:01 3412800                    /lib/x86_64-linux-gnu/libdl-2.23.so
7f64a1066000-7f64a1067000 rw-p 00003000 08:01 3412800                    /lib/x86_64-linux-gnu/libdl-2.23.so
7f64a1067000-7f64a1076000 r-xp 00000000 08:01 3674462                    /opt/idea-IU-203.7148.57/jbr/lib/jli/libjli.so
7f64a1076000-7f64a1275000 ---p 0000f000 08:01 3674462                    /opt/idea-IU-203.7148.57/jbr/lib/jli/libjli.so
7f64a1275000-7f64a1276000 r--p 0000e000 08:01 3674462                    /opt/idea-IU-203.7148.57/jbr/lib/jli/libjli.so
7f64a1276000-7f64a1277000 rw-p 0000f000 08:01 3674462                    /opt/idea-IU-203.7148.57/jbr/lib/jli/libjli.so
7f64a1277000-7f64a128f000 r-xp 00000000 08:01 3412922                    /lib/x86_64-linux-gnu/libpthread-2.23.so
7f64a128f000-7f64a148e000 ---p 00018000 08:01 3412922                    /lib/x86_64-linux-gnu/libpthread-2.23.so
7f64a148e000-7f64a148f000 r--p 00017000 08:01 3412922                    /lib/x86_64-linux-gnu/libpthread-2.23.so
7f64a148f000-7f64a1490000 rw-p 00018000 08:01 3412922                    /lib/x86_64-linux-gnu/libpthread-2.23.so
7f64a1490000-7f64a1494000 rw-p 00000000 00:00 0 
7f64a1494000-7f64a14ad000 r-xp 00000000 08:01 3412967                    /lib/x86_64-linux-gnu/libz.so.1.2.8
7f64a14ad000-7f64a16ac000 ---p 00019000 08:01 3412967                    /lib/x86_64-linux-gnu/libz.so.1.2.8
7f64a16ac000-7f64a16ad000 r--p 00018000 08:01 3412967                    /lib/x86_64-linux-gnu/libz.so.1.2.8
7f64a16ad000-7f64a16ae000 rw-p 00019000 08:01 3412967                    /lib/x86_64-linux-gnu/libz.so.1.2.8
7f64a16ae000-7f64a16d4000 r-xp 00000000 08:01 3412748                    /lib/x86_64-linux-gnu/ld-2.23.so
7f64a1794000-7f64a17b6000 rw-p 00000000 00:00 0 
7f64a17b6000-7f64a17ba000 ---p 00000000 00:00 0 
7f64a17ba000-7f64a18bc000 rw-p 00000000 00:00 0 
7f64a18bd000-7f64a18c2000 rw-p 00000000 00:00 0 
7f64a18c2000-7f64a18c9000 ---p 00000000 00:00 0 
7f64a18c9000-7f64a18d1000 rw-s 00000000 08:01 4200208                    /tmp/hsperfdata_r00t/59418
7f64a18d1000-7f64a18d2000 ---p 00000000 00:00 0 
7f64a18d2000-7f64a18d3000 r--p 00000000 00:00 0 
7f64a18d3000-7f64a18d4000 r--p 00025000 08:01 3412748                    /lib/x86_64-linux-gnu/ld-2.23.so
7f64a18d4000-7f64a18d5000 rw-p 00026000 08:01 3412748                    /lib/x86_64-linux-gnu/ld-2.23.so
7f64a18d5000-7f64a18d6000 rw-p 00000000 00:00 0 
7ffd8b6a6000-7ffd8b6c7000 rw-p 00000000 00:00 0                          [stack]
7ffd8b72a000-7ffd8b72d000 r--p 00000000 00:00 0                          [vvar]
7ffd8b72d000-7ffd8b72f000 r-xp 00000000 00:00 0                          [vdso]
ffffffffff600000-ffffffffff601000 r-xp 00000000 00:00 0                  [vsyscall]


VM Arguments:
jvm_args: -Djava.rmi.server.hostname=127.0.0.1 -Duser.timezone=UTC -Xmx994m -Xms128m -Dfile.encoding=UTF-8 
java_command: com.intellij.database.remote.RemoteJdbcServer com.mysql.cj.jdbc.Driver
java_class_path (initial): /opt/idea-IU-203.7148.57/lib/util.jar:/opt/idea-IU-203.7148.57/lib/trove4j.jar:/opt/idea-IU-203.7148.57/lib/groovy-2.5.11.jar:/opt/idea-IU-203.7148.57/plugins/DatabaseTools/lib/jdbc-console.jar:/home/r00t/.config/JetBrains/IntelliJIdea2021.1/jdbc-drivers/MySQL ConnectorJ/8.0.21/mysql-connector-java-8.0.21.jar
Launcher Type: SUN_STANDARD

[Global flags]
     intx CICompilerCount                          = 2                                         {product} {ergonomic}
     uint ConcGCThreads                            = 1                                         {product} {ergonomic}
     uint G1ConcRefinementThreads                  = 2                                         {product} {ergonomic}
   size_t G1HeapRegionSize                         = 1048576                                   {product} {ergonomic}
    uintx GCDrainStackTargetSize                   = 64                                        {product} {ergonomic}
   size_t InitialHeapSize                          = 134217728                                 {product} {command line}
   size_t MarkStackSize                            = 4194304                                   {product} {ergonomic}
   size_t MaxHeapSize                              = 1042284544                                {product} {command line}
   size_t MinHeapDeltaBytes                        = 1048576                                   {product} {ergonomic}
    uintx NonNMethodCodeHeapSize                   = 5825164                                {pd product} {ergonomic}
    uintx NonProfiledCodeHeapSize                  = 122916538                              {pd product} {ergonomic}
    uintx ProfiledCodeHeapSize                     = 122916538                              {pd product} {ergonomic}
    uintx ReservedCodeCacheSize                    = 251658240                              {pd product} {ergonomic}
     bool SegmentedCodeCache                       = true                                      {product} {ergonomic}
     bool UseCompressedClassPointers               = true                                 {lp64_product} {ergonomic}
     bool UseCompressedOops                        = true                                 {lp64_product} {ergonomic}
     bool UseG1GC                                  = true                                      {product} {ergonomic}

Logging:
Log output configuration:
 #0: stdout all=warning uptime,level,tags
 #1: stderr all=off uptime,level,tags

Environment Variables:
JAVA_HOME=/usr/lib/jvm/java-8-openjdk-amd64
CLASSPATH=/opt/idea-IU-203.7148.57/lib/bootstrap.jar:/opt/idea-IU-203.7148.57/lib/util.jar:/opt/idea-IU-203.7148.57/lib/jdom.jar:/opt/idea-IU-203.7148.57/lib/log4j.jar:/opt/idea-IU-203.7148.57/lib/jna.jar:/lib/tools.jar
PATH=/home/r00t/bin:/home/r00t/.local/bin:/usr/local/sbin:/usr/local/bin:/usr/sbin:/usr/bin:/sbin:/bin:/usr/games:/usr/local/games:/snap/bin:/opt/maven/apache-maven-3.6.3/bin
SHELL=/bin/bash
DISPLAY=:0
LANG=zh_CN.UTF-8

Signal Handlers:
SIGSEGV: [libjvm.so+0xe6b030], sa_mask[0]=11111111011111111101111111111110, sa_flags=SA_RESTART|SA_SIGINFO
SIGBUS: [libjvm.so+0xe6b030], sa_mask[0]=11111111011111111101111111111110, sa_flags=SA_RESTART|SA_SIGINFO
SIGFPE: [libjvm.so+0xe6b030], sa_mask[0]=11111111011111111101111111111110, sa_flags=SA_RESTART|SA_SIGINFO
SIGPIPE: [libjvm.so+0xbbcb40], sa_mask[0]=11111111011111111101111111111110, sa_flags=SA_RESTART|SA_SIGINFO
SIGXFSZ: [libjvm.so+0xbbcb40], sa_mask[0]=11111111011111111101111111111110, sa_flags=SA_RESTART|SA_SIGINFO
SIGILL: [libjvm.so+0xe6b030], sa_mask[0]=11111111011111111101111111111110, sa_flags=SA_RESTART|SA_SIGINFO
SIGUSR2: [libjvm.so+0xbbc9d0], sa_mask[0]=00100000000000000000000000000000, sa_flags=SA_RESTART|SA_SIGINFO
SIGHUP: SIG_DFL, sa_mask[0]=00000000000000000000000000000000, sa_flags=none
SIGINT: SIG_DFL, sa_mask[0]=00000000000000000000000000000000, sa_flags=none
SIGTERM: SIG_DFL, sa_mask[0]=00000000000000000000000000000000, sa_flags=none
SIGQUIT: SIG_DFL, sa_mask[0]=00000000000000000000000000000000, sa_flags=none


---------------  S Y S T E M  ---------------

OS:DISTRIB_ID=Ubuntu
DISTRIB_RELEASE=16.04
DISTRIB_CODENAME=xenial
DISTRIB_DESCRIPTION="Ubuntu 16.04.7 LTS"
uname:Linux 4.15.0-142-generic #146~16.04.1-Ubuntu SMP Tue Apr 13 09:27:15 UTC 2021 x86_64
OS uptime: 0 days 15:52 hours
libc:glibc 2.23 NPTL 2.23 
rlimit (soft/hard): STACK 8192k/infinity , CORE 0k/infinity , NPROC 31574/31574 , NOFILE 1048576/1048576 , AS infinity/infinity , CPU infinity/infinity , DATA infinity/infinity , FSIZE infinity/infinity , MEMLOCK 64k/64k
load average:1.67 3.22 2.33

/proc/meminfo:
MemTotal:        8144672 kB
MemFree:          119944 kB
MemAvailable:      40940 kB
Buffers:            3988 kB
Cached:           139688 kB
SwapCached:         3052 kB
Active:          6772124 kB
Inactive:         885808 kB
Active(anon):    6751020 kB
Inactive(anon):   854028 kB
Active(file):      21104 kB
Inactive(file):    31780 kB
Unevictable:       34916 kB
Mlocked:           34916 kB
SwapTotal:        998396 kB
SwapFree:              0 kB
Dirty:               192 kB
Writeback:           476 kB
AnonPages:       7546352 kB
Mapped:            67032 kB
Shmem:             83176 kB
Slab:             145288 kB
SReclaimable:      62704 kB
SUnreclaim:        82584 kB
KernelStack:       22896 kB
PageTables:        82648 kB
NFS_Unstable:          0 kB
Bounce:                0 kB
WritebackTmp:          0 kB
CommitLimit:     5070732 kB
Committed_AS:   13473280 kB
VmallocTotal:   34359738367 kB
VmallocUsed:           0 kB
VmallocChunk:          0 kB
HardwareCorrupted:     0 kB
AnonHugePages:         0 kB
ShmemHugePages:        0 kB
ShmemPmdMapped:        0 kB
CmaTotal:              0 kB
CmaFree:               0 kB
HugePages_Total:       0
HugePages_Free:        0
HugePages_Rsvd:        0
HugePages_Surp:        0
Hugepagesize:       2048 kB
DirectMap4k:      190272 kB
DirectMap2M:     6100992 kB
DirectMap1G:     4194304 kB

/sys/kernel/mm/transparent_hugepage/enabled:
always [madvise] never
/sys/kernel/mm/transparent_hugepage/defrag (defrag/compaction efforts parameter):
always defer defer+madvise [madvise] never

/proc/sys/kernel/threads-max (system-wide limit on the number of threads):
63149
/proc/sys/vm/max_map_count (maximum number of memory map areas a process may have):
65530
/proc/sys/kernel/pid_max (system-wide limit on number of process identifiers):
131072

container (cgroup) information:
container_type: cgroupv1
cpu_cpuset_cpus: 0-1
cpu_memory_nodes: 0
active_processor_count: 2
cpu_quota: -1
cpu_period: 100000
cpu_shares: -1
memory_limit_in_bytes: -1
memory_and_swap_limit_in_bytes: -2
memory_soft_limit_in_bytes: -1
memory_usage_in_bytes: 7875006464
memory_max_usage_in_bytes: 16175104

VMWare virtualization detected
Steal ticks since vm start: 0
Steal ticks percentage since vm start:  0.000

CPU:total 2 (initial active 2) (1 cores per cpu, 1 threads per core) family 6 model 151 stepping 2 microcode 0x1e, cmov, cx8, fxsr, mmx, sse, sse2, sse3, ssse3, sse4.1, sse4.2, popcnt, avx, avx2, aes, clmul, erms, 3dnowpref, lzcnt, tsc, tscinvbit, bmi1, bmi2, adx, sha, fma
CPU Model and flags from /proc/cpuinfo:
model name	: 12th Gen Intel(R) Core(TM) i7-12700
flags		: fpu vme de pse tsc msr pae mce cx8 apic sep mtrr pge mca cmov pat pse36 clflush mmx fxsr sse sse2 ss syscall nx pdpe1gb rdtscp lm constant_tsc arch_perfmon nopl xtopology tsc_reliable nonstop_tsc cpuid pni pclmulqdq ssse3 fma cx16 pcid sse4_1 sse4_2 x2apic movbe popcnt tsc_deadline_timer aes xsave avx f16c rdrand hypervisor lahf_lm abm 3dnowprefetch invpcid_single ssbd ibrs ibpb stibp ibrs_enhanced fsgsbase tsc_adjust bmi1 avx2 smep bmi2 invpcid rdseed adx smap clflushopt clwb sha_ni xsaveopt xsavec xgetbv1 xsaves arat umip pku ospke gfni vaes vpclmulqdq rdpid md_clear flush_l1d arch_capabilities
Online cpus:
0-1
Offline cpus:
2-127
BIOS frequency limitation:
<Not Available>
Frequency switch latency (ns):
<Not Available>
Available cpu frequencies:
<Not Available>
Current governor:
<Not Available>
Core performance/turbo boost:
<Not Available>

Memory: 4k page, physical 8144672k(119944k free), swap 998396k(0k free)

vm_info: Dynamic Code Evolution 64-Bit Server VM (11.0.10+9-b1341.35) for linux-amd64 JRE (11.0.10+9-b1341.35), built on Mar 30 2021 23:11:47 by "" with gcc 8.3.1 20190311 (Red Hat 8.3.1-3)

END.
