#
# There is insufficient memory for the Java Runtime Environment to continue.
# Native memory allocation (mmap) failed to map 75497472 bytes for committing reserved memory.
# Possible reasons:
#   The system is out of physical RAM or swap space
#   The process is running with CompressedOops enabled, and the Java Heap may be blocking the growth of the native heap
# Possible solutions:
#   Reduce memory load on the system
#   Increase physical memory or swap space
#   Check if swap backing store is full
#   Decrease Java heap size (-Xmx/-Xms)
#   Decrease number of Java threads
#   Decrease Java thread stack sizes (-Xss)
#   Set larger code cache with -XX:ReservedCodeCacheSize=
#   JVM is running with Unscaled Compressed Oops mode in which the Java heap is
#     placed in the first 4GB address space. The Java Heap base address is the
#     maximum limit for the native heap growth. Please use -XX:HeapBaseMinAddress
#     to set the Java Heap base and to place the Java Heap above 4GB virtual address.
# This output file may be truncated or incomplete.
#
#  Out of Memory Error (os_linux.cpp:2798), pid=75442, tid=0x00007f16bee26700
#
# JRE version: OpenJDK Runtime Environment (8.0_292-b10) (build 1.8.0_292-8u292-b10-0ubuntu1~16.04.1-b10)
# Java VM: OpenJDK 64-Bit Server VM (25.292-b10 mixed mode linux-amd64 compressed oops)
# Failed to write core dump. Core dumps have been disabled. To enable core dumping, try "ulimit -c unlimited" before starting Java again
#

---------------  T H R E A D  ---------------

Current thread (0x00007f16d4101000):  VMThread [stack: 0x00007f16bed26000,0x00007f16bee27000] [id=75453]

Stack: [0x00007f16bed26000,0x00007f16bee27000],  sp=0x00007f16bee25340,  free space=1020k
Native frames: (J=compiled Java code, j=interpreted, Vv=VM code, C=native code)
V  [libjvm.so+0xb1e67b]
V  [libjvm.so+0x4e01dc]
V  [libjvm.so+0x95bc48]
V  [libjvm.so+0x953b3e]
V  [libjvm.so+0x9d4ad6]
V  [libjvm.so+0x9d5e03]
V  [libjvm.so+0x9d2204]
V  [libjvm.so+0x9cad39]
V  [libjvm.so+0x45fe93]
V  [libjvm.so+0xb1fc69]
V  [libjvm.so+0xb26067]
V  [libjvm.so+0xb23b43]
V  [libjvm.so+0xb23ee5]
V  [libjvm.so+0xb244b2]
V  [libjvm.so+0x958fe2]

VM_Operation (0x00007f16db7a1790): CollectForMetadataAllocation, mode: safepoint, requested by thread 0x00007f16d4010000


---------------  P R O C E S S  ---------------

Java Threads: ( => current thread )
  0x00007f168400c000 JavaThread "RMI Scheduler(0)" daemon [_thread_blocked, id=75477, stack(0x00007f16bca6b000,0x00007f16bcb6c000)]
  0x00007f1688001800 JavaThread "RMI TCP Connection(1)-127.0.0.1" daemon [_thread_in_native, id=75476, stack(0x00007f16bcb6c000,0x00007f16bcc6d000)]
  0x00007f16a4001000 JavaThread "Attach Listener" daemon [_thread_blocked, id=75474, stack(0x00007f16bcc6d000,0x00007f16bcd6e000)]
  0x00007f16d4618000 JavaThread "RMI TCP Accept-0" daemon [_thread_in_native, id=75470, stack(0x00007f16bd297000,0x00007f16bd398000)]
  0x00007f16d456f800 JavaThread "Service Thread" daemon [_thread_blocked, id=75468, stack(0x00007f16bd5b3000,0x00007f16bd6b4000)]
  0x00007f16d456a000 JavaThread "C1 CompilerThread1" daemon [_thread_blocked, id=75467, stack(0x00007f16bd6b4000,0x00007f16bd7b5000)]
  0x00007f16d4568800 JavaThread "C2 CompilerThread0" daemon [_thread_blocked, id=75466, stack(0x00007f16bd7b5000,0x00007f16bd8b6000)]
  0x00007f16d4564800 JavaThread "Monitor Ctrl-Break" daemon [_thread_in_native, id=75465, stack(0x00007f16bd8bc000,0x00007f16bd9bd000)]
  0x00007f16d4140800 JavaThread "Signal Dispatcher" daemon [_thread_blocked, id=75464, stack(0x00007f16be064000,0x00007f16be165000)]
  0x00007f16d410f800 JavaThread "Finalizer" daemon [_thread_blocked, id=75456, stack(0x00007f16beb24000,0x00007f16bec25000)]
  0x00007f16d410a800 JavaThread "Reference Handler" daemon [_thread_blocked, id=75455, stack(0x00007f16bec25000,0x00007f16bed26000)]
  0x00007f16d4010000 JavaThread "main" [_thread_blocked, id=75446, stack(0x00007f16db6a5000,0x00007f16db7a6000)]

Other Threads:
=>0x00007f16d4101000 VMThread [stack: 0x00007f16bed26000,0x00007f16bee27000] [id=75453]
  0x00007f16d4626000 WatcherThread [stack: 0x00007f16bd196000,0x00007f16bd297000] [id=75471]

VM state:at safepoint (normal execution)

VM Mutex/Monitor currently owned by a thread:  ([mutex/lock_event])
[0x00007f16d400c320] Threads_lock - owner thread: 0x00007f16d4101000
[0x00007f16d400c820] Heap_lock - owner thread: 0x00007f16d4010000

heap address: 0x0000000083a00000, size: 1990 MB, Compressed Oops mode: 32-bit
Narrow klass base: 0x0000000000000000, Narrow klass shift: 3
Compressed class space size: 1073741824 Address: 0x0000000100000000

Heap:
 PSYoungGen      total 70656K, used 5104K [0x00000000d6900000, 0x00000000db300000, 0x0000000100000000)
  eden space 65536K, 0% used [0x00000000d6900000,0x00000000d6900000,0x00000000da900000)
  from space 5120K, 99% used [0x00000000da900000,0x00000000dadfc010,0x00000000dae00000)
  to   space 5120K, 0% used [0x00000000dae00000,0x00000000dae00000,0x00000000db300000)
 ParOldGen       total 86016K, used 7106K [0x0000000083a00000, 0x0000000088e00000, 0x00000000d6900000)
  object space 86016K, 8% used [0x0000000083a00000,0x00000000840f08c8,0x0000000088e00000)
 Metaspace       used 20270K, capacity 21268K, committed 21296K, reserved 1067008K
  class space    used 2699K, capacity 2916K, committed 2944K, reserved 1048576K

Card table byte_map: [0x00007f16c4653000,0x00007f16c4a37000] byte_map_base: 0x00007f16c4236000

Marking Bits: (ParMarkBitMap*) 0x00007f16da96c8a0
 Begin Bits: [0x00007f16b8389000, 0x00007f16ba2a1000)
 End Bits:   [0x00007f16ba2a1000, 0x00007f16bc1b9000)

Polling page: 0x00007f16db7c0000

CodeCache: size=245760Kb used=4069Kb max_used=4069Kb free=241690Kb
 bounds [0x00007f16c4df7000, 0x00007f16c51f7000, 0x00007f16d3df7000]
 total_blobs=2309 nmethods=1921 adapters=300
 compilation: enabled

Compilation events (10 events):
Event: 2.681 Thread 0x00007f16d456a000 nmethod 1908 0x00007f16c51ec310 code [0x00007f16c51ec640, 0x00007f16c51ed1e8]
Event: 2.681 Thread 0x00007f16d456a000 1909       1       org.springframework.core.io.AbstractFileResolvingResource::<init> (5 bytes)
Event: 2.681 Thread 0x00007f16d456a000 nmethod 1909 0x00007f16c51edf10 code [0x00007f16c51ee060, 0x00007f16c51ee170]
Event: 2.681 Thread 0x00007f16d456a000 1910       1       java.util.ArrayDeque::peek (5 bytes)
Event: 2.681 Thread 0x00007f16d456a000 nmethod 1910 0x00007f16c51ee1d0 code [0x00007f16c51ee320, 0x00007f16c51ee450]
Event: 2.684 Thread 0x00007f16d456a000 1920       1       java.lang.Class::getSimpleName (120 bytes)
Event: 2.684 Thread 0x00007f16d456a000 nmethod 1920 0x00007f16c51ef2d0 code [0x00007f16c51ef520, 0x00007f16c51efc38]
Event: 2.684 Thread 0x00007f16d456a000 1921       1       java.lang.invoke.LambdaForm$Name::lastUseIndex (36 bytes)
Event: 2.684 Thread 0x00007f16d456a000 nmethod 1921 0x00007f16c51f0290 code [0x00007f16c51f0400, 0x00007f16c51f0590]
Event: 2.684 Thread 0x00007f16d456a000 1922   !   1       java.lang.invoke.LambdaForm::compileToBytecode (103 bytes)

GC Heap History (9 events):
Event: 0.928 GC heap before
{Heap before GC invocations=1 (full 0):
 PSYoungGen      total 37888K, used 32768K [0x00000000d6900000, 0x00000000d9300000, 0x0000000100000000)
  eden space 32768K, 100% used [0x00000000d6900000,0x00000000d8900000,0x00000000d8900000)
  from space 5120K, 0% used [0x00000000d8e00000,0x00000000d8e00000,0x00000000d9300000)
  to   space 5120K, 0% used [0x00000000d8900000,0x00000000d8900000,0x00000000d8e00000)
 ParOldGen       total 86016K, used 0K [0x0000000083a00000, 0x0000000088e00000, 0x00000000d6900000)
  object space 86016K, 0% used [0x0000000083a00000,0x0000000083a00000,0x0000000088e00000)
 Metaspace       used 10640K, capacity 10974K, committed 11136K, reserved 1058816K
  class space    used 1307K, capacity 1401K, committed 1408K, reserved 1048576K
Event: 0.933 GC heap after
Heap after GC invocations=1 (full 0):
 PSYoungGen      total 37888K, used 4368K [0x00000000d6900000, 0x00000000d9300000, 0x0000000100000000)
  eden space 32768K, 0% used [0x00000000d6900000,0x00000000d6900000,0x00000000d8900000)
  from space 5120K, 85% used [0x00000000d8900000,0x00000000d8d44128,0x00000000d8e00000)
  to   space 5120K, 0% used [0x00000000d8e00000,0x00000000d8e00000,0x00000000d9300000)
 ParOldGen       total 86016K, used 8K [0x0000000083a00000, 0x0000000088e00000, 0x00000000d6900000)
  object space 86016K, 0% used [0x0000000083a00000,0x0000000083a02000,0x0000000088e00000)
 Metaspace       used 10640K, capacity 10974K, committed 11136K, reserved 1058816K
  class space    used 1307K, capacity 1401K, committed 1408K, reserved 1048576K
}
Event: 1.432 GC heap before
{Heap before GC invocations=2 (full 0):
 PSYoungGen      total 37888K, used 37136K [0x00000000d6900000, 0x00000000d9300000, 0x0000000100000000)
  eden space 32768K, 100% used [0x00000000d6900000,0x00000000d8900000,0x00000000d8900000)
  from space 5120K, 85% used [0x00000000d8900000,0x00000000d8d44128,0x00000000d8e00000)
  to   space 5120K, 0% used [0x00000000d8e00000,0x00000000d8e00000,0x00000000d9300000)
 ParOldGen       total 86016K, used 8K [0x0000000083a00000, 0x0000000088e00000, 0x00000000d6900000)
  object space 86016K, 0% used [0x0000000083a00000,0x0000000083a02000,0x0000000088e00000)
 Metaspace       used 14456K, capacity 15196K, committed 15488K, reserved 1062912K
  class space    used 1889K, capacity 2050K, committed 2176K, reserved 1048576K
Event: 1.443 GC heap after
Heap after GC invocations=2 (full 0):
 PSYoungGen      total 37888K, used 5111K [0x00000000d6900000, 0x00000000db300000, 0x0000000100000000)
  eden space 32768K, 0% used [0x00000000d6900000,0x00000000d6900000,0x00000000d8900000)
  from space 5120K, 99% used [0x00000000d8e00000,0x00000000d92fdc28,0x00000000d9300000)
  to   space 5120K, 0% used [0x00000000d8900000,0x00000000d8900000,0x00000000d8e00000)
 ParOldGen       total 86016K, used 788K [0x0000000083a00000, 0x0000000088e00000, 0x00000000d6900000)
  object space 86016K, 0% used [0x0000000083a00000,0x0000000083ac5328,0x0000000088e00000)
 Metaspace       used 14456K, capacity 15196K, committed 15488K, reserved 1062912K
  class space    used 1889K, capacity 2050K, committed 2176K, reserved 1048576K
}
Event: 1.789 GC heap before
{Heap before GC invocations=3 (full 0):
 PSYoungGen      total 37888K, used 37879K [0x00000000d6900000, 0x00000000db300000, 0x0000000100000000)
  eden space 32768K, 100% used [0x00000000d6900000,0x00000000d8900000,0x00000000d8900000)
  from space 5120K, 99% used [0x00000000d8e00000,0x00000000d92fdc28,0x00000000d9300000)
  to   space 5120K, 0% used [0x00000000d8900000,0x00000000d8900000,0x00000000d8e00000)
 ParOldGen       total 86016K, used 788K [0x0000000083a00000, 0x0000000088e00000, 0x00000000d6900000)
  object space 86016K, 0% used [0x0000000083a00000,0x0000000083ac5328,0x0000000088e00000)
 Metaspace       used 17903K, capacity 18740K, committed 18944K, reserved 1064960K
  class space    used 2340K, capacity 2526K, committed 2560K, reserved 1048576K
Event: 1.794 GC heap after
Heap after GC invocations=3 (full 0):
 PSYoungGen      total 37888K, used 5113K [0x00000000d6900000, 0x00000000db300000, 0x0000000100000000)
  eden space 32768K, 0% used [0x00000000d6900000,0x00000000d6900000,0x00000000d8900000)
  from space 5120K, 99% used [0x00000000d8900000,0x00000000d8dfe420,0x00000000d8e00000)
  to   space 5120K, 0% used [0x00000000dae00000,0x00000000dae00000,0x00000000db300000)
 ParOldGen       total 86016K, used 3377K [0x0000000083a00000, 0x0000000088e00000, 0x00000000d6900000)
  object space 86016K, 3% used [0x0000000083a00000,0x0000000083d4c5f0,0x0000000088e00000)
 Metaspace       used 17903K, capacity 18740K, committed 18944K, reserved 1064960K
  class space    used 2340K, capacity 2526K, committed 2560K, reserved 1048576K
}
Event: 2.310 GC heap before
{Heap before GC invocations=4 (full 0):
 PSYoungGen      total 37888K, used 37881K [0x00000000d6900000, 0x00000000db300000, 0x0000000100000000)
  eden space 32768K, 100% used [0x00000000d6900000,0x00000000d8900000,0x00000000d8900000)
  from space 5120K, 99% used [0x00000000d8900000,0x00000000d8dfe420,0x00000000d8e00000)
  to   space 5120K, 0% used [0x00000000dae00000,0x00000000dae00000,0x00000000db300000)
 ParOldGen       total 86016K, used 3377K [0x0000000083a00000, 0x0000000088e00000, 0x00000000d6900000)
  object space 86016K, 3% used [0x0000000083a00000,0x0000000083d4c5f0,0x0000000088e00000)
 Metaspace       used 19810K, capacity 20754K, committed 20992K, reserved 1067008K
  class space    used 2612K, capacity 2815K, committed 2816K, reserved 1048576K
Event: 2.344 GC heap after
Heap after GC invocations=4 (full 0):
 PSYoungGen      total 70656K, used 5104K [0x00000000d6900000, 0x00000000db300000, 0x0000000100000000)
  eden space 65536K, 0% used [0x00000000d6900000,0x00000000d6900000,0x00000000da900000)
  from space 5120K, 99% used [0x00000000dae00000,0x00000000db2fc030,0x00000000db300000)
  to   space 5120K, 0% used [0x00000000da900000,0x00000000da900000,0x00000000dae00000)
 ParOldGen       total 86016K, used 6192K [0x0000000083a00000, 0x0000000088e00000, 0x00000000d6900000)
  object space 86016K, 7% used [0x0000000083a00000,0x000000008400c398,0x0000000088e00000)
 Metaspace       used 19810K, capacity 20754K, committed 20992K, reserved 1067008K
  class space    used 2612K, capacity 2815K, committed 2816K, reserved 1048576K
}
Event: 2.685 GC heap before
{Heap before GC invocations=5 (full 0):
 PSYoungGen      total 70656K, used 16434K [0x00000000d6900000, 0x00000000db300000, 0x0000000100000000)
  eden space 65536K, 17% used [0x00000000d6900000,0x00000000d7410b78,0x00000000da900000)
  from space 5120K, 99% used [0x00000000dae00000,0x00000000db2fc030,0x00000000db300000)
  to   space 5120K, 0% used [0x00000000da900000,0x00000000da900000,0x00000000dae00000)
 ParOldGen       total 86016K, used 6192K [0x0000000083a00000, 0x0000000088e00000, 0x00000000d6900000)
  object space 86016K, 7% used [0x0000000083a00000,0x000000008400c398,0x0000000088e00000)
 Metaspace       used 20270K, capacity 21268K, committed 21296K, reserved 1067008K
  class space    used 2699K, capacity 2916K, committed 2944K, reserved 1048576K

Deoptimization events (0 events):
No events

Classes redefined (0 events):
No events

Internal exceptions (10 events):
Event: 1.924 Thread 0x00007f16d4010000 Exception <a 'java/lang/ClassNotFoundException': org/springframework/beans/factory/AwareCustomizer> (0x00000000d71fdda8) thrown at [/build/openjdk-8-RKFhH1/openjdk-8-8u292-b10/src/hotspot/src/share/vm/classfile/systemDictionary.cpp, line 217]
Event: 1.924 Thread 0x00007f16d4010000 Exception <a 'java/lang/ClassNotFoundException': org/springframework/beans/factory/BeanClassLoaderAwareCustomizer> (0x00000000d7219b48) thrown at [/build/openjdk-8-RKFhH1/openjdk-8-8u292-b10/src/hotspot/src/share/vm/classfile/systemDictionary.cpp, line 21
Event: 1.924 Thread 0x00007f16d4010000 Exception <a 'java/lang/ClassNotFoundException': org/springframework/beans/factory/AwareCustomizer> (0x00000000d72317d0) thrown at [/build/openjdk-8-RKFhH1/openjdk-8-8u292-b10/src/hotspot/src/share/vm/classfile/systemDictionary.cpp, line 217]
Event: 1.925 Thread 0x00007f16d4010000 Exception <a 'java/lang/ClassNotFoundException': org/springframework/context/EnvironmentAwareCustomizer> (0x00000000d7249d20) thrown at [/build/openjdk-8-RKFhH1/openjdk-8-8u292-b10/src/hotspot/src/share/vm/classfile/systemDictionary.cpp, line 217]
Event: 1.925 Thread 0x00007f16d4010000 Exception <a 'java/lang/ClassNotFoundException': org/springframework/beans/factory/AwareCustomizer> (0x00000000d7261888) thrown at [/build/openjdk-8-RKFhH1/openjdk-8-8u292-b10/src/hotspot/src/share/vm/classfile/systemDictionary.cpp, line 217]
Event: 2.011 Thread 0x00007f16d4010000 Exception <a 'java/lang/NoSuchMethodError': java.lang.Object.lambda$or$2(Ljava/util/function/Predicate;Ljava/lang/Object;)Z> (0x00000000d7c3dcb8) thrown at [/build/openjdk-8-RKFhH1/openjdk-8-8u292-b10/src/hotspot/src/share/vm/interpreter/linkResolver.cpp,
Event: 2.302 Thread 0x00007f16d4010000 Exception <a 'java/lang/IncompatibleClassChangeError': Found class java.lang.Object, but interface was expected> (0x00000000d87cc5c0) thrown at [/build/openjdk-8-RKFhH1/openjdk-8-8u292-b10/src/hotspot/src/share/vm/interpreter/linkResolver.cpp, line 653]
Event: 2.618 Thread 0x00007f1688001800 Exception <a 'java/lang/reflect/InvocationTargetException'> (0x00000000d6a11108) thrown at [/build/openjdk-8-RKFhH1/openjdk-8-8u292-b10/src/hotspot/src/share/vm/runtime/reflection.cpp, line 1092]
Event: 2.629 Thread 0x00007f16d4010000 Exception <a 'java/lang/NoSuchMethodError': java.lang.Object.lambda$getAllAnnotationAttributes$0(Lorg/springframework/util/MultiValueMap;)Lorg/springframework/util/MultiValueMap;> (0x00000000d6acfd88) thrown at [/build/openjdk-8-RKFhH1/openjdk-8-8u292-b10
Event: 2.630 Thread 0x00007f16d4010000 Exception <a 'java/lang/NoSuchMethodError': java.lang.Object.lambda$identity$2(Ljava/lang/Object;)Ljava/lang/Object;> (0x00000000d6ae8598) thrown at [/build/openjdk-8-RKFhH1/openjdk-8-8u292-b10/src/hotspot/src/share/vm/interpreter/linkResolver.cpp, line 6

Events (10 events):
Event: 2.682 loading class java/lang/invoke/MethodHandleImpl$BindCaller$T done
Event: 2.682 loading class java/lang/invoke/MethodHandleImpl$ArrayAccessor
Event: 2.682 loading class java/lang/invoke/MethodHandleImpl$ArrayAccessor done
Event: 2.683 loading class java/lang/invoke/MethodHandleImpl$ArrayAccessor$1
Event: 2.683 loading class java/lang/invoke/MethodHandleImpl$ArrayAccessor$1 done
Event: 2.683 loading class java/lang/invoke/DirectMethodHandle$EnsureInitialized
Event: 2.683 loading class java/lang/invoke/DirectMethodHandle$EnsureInitialized done
Event: 2.684 loading class sun/invoke/util/ValueConversions$WrapperCache
Event: 2.684 loading class sun/invoke/util/ValueConversions$WrapperCache done
Event: 2.685 Executing VM operation: CollectForMetadataAllocation


Dynamic libraries:
83a00000-88e00000 rw-p 00000000 00:00 0 
88e00000-d6900000 ---p 00000000 00:00 0 
d6900000-db300000 rw-p 00000000 00:00 0 
dfb00000-100000000 ---p 00000000 00:00 0 
100000000-1002e0000 rw-p 00000000 00:00 0 
1002e0000-140000000 ---p 00000000 00:00 0 
55d46d4af000-55d46d4b0000 r-xp 00000000 08:01 266934                     /usr/lib/jvm/java-8-openjdk-amd64/jre/bin/java
55d46d6af000-55d46d6b0000 r--p 00000000 08:01 266934                     /usr/lib/jvm/java-8-openjdk-amd64/jre/bin/java
55d46d6b0000-55d46d6b1000 rw-p 00001000 08:01 266934                     /usr/lib/jvm/java-8-openjdk-amd64/jre/bin/java
55d46f1ce000-55d46f1ef000 rw-p 00000000 00:00 0                          [heap]
7f1680000000-7f1680135000 rw-p 00000000 00:00 0 
7f1680135000-7f1684000000 ---p 00000000 00:00 0 
7f1684000000-7f1684021000 rw-p 00000000 00:00 0 
7f1684021000-7f1688000000 ---p 00000000 00:00 0 
7f1688000000-7f168804b000 rw-p 00000000 00:00 0 
7f168804b000-7f168c000000 ---p 00000000 00:00 0 
7f168c000000-7f168c021000 rw-p 00000000 00:00 0 
7f168c021000-7f1690000000 ---p 00000000 00:00 0 
7f1690000000-7f1690413000 rw-p 00000000 00:00 0 
7f1690413000-7f1694000000 ---p 00000000 00:00 0 
7f1694000000-7f1694021000 rw-p 00000000 00:00 0 
7f1694021000-7f1698000000 ---p 00000000 00:00 0 
7f1698000000-7f1698021000 rw-p 00000000 00:00 0 
7f1698021000-7f169c000000 ---p 00000000 00:00 0 
7f169c000000-7f169c056000 rw-p 00000000 00:00 0 
7f169c056000-7f16a0000000 ---p 00000000 00:00 0 
7f16a0000000-7f16a0021000 rw-p 00000000 00:00 0 
7f16a0021000-7f16a4000000 ---p 00000000 00:00 0 
7f16a4000000-7f16a4021000 rw-p 00000000 00:00 0 
7f16a4021000-7f16a8000000 ---p 00000000 00:00 0 
7f16a8000000-7f16a8021000 rw-p 00000000 00:00 0 
7f16a8021000-7f16ac000000 ---p 00000000 00:00 0 
7f16ac000000-7f16ac021000 rw-p 00000000 00:00 0 
7f16ac021000-7f16b0000000 ---p 00000000 00:00 0 
7f16b0000000-7f16b0021000 rw-p 00000000 00:00 0 
7f16b0021000-7f16b4000000 ---p 00000000 00:00 0 
7f16b7fa6000-7f16bc1b9000 rw-p 00000000 00:00 0 
7f16bc36a000-7f16bc556000 rw-p 00000000 00:00 0 
7f16bc556000-7f16bc56a000 ---p 00000000 00:00 0 
7f16bc56a000-7f16bc76a000 rw-p 00000000 00:00 0 
7f16bc76a000-7f16bc76d000 ---p 00000000 00:00 0 
7f16bc76d000-7f16bca6b000 rw-p 00000000 00:00 0 
7f16bca6b000-7f16bca6e000 ---p 00000000 00:00 0 
7f16bca6e000-7f16bcb6c000 rw-p 00000000 00:00 0 
7f16bcb6c000-7f16bcb6f000 ---p 00000000 00:00 0 
7f16bcb6f000-7f16bcc6d000 rw-p 00000000 00:00 0 
7f16bcc6d000-7f16bcc70000 ---p 00000000 00:00 0 
7f16bcc70000-7f16bcf6e000 rw-p 00000000 00:00 0 
7f16bcf6e000-7f16bd16e000 rw-p 00000000 00:00 0 
7f16bd16e000-7f16bd175000 r--s 00000000 08:01 395915                     /usr/lib/x86_64-linux-gnu/gconv/gconv-modules.cache
7f16bd175000-7f16bd196000 r--p 00000000 08:01 531259                     /usr/share/locale-langpack/zh_CN/LC_MESSAGES/libc.mo
7f16bd196000-7f16bd197000 ---p 00000000 00:00 0 
7f16bd197000-7f16bd297000 rw-p 00000000 00:00 0 
7f16bd297000-7f16bd29a000 ---p 00000000 00:00 0 
7f16bd29a000-7f16bd398000 rw-p 00000000 00:00 0 
7f16bd398000-7f16bd3a9000 r--s 001bf000 08:01 266834                     /usr/lib/jvm/java-8-openjdk-amd64/jre/lib/jsse.jar
7f16bd3a9000-7f16bd3b2000 r-xp 00000000 08:01 266869                     /usr/lib/jvm/java-8-openjdk-amd64/jre/lib/amd64/libmanagement.so
7f16bd3b2000-7f16bd5b1000 ---p 00009000 08:01 266869                     /usr/lib/jvm/java-8-openjdk-amd64/jre/lib/amd64/libmanagement.so
7f16bd5b1000-7f16bd5b2000 r--p 00008000 08:01 266869                     /usr/lib/jvm/java-8-openjdk-amd64/jre/lib/amd64/libmanagement.so
7f16bd5b2000-7f16bd5b3000 rw-p 00009000 08:01 266869                     /usr/lib/jvm/java-8-openjdk-amd64/jre/lib/amd64/libmanagement.so
7f16bd5b3000-7f16bd5b6000 ---p 00000000 00:00 0 
7f16bd5b6000-7f16bd6b4000 rw-p 00000000 00:00 0 
7f16bd6b4000-7f16bd6b7000 ---p 00000000 00:00 0 
7f16bd6b7000-7f16bd7b5000 rw-p 00000000 00:00 0 
7f16bd7b5000-7f16bd7b8000 ---p 00000000 00:00 0 
7f16bd7b8000-7f16bd8b6000 rw-p 00000000 00:00 0 
7f16bd8b6000-7f16bd8bc000 r--s 000d3000 08:01 266845                     /usr/lib/jvm/java-8-openjdk-amd64/jre/lib/jfr.jar
7f16bd8bc000-7f16bd8bf000 ---p 00000000 00:00 0 
7f16bd8bf000-7f16bd9bd000 rw-p 00000000 00:00 0 
7f16bd9bd000-7f16bd9d5000 r-xp 00000000 08:01 266877                     /usr/lib/jvm/java-8-openjdk-amd64/jre/lib/amd64/libnet.so
7f16bd9d5000-7f16bdbd4000 ---p 00018000 08:01 266877                     /usr/lib/jvm/java-8-openjdk-amd64/jre/lib/amd64/libnet.so
7f16bdbd4000-7f16bdbd5000 r--p 00017000 08:01 266877                     /usr/lib/jvm/java-8-openjdk-amd64/jre/lib/amd64/libnet.so
7f16bdbd5000-7f16bdbd6000 rw-p 00018000 08:01 266877                     /usr/lib/jvm/java-8-openjdk-amd64/jre/lib/amd64/libnet.so
7f16bdbd6000-7f16bdbe8000 r-xp 00000000 08:01 266873                     /usr/lib/jvm/java-8-openjdk-amd64/jre/lib/amd64/libnio.so
7f16bdbe8000-7f16bdde7000 ---p 00012000 08:01 266873                     /usr/lib/jvm/java-8-openjdk-amd64/jre/lib/amd64/libnio.so
7f16bdde7000-7f16bdde8000 r--p 00011000 08:01 266873                     /usr/lib/jvm/java-8-openjdk-amd64/jre/lib/amd64/libnio.so
7f16bdde8000-7f16bdde9000 rw-p 00012000 08:01 266873                     /usr/lib/jvm/java-8-openjdk-amd64/jre/lib/amd64/libnio.so
7f16bdde9000-7f16bddeb000 r--s 0001d000 08:01 3277768                    /opt/idea-IU-203.7148.57/lib/idea_rt.jar
7f16bddeb000-7f16bdded000 r--s 0000e000 08:01 4065998                    /home/r00t/.m2/repository/oro/oro/2.0.8/oro-2.0.8.jar
7f16bdded000-7f16bddf0000 r--s 0001f000 08:01 4065970                    /home/r00t/.m2/repository/commons-validator/commons-validator/1.3.1/commons-validator-1.3.1.jar
7f16bddf0000-7f16bddf2000 r--s 00008000 08:01 4066993                    /home/r00t/.m2/repository/commons-logging/commons-logging/1.0.4/commons-logging-1.0.4.jar
7f16bddf2000-7f16bddf6000 r--s 00020000 08:01 4065966                    /home/r00t/.m2/repository/commons-digester/commons-digester/1.8/commons-digester-1.8.jar
7f16bddf6000-7f16bddf8000 r--s 00014000 08:01 4065968                    /home/r00t/.m2/repository/commons-chain/commons-chain/1.1/commons-chain-1.1.jar
7f16bddf8000-7f16bddfd000 r--s 0002a000 08:01 4065964                    /home/r00t/.m2/repository/commons-beanutils/commons-beanutils/1.7.0/commons-beanutils-1.7.0.jar
7f16bddfd000-7f16bde02000 r--s 00068000 08:01 4459383                    /home/r00t/.m2/repository/antlr/antlr/2.7.7/antlr-2.7.7.jar
7f16bde02000-7f16bde08000 r--s 0004b000 08:01 4065938                    /home/r00t/.m2/repository/org/apache/struts/struts-core/1.3.8/struts-core-1.3.8.jar
7f16bde08000-7f16bde09000 r--s 00002000 08:01 4459217                    /home/r00t/.m2/repository/org/reactivestreams/reactive-streams/1.0.3/reactive-streams-1.0.3.jar
7f16bde09000-7f16bde63000 r--s 003fd000 08:01 4459219                    /home/r00t/.m2/repository/org/neo4j/driver/neo4j-java-driver/4.1.1/neo4j-java-driver-4.1.1.jar
7f16bde63000-7f16bde7d000 r--s 00115000 08:01 4459221                    /home/r00t/.m2/repository/org/springframework/data/spring-data-commons/2.4.5/spring-data-commons-2.4.5.jar
7f16bde7d000-7f16bde84000 r--s 0003a000 08:01 4328794                    /home/r00t/.m2/repository/org/neo4j/neo4j-cypher-dsl/2021.0.0/neo4j-cypher-dsl-2021.0.0.jar
7f16bde84000-7f16bde85000 r--s 00000000 08:01 4063788                    /home/r00t/.m2/repository/org/apiguardian/apiguardian-api/1.1.0/apiguardian-api-1.1.0.jar
7f16bde85000-7f16bde8f000 r--s 00073000 08:01 4066901                    /home/r00t/.m2/repository/org/springframework/data/spring-data-neo4j/6.0.5/spring-data-neo4j-6.0.5.jar
7f16bde8f000-7f16bde90000 r--s 00001000 08:01 4459237                    /home/r00t/.m2/repository/org/springframework/boot/spring-boot-starter-data-neo4j/2.4.3/spring-boot-starter-data-neo4j-2.4.3.jar
7f16bde90000-7f16bde92000 r--s 0000b000 08:01 4066700                    /home/r00t/.m2/repository/org/json/json/20160212/json-20160212.jar
7f16bde92000-7f16bde94000 r--s 00009000 08:01 4066698                    /home/r00t/.m2/repository/org/apache/httpcomponents/httpmime/4.5.13/httpmime-4.5.13.jar
7f16bde94000-7f16bde9c000 r--s 00053000 08:01 4066697                    /home/r00t/.m2/repository/org/apache/httpcomponents/httpcore-nio/4.4.14/httpcore-nio-4.4.14.jar
7f16bde9c000-7f16bde9f000 r--s 00029000 08:01 4066692                    /home/r00t/.m2/repository/org/apache/httpcomponents/httpasyncclient/4.1.4/httpasyncclient-4.1.4.jar
7f16bde9f000-7f16bdea6000 r--s 00050000 08:01 4066691                    /home/r00t/.m2/repository/commons-codec/commons-codec/1.15/commons-codec-1.15.jar
7f16bdea6000-7f16bdeae000 r--s 00049000 08:01 4066688                    /home/r00t/.m2/repository/org/apache/httpcomponents/httpcore/4.4.14/httpcore-4.4.14.jar
7f16bdeae000-7f16bdebb000 r--s 000b2000 08:01 4064298                    /home/r00t/.m2/repository/org/apache/httpcomponents/httpclient/4.5.13/httpclient-4.5.13.jar
7f16bdebb000-7f16bdebd000 r--s 00009000 08:01 4066694                    /home/r00t/.m2/repository/com/mashape/unirest/unirest-java/1.4.9/unirest-java-1.4.9.jar
7f16bdebd000-7f16bdebe000 r--s 00005000 08:01 3934219                    /home/r00t/.m2/repository/org/springframework/spring-jcl/5.3.4/spring-jcl-5.3.4.jar
7f16bdebe000-7f16bdeda000 r--s 0014b000 08:01 3932711                    /home/r00t/.m2/repository/org/springframework/spring-core/5.3.4/spring-core-5.3.4.jar
7f16bdeda000-7f16bdef4000 r--s 00234000 08:01 3934529                    /home/r00t/.m2/repository/mysql/mysql-connector-java/8.0.23/mysql-connector-java-8.0.23.jar
7f16bdef4000-7f16bdef6000 r--s 00010000 08:01 3932717                    /home/r00t/.m2/repository/org/mybatis/mybatis-spring/2.0.6/mybatis-spring-2.0.6.jar
7f16bdef6000-7f16bdf12000 r--s 0018d000 08:01 3933326                    /home/r00t/.m2/repository/org/mybatis/mybatis/3.5.6/mybatis-3.5.6.jar
7f16bdf12000-7f16bdf14000 r--s 00005000 08:01 3932692                    /home/r00t/.m2/repository/org/mybatis/spring/boot/mybatis-spring-boot-autoconfigure/2.1.4/mybatis-spring-boot-autoconfigure-2.1.4.jar
7f16bdf14000-7f16bdf15000 r--s 00000000 08:01 3932704                    /home/r00t/.m2/repository/org/mybatis/spring/boot/mybatis-spring-boot-starter/2.1.4/mybatis-spring-boot-starter-2.1.4.jar
7f16bdf15000-7f16bdf1a000 r--s 00040000 08:01 3934223                    /home/r00t/.m2/repository/org/springframework/spring-expression/5.3.4/spring-expression-5.3.4.jar
7f16bdf1a000-7f16bdf35000 r--s 00115000 08:01 3934523                    /home/r00t/.m2/repository/org/springframework/spring-context/5.3.4/spring-context-5.3.4.jar
7f16bdf35000-7f16bdf3e000 r--s 00053000 08:01 3934524                    /home/r00t/.m2/repository/org/springframework/spring-aop/5.3.4/spring-aop-5.3.4.jar
7f16bdf3e000-7f16bdf51000 r--s 000e2000 08:01 3934227                    /home/r00t/.m2/repository/org/springframework/spring-webmvc/5.3.4/spring-webmvc-5.3.4.jar
7f16bdf51000-7f16bdf6f000 r--s 00164000 08:01 3934522                    /home/r00t/.m2/repository/org/springframework/spring-web/5.3.4/spring-web-5.3.4.jar
7f16bdf6f000-7f16bdf75000 r--s 0003d000 08:01 3932721                    /home/r00t/.m2/repository/org/apache/tomcat/embed/tomcat-embed-websocket/9.0.43/tomcat-embed-websocket-9.0.43.jar
7f16bdf75000-7f16bdf7a000 r--s 00036000 08:01 3934508                    /home/r00t/.m2/repository/org/glassfish/jakarta.el/3.0.3/jakarta.el-3.0.3.jar
7f16bdf7a000-7f16bdfa5000 r--s 00314000 08:01 3934512                    /home/r00t/.m2/repository/org/apache/tomcat/embed/tomcat-embed-core/9.0.43/tomcat-embed-core-9.0.43.jar
7f16bdfa5000-7f16bdfa6000 r--s 00001000 08:01 3934509                    /home/r00t/.m2/repository/org/springframework/boot/spring-boot-starter-tomcat/2.4.3/spring-boot-starter-tomcat-2.4.3.jar
7f16bdfa6000-7f16bdfa8000 r--s 00001000 08:01 3933354                    /home/r00t/.m2/repository/com/fasterxml/jackson/module/jackson-module-parameter-names/2.11.4/jackson-module-parameter-names-2.11.4.jar
7f16bdfa8000-7f16bdfac000 r--s 00018000 08:01 3934495                    /home/r00t/.m2/repository/com/fasterxml/jackson/datatype/jackson-datatype-jsr310/2.11.4/jackson-datatype-jsr310-2.11.4.jar
7f16bdfac000-7f16bdfae000 r--s 00007000 08:01 3934491                    /home/r00t/.m2/repository/com/fasterxml/jackson/datatype/jackson-datatype-jdk8/2.11.4/jackson-datatype-jdk8-2.11.4.jar
7f16bdfae000-7f16bdfb2000 r--s 00052000 08:01 3933313                    /home/r00t/.m2/repository/com/fasterxml/jackson/core/jackson-core/2.11.4/jackson-core-2.11.4.jar
7f16bdfb2000-7f16bdfb5000 r--s 0000f000 08:01 3934498                    /home/r00t/.m2/repository/com/fasterxml/jackson/core/jackson-annotations/2.11.4/jackson-annotations-2.11.4.jar
7f16bdfb5000-7f16bdfcb000 r--s 00146000 08:01 3934506                    /home/r00t/.m2/repository/com/fasterxml/jackson/core/jackson-databind/2.11.4/jackson-databind-2.11.4.jar
7f16bdfcb000-7f16bdfcc000 r--s 00001000 08:01 3934212                    /home/r00t/.m2/repository/org/springframework/boot/spring-boot-starter-json/2.4.3/spring-boot-starter-json-2.4.3.jar
7f16bdfcc000-7f16bdfcd000 r--s 00001000 08:01 3934133                    /home/r00t/.m2/repository/org/springframework/boot/spring-boot-starter-web/2.4.3/spring-boot-starter-web-2.4.3.jar
7f16bdfcd000-7f16bdfce000 r--s 00009000 08:01 3933307                    /home/r00t/.m2/repository/org/thymeleaf/extras/thymeleaf-extras-java8time/3.0.4.RELEASE/thymeleaf-extras-java8time-3.0.4.RELEASE.jar
7f16bdfce000-7f16bdfd1000 r--s 00028000 08:01 3932705                    /home/r00t/.m2/repository/org/unbescape/unbescape/1.1.6.RELEASE/unbescape-1.1.6.RELEASE.jar
7f16bdfd1000-7f16bdfd6000 r--s 00037000 08:01 3932714                    /home/r00t/.m2/repository/org/attoparser/attoparser/2.0.5.RELEASE/attoparser-2.0.5.RELEASE.jar
7f16bdfd6000-7f16bdfe6000 r--s 000c4000 08:01 3933370                    /home/r00t/.m2/repository/org/thymeleaf/thymeleaf/3.0.12.RELEASE/thymeleaf-3.0.12.RELEASE.jar
7f16bdfe6000-7f16bdfea000 r--s 00028000 08:01 3933349                    /home/r00t/.m2/repository/org/thymeleaf/thymeleaf-spring5/3.0.12.RELEASE/thymeleaf-spring5-3.0.12.RELEASE.jar
7f16bdfea000-7f16bdff4000 r--s 00047000 08:01 3933300                    /home/r00t/.m2/repository/org/springframework/spring-tx/5.3.4/spring-tx-5.3.4.jar
7f16bdff4000-7f16be001000 r--s 0009e000 08:01 3934520                    /home/r00t/.m2/repository/org/springframework/spring-beans/5.3.4/spring-beans-5.3.4.jar
7f16be001000-7f16be00a000 r--s 0005d000 08:01 3932707                    /home/r00t/.m2/repository/org/springframework/spring-jdbc/5.3.4/spring-jdbc-5.3.4.jar
7f16be00a000-7f16be00c000 r--s 00009000 08:01 3932691                    /home/r00t/.m2/repository/org/slf4j/slf4j-api/1.7.30/slf4j-api-1.7.30.jar
7f16be00c000-7f16be010000 r--s 00023000 08:01 3932720                    /home/r00t/.m2/repository/com/zaxxer/HikariCP/3.4.5/HikariCP-3.4.5.jar
7f16be010000-7f16be017000 r--s 00045000 08:01 3932719                    /home/r00t/.m2/repository/org/yaml/snakeyaml/1.27/snakeyaml-1.27.jar
7f16be017000-7f16be01d000 r--s 00042000 08:01 3932712                    /home/r00t/.m2/repository/org/apache/logging/log4j/log4j-api/2.13.3/log4j-api-2.13.3.jar
7f16be01d000-7f16be048000 r--s 0014e000 08:01 3934515                    /home/r00t/.m2/repository/org/springframework/boot/spring-boot-autoconfigure/2.4.3/spring-boot-autoconfigure-2.4.3.jar
7f16be048000-7f16be064000 r--s 00125000 08:01 3932693                    /home/r00t/.m2/repository/org/springframework/boot/spring-boot/2.4.3/spring-boot-2.4.3.jar
7f16be064000-7f16be067000 ---p 00000000 00:00 0 
7f16be067000-7f16be165000 rw-p 00000000 00:00 0 
7f16be165000-7f16beb24000 r--p 00000000 08:01 138866                     /usr/lib/locale/locale-archive
7f16beb24000-7f16beb27000 ---p 00000000 00:00 0 
7f16beb27000-7f16bec25000 rw-p 00000000 00:00 0 
7f16bec25000-7f16bec28000 ---p 00000000 00:00 0 
7f16bec28000-7f16bed26000 rw-p 00000000 00:00 0 
7f16bed26000-7f16bed27000 ---p 00000000 00:00 0 
7f16bed27000-7f16bf62f000 rw-p 00000000 00:00 0 
7f16bf62f000-7f16bf800000 r--s 03ca5000 08:01 266838                     /usr/lib/jvm/java-8-openjdk-amd64/jre/lib/rt.jar
7f16bf800000-7f16c0000000 rw-p 00000000 00:00 0 
7f16c0000000-7f16c002e000 rw-p 00000000 00:00 0 
7f16c002e000-7f16c4000000 ---p 00000000 00:00 0 
7f16c4000000-7f16c4001000 r--s 00001000 08:01 3932708                    /home/r00t/.m2/repository/org/springframework/boot/spring-boot-starter-thymeleaf/2.4.3/spring-boot-starter-thymeleaf-2.4.3.jar
7f16c4001000-7f16c4003000 r--s 00005000 08:01 3934510                    /home/r00t/.m2/repository/jakarta/annotation/jakarta.annotation-api/1.3.5/jakarta.annotation-api-1.3.5.jar
7f16c4003000-7f16c4005000 r--s 00000000 08:01 3932710                    /home/r00t/.m2/repository/org/slf4j/jul-to-slf4j/1.7.30/jul-to-slf4j-1.7.30.jar
7f16c4005000-7f16c4007000 r--s 00003000 08:01 3932701                    /home/r00t/.m2/repository/org/apache/logging/log4j/log4j-to-slf4j/2.13.3/log4j-to-slf4j-2.13.3.jar
7f16c4007000-7f16c4012000 r--s 00069000 08:01 3932702                    /home/r00t/.m2/repository/ch/qos/logback/logback-core/1.2.3/logback-core-1.2.3.jar
7f16c4012000-7f16c4018000 r--s 00041000 08:01 3932699                    /home/r00t/.m2/repository/ch/qos/logback/logback-classic/1.2.3/logback-classic-1.2.3.jar
7f16c4018000-7f16c402b000 r--s 0034b000 08:01 266904                     /usr/lib/jvm/java-8-openjdk-amd64/jre/lib/resources.jar
7f16c402b000-7f16c403c000 r--s 001bf000 08:01 266834                     /usr/lib/jvm/java-8-openjdk-amd64/jre/lib/jsse.jar
7f16c403c000-7f16c4042000 r--s 000d3000 08:01 266845                     /usr/lib/jvm/java-8-openjdk-amd64/jre/lib/jfr.jar
7f16c4042000-7f16c41b9000 rw-p 00000000 00:00 0 
7f16c41b9000-7f16c41ba000 ---p 00000000 00:00 0 
7f16c41ba000-7f16c42ba000 rw-p 00000000 00:00 0 
7f16c42ba000-7f16c42bb000 ---p 00000000 00:00 0 
7f16c42bb000-7f16c43e5000 rw-p 00000000 00:00 0 
7f16c43e5000-7f16c4653000 ---p 00000000 00:00 0 
7f16c4653000-7f16c467d000 rw-p 00000000 00:00 0 
7f16c467d000-7f16c48ea000 ---p 00000000 00:00 0 
7f16c48ea000-7f16c4910000 rw-p 00000000 00:00 0 
7f16c4910000-7f16c4a36000 ---p 00000000 00:00 0 
7f16c4a36000-7f16c4a47000 rw-p 00000000 00:00 0 
7f16c4a47000-7f16c4df7000 ---p 00000000 00:00 0 
7f16c4df7000-7f16c51f7000 rwxp 00000000 00:00 0 
7f16c51f7000-7f16d3df7000 ---p 00000000 00:00 0 
7f16d3df7000-7f16d3dff000 r-xp 00000000 08:01 266876                     /usr/lib/jvm/java-8-openjdk-amd64/jre/lib/amd64/libzip.so
7f16d3dff000-7f16d3ffe000 ---p 00008000 08:01 266876                     /usr/lib/jvm/java-8-openjdk-amd64/jre/lib/amd64/libzip.so
7f16d3ffe000-7f16d3fff000 r--p 00007000 08:01 266876                     /usr/lib/jvm/java-8-openjdk-amd64/jre/lib/amd64/libzip.so
7f16d3fff000-7f16d4000000 rw-p 00008000 08:01 266876                     /usr/lib/jvm/java-8-openjdk-amd64/jre/lib/amd64/libzip.so
7f16d4000000-7f16d4a75000 rw-p 00000000 00:00 0 
7f16d4a75000-7f16d8000000 ---p 00000000 00:00 0 
7f16d8000000-7f16d8001000 r--s 00001000 08:01 3932706                    /home/r00t/.m2/repository/org/springframework/boot/spring-boot-starter-logging/2.4.3/spring-boot-starter-logging-2.4.3.jar
7f16d8001000-7f16d8002000 r--s 00001000 08:01 3934535                    /home/r00t/.m2/repository/org/springframework/boot/spring-boot-starter/2.4.3/spring-boot-starter-2.4.3.jar
7f16d8002000-7f16d8003000 r--s 00001000 08:01 3934519                    /home/r00t/.m2/repository/org/springframework/boot/spring-boot-starter-jdbc/2.4.3/spring-boot-starter-jdbc-2.4.3.jar
7f16d8003000-7f16d8004000 r--s 00000000 08:01 266837                     /usr/lib/jvm/java-8-openjdk-amd64/jre/lib/management-agent.jar
7f16d8004000-7f16d8006000 r--s 00016000 08:01 266822                     /usr/lib/jvm/java-8-openjdk-amd64/jre/lib/jce.jar
7f16d8006000-7f16d800b000 r--s 002f9000 08:01 266866                     /usr/lib/jvm/java-8-openjdk-amd64/jre/lib/charsets.jar
7f16d800b000-7f16d8026000 r--s 001d6000 08:01 266856                     /usr/lib/jvm/java-8-openjdk-amd64/jre/lib/ext/nashorn.jar
7f16d8026000-7f16d8041000 r--s 00394000 08:01 266854                     /usr/lib/jvm/java-8-openjdk-amd64/jre/lib/ext/cldrdata.jar
7f16d8041000-7f16d804c000 r-xp 00000000 08:01 3412875                    /lib/x86_64-linux-gnu/libnss_files-2.23.so
7f16d804c000-7f16d824b000 ---p 0000b000 08:01 3412875                    /lib/x86_64-linux-gnu/libnss_files-2.23.so
7f16d824b000-7f16d824c000 r--p 0000a000 08:01 3412875                    /lib/x86_64-linux-gnu/libnss_files-2.23.so
7f16d824c000-7f16d824d000 rw-p 0000b000 08:01 3412875                    /lib/x86_64-linux-gnu/libnss_files-2.23.so
7f16d824d000-7f16d8253000 rw-p 00000000 00:00 0 
7f16d8253000-7f16d825e000 r-xp 00000000 08:01 3412885                    /lib/x86_64-linux-gnu/libnss_nis-2.23.so
7f16d825e000-7f16d845d000 ---p 0000b000 08:01 3412885                    /lib/x86_64-linux-gnu/libnss_nis-2.23.so
7f16d845d000-7f16d845e000 r--p 0000a000 08:01 3412885                    /lib/x86_64-linux-gnu/libnss_nis-2.23.so
7f16d845e000-7f16d845f000 rw-p 0000b000 08:01 3412885                    /lib/x86_64-linux-gnu/libnss_nis-2.23.so
7f16d845f000-7f16d8475000 r-xp 00000000 08:01 3412869                    /lib/x86_64-linux-gnu/libnsl-2.23.so
7f16d8475000-7f16d8674000 ---p 00016000 08:01 3412869                    /lib/x86_64-linux-gnu/libnsl-2.23.so
7f16d8674000-7f16d8675000 r--p 00015000 08:01 3412869                    /lib/x86_64-linux-gnu/libnsl-2.23.so
7f16d8675000-7f16d8676000 rw-p 00016000 08:01 3412869                    /lib/x86_64-linux-gnu/libnsl-2.23.so
7f16d8676000-7f16d8678000 rw-p 00000000 00:00 0 
7f16d8678000-7f16d8680000 r-xp 00000000 08:01 3412871                    /lib/x86_64-linux-gnu/libnss_compat-2.23.so
7f16d8680000-7f16d887f000 ---p 00008000 08:01 3412871                    /lib/x86_64-linux-gnu/libnss_compat-2.23.so
7f16d887f000-7f16d8880000 r--p 00007000 08:01 3412871                    /lib/x86_64-linux-gnu/libnss_compat-2.23.so
7f16d8880000-7f16d8881000 rw-p 00008000 08:01 3412871                    /lib/x86_64-linux-gnu/libnss_compat-2.23.so
7f16d8881000-7f16d888b000 r-xp 00000000 08:01 266894                     /usr/lib/jvm/java-8-openjdk-amd64/jre/lib/amd64/libinstrument.so
7f16d888b000-7f16d8a8a000 ---p 0000a000 08:01 266894                     /usr/lib/jvm/java-8-openjdk-amd64/jre/lib/amd64/libinstrument.so
7f16d8a8a000-7f16d8a8b000 r--p 00009000 08:01 266894                     /usr/lib/jvm/java-8-openjdk-amd64/jre/lib/amd64/libinstrument.so
7f16d8a8b000-7f16d8a8c000 rw-p 0000a000 08:01 266894                     /usr/lib/jvm/java-8-openjdk-amd64/jre/lib/amd64/libinstrument.so
7f16d8a8c000-7f16d8ab6000 r-xp 00000000 08:01 266883                     /usr/lib/jvm/java-8-openjdk-amd64/jre/lib/amd64/libjava.so
7f16d8ab6000-7f16d8cb5000 ---p 0002a000 08:01 266883                     /usr/lib/jvm/java-8-openjdk-amd64/jre/lib/amd64/libjava.so
7f16d8cb5000-7f16d8cb6000 r--p 00029000 08:01 266883                     /usr/lib/jvm/java-8-openjdk-amd64/jre/lib/amd64/libjava.so
7f16d8cb6000-7f16d8cb8000 rw-p 0002a000 08:01 266883                     /usr/lib/jvm/java-8-openjdk-amd64/jre/lib/amd64/libjava.so
7f16d8cb8000-7f16d8cc7000 r-xp 00000000 08:01 266881                     /usr/lib/jvm/java-8-openjdk-amd64/jre/lib/amd64/libverify.so
7f16d8cc7000-7f16d8ec6000 ---p 0000f000 08:01 266881                     /usr/lib/jvm/java-8-openjdk-amd64/jre/lib/amd64/libverify.so
7f16d8ec6000-7f16d8ec8000 r--p 0000e000 08:01 266881                     /usr/lib/jvm/java-8-openjdk-amd64/jre/lib/amd64/libverify.so
7f16d8ec8000-7f16d8ec9000 rw-p 00010000 08:01 266881                     /usr/lib/jvm/java-8-openjdk-amd64/jre/lib/amd64/libverify.so
7f16d8ec9000-7f16d8ed0000 r-xp 00000000 08:01 3412930                    /lib/x86_64-linux-gnu/librt-2.23.so
7f16d8ed0000-7f16d90cf000 ---p 00007000 08:01 3412930                    /lib/x86_64-linux-gnu/librt-2.23.so
7f16d90cf000-7f16d90d0000 r--p 00006000 08:01 3412930                    /lib/x86_64-linux-gnu/librt-2.23.so
7f16d90d0000-7f16d90d1000 rw-p 00007000 08:01 3412930                    /lib/x86_64-linux-gnu/librt-2.23.so
7f16d90d1000-7f16d90e7000 r-xp 00000000 08:01 3412814                    /lib/x86_64-linux-gnu/libgcc_s.so.1
7f16d90e7000-7f16d92e6000 ---p 00016000 08:01 3412814                    /lib/x86_64-linux-gnu/libgcc_s.so.1
7f16d92e6000-7f16d92e7000 rw-p 00015000 08:01 3412814                    /lib/x86_64-linux-gnu/libgcc_s.so.1
7f16d92e7000-7f16d93ef000 r-xp 00000000 08:01 3412846                    /lib/x86_64-linux-gnu/libm-2.23.so
7f16d93ef000-7f16d95ee000 ---p 00108000 08:01 3412846                    /lib/x86_64-linux-gnu/libm-2.23.so
7f16d95ee000-7f16d95ef000 r--p 00107000 08:01 3412846                    /lib/x86_64-linux-gnu/libm-2.23.so
7f16d95ef000-7f16d95f0000 rw-p 00108000 08:01 3412846                    /lib/x86_64-linux-gnu/libm-2.23.so
7f16d95f0000-7f16d9762000 r-xp 00000000 08:01 141232                     /usr/lib/x86_64-linux-gnu/libstdc++.so.6.0.21
7f16d9762000-7f16d9962000 ---p 00172000 08:01 141232                     /usr/lib/x86_64-linux-gnu/libstdc++.so.6.0.21
7f16d9962000-7f16d996c000 r--p 00172000 08:01 141232                     /usr/lib/x86_64-linux-gnu/libstdc++.so.6.0.21
7f16d996c000-7f16d996e000 rw-p 0017c000 08:01 141232                     /usr/lib/x86_64-linux-gnu/libstdc++.so.6.0.21
7f16d996e000-7f16d9972000 rw-p 00000000 00:00 0 
7f16d9972000-7f16da698000 r-xp 00000000 08:01 266898                     /usr/lib/jvm/java-8-openjdk-amd64/jre/lib/amd64/server/libjvm.so
7f16da698000-7f16da897000 ---p 00d26000 08:01 266898                     /usr/lib/jvm/java-8-openjdk-amd64/jre/lib/amd64/server/libjvm.so
7f16da897000-7f16da92d000 r--p 00d25000 08:01 266898                     /usr/lib/jvm/java-8-openjdk-amd64/jre/lib/amd64/server/libjvm.so
7f16da92d000-7f16da956000 rw-p 00dbb000 08:01 266898                     /usr/lib/jvm/java-8-openjdk-amd64/jre/lib/amd64/server/libjvm.so
7f16da956000-7f16da989000 rw-p 00000000 00:00 0 
7f16da989000-7f16da9a1000 r-xp 00000000 08:01 3412922                    /lib/x86_64-linux-gnu/libpthread-2.23.so
7f16da9a1000-7f16daba0000 ---p 00018000 08:01 3412922                    /lib/x86_64-linux-gnu/libpthread-2.23.so
7f16daba0000-7f16daba1000 r--p 00017000 08:01 3412922                    /lib/x86_64-linux-gnu/libpthread-2.23.so
7f16daba1000-7f16daba2000 rw-p 00018000 08:01 3412922                    /lib/x86_64-linux-gnu/libpthread-2.23.so
7f16daba2000-7f16daba6000 rw-p 00000000 00:00 0 
7f16daba6000-7f16daba9000 r-xp 00000000 08:01 3412800                    /lib/x86_64-linux-gnu/libdl-2.23.so
7f16daba9000-7f16dada8000 ---p 00003000 08:01 3412800                    /lib/x86_64-linux-gnu/libdl-2.23.so
7f16dada8000-7f16dada9000 r--p 00002000 08:01 3412800                    /lib/x86_64-linux-gnu/libdl-2.23.so
7f16dada9000-7f16dadaa000 rw-p 00003000 08:01 3412800                    /lib/x86_64-linux-gnu/libdl-2.23.so
7f16dadaa000-7f16dadc3000 r-xp 00000000 08:01 3412967                    /lib/x86_64-linux-gnu/libz.so.1.2.8
7f16dadc3000-7f16dafc2000 ---p 00019000 08:01 3412967                    /lib/x86_64-linux-gnu/libz.so.1.2.8
7f16dafc2000-7f16dafc3000 r--p 00018000 08:01 3412967                    /lib/x86_64-linux-gnu/libz.so.1.2.8
7f16dafc3000-7f16dafc4000 rw-p 00019000 08:01 3412967                    /lib/x86_64-linux-gnu/libz.so.1.2.8
7f16dafc4000-7f16db184000 r-xp 00000000 08:01 3412776                    /lib/x86_64-linux-gnu/libc-2.23.so
7f16db184000-7f16db384000 ---p 001c0000 08:01 3412776                    /lib/x86_64-linux-gnu/libc-2.23.so
7f16db384000-7f16db388000 r--p 001c0000 08:01 3412776                    /lib/x86_64-linux-gnu/libc-2.23.so
7f16db388000-7f16db38a000 rw-p 001c4000 08:01 3412776                    /lib/x86_64-linux-gnu/libc-2.23.so
7f16db38a000-7f16db38e000 rw-p 00000000 00:00 0 
7f16db38e000-7f16db39c000 r-xp 00000000 08:01 266888                     /usr/lib/jvm/java-8-openjdk-amd64/jre/lib/amd64/jli/libjli.so
7f16db39c000-7f16db59b000 ---p 0000e000 08:01 266888                     /usr/lib/jvm/java-8-openjdk-amd64/jre/lib/amd64/jli/libjli.so
7f16db59b000-7f16db59c000 r--p 0000d000 08:01 266888                     /usr/lib/jvm/java-8-openjdk-amd64/jre/lib/amd64/jli/libjli.so
7f16db59c000-7f16db59d000 rw-p 0000e000 08:01 266888                     /usr/lib/jvm/java-8-openjdk-amd64/jre/lib/amd64/jli/libjli.so
7f16db59d000-7f16db5c3000 r-xp 00000000 08:01 3412748                    /lib/x86_64-linux-gnu/ld-2.23.so
7f16db5c3000-7f16db5ce000 r--s 00116000 08:01 266858                     /usr/lib/jvm/java-8-openjdk-amd64/jre/lib/ext/localedata.jar
7f16db5ce000-7f16db5d4000 r--s 0003d000 08:01 266862                     /usr/lib/jvm/java-8-openjdk-amd64/jre/lib/ext/sunjce_provider.jar
7f16db5d4000-7f16db5d5000 r--s 0000a000 08:01 266857                     /usr/lib/jvm/java-8-openjdk-amd64/jre/lib/ext/jaccess.jar
7f16db5d5000-7f16db6a5000 rw-p 00000000 00:00 0 
7f16db6a5000-7f16db6a8000 ---p 00000000 00:00 0 
7f16db6a8000-7f16db7aa000 rw-p 00000000 00:00 0 
7f16db7aa000-7f16db7ad000 r--s 0000f000 08:01 266860                     /usr/lib/jvm/java-8-openjdk-amd64/jre/lib/ext/icedtea-sound.jar
7f16db7ad000-7f16db7af000 r--s 00008000 08:01 266853                     /usr/lib/jvm/java-8-openjdk-amd64/jre/lib/ext/sunec.jar
7f16db7af000-7f16db7b1000 r--s 00010000 08:01 266855                     /usr/lib/jvm/java-8-openjdk-amd64/jre/lib/ext/zipfs.jar
7f16db7b1000-7f16db7b5000 r--s 00040000 08:01 266859                     /usr/lib/jvm/java-8-openjdk-amd64/jre/lib/ext/sunpkcs11.jar
7f16db7b5000-7f16db7b7000 r--s 00001000 08:01 266861                     /usr/lib/jvm/java-8-openjdk-amd64/jre/lib/ext/dnsns.jar
7f16db7b7000-7f16db7bf000 rw-s 00000000 08:01 4199270                    /tmp/hsperfdata_r00t/75442
7f16db7bf000-7f16db7c0000 rw-p 00000000 00:00 0 
7f16db7c0000-7f16db7c1000 ---p 00000000 00:00 0 
7f16db7c1000-7f16db7c2000 rw-p 00000000 00:00 0 
7f16db7c2000-7f16db7c3000 r--p 00025000 08:01 3412748                    /lib/x86_64-linux-gnu/ld-2.23.so
7f16db7c3000-7f16db7c4000 rw-p 00026000 08:01 3412748                    /lib/x86_64-linux-gnu/ld-2.23.so
7f16db7c4000-7f16db7c5000 rw-p 00000000 00:00 0 
7ffd2d886000-7ffd2d8a9000 rw-p 00000000 00:00 0                          [stack]
7ffd2d8cd000-7ffd2d8d0000 r--p 00000000 00:00 0                          [vvar]
7ffd2d8d0000-7ffd2d8d2000 r-xp 00000000 00:00 0                          [vdso]
ffffffffff600000-ffffffffff601000 r-xp 00000000 00:00 0                  [vsyscall]

VM Arguments:
jvm_args: -XX:TieredStopAtLevel=1 -Xverify:none -Dspring.output.ansi.enabled=always -javaagent:/opt/idea-IU-203.7148.57/lib/idea_rt.jar=37251:/opt/idea-IU-203.7148.57/bin -Dcom.sun.management.jmxremote -Dspring.jmx.enabled=true -Dspring.liveBeansView.mbeanDomain -Dspring.application.admin.enabled=true -Dfile.encoding=UTF-8 
java_command: upc.csp1_0.Csp10Application
java_class_path (initial): /usr/lib/jvm/java-1.8.0-openjdk-amd64/jre/lib/charsets.jar:/usr/lib/jvm/java-1.8.0-openjdk-amd64/jre/lib/ext/cldrdata.jar:/usr/lib/jvm/java-1.8.0-openjdk-amd64/jre/lib/ext/dnsns.jar:/usr/lib/jvm/java-1.8.0-openjdk-amd64/jre/lib/ext/icedtea-sound.jar:/usr/lib/jvm/java-1.8.0-openjdk-amd64/jre/lib/ext/jaccess.jar:/usr/lib/jvm/java-1.8.0-openjdk-amd64/jre/lib/ext/localedata.jar:/usr/lib/jvm/java-1.8.0-openjdk-amd64/jre/lib/ext/nashorn.jar:/usr/lib/jvm/java-1.8.0-openjdk-amd64/jre/lib/ext/sunec.jar:/usr/lib/jvm/java-1.8.0-openjdk-amd64/jre/lib/ext/sunjce_provider.jar:/usr/lib/jvm/java-1.8.0-openjdk-amd64/jre/lib/ext/sunpkcs11.jar:/usr/lib/jvm/java-1.8.0-openjdk-amd64/jre/lib/ext/zipfs.jar:/usr/lib/jvm/java-1.8.0-openjdk-amd64/jre/lib/jce.jar:/usr/lib/jvm/java-1.8.0-openjdk-amd64/jre/lib/jfr.jar:/usr/lib/jvm/java-1.8.0-openjdk-amd64/jre/lib/jsse.jar:/usr/lib/jvm/java-1.8.0-openjdk-amd64/jre/lib/management-agent.jar:/usr/lib/jvm/java-1.8.0-openjdk-amd64/jre/lib/resources.jar:/usr/lib/jvm/java-1.8.0-openjdk-amd64/jre/lib/rt.jar:/home/r00t/IdeaProjects/csp1_0/csp1_0/csp1_0/csp1_0/target/classes:/home/r00t/.m2/repository/org/springframework/boot/spring-boot-starter-jdbc/2.4.3/spring-boot-starter-jdbc-2.4.3.jar:/home/r00t/.m2/repository/org/springframework/boot/spring-boot-starter/2.4.3/spring-boot-starter-2.4.3.jar:/home/r00t/.m2/repository/org/springframework/boot/spring-boot/2.4.3/spring-boot-2.4.3.jar:/home/r00t/.m2/repository/org/springframework/boot/spring-boot-autoconfigure/2.4.3/spring-boot-autoconfigure-2.4.3.jar:/home/r00t/.m2/repository/org/springframework/boot/spring-boot-starter-logging/2.4.3/spring-boot-starter-logging-2.4.3.jar:/home/r00t/.m2/repository/ch/qos/logback/logback-classic/1.2.3/logback-classic-1.2.3.jar:/home/r00t/.m2/repository/ch/qos/logback/logback-core/1.2.3/logback-core-1.2.3.jar:/home/r00t/.m2/repository/org/apache/logging/log4j/log4j-to-slf4j/2.13.3/log4j-to-slf4j-2.13.3.jar:/home/r00t/.m2/repository/org/apache/log
Launcher Type: SUN_STANDARD

Environment Variables:
JAVA_HOME=/usr/lib/jvm/java-8-openjdk-amd64
CLASSPATH=/opt/idea-IU-203.7148.57/lib/bootstrap.jar:/opt/idea-IU-203.7148.57/lib/util.jar:/opt/idea-IU-203.7148.57/lib/jdom.jar:/opt/idea-IU-203.7148.57/lib/log4j.jar:/opt/idea-IU-203.7148.57/lib/jna.jar:/lib/tools.jar
PATH=/home/r00t/bin:/home/r00t/.local/bin:/usr/local/sbin:/usr/local/bin:/usr/sbin:/usr/bin:/sbin:/bin:/usr/games:/usr/local/games:/snap/bin:/opt/maven/apache-maven-3.6.3/bin
SHELL=/bin/bash
DISPLAY=:0

Signal Handlers:
SIGSEGV: [libjvm.so+0xb1f1b0], sa_mask[0]=11111111011111111101111111111110, sa_flags=SA_RESTART|SA_SIGINFO
SIGBUS: [libjvm.so+0xb1f1b0], sa_mask[0]=11111111011111111101111111111110, sa_flags=SA_RESTART|SA_SIGINFO
SIGFPE: [libjvm.so+0x956cf0], sa_mask[0]=11111111011111111101111111111110, sa_flags=SA_RESTART|SA_SIGINFO
SIGPIPE: [libjvm.so+0x956cf0], sa_mask[0]=11111111011111111101111111111110, sa_flags=SA_RESTART|SA_SIGINFO
SIGXFSZ: [libjvm.so+0x956cf0], sa_mask[0]=11111111011111111101111111111110, sa_flags=SA_RESTART|SA_SIGINFO
SIGILL: [libjvm.so+0x956cf0], sa_mask[0]=11111111011111111101111111111110, sa_flags=SA_RESTART|SA_SIGINFO
SIGUSR1: SIG_DFL, sa_mask[0]=00000000000000000000000000000000, sa_flags=none
SIGUSR2: [libjvm.so+0x956ba0], sa_mask[0]=00100000000000000000000000000000, sa_flags=SA_RESTART|SA_SIGINFO
SIGHUP: [libjvm.so+0x957230], sa_mask[0]=11111111011111111101111111111110, sa_flags=SA_RESTART|SA_SIGINFO
SIGINT: [libjvm.so+0x957230], sa_mask[0]=11111111011111111101111111111110, sa_flags=SA_RESTART|SA_SIGINFO
SIGTERM: [libjvm.so+0x957230], sa_mask[0]=11111111011111111101111111111110, sa_flags=SA_RESTART|SA_SIGINFO
SIGQUIT: [libjvm.so+0x957230], sa_mask[0]=11111111011111111101111111111110, sa_flags=SA_RESTART|SA_SIGINFO


---------------  S Y S T E M  ---------------

OS:DISTRIB_ID=Ubuntu
DISTRIB_RELEASE=16.04
DISTRIB_CODENAME=xenial
DISTRIB_DESCRIPTION="Ubuntu 16.04.7 LTS"

uname:Linux 4.15.0-142-generic #146~16.04.1-Ubuntu SMP Tue Apr 13 09:27:15 UTC 2021 x86_64
libc:glibc 2.23 NPTL 2.23 
rlimit: STACK 8192k, CORE 0k, NPROC 31574, NOFILE 1048576, AS infinity
load average:2.37 3.34 1.81

/proc/meminfo:
MemTotal:        8144672 kB
MemFree:          113484 kB
MemAvailable:      15932 kB
Buffers:             540 kB
Cached:           106596 kB
SwapCached:         7272 kB
Active:          6803092 kB
Inactive:         868628 kB
Active(anon):    6801860 kB
Inactive(anon):   853500 kB
Active(file):       1232 kB
Inactive(file):    15128 kB
Unevictable:       34916 kB
Mlocked:           34916 kB
SwapTotal:        998396 kB
SwapFree:              0 kB
Dirty:                52 kB
Writeback:           560 kB
AnonPages:       7592300 kB
Mapped:            40920 kB
Shmem:             83296 kB
Slab:             144240 kB
SReclaimable:      62140 kB
SUnreclaim:        82100 kB
KernelStack:       22320 kB
PageTables:        79552 kB
NFS_Unstable:          0 kB
Bounce:                0 kB
WritebackTmp:          0 kB
CommitLimit:     5070732 kB
Committed_AS:   13153084 kB
VmallocTotal:   34359738367 kB
VmallocUsed:           0 kB
VmallocChunk:          0 kB
HardwareCorrupted:     0 kB
AnonHugePages:         0 kB
ShmemHugePages:        0 kB
ShmemPmdMapped:        0 kB
CmaTotal:              0 kB
CmaFree:               0 kB
HugePages_Total:       0
HugePages_Free:        0
HugePages_Rsvd:        0
HugePages_Surp:        0
Hugepagesize:       2048 kB
DirectMap4k:      190272 kB
DirectMap2M:     6100992 kB
DirectMap1G:     4194304 kB

container (cgroup) information:
container_type: cgroupv1
cpu_cpuset_cpus: 0-1
cpu_memory_nodes: 0
active_processor_count: 2
cpu_quota: -1
cpu_period: 100000
cpu_shares: -1
memory_limit_in_bytes: -1
memory_and_swap_limit_in_bytes: -2
memory_soft_limit_in_bytes: -1
memory_usage_in_bytes: 7887253504
memory_max_usage_in_bytes: 20668416


CPU:total 2 (initial active 2) (1 cores per cpu, 1 threads per core) family 6 model 151 stepping 2, cmov, cx8, fxsr, mmx, sse, sse2, sse3, ssse3, sse4.1, sse4.2, popcnt, avx, avx2, aes, clmul, erms, 3dnowpref, lzcnt, tsc, tscinvbit, bmi1, bmi2, adx

/proc/cpuinfo:
processor	: 0
vendor_id	: GenuineIntel
cpu family	: 6
model		: 151
model name	: 12th Gen Intel(R) Core(TM) i7-12700
stepping	: 2
microcode	: 0x1e
cpu MHz		: 2112.000
cache size	: 25600 KB
physical id	: 0
siblings	: 1
core id		: 0
cpu cores	: 1
apicid		: 0
initial apicid	: 0
fpu		: yes
fpu_exception	: yes
cpuid level	: 32
wp		: yes
flags		: fpu vme de pse tsc msr pae mce cx8 apic sep mtrr pge mca cmov pat pse36 clflush mmx fxsr sse sse2 ss syscall nx pdpe1gb rdtscp lm constant_tsc arch_perfmon nopl xtopology tsc_reliable nonstop_tsc cpuid pni pclmulqdq ssse3 fma cx16 pcid sse4_1 sse4_2 x2apic movbe popcnt tsc_deadline_timer aes xsave avx f16c rdrand hypervisor lahf_lm abm 3dnowprefetch invpcid_single ssbd ibrs ibpb stibp ibrs_enhanced fsgsbase tsc_adjust bmi1 avx2 smep bmi2 invpcid rdseed adx smap clflushopt clwb sha_ni xsaveopt xsavec xgetbv1 xsaves arat umip pku ospke gfni vaes vpclmulqdq rdpid md_clear flush_l1d arch_capabilities
bugs		: spectre_v1 spectre_v2 spec_store_bypass swapgs itlb_multihit
bogomips	: 4224.00
clflush size	: 64
cache_alignment	: 64
address sizes	: 45 bits physical, 48 bits virtual
power management:

processor	: 1
vendor_id	: GenuineIntel
cpu family	: 6
model		: 151
model name	: 12th Gen Intel(R) Core(TM) i7-12700
stepping	: 2
microcode	: 0x1e
cpu MHz		: 2112.000
cache size	: 25600 KB
physical id	: 2
siblings	: 1
core id		: 0
cpu cores	: 1
apicid		: 2
initial apicid	: 2
fpu		: yes
fpu_exception	: yes
cpuid level	: 32
wp		: yes
flags		: fpu vme de pse tsc msr pae mce cx8 apic sep mtrr pge mca cmov pat pse36 clflush mmx fxsr sse sse2 ss syscall nx pdpe1gb rdtscp lm constant_tsc arch_perfmon nopl xtopology tsc_reliable nonstop_tsc cpuid pni pclmulqdq ssse3 fma cx16 pcid sse4_1 sse4_2 x2apic movbe popcnt tsc_deadline_timer aes xsave avx f16c rdrand hypervisor lahf_lm abm 3dnowprefetch invpcid_single ssbd ibrs ibpb stibp ibrs_enhanced fsgsbase tsc_adjust bmi1 avx2 smep bmi2 invpcid rdseed adx smap clflushopt clwb sha_ni xsaveopt xsavec xgetbv1 xsaves arat umip pku ospke gfni vaes vpclmulqdq rdpid md_clear flush_l1d arch_capabilities
bugs		: spectre_v1 spectre_v2 spec_store_bypass swapgs itlb_multihit
bogomips	: 4224.00
clflush size	: 64
cache_alignment	: 64
address sizes	: 45 bits physical, 48 bits virtual
power management:



Memory: 4k page, physical 8144672k(113484k free), swap 998396k(0k free)

vm_info: OpenJDK 64-Bit Server VM (25.292-b10) for linux-amd64 JRE (1.8.0_292-8u292-b10-0ubuntu1~16.04.1-b10), built on Apr 21 2021 12:47:35 by "buildd" with gcc 5.4.0 20160609

time: Thu Jun 15 19:17:54 2023
timezone: CST
elapsed time: 2.765113 seconds (0d 0h 0m 2s)

