#
# There is insufficient memory for the Java Runtime Environment to continue.
# Native memory allocation (mmap) failed to map 59244544 bytes for committing reserved memory.
# Possible reasons:
#   The system is out of physical RAM or swap space
#   The process is running with CompressedOops enabled, and the Java Heap may be blocking the growth of the native heap
# Possible solutions:
#   Reduce memory load on the system
#   Increase physical memory or swap space
#   Check if swap backing store is full
#   Decrease Java heap size (-Xmx/-Xms)
#   Decrease number of Java threads
#   Decrease Java thread stack sizes (-Xss)
#   Set larger code cache with -XX:ReservedCodeCacheSize=
#   JVM is running with Unscaled Compressed Oops mode in which the Java heap is
#     placed in the first 4GB address space. The Java Heap base address is the
#     maximum limit for the native heap growth. Please use -XX:HeapBaseMinAddress
#     to set the Java Heap base and to place the Java Heap above 4GB virtual address.
# This output file may be truncated or incomplete.
#
#  Out of Memory Error (os_linux.cpp:2798), pid=55952, tid=0x00007f30341c6700
#
# JRE version: OpenJDK Runtime Environment (8.0_292-b10) (build 1.8.0_292-8u292-b10-0ubuntu1~16.04.1-b10)
# Java VM: OpenJDK 64-Bit Server VM (25.292-b10 mixed mode linux-amd64 compressed oops)
# Failed to write core dump. Core dumps have been disabled. To enable core dumping, try "ulimit -c unlimited" before starting Java again
#

---------------  T H R E A D  ---------------

Current thread (0x00007f3030101000):  VMThread [stack: 0x00007f30340c6000,0x00007f30341c7000] [id=55961]

Stack: [0x00007f30340c6000,0x00007f30341c7000],  sp=0x00007f30341c5360,  free space=1020k
Native frames: (J=compiled Java code, j=interpreted, Vv=VM code, C=native code)
V  [libjvm.so+0xb1e67b]
V  [libjvm.so+0x4e01dc]
V  [libjvm.so+0x95bc48]
V  [libjvm.so+0x953b3e]
V  [libjvm.so+0x9d4ad6]
V  [libjvm.so+0x9d5e03]
V  [libjvm.so+0x9d2204]
V  [libjvm.so+0x9d249c]
V  [libjvm.so+0x983953]
V  [libjvm.so+0xb20372]
V  [libjvm.so+0xb26067]
V  [libjvm.so+0xb23b43]
V  [libjvm.so+0xb23ee5]
V  [libjvm.so+0xb244b2]
V  [libjvm.so+0x958fe2]

VM_Operation (0x00007f2fe22f87a0): ParallelGCFailedAllocation, mode: safepoint, requested by thread 0x00007f2ff4045800


---------------  P R O C E S S  ---------------

Java Threads: ( => current thread )
  0x00007f2ff4047000 JavaThread "SpringContextShutdownHook" [_thread_blocked, id=56240, stack(0x00007f2fe20f8000,0x00007f2fe21f9000)]
  0x00007f2ff4045800 JavaThread "Thread-0" [_thread_blocked, id=56239, stack(0x00007f2fe21f9000,0x00007f2fe22fa000)]
  0x00007f3008009000 JavaThread "SIGINT handler" daemon [_thread_blocked, id=56238, stack(0x00007f2fe3eff000,0x00007f2fe4000000)]
  0x00007f2fdc05d000 JavaThread "Neo4jDriverIO-2-4" [_thread_in_native, id=56103, stack(0x00007f30030c3000,0x00007f30031c4000)]
  0x0000555fdddb2000 JavaThread "test housekeeper" daemon [_thread_blocked, id=56036, stack(0x00007f2fe24fa000,0x00007f2fe25fb000)]
  0x00007f2fdc059000 JavaThread "Neo4jDriverIO-2-3" [_thread_in_native, id=56035, stack(0x00007f2fe27fb000,0x00007f2fe28fc000)]
  0x00007f2fdc050800 JavaThread "Neo4jDriverIO-2-2" [_thread_in_native, id=56033, stack(0x00007f2fe3afd000,0x00007f2fe3bfe000)]
  0x0000555fddcc3000 JavaThread "Neo4jDriverIO-2-1" [_thread_in_native, id=56032, stack(0x00007f2fe3dfe000,0x00007f2fe3eff000)]
  0x00007f3030010000 JavaThread "DestroyJavaVM" [_thread_blocked, id=55953, stack(0x00007f3039da5000,0x00007f3039ea6000)]
  0x00007f3031143800 JavaThread "http-nio-9000-Acceptor" daemon [_thread_in_native, id=56019, stack(0x00007f3000082000,0x00007f3000183000)]
  0x00007f3031141000 JavaThread "http-nio-9000-ClientPoller" daemon [_thread_blocked, id=56018, stack(0x00007f3000183000,0x00007f3000284000)]
  0x00007f303113f000 JavaThread "http-nio-9000-exec-10" daemon [_thread_blocked, id=56017, stack(0x00007f3000284000,0x00007f3000385000)]
  0x00007f303113d000 JavaThread "http-nio-9000-exec-9" daemon [_thread_blocked, id=56016, stack(0x00007f3000385000,0x00007f3000486000)]
  0x00007f303113b000 JavaThread "http-nio-9000-exec-8" daemon [_thread_blocked, id=56015, stack(0x00007f3000486000,0x00007f3000587000)]
  0x00007f3031139000 JavaThread "http-nio-9000-exec-7" daemon [_thread_blocked, id=56014, stack(0x00007f3000587000,0x00007f3000688000)]
  0x00007f3031137000 JavaThread "http-nio-9000-exec-6" daemon [_thread_blocked, id=56013, stack(0x00007f3000688000,0x00007f3000789000)]
  0x00007f3031135800 JavaThread "http-nio-9000-exec-5" daemon [_thread_blocked, id=56012, stack(0x00007f3000789000,0x00007f300088a000)]
  0x00007f3031133800 JavaThread "http-nio-9000-exec-4" daemon [_thread_blocked, id=56011, stack(0x00007f300088a000,0x00007f300098b000)]
  0x00007f3031131800 JavaThread "http-nio-9000-exec-3" daemon [_thread_blocked, id=56010, stack(0x00007f300098b000,0x00007f3000a8c000)]
  0x00007f3031130000 JavaThread "http-nio-9000-exec-2" daemon [_thread_blocked, id=56009, stack(0x00007f3000a8c000,0x00007f3000b8d000)]
  0x00007f303112c000 JavaThread "http-nio-9000-exec-1" daemon [_thread_blocked, id=56008, stack(0x00007f3000b8d000,0x00007f3000c8e000)]
  0x00007f3031129800 JavaThread "http-nio-9000-BlockPoller" daemon [_thread_blocked, id=56007, stack(0x00007f3000c8e000,0x00007f3000d8f000)]
  0x00007f3030278800 JavaThread "Thread-8" daemon [_thread_blocked, id=56004, stack(0x00007f300118f000,0x00007f3001290000)]
  0x00007f3030ea1000 JavaThread "Thread-6" daemon [_thread_blocked, id=56003, stack(0x00007f3001490000,0x00007f3001591000)]
  0x00007f3030d25800 JavaThread "mysql-cj-abandoned-connection-cleanup" daemon [_thread_blocked, id=56000, stack(0x00007f3001bbe000,0x00007f3001cbf000)]
  0x00007f3030ce8000 JavaThread "container-0" [_thread_blocked, id=55999, stack(0x00007f3001cbf000,0x00007f3001dc0000)]
  0x00007f2ff4056800 JavaThread "Catalina-utility-2" [_thread_blocked, id=55998, stack(0x00007f30025c0000,0x00007f30026c1000)]
  0x00007f3030ce2000 JavaThread "Catalina-utility-1" [_thread_blocked, id=55997, stack(0x00007f3002ec1000,0x00007f3002fc2000)]
  0x0000555fddc69000 JavaThread "RMI Scheduler(0)" daemon [_thread_blocked, id=55987, stack(0x00007f3002fc2000,0x00007f30030c3000)]
  0x00007f3008002800 JavaThread "Attach Listener" daemon [_thread_blocked, id=55982, stack(0x00007f30031c4000,0x00007f30032c5000)]
  0x00007f3008001000 JavaThread "Attach Listener" daemon [_thread_blocked, id=55981, stack(0x00007f30032c5000,0x00007f30033c6000)]
  0x00007f3030667800 JavaThread "RMI TCP Accept-0" daemon [_thread_in_native, id=55977, stack(0x00007f30036c7000,0x00007f30037c8000)]
  0x00007f303056f800 JavaThread "Service Thread" daemon [_thread_blocked, id=55973, stack(0x00007f30039d2000,0x00007f3003ad3000)]
  0x00007f303056a000 JavaThread "C1 CompilerThread1" daemon [_thread_blocked, id=55972, stack(0x00007f3003ad3000,0x00007f3003bd4000)]
  0x00007f3030568800 JavaThread "C2 CompilerThread0" daemon [_thread_blocked, id=55971, stack(0x00007f30100c9000,0x00007f30101ca000)]
  0x00007f3030564800 JavaThread "Monitor Ctrl-Break" daemon [_thread_in_native, id=55970, stack(0x00007f3020005000,0x00007f3020106000)]
  0x00007f3030140800 JavaThread "Signal Dispatcher" daemon [_thread_blocked, id=55965, stack(0x00007f302033e000,0x00007f302043f000)]
  0x00007f303010f800 JavaThread "Finalizer" daemon [_thread_blocked, id=55963, stack(0x00007f3020dfe000,0x00007f3020eff000)]
  0x00007f303010a800 JavaThread "Reference Handler" daemon [_thread_blocked, id=55962, stack(0x00007f3020eff000,0x00007f3021000000)]

Other Threads:
=>0x00007f3030101000 VMThread [stack: 0x00007f30340c6000,0x00007f30341c7000] [id=55961]
  0x00007f3030675000 WatcherThread [stack: 0x00007f30035c6000,0x00007f30036c7000] [id=55978]

VM state:at safepoint (normal execution)

VM Mutex/Monitor currently owned by a thread:  ([mutex/lock_event])
[0x00007f303000c320] Threads_lock - owner thread: 0x00007f3030101000
[0x00007f303000c820] Heap_lock - owner thread: 0x00007f2ff4045800

heap address: 0x0000000083a00000, size: 1990 MB, Compressed Oops mode: 32-bit
Narrow klass base: 0x0000000000000000, Narrow klass shift: 3
Compressed class space size: 1073741824 Address: 0x0000000100000000

Heap:
 PSYoungGen      total 219136K, used 11752K [0x00000000d6900000, 0x00000000e6700000, 0x0000000100000000)
  eden space 207360K, 0% used [0x00000000d6900000,0x00000000d6900000,0x00000000e3380000)
  from space 11776K, 99% used [0x00000000e3380000,0x00000000e3efa280,0x00000000e3f00000)
  to   space 11264K, 0% used [0x00000000e3f00000,0x00000000e3f00000,0x00000000e4a00000)
 ParOldGen       total 70144K, used 21493K [0x0000000083a00000, 0x0000000087e80000, 0x00000000d6900000)
  object space 70144K, 30% used [0x0000000083a00000,0x0000000084efd488,0x0000000087e80000)
 Metaspace       used 48222K, capacity 51234K, committed 51456K, reserved 1093632K
  class space    used 6559K, capacity 7164K, committed 7168K, reserved 1048576K

Card table byte_map: [0x00007f3035d94000,0x00007f3036178000] byte_map_base: 0x00007f3035977000

Marking Bits: (ParMarkBitMap*) 0x00007f303906c8a0
 Begin Bits: [0x00007f30101d0000, 0x00007f30120e8000)
 End Bits:   [0x00007f30120e8000, 0x00007f3014000000)

Polling page: 0x00007f3039ec0000

CodeCache: size=245760Kb used=8566Kb max_used=8566Kb free=237193Kb
 bounds [0x00007f3021000000, 0x00007f3021860000, 0x00007f3030000000]
 total_blobs=4949 nmethods=4398 adapters=464
 compilation: enabled

Compilation events (10 events):
Event: 643.639 Thread 0x00007f303056a000 4419   !   1       org.apache.catalina.core.ContainerBase$ContainerBackgroundProcessor::processChildren (202 bytes)
Event: 643.640 Thread 0x00007f303056a000 nmethod 4419 0x00007f302185c390 code [0x00007f302185c620, 0x00007f302185d208]
Event: 644.200 Thread 0x00007f303056a000 4421       1       org.apache.http.impl.conn.PoolingHttpClientConnectionManager::closeExpiredConnections (19 bytes)
Event: 644.223 Thread 0x00007f303056a000 nmethod 4421 0x00007f302185db10 code [0x00007f302185dc80, 0x00007f302185de78]
Event: 644.223 Thread 0x00007f303056a000 4422       1       org.apache.http.pool.AbstractConnPool::closeExpired (18 bytes)
Event: 644.223 Thread 0x00007f303056a000 nmethod 4422 0x00007f302185df90 code [0x00007f302185e100, 0x00007f302185e2a8]
Event: 647.500 Thread 0x00007f303056a000 4423       1       com.zaxxer.hikari.pool.PoolEntry::getState (8 bytes)
Event: 647.507 Thread 0x00007f303056a000 nmethod 4423 0x00007f302185e350 code [0x00007f302185e4c0, 0x00007f302185e648]
Event: 647.507 Thread 0x00007f303056a000 4424       1       java.util.concurrent.atomic.AtomicIntegerFieldUpdater$AtomicIntegerFieldUpdaterImpl::get (17 bytes)
Event: 647.507 Thread 0x00007f303056a000 nmethod 4424 0x00007f302185e710 code [0x00007f302185e880, 0x00007f302185e9e8]

GC Heap History (10 events):
Event: 2.009 GC heap after
Heap after GC invocations=6 (full 1):
 PSYoungGen      total 70656K, used 0K [0x00000000d6900000, 0x00000000dfb00000, 0x0000000100000000)
  eden space 65536K, 0% used [0x00000000d6900000,0x00000000d6900000,0x00000000da900000)
  from space 5120K, 0% used [0x00000000da900000,0x00000000da900000,0x00000000dae00000)
  to   space 9216K, 0% used [0x00000000df200000,0x00000000df200000,0x00000000dfb00000)
 ParOldGen       total 49664K, used 6842K [0x0000000083a00000, 0x0000000086a80000, 0x00000000d6900000)
  object space 49664K, 13% used [0x0000000083a00000,0x00000000840ae800,0x0000000086a80000)
 Metaspace       used 20273K, capacity 21268K, committed 21296K, reserved 1067008K
  class space    used 2692K, capacity 2930K, committed 2944K, reserved 1048576K
}
Event: 2.357 GC heap before
{Heap before GC invocations=7 (full 1):
 PSYoungGen      total 70656K, used 65536K [0x00000000d6900000, 0x00000000dfb00000, 0x0000000100000000)
  eden space 65536K, 100% used [0x00000000d6900000,0x00000000da900000,0x00000000da900000)
  from space 5120K, 0% used [0x00000000da900000,0x00000000da900000,0x00000000dae00000)
  to   space 9216K, 0% used [0x00000000df200000,0x00000000df200000,0x00000000dfb00000)
 ParOldGen       total 49664K, used 6842K [0x0000000083a00000, 0x0000000086a80000, 0x00000000d6900000)
  object space 49664K, 13% used [0x0000000083a00000,0x00000000840ae800,0x0000000086a80000)
 Metaspace       used 23627K, capacity 25052K, committed 25344K, reserved 1071104K
  class space    used 3213K, capacity 3528K, committed 3584K, reserved 1048576K
Event: 2.362 GC heap after
Heap after GC invocations=7 (full 1):
 PSYoungGen      total 124416K, used 6307K [0x00000000d6900000, 0x00000000df880000, 0x0000000100000000)
  eden space 117760K, 0% used [0x00000000d6900000,0x00000000d6900000,0x00000000ddc00000)
  from space 6656K, 94% used [0x00000000df200000,0x00000000df828e30,0x00000000df880000)
  to   space 8704K, 0% used [0x00000000de780000,0x00000000de780000,0x00000000df000000)
 ParOldGen       total 49664K, used 6850K [0x0000000083a00000, 0x0000000086a80000, 0x00000000d6900000)
  object space 49664K, 13% used [0x0000000083a00000,0x00000000840b0800,0x0000000086a80000)
 Metaspace       used 23627K, capacity 25052K, committed 25344K, reserved 1071104K
  class space    used 3213K, capacity 3528K, committed 3584K, reserved 1048576K
}
Event: 2.887 GC heap before
{Heap before GC invocations=8 (full 1):
 PSYoungGen      total 124416K, used 124067K [0x00000000d6900000, 0x00000000df880000, 0x0000000100000000)
  eden space 117760K, 100% used [0x00000000d6900000,0x00000000ddc00000,0x00000000ddc00000)
  from space 6656K, 94% used [0x00000000df200000,0x00000000df828e30,0x00000000df880000)
  to   space 8704K, 0% used [0x00000000de780000,0x00000000de780000,0x00000000df000000)
 ParOldGen       total 49664K, used 6850K [0x0000000083a00000, 0x0000000086a80000, 0x00000000d6900000)
  object space 49664K, 13% used [0x0000000083a00000,0x00000000840b0800,0x0000000086a80000)
 Metaspace       used 32800K, capacity 34802K, committed 35072K, reserved 1079296K
  class space    used 4433K, capacity 4831K, committed 4864K, reserved 1048576K
Event: 2.900 GC heap after
Heap after GC invocations=8 (full 1):
 PSYoungGen      total 138240K, used 8696K [0x00000000d6900000, 0x00000000e4a00000, 0x0000000100000000)
  eden space 129536K, 0% used [0x00000000d6900000,0x00000000d6900000,0x00000000de780000)
  from space 8704K, 99% used [0x00000000de780000,0x00000000deffe3f8,0x00000000df000000)
  to   space 11264K, 0% used [0x00000000e3f00000,0x00000000e3f00000,0x00000000e4a00000)
 ParOldGen       total 49664K, used 10078K [0x0000000083a00000, 0x0000000086a80000, 0x00000000d6900000)
  object space 49664K, 20% used [0x0000000083a00000,0x00000000843d7b30,0x0000000086a80000)
 Metaspace       used 32800K, capacity 34802K, committed 35072K, reserved 1079296K
  class space    used 4433K, capacity 4831K, committed 4864K, reserved 1048576K
}
Event: 2.933 GC heap before
{Heap before GC invocations=9 (full 1):
 PSYoungGen      total 138240K, used 21888K [0x00000000d6900000, 0x00000000e4a00000, 0x0000000100000000)
  eden space 129536K, 10% used [0x00000000d6900000,0x00000000d75e2000,0x00000000de780000)
  from space 8704K, 99% used [0x00000000de780000,0x00000000deffe3f8,0x00000000df000000)
  to   space 11264K, 0% used [0x00000000e3f00000,0x00000000e3f00000,0x00000000e4a00000)
 ParOldGen       total 49664K, used 10078K [0x0000000083a00000, 0x0000000086a80000, 0x00000000d6900000)
  object space 49664K, 20% used [0x0000000083a00000,0x00000000843d7b30,0x0000000086a80000)
 Metaspace       used 33307K, capacity 35346K, committed 35456K, reserved 1079296K
  class space    used 4511K, capacity 4927K, committed 4992K, reserved 1048576K
Event: 2.939 GC heap after
Heap after GC invocations=9 (full 1):
 PSYoungGen      total 218624K, used 8994K [0x00000000d6900000, 0x00000000e6700000, 0x0000000100000000)
  eden space 207360K, 0% used [0x00000000d6900000,0x00000000d6900000,0x00000000e3380000)
  from space 11264K, 79% used [0x00000000e3f00000,0x00000000e47c8a50,0x00000000e4a00000)
  to   space 11776K, 0% used [0x00000000e3380000,0x00000000e3380000,0x00000000e3f00000)
 ParOldGen       total 49664K, used 10086K [0x0000000083a00000, 0x0000000086a80000, 0x00000000d6900000)
  object space 49664K, 20% used [0x0000000083a00000,0x00000000843d9b30,0x0000000086a80000)
 Metaspace       used 33307K, capacity 35346K, committed 35456K, reserved 1079296K
  class space    used 4511K, capacity 4927K, committed 4992K, reserved 1048576K
}
Event: 2.939 GC heap before
{Heap before GC invocations=10 (full 2):
 PSYoungGen      total 218624K, used 8994K [0x00000000d6900000, 0x00000000e6700000, 0x0000000100000000)
  eden space 207360K, 0% used [0x00000000d6900000,0x00000000d6900000,0x00000000e3380000)
  from space 11264K, 79% used [0x00000000e3f00000,0x00000000e47c8a50,0x00000000e4a00000)
  to   space 11776K, 0% used [0x00000000e3380000,0x00000000e3380000,0x00000000e3f00000)
 ParOldGen       total 49664K, used 10086K [0x0000000083a00000, 0x0000000086a80000, 0x00000000d6900000)
  object space 49664K, 20% used [0x0000000083a00000,0x00000000843d9b30,0x0000000086a80000)
 Metaspace       used 33307K, capacity 35346K, committed 35456K, reserved 1079296K
  class space    used 4511K, capacity 4927K, committed 4992K, reserved 1048576K
Event: 2.986 GC heap after
Heap after GC invocations=10 (full 2):
 PSYoungGen      total 218624K, used 0K [0x00000000d6900000, 0x00000000e6700000, 0x0000000100000000)
  eden space 207360K, 0% used [0x00000000d6900000,0x00000000d6900000,0x00000000e3380000)
  from space 11264K, 0% used [0x00000000e3f00000,0x00000000e3f00000,0x00000000e4a00000)
  to   space 11776K, 0% used [0x00000000e3380000,0x00000000e3380000,0x00000000e3f00000)
 ParOldGen       total 70144K, used 14441K [0x0000000083a00000, 0x0000000087e80000, 0x00000000d6900000)
  object space 70144K, 20% used [0x0000000083a00000,0x000000008481a7d0,0x0000000087e80000)
 Metaspace       used 33307K, capacity 35346K, committed 35456K, reserved 1079296K
  class space    used 4511K, capacity 4927K, committed 4992K, reserved 1048576K
}
Event: 775.612 GC heap before
{Heap before GC invocations=11 (full 2):
 PSYoungGen      total 218624K, used 207360K [0x00000000d6900000, 0x00000000e6700000, 0x0000000100000000)
  eden space 207360K, 100% used [0x00000000d6900000,0x00000000e3380000,0x00000000e3380000)
  from space 11264K, 0% used [0x00000000e3f00000,0x00000000e3f00000,0x00000000e4a00000)
  to   space 11776K, 0% used [0x00000000e3380000,0x00000000e3380000,0x00000000e3f00000)
 ParOldGen       total 70144K, used 14441K [0x0000000083a00000, 0x0000000087e80000, 0x00000000d6900000)
  object space 70144K, 20% used [0x0000000083a00000,0x000000008481a7d0,0x0000000087e80000)
 Metaspace       used 48222K, capacity 51234K, committed 51456K, reserved 1093632K
  class space    used 6559K, capacity 7164K, committed 7168K, reserved 1048576K

Deoptimization events (0 events):
No events

Classes redefined (0 events):
No events

Internal exceptions (10 events):
Event: 16.693 Thread 0x00007f2fdc050800 Exception <a 'java/lang/ArrayIndexOutOfBoundsException'> (0x00000000df93ddb8) thrown at [/build/openjdk-8-RKFhH1/openjdk-8-8u292-b10/src/hotspot/src/share/vm/runtime/sharedRuntime.cpp, line 609]
Event: 16.693 Thread 0x00007f2fdc050800 Exception <a 'java/lang/ArrayIndexOutOfBoundsException'> (0x00000000df93f488) thrown at [/build/openjdk-8-RKFhH1/openjdk-8-8u292-b10/src/hotspot/src/share/vm/runtime/sharedRuntime.cpp, line 609]
Event: 16.705 Thread 0x00007f2fdc050800 Exception <a 'java/lang/ArrayIndexOutOfBoundsException'> (0x00000000dfa028c8) thrown at [/build/openjdk-8-RKFhH1/openjdk-8-8u292-b10/src/hotspot/src/share/vm/runtime/sharedRuntime.cpp, line 609]
Event: 16.705 Thread 0x00007f2fdc050800 Exception <a 'java/lang/ArrayIndexOutOfBoundsException'> (0x00000000dfa03e58) thrown at [/build/openjdk-8-RKFhH1/openjdk-8-8u292-b10/src/hotspot/src/share/vm/runtime/sharedRuntime.cpp, line 609]
Event: 17.050 Thread 0x00007f303112c000 Exception <a 'java/lang/reflect/InvocationTargetException'> (0x00000000e15694c8) thrown at [/build/openjdk-8-RKFhH1/openjdk-8-8u292-b10/src/hotspot/src/share/vm/runtime/reflection.cpp, line 1092]
Event: 17.051 Thread 0x00007f303112c000 Exception <a 'java/lang/reflect/InvocationTargetException'> (0x00000000e157fc70) thrown at [/build/openjdk-8-RKFhH1/openjdk-8-8u292-b10/src/hotspot/src/share/vm/runtime/reflection.cpp, line 1092]
Event: 17.064 Thread 0x00007f303112c000 Exception <a 'java/lang/reflect/InvocationTargetException'> (0x00000000e166aa98) thrown at [/build/openjdk-8-RKFhH1/openjdk-8-8u292-b10/src/hotspot/src/share/vm/runtime/reflection.cpp, line 1092]
Event: 139.866 Thread 0x00007f3031130000 Exception <a 'java/lang/reflect/InvocationTargetException'> (0x00000000e2f1edc0) thrown at [/build/openjdk-8-RKFhH1/openjdk-8-8u292-b10/src/hotspot/src/share/vm/runtime/reflection.cpp, line 1092]
Event: 139.867 Thread 0x00007f3031130000 Exception <a 'java/lang/reflect/InvocationTargetException'> (0x00000000e2f1f988) thrown at [/build/openjdk-8-RKFhH1/openjdk-8-8u292-b10/src/hotspot/src/share/vm/runtime/reflection.cpp, line 1092]
Event: 140.118 Thread 0x00007f3031130000 Exception <a 'java/lang/reflect/InvocationTargetException'> (0x00000000e2f20b28) thrown at [/build/openjdk-8-RKFhH1/openjdk-8-8u292-b10/src/hotspot/src/share/vm/runtime/reflection.cpp, line 1092]

Events (10 events):
Event: 140.127 Executing VM operation: RevokeBias
Event: 140.127 Executing VM operation: RevokeBias done
Event: 774.988 loading class sun/misc/Signal$1
Event: 775.019 loading class sun/misc/Signal$1 done
Event: 775.154 Thread 0x00007f3008009000 Thread added: 0x00007f3008009000
Event: 775.160 loading class java/util/IdentityHashMap$KeyIterator
Event: 775.175 loading class java/util/IdentityHashMap$KeyIterator done
Event: 775.310 Thread 0x00007f2ff4045800 Thread added: 0x00007f2ff4045800
Event: 775.311 Thread 0x00007f2ff4047000 Thread added: 0x00007f2ff4047000
Event: 775.610 Executing VM operation: ParallelGCFailedAllocation


Dynamic libraries:
83a00000-87e80000 rw-p 00000000 00:00 0 
87e80000-d6900000 ---p 00000000 00:00 0 
d6900000-e6700000 rw-p 00000000 00:00 0 
e9f80000-100000000 ---p 00000000 00:00 0 
100000000-100700000 rw-p 00000000 00:00 0 
100700000-140000000 ---p 00000000 00:00 0 
555fdd929000-555fdd92a000 r-xp 00000000 08:01 266934                     /usr/lib/jvm/java-8-openjdk-amd64/jre/bin/java
555fddb29000-555fddb2a000 r--p 00000000 08:01 266934                     /usr/lib/jvm/java-8-openjdk-amd64/jre/bin/java
555fddb2a000-555fddb2b000 rw-p 00001000 08:01 266934                     /usr/lib/jvm/java-8-openjdk-amd64/jre/bin/java
555fddc48000-555fdde34000 rw-p 00000000 00:00 0                          [heap]
7f2fdc000000-7f2fdc070000 rw-p 00000000 00:00 0 
7f2fdc070000-7f2fe0000000 ---p 00000000 00:00 0 
7f2fe20f8000-7f2fe20fb000 ---p 00000000 00:00 0 
7f2fe20fb000-7f2fe21f9000 rw-p 00000000 00:00 0 
7f2fe21f9000-7f2fe21fc000 ---p 00000000 00:00 0 
7f2fe21fc000-7f2fe243a000 rw-p 00000000 00:00 0 
7f2fe243a000-7f2fe24fa000 ---p 00000000 00:00 0 
7f2fe24fa000-7f2fe24fd000 ---p 00000000 00:00 0 
7f2fe24fd000-7f2fe27fb000 rw-p 00000000 00:00 0 
7f2fe27fb000-7f2fe27fe000 ---p 00000000 00:00 0 
7f2fe27fe000-7f2fe3afd000 rw-p 00000000 00:00 0 
7f2fe3afd000-7f2fe3b00000 ---p 00000000 00:00 0 
7f2fe3b00000-7f2fe3dfe000 rw-p 00000000 00:00 0 
7f2fe3dfe000-7f2fe3e01000 ---p 00000000 00:00 0 
7f2fe3e01000-7f2fe3eff000 rw-p 00000000 00:00 0 
7f2fe3eff000-7f2fe3f02000 ---p 00000000 00:00 0 
7f2fe3f02000-7f2fe4000000 rw-p 00000000 00:00 0 
7f2fe4000000-7f2fe412a000 rw-p 00000000 00:00 0 
7f2fe412a000-7f2fe8000000 ---p 00000000 00:00 0 
7f2fe8000000-7f2fe804c000 rw-p 00000000 00:00 0 
7f2fe804c000-7f2fec000000 ---p 00000000 00:00 0 
7f2fec000000-7f2fec021000 rw-p 00000000 00:00 0 
7f2fec021000-7f2ff0000000 ---p 00000000 00:00 0 
7f2ff0000000-7f2ff0060000 rw-p 00000000 00:00 0 
7f2ff0060000-7f2ff4000000 ---p 00000000 00:00 0 
7f2ff4000000-7f2ff4058000 rw-p 00000000 00:00 0 
7f2ff4058000-7f2ff8000000 ---p 00000000 00:00 0 
7f2ff8000000-7f2ff8531000 rw-p 00000000 00:00 0 
7f2ff8531000-7f2ffc000000 ---p 00000000 00:00 0 
7f2ffc000000-7f2ffc021000 rw-p 00000000 00:00 0 
7f2ffc021000-7f3000000000 ---p 00000000 00:00 0 
7f3000082000-7f3000085000 ---p 00000000 00:00 0 
7f3000085000-7f3000183000 rw-p 00000000 00:00 0 
7f3000183000-7f3000186000 ---p 00000000 00:00 0 
7f3000186000-7f3000284000 rw-p 00000000 00:00 0 
7f3000284000-7f3000287000 ---p 00000000 00:00 0 
7f3000287000-7f3000385000 rw-p 00000000 00:00 0 
7f3000385000-7f3000388000 ---p 00000000 00:00 0 
7f3000388000-7f3000486000 rw-p 00000000 00:00 0 
7f3000486000-7f3000489000 ---p 00000000 00:00 0 
7f3000489000-7f3000587000 rw-p 00000000 00:00 0 
7f3000587000-7f300058a000 ---p 00000000 00:00 0 
7f300058a000-7f3000688000 rw-p 00000000 00:00 0 
7f3000688000-7f300068b000 ---p 00000000 00:00 0 
7f300068b000-7f3000789000 rw-p 00000000 00:00 0 
7f3000789000-7f300078c000 ---p 00000000 00:00 0 
7f300078c000-7f300088a000 rw-p 00000000 00:00 0 
7f300088a000-7f300088d000 ---p 00000000 00:00 0 
7f300088d000-7f300098b000 rw-p 00000000 00:00 0 
7f300098b000-7f300098e000 ---p 00000000 00:00 0 
7f300098e000-7f3000a8c000 rw-p 00000000 00:00 0 
7f3000a8c000-7f3000a8f000 ---p 00000000 00:00 0 
7f3000a8f000-7f3000b8d000 rw-p 00000000 00:00 0 
7f3000b8d000-7f3000b90000 ---p 00000000 00:00 0 
7f3000b90000-7f3000c8e000 rw-p 00000000 00:00 0 
7f3000c8e000-7f3000c91000 ---p 00000000 00:00 0 
7f3000c91000-7f3000f8f000 rw-p 00000000 00:00 0 
7f3000f8f000-7f300118f000 rw-p 00000000 00:00 0 
7f300118f000-7f3001192000 ---p 00000000 00:00 0 
7f3001192000-7f3001490000 rw-p 00000000 00:00 0 
7f3001490000-7f3001493000 ---p 00000000 00:00 0 
7f3001493000-7f3001591000 rw-p 00000000 00:00 0 
7f3001591000-7f30015b9000 r-xp 00000000 08:01 266885                     /usr/lib/jvm/java-8-openjdk-amd64/jre/lib/amd64/libsunec.so
7f30015b9000-7f30017b9000 ---p 00028000 08:01 266885                     /usr/lib/jvm/java-8-openjdk-amd64/jre/lib/amd64/libsunec.so
7f30017b9000-7f30017bd000 r--p 00028000 08:01 266885                     /usr/lib/jvm/java-8-openjdk-amd64/jre/lib/amd64/libsunec.so
7f30017bd000-7f30017be000 rw-p 0002c000 08:01 266885                     /usr/lib/jvm/java-8-openjdk-amd64/jre/lib/amd64/libsunec.so
7f30017be000-7f30019be000 rw-p 00000000 00:00 0 
7f30019be000-7f3001bbe000 rw-p 00000000 00:00 0 
7f3001bbe000-7f3001bc1000 ---p 00000000 00:00 0 
7f3001bc1000-7f3001cbf000 rw-p 00000000 00:00 0 
7f3001cbf000-7f3001cc2000 ---p 00000000 00:00 0 
7f3001cc2000-7f3001fc0000 rw-p 00000000 00:00 0 
7f3001fc0000-7f30021c0000 rw-p 00000000 00:00 0 
7f30021c0000-7f30023c0000 rw-p 00000000 00:00 0 
7f30023c0000-7f30025c0000 rw-p 00000000 00:00 0 
7f30025c0000-7f30025c3000 ---p 00000000 00:00 0 
7f30025c3000-7f30028c1000 rw-p 00000000 00:00 0 
7f30028c1000-7f3002ac1000 rw-p 00000000 00:00 0 
7f3002ac1000-7f3002cc1000 rw-p 00000000 00:00 0 
7f3002cc1000-7f3002ec1000 rw-p 00000000 00:00 0 
7f3002ec1000-7f3002ec4000 ---p 00000000 00:00 0 
7f3002ec4000-7f3002fc2000 rw-p 00000000 00:00 0 
7f3002fc2000-7f3002fc5000 ---p 00000000 00:00 0 
7f3002fc5000-7f30030c3000 rw-p 00000000 00:00 0 
7f30030c3000-7f30030c6000 ---p 00000000 00:00 0 
7f30030c6000-7f30031c4000 rw-p 00000000 00:00 0 
7f30031c4000-7f30031c7000 ---p 00000000 00:00 0 
7f30031c7000-7f30032c5000 rw-p 00000000 00:00 0 
7f30032c5000-7f30032c8000 ---p 00000000 00:00 0 
7f30032c8000-7f30035c6000 rw-p 00000000 00:00 0 
7f30035c6000-7f30035c7000 ---p 00000000 00:00 0 
7f30035c7000-7f30036c7000 rw-p 00000000 00:00 0 
7f30036c7000-7f30036ca000 ---p 00000000 00:00 0 
7f30036ca000-7f30037c8000 rw-p 00000000 00:00 0 
7f30037c8000-7f30037d1000 r-xp 00000000 08:01 266869                     /usr/lib/jvm/java-8-openjdk-amd64/jre/lib/amd64/libmanagement.so
7f30037d1000-7f30039d0000 ---p 00009000 08:01 266869                     /usr/lib/jvm/java-8-openjdk-amd64/jre/lib/amd64/libmanagement.so
7f30039d0000-7f30039d1000 r--p 00008000 08:01 266869                     /usr/lib/jvm/java-8-openjdk-amd64/jre/lib/amd64/libmanagement.so
7f30039d1000-7f30039d2000 rw-p 00009000 08:01 266869                     /usr/lib/jvm/java-8-openjdk-amd64/jre/lib/amd64/libmanagement.so
7f30039d2000-7f30039d5000 ---p 00000000 00:00 0 
7f30039d5000-7f3003ad3000 rw-p 00000000 00:00 0 
7f3003ad3000-7f3003ad6000 ---p 00000000 00:00 0 
7f3003ad6000-7f3003bd4000 rw-p 00000000 00:00 0 
7f3003bd4000-7f3003bec000 r-xp 00000000 08:01 266877                     /usr/lib/jvm/java-8-openjdk-amd64/jre/lib/amd64/libnet.so
7f3003bec000-7f3003deb000 ---p 00018000 08:01 266877                     /usr/lib/jvm/java-8-openjdk-amd64/jre/lib/amd64/libnet.so
7f3003deb000-7f3003dec000 r--p 00017000 08:01 266877                     /usr/lib/jvm/java-8-openjdk-amd64/jre/lib/amd64/libnet.so
7f3003dec000-7f3003ded000 rw-p 00018000 08:01 266877                     /usr/lib/jvm/java-8-openjdk-amd64/jre/lib/amd64/libnet.so
7f3003ded000-7f3003dff000 r-xp 00000000 08:01 266873                     /usr/lib/jvm/java-8-openjdk-amd64/jre/lib/amd64/libnio.so
7f3003dff000-7f3003ffe000 ---p 00012000 08:01 266873                     /usr/lib/jvm/java-8-openjdk-amd64/jre/lib/amd64/libnio.so
7f3003ffe000-7f3003fff000 r--p 00011000 08:01 266873                     /usr/lib/jvm/java-8-openjdk-amd64/jre/lib/amd64/libnio.so
7f3003fff000-7f3004000000 rw-p 00012000 08:01 266873                     /usr/lib/jvm/java-8-openjdk-amd64/jre/lib/amd64/libnio.so
7f3004000000-7f3004021000 rw-p 00000000 00:00 0 
7f3004021000-7f3008000000 ---p 00000000 00:00 0 
7f3008000000-7f3008021000 rw-p 00000000 00:00 0 
7f3008021000-7f300c000000 ---p 00000000 00:00 0 
7f300c000000-7f300c021000 rw-p 00000000 00:00 0 
7f300c021000-7f3010000000 ---p 00000000 00:00 0 
7f301008b000-7f3010090000 r--s 002f9000 08:01 266866                     /usr/lib/jvm/java-8-openjdk-amd64/jre/lib/charsets.jar
7f3010090000-7f3010097000 r--s 00000000 08:01 395915                     /usr/lib/x86_64-linux-gnu/gconv/gconv-modules.cache
7f3010097000-7f30100b8000 r--p 00000000 08:01 531259                     /usr/share/locale-langpack/zh_CN/LC_MESSAGES/libc.mo
7f30100b8000-7f30100c9000 r--s 001bf000 08:01 266834                     /usr/lib/jvm/java-8-openjdk-amd64/jre/lib/jsse.jar
7f30100c9000-7f30100cc000 ---p 00000000 00:00 0 
7f30100cc000-7f30101ca000 rw-p 00000000 00:00 0 
7f30101ca000-7f30101d0000 r--s 000d3000 08:01 266845                     /usr/lib/jvm/java-8-openjdk-amd64/jre/lib/jfr.jar
7f30101d0000-7f3014000000 rw-p 00000000 00:00 0 
7f3014000000-7f3014024000 rw-p 00000000 00:00 0 
7f3014024000-7f3018000000 ---p 00000000 00:00 0 
7f3018000000-7f3018021000 rw-p 00000000 00:00 0 
7f3018021000-7f301c000000 ---p 00000000 00:00 0 
7f301c000000-7f301c021000 rw-p 00000000 00:00 0 
7f301c021000-7f3020000000 ---p 00000000 00:00 0 
7f3020003000-7f3020005000 r--s 00016000 08:01 266822                     /usr/lib/jvm/java-8-openjdk-amd64/jre/lib/jce.jar
7f3020005000-7f3020008000 ---p 00000000 00:00 0 
7f3020008000-7f3020106000 rw-p 00000000 00:00 0 
7f3020106000-7f3020108000 r--s 0001d000 08:01 3277768                    /opt/idea-IU-203.7148.57/lib/idea_rt.jar
7f3020108000-7f302010a000 r--s 0000e000 08:01 4065998                    /home/r00t/.m2/repository/oro/oro/2.0.8/oro-2.0.8.jar
7f302010a000-7f302010d000 r--s 0001f000 08:01 4065970                    /home/r00t/.m2/repository/commons-validator/commons-validator/1.3.1/commons-validator-1.3.1.jar
7f302010d000-7f302010f000 r--s 00008000 08:01 4066993                    /home/r00t/.m2/repository/commons-logging/commons-logging/1.0.4/commons-logging-1.0.4.jar
7f302010f000-7f3020113000 r--s 00020000 08:01 4065966                    /home/r00t/.m2/repository/commons-digester/commons-digester/1.8/commons-digester-1.8.jar
7f3020113000-7f3020115000 r--s 00014000 08:01 4065968                    /home/r00t/.m2/repository/commons-chain/commons-chain/1.1/commons-chain-1.1.jar
7f3020115000-7f302011a000 r--s 0002a000 08:01 4065964                    /home/r00t/.m2/repository/commons-beanutils/commons-beanutils/1.7.0/commons-beanutils-1.7.0.jar
7f302011a000-7f302011f000 r--s 00068000 08:01 4459383                    /home/r00t/.m2/repository/antlr/antlr/2.7.7/antlr-2.7.7.jar
7f302011f000-7f3020125000 r--s 0004b000 08:01 4065938                    /home/r00t/.m2/repository/org/apache/struts/struts-core/1.3.8/struts-core-1.3.8.jar
7f3020125000-7f3020126000 r--s 00002000 08:01 4459217                    /home/r00t/.m2/repository/org/reactivestreams/reactive-streams/1.0.3/reactive-streams-1.0.3.jar
7f3020126000-7f3020180000 r--s 003fd000 08:01 4459219                    /home/r00t/.m2/repository/org/neo4j/driver/neo4j-java-driver/4.1.1/neo4j-java-driver-4.1.1.jar
7f3020180000-7f302019a000 r--s 00115000 08:01 4459221                    /home/r00t/.m2/repository/org/springframework/data/spring-data-commons/2.4.5/spring-data-commons-2.4.5.jar
7f302019a000-7f30201a1000 r--s 0003a000 08:01 4328794                    /home/r00t/.m2/repository/org/neo4j/neo4j-cypher-dsl/2021.0.0/neo4j-cypher-dsl-2021.0.0.jar
7f30201a1000-7f30201a2000 r--s 00000000 08:01 4063788                    /home/r00t/.m2/repository/org/apiguardian/apiguardian-api/1.1.0/apiguardian-api-1.1.0.jar
7f30201a2000-7f30201ac000 r--s 00073000 08:01 4066901                    /home/r00t/.m2/repository/org/springframework/data/spring-data-neo4j/6.0.5/spring-data-neo4j-6.0.5.jar
7f30201ac000-7f30201ad000 r--s 00001000 08:01 4459237                    /home/r00t/.m2/repository/org/springframework/boot/spring-boot-starter-data-neo4j/2.4.3/spring-boot-starter-data-neo4j-2.4.3.jar
7f30201ad000-7f30201af000 r--s 0000b000 08:01 4066700                    /home/r00t/.m2/repository/org/json/json/20160212/json-20160212.jar
7f30201af000-7f30201b1000 r--s 00009000 08:01 4066698                    /home/r00t/.m2/repository/org/apache/httpcomponents/httpmime/4.5.13/httpmime-4.5.13.jar
7f30201b1000-7f30201b9000 r--s 00053000 08:01 4066697                    /home/r00t/.m2/repository/org/apache/httpcomponents/httpcore-nio/4.4.14/httpcore-nio-4.4.14.jar
7f30201b9000-7f30201bc000 r--s 00029000 08:01 4066692                    /home/r00t/.m2/repository/org/apache/httpcomponents/httpasyncclient/4.1.4/httpasyncclient-4.1.4.jar
7f30201bc000-7f30201c3000 r--s 00050000 08:01 4066691                    /home/r00t/.m2/repository/commons-codec/commons-codec/1.15/commons-codec-1.15.jar
7f30201c3000-7f30201cb000 r--s 00049000 08:01 4066688                    /home/r00t/.m2/repository/org/apache/httpcomponents/httpcore/4.4.14/httpcore-4.4.14.jar
7f30201cb000-7f30201d8000 r--s 000b2000 08:01 4064298                    /home/r00t/.m2/repository/org/apache/httpcomponents/httpclient/4.5.13/httpclient-4.5.13.jar
7f30201d8000-7f30201da000 r--s 00009000 08:01 4066694                    /home/r00t/.m2/repository/com/mashape/unirest/unirest-java/1.4.9/unirest-java-1.4.9.jar
7f30201da000-7f30201db000 r--s 00005000 08:01 3934219                    /home/r00t/.m2/repository/org/springframework/spring-jcl/5.3.4/spring-jcl-5.3.4.jar
7f30201db000-7f30201f7000 r--s 0014b000 08:01 3932711                    /home/r00t/.m2/repository/org/springframework/spring-core/5.3.4/spring-core-5.3.4.jar
7f30201f7000-7f3020211000 r--s 00234000 08:01 3934529                    /home/r00t/.m2/repository/mysql/mysql-connector-java/8.0.23/mysql-connector-java-8.0.23.jar
7f3020211000-7f3020213000 r--s 00010000 08:01 3932717                    /home/r00t/.m2/repository/org/mybatis/mybatis-spring/2.0.6/mybatis-spring-2.0.6.jar
7f3020213000-7f302022f000 r--s 0018d000 08:01 3933326                    /home/r00t/.m2/repository/org/mybatis/mybatis/3.5.6/mybatis-3.5.6.jar
7f302022f000-7f3020231000 r--s 00005000 08:01 3932692                    /home/r00t/.m2/repository/org/mybatis/spring/boot/mybatis-spring-boot-autoconfigure/2.1.4/mybatis-spring-boot-autoconfigure-2.1.4.jar
7f3020231000-7f3020232000 r--s 00000000 08:01 3932704                    /home/r00t/.m2/repository/org/mybatis/spring/boot/mybatis-spring-boot-starter/2.1.4/mybatis-spring-boot-starter-2.1.4.jar
7f3020232000-7f3020237000 r--s 00040000 08:01 3934223                    /home/r00t/.m2/repository/org/springframework/spring-expression/5.3.4/spring-expression-5.3.4.jar
7f3020237000-7f3020252000 r--s 00115000 08:01 3934523                    /home/r00t/.m2/repository/org/springframework/spring-context/5.3.4/spring-context-5.3.4.jar
7f3020252000-7f302025b000 r--s 00053000 08:01 3934524                    /home/r00t/.m2/repository/org/springframework/spring-aop/5.3.4/spring-aop-5.3.4.jar
7f302025b000-7f302026e000 r--s 000e2000 08:01 3934227                    /home/r00t/.m2/repository/org/springframework/spring-webmvc/5.3.4/spring-webmvc-5.3.4.jar
7f302026e000-7f302028c000 r--s 00164000 08:01 3934522                    /home/r00t/.m2/repository/org/springframework/spring-web/5.3.4/spring-web-5.3.4.jar
7f302028c000-7f3020292000 r--s 0003d000 08:01 3932721                    /home/r00t/.m2/repository/org/apache/tomcat/embed/tomcat-embed-websocket/9.0.43/tomcat-embed-websocket-9.0.43.jar
7f3020292000-7f3020297000 r--s 00036000 08:01 3934508                    /home/r00t/.m2/repository/org/glassfish/jakarta.el/3.0.3/jakarta.el-3.0.3.jar
7f3020297000-7f30202c2000 r--s 00314000 08:01 3934512                    /home/r00t/.m2/repository/org/apache/tomcat/embed/tomcat-embed-core/9.0.43/tomcat-embed-core-9.0.43.jar
7f30202c2000-7f30202c3000 r--s 00001000 08:01 3934509                    /home/r00t/.m2/repository/org/springframework/boot/spring-boot-starter-tomcat/2.4.3/spring-boot-starter-tomcat-2.4.3.jar
7f30202c3000-7f30202c5000 r--s 00001000 08:01 3933354                    /home/r00t/.m2/repository/com/fasterxml/jackson/module/jackson-module-parameter-names/2.11.4/jackson-module-parameter-names-2.11.4.jar
7f30202c5000-7f30202c9000 r--s 00018000 08:01 3934495                    /home/r00t/.m2/repository/com/fasterxml/jackson/datatype/jackson-datatype-jsr310/2.11.4/jackson-datatype-jsr310-2.11.4.jar
7f30202c9000-7f30202cb000 r--s 00007000 08:01 3934491                    /home/r00t/.m2/repository/com/fasterxml/jackson/datatype/jackson-datatype-jdk8/2.11.4/jackson-datatype-jdk8-2.11.4.jar
7f30202cb000-7f30202cf000 r--s 00052000 08:01 3933313                    /home/r00t/.m2/repository/com/fasterxml/jackson/core/jackson-core/2.11.4/jackson-core-2.11.4.jar
7f30202cf000-7f30202d2000 r--s 0000f000 08:01 3934498                    /home/r00t/.m2/repository/com/fasterxml/jackson/core/jackson-annotations/2.11.4/jackson-annotations-2.11.4.jar
7f30202d2000-7f30202e8000 r--s 00146000 08:01 3934506                    /home/r00t/.m2/repository/com/fasterxml/jackson/core/jackson-databind/2.11.4/jackson-databind-2.11.4.jar
7f30202e8000-7f30202e9000 r--s 00001000 08:01 3934212                    /home/r00t/.m2/repository/org/springframework/boot/spring-boot-starter-json/2.4.3/spring-boot-starter-json-2.4.3.jar
7f30202e9000-7f30202ea000 r--s 00001000 08:01 3934133                    /home/r00t/.m2/repository/org/springframework/boot/spring-boot-starter-web/2.4.3/spring-boot-starter-web-2.4.3.jar
7f30202ea000-7f30202eb000 r--s 00009000 08:01 3933307                    /home/r00t/.m2/repository/org/thymeleaf/extras/thymeleaf-extras-java8time/3.0.4.RELEASE/thymeleaf-extras-java8time-3.0.4.RELEASE.jar
7f30202eb000-7f30202ee000 r--s 00028000 08:01 3932705                    /home/r00t/.m2/repository/org/unbescape/unbescape/1.1.6.RELEASE/unbescape-1.1.6.RELEASE.jar
7f30202ee000-7f30202f3000 r--s 00037000 08:01 3932714                    /home/r00t/.m2/repository/org/attoparser/attoparser/2.0.5.RELEASE/attoparser-2.0.5.RELEASE.jar
7f30202f3000-7f3020303000 r--s 000c4000 08:01 3933370                    /home/r00t/.m2/repository/org/thymeleaf/thymeleaf/3.0.12.RELEASE/thymeleaf-3.0.12.RELEASE.jar
7f3020303000-7f3020307000 r--s 00028000 08:01 3933349                    /home/r00t/.m2/repository/org/thymeleaf/thymeleaf-spring5/3.0.12.RELEASE/thymeleaf-spring5-3.0.12.RELEASE.jar
7f3020307000-7f3020311000 r--s 00047000 08:01 3933300                    /home/r00t/.m2/repository/org/springframework/spring-tx/5.3.4/spring-tx-5.3.4.jar
7f3020311000-7f302031e000 r--s 0009e000 08:01 3934520                    /home/r00t/.m2/repository/org/springframework/spring-beans/5.3.4/spring-beans-5.3.4.jar
7f302031e000-7f3020327000 r--s 0005d000 08:01 3932707                    /home/r00t/.m2/repository/org/springframework/spring-jdbc/5.3.4/spring-jdbc-5.3.4.jar
7f3020327000-7f3020329000 r--s 00009000 08:01 3932691                    /home/r00t/.m2/repository/org/slf4j/slf4j-api/1.7.30/slf4j-api-1.7.30.jar
7f3020329000-7f302032d000 r--s 00023000 08:01 3932720                    /home/r00t/.m2/repository/com/zaxxer/HikariCP/3.4.5/HikariCP-3.4.5.jar
7f302032d000-7f3020334000 r--s 00045000 08:01 3932719                    /home/r00t/.m2/repository/org/yaml/snakeyaml/1.27/snakeyaml-1.27.jar
7f3020334000-7f3020336000 r--s 00005000 08:01 3934510                    /home/r00t/.m2/repository/jakarta/annotation/jakarta.annotation-api/1.3.5/jakarta.annotation-api-1.3.5.jar
7f3020336000-7f3020338000 r--s 00000000 08:01 3932710                    /home/r00t/.m2/repository/org/slf4j/jul-to-slf4j/1.7.30/jul-to-slf4j-1.7.30.jar
7f3020338000-7f302033e000 r--s 00042000 08:01 3932712                    /home/r00t/.m2/repository/org/apache/logging/log4j/log4j-api/2.13.3/log4j-api-2.13.3.jar
7f302033e000-7f3020341000 ---p 00000000 00:00 0 
7f3020341000-7f302043f000 rw-p 00000000 00:00 0 
7f302043f000-7f3020dfe000 r--p 00000000 08:01 138866                     /usr/lib/locale/locale-archive
7f3020dfe000-7f3020e01000 ---p 00000000 00:00 0 
7f3020e01000-7f3020eff000 rw-p 00000000 00:00 0 
7f3020eff000-7f3020f02000 ---p 00000000 00:00 0 
7f3020f02000-7f3021000000 rw-p 00000000 00:00 0 
7f3021000000-7f3021860000 rwxp 00000000 00:00 0 
7f3021860000-7f3030000000 ---p 00000000 00:00 0 
7f3030000000-7f3031166000 rw-p 00000000 00:00 0 
7f3031166000-7f3034000000 ---p 00000000 00:00 0 
7f3034000000-7f3034001000 r--s 00001000 08:01 3932708                    /home/r00t/.m2/repository/org/springframework/boot/spring-boot-starter-thymeleaf/2.4.3/spring-boot-starter-thymeleaf-2.4.3.jar
7f3034001000-7f3034003000 r--s 00003000 08:01 3932701                    /home/r00t/.m2/repository/org/apache/logging/log4j/log4j-to-slf4j/2.13.3/log4j-to-slf4j-2.13.3.jar
7f3034003000-7f303400e000 r--s 00069000 08:01 3932702                    /home/r00t/.m2/repository/ch/qos/logback/logback-core/1.2.3/logback-core-1.2.3.jar
7f303400e000-7f3034014000 r--s 00041000 08:01 3932699                    /home/r00t/.m2/repository/ch/qos/logback/logback-classic/1.2.3/logback-classic-1.2.3.jar
7f3034014000-7f3034015000 r--s 00001000 08:01 3932706                    /home/r00t/.m2/repository/org/springframework/boot/spring-boot-starter-logging/2.4.3/spring-boot-starter-logging-2.4.3.jar
7f3034015000-7f3034040000 r--s 0014e000 08:01 3934515                    /home/r00t/.m2/repository/org/springframework/boot/spring-boot-autoconfigure/2.4.3/spring-boot-autoconfigure-2.4.3.jar
7f3034040000-7f303405c000 r--s 00125000 08:01 3932693                    /home/r00t/.m2/repository/org/springframework/boot/spring-boot/2.4.3/spring-boot-2.4.3.jar
7f303405c000-7f303405d000 r--s 00001000 08:01 3934535                    /home/r00t/.m2/repository/org/springframework/boot/spring-boot-starter/2.4.3/spring-boot-starter-2.4.3.jar
7f303405d000-7f303405e000 r--s 00001000 08:01 3934519                    /home/r00t/.m2/repository/org/springframework/boot/spring-boot-starter-jdbc/2.4.3/spring-boot-starter-jdbc-2.4.3.jar
7f303405e000-7f3034071000 r--s 0034b000 08:01 266904                     /usr/lib/jvm/java-8-openjdk-amd64/jre/lib/resources.jar
7f3034071000-7f3034072000 r--s 00000000 08:01 266837                     /usr/lib/jvm/java-8-openjdk-amd64/jre/lib/management-agent.jar
7f3034072000-7f3034083000 r--s 001bf000 08:01 266834                     /usr/lib/jvm/java-8-openjdk-amd64/jre/lib/jsse.jar
7f3034083000-7f3034089000 r--s 000d3000 08:01 266845                     /usr/lib/jvm/java-8-openjdk-amd64/jre/lib/jfr.jar
7f3034089000-7f303408b000 r--s 00016000 08:01 266822                     /usr/lib/jvm/java-8-openjdk-amd64/jre/lib/jce.jar
7f303408b000-7f3034090000 r--s 002f9000 08:01 266866                     /usr/lib/jvm/java-8-openjdk-amd64/jre/lib/charsets.jar
7f3034090000-7f30340ab000 r--s 001d6000 08:01 266856                     /usr/lib/jvm/java-8-openjdk-amd64/jre/lib/ext/nashorn.jar
7f30340ab000-7f30340c6000 r--s 00394000 08:01 266854                     /usr/lib/jvm/java-8-openjdk-amd64/jre/lib/ext/cldrdata.jar
7f30340c6000-7f30340c7000 ---p 00000000 00:00 0 
7f30340c7000-7f3034ad0000 rw-p 00000000 00:00 0 
7f3034ad0000-7f3034ca1000 r--s 03ca5000 08:01 266838                     /usr/lib/jvm/java-8-openjdk-amd64/jre/lib/rt.jar
7f3034ca1000-7f30358fa000 rw-p 00000000 00:00 0 
7f30358fa000-7f30358fb000 ---p 00000000 00:00 0 
7f30358fb000-7f30359fb000 rw-p 00000000 00:00 0 
7f30359fb000-7f30359fc000 ---p 00000000 00:00 0 
7f30359fc000-7f3035b1f000 rw-p 00000000 00:00 0 
7f3035b1f000-7f3035d94000 ---p 00000000 00:00 0 
7f3035d94000-7f3035db7000 rw-p 00000000 00:00 0 
7f3035db7000-7f303602b000 ---p 00000000 00:00 0 
7f303602b000-7f30360ab000 rw-p 00000000 00:00 0 
7f30360ab000-7f3036177000 ---p 00000000 00:00 0 
7f3036177000-7f303619a000 rw-p 00000000 00:00 0 
7f303619a000-7f3036538000 ---p 00000000 00:00 0 
7f3036538000-7f3036540000 r-xp 00000000 08:01 266876                     /usr/lib/jvm/java-8-openjdk-amd64/jre/lib/amd64/libzip.so
7f3036540000-7f303673f000 ---p 00008000 08:01 266876                     /usr/lib/jvm/java-8-openjdk-amd64/jre/lib/amd64/libzip.so
7f303673f000-7f3036740000 r--p 00007000 08:01 266876                     /usr/lib/jvm/java-8-openjdk-amd64/jre/lib/amd64/libzip.so
7f3036740000-7f3036741000 rw-p 00008000 08:01 266876                     /usr/lib/jvm/java-8-openjdk-amd64/jre/lib/amd64/libzip.so
7f3036741000-7f303674c000 r-xp 00000000 08:01 3412875                    /lib/x86_64-linux-gnu/libnss_files-2.23.so
7f303674c000-7f303694b000 ---p 0000b000 08:01 3412875                    /lib/x86_64-linux-gnu/libnss_files-2.23.so
7f303694b000-7f303694c000 r--p 0000a000 08:01 3412875                    /lib/x86_64-linux-gnu/libnss_files-2.23.so
7f303694c000-7f303694d000 rw-p 0000b000 08:01 3412875                    /lib/x86_64-linux-gnu/libnss_files-2.23.so
7f303694d000-7f3036953000 rw-p 00000000 00:00 0 
7f3036953000-7f303695e000 r-xp 00000000 08:01 3412885                    /lib/x86_64-linux-gnu/libnss_nis-2.23.so
7f303695e000-7f3036b5d000 ---p 0000b000 08:01 3412885                    /lib/x86_64-linux-gnu/libnss_nis-2.23.so
7f3036b5d000-7f3036b5e000 r--p 0000a000 08:01 3412885                    /lib/x86_64-linux-gnu/libnss_nis-2.23.so
7f3036b5e000-7f3036b5f000 rw-p 0000b000 08:01 3412885                    /lib/x86_64-linux-gnu/libnss_nis-2.23.so
7f3036b5f000-7f3036b75000 r-xp 00000000 08:01 3412869                    /lib/x86_64-linux-gnu/libnsl-2.23.so
7f3036b75000-7f3036d74000 ---p 00016000 08:01 3412869                    /lib/x86_64-linux-gnu/libnsl-2.23.so
7f3036d74000-7f3036d75000 r--p 00015000 08:01 3412869                    /lib/x86_64-linux-gnu/libnsl-2.23.so
7f3036d75000-7f3036d76000 rw-p 00016000 08:01 3412869                    /lib/x86_64-linux-gnu/libnsl-2.23.so
7f3036d76000-7f3036d78000 rw-p 00000000 00:00 0 
7f3036d78000-7f3036d80000 r-xp 00000000 08:01 3412871                    /lib/x86_64-linux-gnu/libnss_compat-2.23.so
7f3036d80000-7f3036f7f000 ---p 00008000 08:01 3412871                    /lib/x86_64-linux-gnu/libnss_compat-2.23.so
7f3036f7f000-7f3036f80000 r--p 00007000 08:01 3412871                    /lib/x86_64-linux-gnu/libnss_compat-2.23.so
7f3036f80000-7f3036f81000 rw-p 00008000 08:01 3412871                    /lib/x86_64-linux-gnu/libnss_compat-2.23.so
7f3036f81000-7f3036f8b000 r-xp 00000000 08:01 266894                     /usr/lib/jvm/java-8-openjdk-amd64/jre/lib/amd64/libinstrument.so
7f3036f8b000-7f303718a000 ---p 0000a000 08:01 266894                     /usr/lib/jvm/java-8-openjdk-amd64/jre/lib/amd64/libinstrument.so
7f303718a000-7f303718b000 r--p 00009000 08:01 266894                     /usr/lib/jvm/java-8-openjdk-amd64/jre/lib/amd64/libinstrument.so
7f303718b000-7f303718c000 rw-p 0000a000 08:01 266894                     /usr/lib/jvm/java-8-openjdk-amd64/jre/lib/amd64/libinstrument.so
7f303718c000-7f30371b6000 r-xp 00000000 08:01 266883                     /usr/lib/jvm/java-8-openjdk-amd64/jre/lib/amd64/libjava.so
7f30371b6000-7f30373b5000 ---p 0002a000 08:01 266883                     /usr/lib/jvm/java-8-openjdk-amd64/jre/lib/amd64/libjava.so
7f30373b5000-7f30373b6000 r--p 00029000 08:01 266883                     /usr/lib/jvm/java-8-openjdk-amd64/jre/lib/amd64/libjava.so
7f30373b6000-7f30373b8000 rw-p 0002a000 08:01 266883                     /usr/lib/jvm/java-8-openjdk-amd64/jre/lib/amd64/libjava.so
7f30373b8000-7f30373c7000 r-xp 00000000 08:01 266881                     /usr/lib/jvm/java-8-openjdk-amd64/jre/lib/amd64/libverify.so
7f30373c7000-7f30375c6000 ---p 0000f000 08:01 266881                     /usr/lib/jvm/java-8-openjdk-amd64/jre/lib/amd64/libverify.so
7f30375c6000-7f30375c8000 r--p 0000e000 08:01 266881                     /usr/lib/jvm/java-8-openjdk-amd64/jre/lib/amd64/libverify.so
7f30375c8000-7f30375c9000 rw-p 00010000 08:01 266881                     /usr/lib/jvm/java-8-openjdk-amd64/jre/lib/amd64/libverify.so
7f30375c9000-7f30375d0000 r-xp 00000000 08:01 3412930                    /lib/x86_64-linux-gnu/librt-2.23.so
7f30375d0000-7f30377cf000 ---p 00007000 08:01 3412930                    /lib/x86_64-linux-gnu/librt-2.23.so
7f30377cf000-7f30377d0000 r--p 00006000 08:01 3412930                    /lib/x86_64-linux-gnu/librt-2.23.so
7f30377d0000-7f30377d1000 rw-p 00007000 08:01 3412930                    /lib/x86_64-linux-gnu/librt-2.23.so
7f30377d1000-7f30377e7000 r-xp 00000000 08:01 3412814                    /lib/x86_64-linux-gnu/libgcc_s.so.1
7f30377e7000-7f30379e6000 ---p 00016000 08:01 3412814                    /lib/x86_64-linux-gnu/libgcc_s.so.1
7f30379e6000-7f30379e7000 rw-p 00015000 08:01 3412814                    /lib/x86_64-linux-gnu/libgcc_s.so.1
7f30379e7000-7f3037aef000 r-xp 00000000 08:01 3412846                    /lib/x86_64-linux-gnu/libm-2.23.so
7f3037aef000-7f3037cee000 ---p 00108000 08:01 3412846                    /lib/x86_64-linux-gnu/libm-2.23.so
7f3037cee000-7f3037cef000 r--p 00107000 08:01 3412846                    /lib/x86_64-linux-gnu/libm-2.23.so
7f3037cef000-7f3037cf0000 rw-p 00108000 08:01 3412846                    /lib/x86_64-linux-gnu/libm-2.23.so
7f3037cf0000-7f3037e62000 r-xp 00000000 08:01 141232                     /usr/lib/x86_64-linux-gnu/libstdc++.so.6.0.21
7f3037e62000-7f3038062000 ---p 00172000 08:01 141232                     /usr/lib/x86_64-linux-gnu/libstdc++.so.6.0.21
7f3038062000-7f303806c000 r--p 00172000 08:01 141232                     /usr/lib/x86_64-linux-gnu/libstdc++.so.6.0.21
7f303806c000-7f303806e000 rw-p 0017c000 08:01 141232                     /usr/lib/x86_64-linux-gnu/libstdc++.so.6.0.21
7f303806e000-7f3038072000 rw-p 00000000 00:00 0 
7f3038072000-7f3038d98000 r-xp 00000000 08:01 266898                     /usr/lib/jvm/java-8-openjdk-amd64/jre/lib/amd64/server/libjvm.so
7f3038d98000-7f3038f97000 ---p 00d26000 08:01 266898                     /usr/lib/jvm/java-8-openjdk-amd64/jre/lib/amd64/server/libjvm.so
7f3038f97000-7f303902d000 r--p 00d25000 08:01 266898                     /usr/lib/jvm/java-8-openjdk-amd64/jre/lib/amd64/server/libjvm.so
7f303902d000-7f3039056000 rw-p 00dbb000 08:01 266898                     /usr/lib/jvm/java-8-openjdk-amd64/jre/lib/amd64/server/libjvm.so
7f3039056000-7f3039089000 rw-p 00000000 00:00 0 
7f3039089000-7f30390a1000 r-xp 00000000 08:01 3412922                    /lib/x86_64-linux-gnu/libpthread-2.23.so
7f30390a1000-7f30392a0000 ---p 00018000 08:01 3412922                    /lib/x86_64-linux-gnu/libpthread-2.23.so
7f30392a0000-7f30392a1000 r--p 00017000 08:01 3412922                    /lib/x86_64-linux-gnu/libpthread-2.23.so
7f30392a1000-7f30392a2000 rw-p 00018000 08:01 3412922                    /lib/x86_64-linux-gnu/libpthread-2.23.so
7f30392a2000-7f30392a6000 rw-p 00000000 00:00 0 
7f30392a6000-7f30392a9000 r-xp 00000000 08:01 3412800                    /lib/x86_64-linux-gnu/libdl-2.23.so
7f30392a9000-7f30394a8000 ---p 00003000 08:01 3412800                    /lib/x86_64-linux-gnu/libdl-2.23.so
7f30394a8000-7f30394a9000 r--p 00002000 08:01 3412800                    /lib/x86_64-linux-gnu/libdl-2.23.so
7f30394a9000-7f30394aa000 rw-p 00003000 08:01 3412800                    /lib/x86_64-linux-gnu/libdl-2.23.so
7f30394aa000-7f30394c3000 r-xp 00000000 08:01 3412967                    /lib/x86_64-linux-gnu/libz.so.1.2.8
7f30394c3000-7f30396c2000 ---p 00019000 08:01 3412967                    /lib/x86_64-linux-gnu/libz.so.1.2.8
7f30396c2000-7f30396c3000 r--p 00018000 08:01 3412967                    /lib/x86_64-linux-gnu/libz.so.1.2.8
7f30396c3000-7f30396c4000 rw-p 00019000 08:01 3412967                    /lib/x86_64-linux-gnu/libz.so.1.2.8
7f30396c4000-7f3039884000 r-xp 00000000 08:01 3412776                    /lib/x86_64-linux-gnu/libc-2.23.so
7f3039884000-7f3039a84000 ---p 001c0000 08:01 3412776                    /lib/x86_64-linux-gnu/libc-2.23.so
7f3039a84000-7f3039a88000 r--p 001c0000 08:01 3412776                    /lib/x86_64-linux-gnu/libc-2.23.so
7f3039a88000-7f3039a8a000 rw-p 001c4000 08:01 3412776                    /lib/x86_64-linux-gnu/libc-2.23.so
7f3039a8a000-7f3039a8e000 rw-p 00000000 00:00 0 
7f3039a8e000-7f3039a9c000 r-xp 00000000 08:01 266888                     /usr/lib/jvm/java-8-openjdk-amd64/jre/lib/amd64/jli/libjli.so
7f3039a9c000-7f3039c9b000 ---p 0000e000 08:01 266888                     /usr/lib/jvm/java-8-openjdk-amd64/jre/lib/amd64/jli/libjli.so
7f3039c9b000-7f3039c9c000 r--p 0000d000 08:01 266888                     /usr/lib/jvm/java-8-openjdk-amd64/jre/lib/amd64/jli/libjli.so
7f3039c9c000-7f3039c9d000 rw-p 0000e000 08:01 266888                     /usr/lib/jvm/java-8-openjdk-amd64/jre/lib/amd64/jli/libjli.so
7f3039c9d000-7f3039cc3000 r-xp 00000000 08:01 3412748                    /lib/x86_64-linux-gnu/ld-2.23.so
7f3039cc3000-7f3039cce000 r--s 00116000 08:01 266858                     /usr/lib/jvm/java-8-openjdk-amd64/jre/lib/ext/localedata.jar
7f3039cce000-7f3039cd4000 r--s 0003d000 08:01 266862                     /usr/lib/jvm/java-8-openjdk-amd64/jre/lib/ext/sunjce_provider.jar
7f3039cd4000-7f3039cd5000 r--s 0000a000 08:01 266857                     /usr/lib/jvm/java-8-openjdk-amd64/jre/lib/ext/jaccess.jar
7f3039cd5000-7f3039da5000 rw-p 00000000 00:00 0 
7f3039da5000-7f3039da8000 ---p 00000000 00:00 0 
7f3039da8000-7f3039eaa000 rw-p 00000000 00:00 0 
7f3039eaa000-7f3039ead000 r--s 0000f000 08:01 266860                     /usr/lib/jvm/java-8-openjdk-amd64/jre/lib/ext/icedtea-sound.jar
7f3039ead000-7f3039eaf000 r--s 00008000 08:01 266853                     /usr/lib/jvm/java-8-openjdk-amd64/jre/lib/ext/sunec.jar
7f3039eaf000-7f3039eb1000 r--s 00010000 08:01 266855                     /usr/lib/jvm/java-8-openjdk-amd64/jre/lib/ext/zipfs.jar
7f3039eb1000-7f3039eb5000 r--s 00040000 08:01 266859                     /usr/lib/jvm/java-8-openjdk-amd64/jre/lib/ext/sunpkcs11.jar
7f3039eb5000-7f3039eb7000 r--s 00001000 08:01 266861                     /usr/lib/jvm/java-8-openjdk-amd64/jre/lib/ext/dnsns.jar
7f3039eb7000-7f3039ebf000 rw-s 00000000 08:01 4199671                    /tmp/hsperfdata_r00t/55952
7f3039ebf000-7f3039ec0000 rw-p 00000000 00:00 0 
7f3039ec0000-7f3039ec1000 ---p 00000000 00:00 0 
7f3039ec1000-7f3039ec2000 rw-p 00000000 00:00 0 
7f3039ec2000-7f3039ec3000 r--p 00025000 08:01 3412748                    /lib/x86_64-linux-gnu/ld-2.23.so
7f3039ec3000-7f3039ec4000 rw-p 00026000 08:01 3412748                    /lib/x86_64-linux-gnu/ld-2.23.so
7f3039ec4000-7f3039ec5000 rw-p 00000000 00:00 0 
7ffc0479b000-7ffc047be000 rw-p 00000000 00:00 0                          [stack]
7ffc047d6000-7ffc047d9000 r--p 00000000 00:00 0                          [vvar]
7ffc047d9000-7ffc047db000 r-xp 00000000 00:00 0                          [vdso]
ffffffffff600000-ffffffffff601000 r-xp 00000000 00:00 0                  [vsyscall]

VM Arguments:
jvm_args: -XX:TieredStopAtLevel=1 -Xverify:none -Dspring.output.ansi.enabled=always -javaagent:/opt/idea-IU-203.7148.57/lib/idea_rt.jar=40113:/opt/idea-IU-203.7148.57/bin -Dcom.sun.management.jmxremote -Dspring.jmx.enabled=true -Dspring.liveBeansView.mbeanDomain -Dspring.application.admin.enabled=true -Dfile.encoding=UTF-8 
java_command: upc.csp1_0.Csp10Application
java_class_path (initial): /usr/lib/jvm/java-1.8.0-openjdk-amd64/jre/lib/charsets.jar:/usr/lib/jvm/java-1.8.0-openjdk-amd64/jre/lib/ext/cldrdata.jar:/usr/lib/jvm/java-1.8.0-openjdk-amd64/jre/lib/ext/dnsns.jar:/usr/lib/jvm/java-1.8.0-openjdk-amd64/jre/lib/ext/icedtea-sound.jar:/usr/lib/jvm/java-1.8.0-openjdk-amd64/jre/lib/ext/jaccess.jar:/usr/lib/jvm/java-1.8.0-openjdk-amd64/jre/lib/ext/localedata.jar:/usr/lib/jvm/java-1.8.0-openjdk-amd64/jre/lib/ext/nashorn.jar:/usr/lib/jvm/java-1.8.0-openjdk-amd64/jre/lib/ext/sunec.jar:/usr/lib/jvm/java-1.8.0-openjdk-amd64/jre/lib/ext/sunjce_provider.jar:/usr/lib/jvm/java-1.8.0-openjdk-amd64/jre/lib/ext/sunpkcs11.jar:/usr/lib/jvm/java-1.8.0-openjdk-amd64/jre/lib/ext/zipfs.jar:/usr/lib/jvm/java-1.8.0-openjdk-amd64/jre/lib/jce.jar:/usr/lib/jvm/java-1.8.0-openjdk-amd64/jre/lib/jfr.jar:/usr/lib/jvm/java-1.8.0-openjdk-amd64/jre/lib/jsse.jar:/usr/lib/jvm/java-1.8.0-openjdk-amd64/jre/lib/management-agent.jar:/usr/lib/jvm/java-1.8.0-openjdk-amd64/jre/lib/resources.jar:/usr/lib/jvm/java-1.8.0-openjdk-amd64/jre/lib/rt.jar:/home/r00t/IdeaProjects/csp1_0/csp1_0/csp1_0/csp1_0/target/classes:/home/r00t/.m2/repository/org/springframework/boot/spring-boot-starter-jdbc/2.4.3/spring-boot-starter-jdbc-2.4.3.jar:/home/r00t/.m2/repository/org/springframework/boot/spring-boot-starter/2.4.3/spring-boot-starter-2.4.3.jar:/home/r00t/.m2/repository/org/springframework/boot/spring-boot/2.4.3/spring-boot-2.4.3.jar:/home/r00t/.m2/repository/org/springframework/boot/spring-boot-autoconfigure/2.4.3/spring-boot-autoconfigure-2.4.3.jar:/home/r00t/.m2/repository/org/springframework/boot/spring-boot-starter-logging/2.4.3/spring-boot-starter-logging-2.4.3.jar:/home/r00t/.m2/repository/ch/qos/logback/logback-classic/1.2.3/logback-classic-1.2.3.jar:/home/r00t/.m2/repository/ch/qos/logback/logback-core/1.2.3/logback-core-1.2.3.jar:/home/r00t/.m2/repository/org/apache/logging/log4j/log4j-to-slf4j/2.13.3/log4j-to-slf4j-2.13.3.jar:/home/r00t/.m2/repository/org/apache/log
Launcher Type: SUN_STANDARD

Environment Variables:
JAVA_HOME=/usr/lib/jvm/java-8-openjdk-amd64
CLASSPATH=/opt/idea-IU-203.7148.57/lib/bootstrap.jar:/opt/idea-IU-203.7148.57/lib/util.jar:/opt/idea-IU-203.7148.57/lib/jdom.jar:/opt/idea-IU-203.7148.57/lib/log4j.jar:/opt/idea-IU-203.7148.57/lib/jna.jar:/lib/tools.jar
PATH=/home/r00t/bin:/home/r00t/.local/bin:/usr/local/sbin:/usr/local/bin:/usr/sbin:/usr/bin:/sbin:/bin:/usr/games:/usr/local/games:/snap/bin:/opt/maven/apache-maven-3.6.3/bin
SHELL=/bin/bash
DISPLAY=:0

Signal Handlers:
SIGSEGV: [libjvm.so+0xb1f1b0], sa_mask[0]=11111111011111111101111111111110, sa_flags=SA_RESTART|SA_SIGINFO
SIGBUS: [libjvm.so+0xb1f1b0], sa_mask[0]=11111111011111111101111111111110, sa_flags=SA_RESTART|SA_SIGINFO
SIGFPE: [libjvm.so+0x956cf0], sa_mask[0]=11111111011111111101111111111110, sa_flags=SA_RESTART|SA_SIGINFO
SIGPIPE: [libjvm.so+0x956cf0], sa_mask[0]=11111111011111111101111111111110, sa_flags=SA_RESTART|SA_SIGINFO
SIGXFSZ: [libjvm.so+0x956cf0], sa_mask[0]=11111111011111111101111111111110, sa_flags=SA_RESTART|SA_SIGINFO
SIGILL: [libjvm.so+0x956cf0], sa_mask[0]=11111111011111111101111111111110, sa_flags=SA_RESTART|SA_SIGINFO
SIGUSR1: SIG_DFL, sa_mask[0]=00000000000000000000000000000000, sa_flags=none
SIGUSR2: [libjvm.so+0x956ba0], sa_mask[0]=00100000000000000000000000000000, sa_flags=SA_RESTART|SA_SIGINFO
SIGHUP: [libjvm.so+0x957230], sa_mask[0]=11111111011111111101111111111110, sa_flags=SA_RESTART|SA_SIGINFO
SIGINT: [libjvm.so+0x957230], sa_mask[0]=11111111011111111101111111111110, sa_flags=SA_RESTART|SA_SIGINFO
SIGTERM: [libjvm.so+0x957230], sa_mask[0]=11111111011111111101111111111110, sa_flags=SA_RESTART|SA_SIGINFO
SIGQUIT: [libjvm.so+0x957230], sa_mask[0]=11111111011111111101111111111110, sa_flags=SA_RESTART|SA_SIGINFO


---------------  S Y S T E M  ---------------

OS:DISTRIB_ID=Ubuntu
DISTRIB_RELEASE=16.04
DISTRIB_CODENAME=xenial
DISTRIB_DESCRIPTION="Ubuntu 16.04.7 LTS"

uname:Linux 4.15.0-142-generic #146~16.04.1-Ubuntu SMP Tue Apr 13 09:27:15 UTC 2021 x86_64
libc:glibc 2.23 NPTL 2.23 
rlimit: STACK 8192k, CORE 0k, NPROC 31574, NOFILE 1048576, AS infinity
load average:7.29 6.01 4.78

/proc/meminfo:
MemTotal:        8144672 kB
MemFree:          103456 kB
MemAvailable:          0 kB
Buffers:             348 kB
Cached:            88632 kB
SwapCached:         2332 kB
Active:          6820172 kB
Inactive:         854336 kB
Active(anon):    6818440 kB
Inactive(anon):   852468 kB
Active(file):       1732 kB
Inactive(file):     1868 kB
Unevictable:       34916 kB
Mlocked:           34916 kB
SwapTotal:        998396 kB
SwapFree:              0 kB
Dirty:                40 kB
Writeback:           484 kB
AnonPages:       7618292 kB
Mapped:            64184 kB
Shmem:             77772 kB
Slab:             145972 kB
SReclaimable:      62924 kB
SUnreclaim:        83048 kB
KernelStack:       23264 kB
PageTables:        83668 kB
NFS_Unstable:          0 kB
Bounce:                0 kB
WritebackTmp:          0 kB
CommitLimit:     5070732 kB
Committed_AS:   13455780 kB
VmallocTotal:   34359738367 kB
VmallocUsed:           0 kB
VmallocChunk:          0 kB
HardwareCorrupted:     0 kB
AnonHugePages:         0 kB
ShmemHugePages:        0 kB
ShmemPmdMapped:        0 kB
CmaTotal:              0 kB
CmaFree:               0 kB
HugePages_Total:       0
HugePages_Free:        0
HugePages_Rsvd:        0
HugePages_Surp:        0
Hugepagesize:       2048 kB
DirectMap4k:      188224 kB
DirectMap2M:     6103040 kB
DirectMap1G:     4194304 kB

container (cgroup) information:
container_type: cgroupv1
cpu_cpuset_cpus: 0-1
cpu_memory_nodes: 0
active_processor_count: 2
cpu_quota: -1
cpu_period: 100000
cpu_shares: -1
memory_limit_in_bytes: -1
memory_and_swap_limit_in_bytes: -2
memory_soft_limit_in_bytes: -1
memory_usage_in_bytes: 7892922368
memory_max_usage_in_bytes: 14376960


CPU:total 2 (initial active 2) (1 cores per cpu, 1 threads per core) family 6 model 151 stepping 2, cmov, cx8, fxsr, mmx, sse, sse2, sse3, ssse3, sse4.1, sse4.2, popcnt, avx, avx2, aes, clmul, erms, 3dnowpref, lzcnt, tsc, tscinvbit, bmi1, bmi2, adx

/proc/cpuinfo:
processor	: 0
vendor_id	: GenuineIntel
cpu family	: 6
model		: 151
model name	: 12th Gen Intel(R) Core(TM) i7-12700
stepping	: 2
microcode	: 0x1e
cpu MHz		: 2112.000
cache size	: 25600 KB
physical id	: 0
siblings	: 1
core id		: 0
cpu cores	: 1
apicid		: 0
initial apicid	: 0
fpu		: yes
fpu_exception	: yes
cpuid level	: 32
wp		: yes
flags		: fpu vme de pse tsc msr pae mce cx8 apic sep mtrr pge mca cmov pat pse36 clflush mmx fxsr sse sse2 ss syscall nx pdpe1gb rdtscp lm constant_tsc arch_perfmon nopl xtopology tsc_reliable nonstop_tsc cpuid pni pclmulqdq ssse3 fma cx16 pcid sse4_1 sse4_2 x2apic movbe popcnt tsc_deadline_timer aes xsave avx f16c rdrand hypervisor lahf_lm abm 3dnowprefetch invpcid_single ssbd ibrs ibpb stibp ibrs_enhanced fsgsbase tsc_adjust bmi1 avx2 smep bmi2 invpcid rdseed adx smap clflushopt clwb sha_ni xsaveopt xsavec xgetbv1 xsaves arat umip pku ospke gfni vaes vpclmulqdq rdpid md_clear flush_l1d arch_capabilities
bugs		: spectre_v1 spectre_v2 spec_store_bypass swapgs itlb_multihit
bogomips	: 4224.00
clflush size	: 64
cache_alignment	: 64
address sizes	: 45 bits physical, 48 bits virtual
power management:

processor	: 1
vendor_id	: GenuineIntel
cpu family	: 6
model		: 151
model name	: 12th Gen Intel(R) Core(TM) i7-12700
stepping	: 2
microcode	: 0x1e
cpu MHz		: 2112.000
cache size	: 25600 KB
physical id	: 2
siblings	: 1
core id		: 0
cpu cores	: 1
apicid		: 2
initial apicid	: 2
fpu		: yes
fpu_exception	: yes
cpuid level	: 32
wp		: yes
flags		: fpu vme de pse tsc msr pae mce cx8 apic sep mtrr pge mca cmov pat pse36 clflush mmx fxsr sse sse2 ss syscall nx pdpe1gb rdtscp lm constant_tsc arch_perfmon nopl xtopology tsc_reliable nonstop_tsc cpuid pni pclmulqdq ssse3 fma cx16 pcid sse4_1 sse4_2 x2apic movbe popcnt tsc_deadline_timer aes xsave avx f16c rdrand hypervisor lahf_lm abm 3dnowprefetch invpcid_single ssbd ibrs ibpb stibp ibrs_enhanced fsgsbase tsc_adjust bmi1 avx2 smep bmi2 invpcid rdseed adx smap clflushopt clwb sha_ni xsaveopt xsavec xgetbv1 xsaves arat umip pku ospke gfni vaes vpclmulqdq rdpid md_clear flush_l1d arch_capabilities
bugs		: spectre_v1 spectre_v2 spec_store_bypass swapgs itlb_multihit
bogomips	: 4224.00
clflush size	: 64
cache_alignment	: 64
address sizes	: 45 bits physical, 48 bits virtual
power management:



Memory: 4k page, physical 8144672k(103364k free), swap 998396k(0k free)

vm_info: OpenJDK 64-Bit Server VM (25.292-b10) for linux-amd64 JRE (1.8.0_292-8u292-b10-0ubuntu1~16.04.1-b10), built on Apr 21 2021 12:47:35 by "buildd" with gcc 5.4.0 20160609

time: Sat Jun 10 18:01:35 2023
timezone: CST
elapsed time: 777.194282 seconds (0d 0h 12m 57s)

