#
# There is insufficient memory for the Java Runtime Environment to continue.
# Native memory allocation (mmap) failed to map 77594624 bytes for committing reserved memory.
# Possible reasons:
#   The system is out of physical RAM or swap space
#   The process is running with CompressedOops enabled, and the Java Heap may be blocking the growth of the native heap
# Possible solutions:
#   Reduce memory load on the system
#   Increase physical memory or swap space
#   Check if swap backing store is full
#   Decrease Java heap size (-Xmx/-Xms)
#   Decrease number of Java threads
#   Decrease Java thread stack sizes (-Xss)
#   Set larger code cache with -XX:ReservedCodeCacheSize=
#   JVM is running with Unscaled Compressed Oops mode in which the Java heap is
#     placed in the first 4GB address space. The Java Heap base address is the
#     maximum limit for the native heap growth. Please use -XX:HeapBaseMinAddress
#     to set the Java Heap base and to place the Java Heap above 4GB virtual address.
# This output file may be truncated or incomplete.
#
#  Out of Memory Error (os_linux.cpp:2798), pid=76444, tid=0x00007f81be58c700
#
# JRE version: OpenJDK Runtime Environment (8.0_292-b10) (build 1.8.0_292-8u292-b10-0ubuntu1~16.04.1-b10)
# Java VM: OpenJDK 64-Bit Server VM (25.292-b10 mixed mode linux-amd64 compressed oops)
# Failed to write core dump. Core dumps have been disabled. To enable core dumping, try "ulimit -c unlimited" before starting Java again
#

---------------  T H R E A D  ---------------

Current thread (0x00007f81d4101000):  VMThread [stack: 0x00007f81be48c000,0x00007f81be58d000] [id=76453]

Stack: [0x00007f81be48c000,0x00007f81be58d000],  sp=0x00007f81be58b360,  free space=1020k
Native frames: (J=compiled Java code, j=interpreted, Vv=VM code, C=native code)
V  [libjvm.so+0xb1e67b]
V  [libjvm.so+0x4e01dc]
V  [libjvm.so+0x95bc48]
V  [libjvm.so+0x953b3e]
V  [libjvm.so+0x9d4ad6]
V  [libjvm.so+0x9d5e03]
V  [libjvm.so+0x9d2204]
V  [libjvm.so+0x9d249c]
V  [libjvm.so+0x983953]
V  [libjvm.so+0xb20372]
V  [libjvm.so+0xb26067]
V  [libjvm.so+0xb23b43]
V  [libjvm.so+0xb23ee5]
V  [libjvm.so+0xb244b2]
V  [libjvm.so+0x958fe2]

VM_Operation (0x00007f81db0b3b70): ParallelGCFailedAllocation, mode: safepoint, requested by thread 0x00007f81d4010000


---------------  P R O C E S S  ---------------

Java Threads: ( => current thread )
  0x00007f81d4d32000 JavaThread "mysql-cj-abandoned-connection-cleanup" daemon [_thread_blocked, id=76492, stack(0x00007f8186dfa000,0x00007f8186efb000)]
  0x00007f81d4cf6800 JavaThread "container-0" [_thread_blocked, id=76491, stack(0x00007f8186efb000,0x00007f8186ffc000)]
  0x00007f81d4cf5800 JavaThread "Catalina-utility-2" [_thread_blocked, id=76490, stack(0x00007f81878fd000,0x00007f81879fe000)]
  0x00007f81d4cf4000 JavaThread "Catalina-utility-1" [_thread_blocked, id=76489, stack(0x00007f81877fc000,0x00007f81878fd000)]
  0x000055dc4e2fc800 JavaThread "RMI Scheduler(0)" daemon [_thread_blocked, id=76482, stack(0x00007f81879fe000,0x00007f8187aff000)]
  0x00007f8194001800 JavaThread "RMI TCP Connection(1)-127.0.0.1" daemon [_thread_in_native, id=76481, stack(0x00007f81bc16d000,0x00007f81bc26e000)]
  0x00007f81a0002800 JavaThread "Attach Listener" daemon [_thread_blocked, id=76479, stack(0x00007f8187cff000,0x00007f8187e00000)]
  0x00007f81a0001000 JavaThread "Attach Listener" daemon [_thread_blocked, id=76478, stack(0x00007f81bc06c000,0x00007f81bc16d000)]
  0x00007f81d465a800 JavaThread "RMI TCP Accept-0" daemon [_thread_in_native, id=76470, stack(0x00007f81bc997000,0x00007f81bca98000)]
  0x00007f81d456f800 JavaThread "Service Thread" daemon [_thread_blocked, id=76469, stack(0x00007f81bccb3000,0x00007f81bcdb4000)]
  0x00007f81d456a000 JavaThread "C1 CompilerThread1" daemon [_thread_blocked, id=76468, stack(0x00007f81bcdb4000,0x00007f81bceb5000)]
  0x00007f81d4568800 JavaThread "C2 CompilerThread0" daemon [_thread_blocked, id=76467, stack(0x00007f81bceb5000,0x00007f81bcfb6000)]
  0x00007f81d4564800 JavaThread "Monitor Ctrl-Break" daemon [_thread_in_native, id=76466, stack(0x00007f81bcfbc000,0x00007f81bd0bd000)]
  0x00007f81d4140800 JavaThread "Signal Dispatcher" daemon [_thread_blocked, id=76461, stack(0x00007f81bd7ca000,0x00007f81bd8cb000)]
  0x00007f81d410f800 JavaThread "Finalizer" daemon [_thread_blocked, id=76457, stack(0x00007f81be28a000,0x00007f81be38b000)]
  0x00007f81d410a800 JavaThread "Reference Handler" daemon [_thread_blocked, id=76454, stack(0x00007f81be38b000,0x00007f81be48c000)]
  0x00007f81d4010000 JavaThread "main" [_thread_blocked, id=76446, stack(0x00007f81dafb8000,0x00007f81db0b9000)]

Other Threads:
=>0x00007f81d4101000 VMThread [stack: 0x00007f81be48c000,0x00007f81be58d000] [id=76453]
  0x00007f81d4668000 WatcherThread [stack: 0x00007f81bc896000,0x00007f81bc997000] [id=76471]

VM state:at safepoint (normal execution)

VM Mutex/Monitor currently owned by a thread:  ([mutex/lock_event])
[0x00007f81d400c320] Threads_lock - owner thread: 0x00007f81d4101000
[0x00007f81d400c820] Heap_lock - owner thread: 0x00007f81d4010000

heap address: 0x0000000083a00000, size: 1990 MB, Compressed Oops mode: 32-bit
Narrow klass base: 0x0000000000000000, Narrow klass shift: 3
Compressed class space size: 1073741824 Address: 0x0000000100000000

Heap:
 PSYoungGen      total 136192K, used 5108K [0x00000000d6900000, 0x00000000df300000, 0x0000000100000000)
  eden space 131072K, 0% used [0x00000000d6900000,0x00000000d6900000,0x00000000de900000)
  from space 5120K, 99% used [0x00000000de900000,0x00000000dedfd030,0x00000000dee00000)
  to   space 5120K, 0% used [0x00000000dee00000,0x00000000dee00000,0x00000000df300000)
 ParOldGen       total 62976K, used 13833K [0x0000000083a00000, 0x0000000087780000, 0x00000000d6900000)
  object space 62976K, 21% used [0x0000000083a00000,0x0000000084782608,0x0000000087780000)
 Metaspace       used 27638K, capacity 29519K, committed 29824K, reserved 1075200K
  class space    used 3783K, capacity 4168K, committed 4224K, reserved 1048576K

Card table byte_map: [0x00007f81c3e13000,0x00007f81c41f7000] byte_map_base: 0x00007f81c39f6000

Marking Bits: (ParMarkBitMap*) 0x00007f81da27f8a0
 Begin Bits: [0x00007f81bfc4a000, 0x00007f81c1b62000)
 End Bits:   [0x00007f81c1b62000, 0x00007f81c3a7a000)

Polling page: 0x00007f81db0d3000

CodeCache: size=245760Kb used=5866Kb max_used=5866Kb free=239893Kb
 bounds [0x00007f81c45b7000, 0x00007f81c4b77000, 0x00007f81d35b7000]
 total_blobs=3270 nmethods=2868 adapters=315
 compilation: enabled

Compilation events (10 events):
Event: 2.931 Thread 0x00007f81d456a000 2865       1       org.springframework.boot.context.properties.source.AliasedConfigurationPropertySource::getAliases (5 bytes)
Event: 2.931 Thread 0x00007f81d456a000 nmethod 2865 0x00007f81c4b70450 code [0x00007f81c4b705a0, 0x00007f81c4b706b0]
Event: 2.931 Thread 0x00007f81d456a000 2866       1       java.util.Spliterators$IteratorSpliterator::characteristics (5 bytes)
Event: 2.931 Thread 0x00007f81d456a000 nmethod 2866 0x00007f81c4b70710 code [0x00007f81c4b70860, 0x00007f81c4b70970]
Event: 2.931 Thread 0x00007f81d456a000 2867       1       org.springframework.boot.origin.OriginLookup::isImmutable (2 bytes)
Event: 2.931 Thread 0x00007f81d456a000 nmethod 2867 0x00007f81c4b709d0 code [0x00007f81c4b70b20, 0x00007f81c4b70c30]
Event: 2.931 Thread 0x00007f81d456a000 2868       1       org.springframework.boot.context.properties.source.SystemEnvironmentPropertyMapper::map (41 bytes)
Event: 2.932 Thread 0x00007f81d456a000 nmethod 2868 0x00007f81c4b70c90 code [0x00007f81c4b70e20, 0x00007f81c4b71268]
Event: 2.932 Thread 0x00007f81d456a000 2869       1       org.springframework.boot.context.properties.source.SystemEnvironmentPropertyMapper::convertName (10 bytes)
Event: 2.932 Thread 0x00007f81d456a000 nmethod 2869 0x00007f81c4b71510 code [0x00007f81c4b71680, 0x00007f81c4b717c8]

GC Heap History (10 events):
Event: 0.656 GC heap after
Heap after GC invocations=1 (full 0):
 PSYoungGen      total 37888K, used 4386K [0x00000000d6900000, 0x00000000db300000, 0x0000000100000000)
  eden space 32768K, 0% used [0x00000000d6900000,0x00000000d6900000,0x00000000d8900000)
  from space 5120K, 85% used [0x00000000d8900000,0x00000000d8d48af8,0x00000000d8e00000)
  to   space 5120K, 0% used [0x00000000dae00000,0x00000000dae00000,0x00000000db300000)
 ParOldGen       total 86016K, used 8K [0x0000000083a00000, 0x0000000088e00000, 0x00000000d6900000)
  object space 86016K, 0% used [0x0000000083a00000,0x0000000083a02000,0x0000000088e00000)
 Metaspace       used 10682K, capacity 10990K, committed 11136K, reserved 1058816K
  class space    used 1310K, capacity 1401K, committed 1408K, reserved 1048576K
}
Event: 0.877 GC heap before
{Heap before GC invocations=2 (full 0):
 PSYoungGen      total 37888K, used 37154K [0x00000000d6900000, 0x00000000db300000, 0x0000000100000000)
  eden space 32768K, 100% used [0x00000000d6900000,0x00000000d8900000,0x00000000d8900000)
  from space 5120K, 85% used [0x00000000d8900000,0x00000000d8d48af8,0x00000000d8e00000)
  to   space 5120K, 0% used [0x00000000dae00000,0x00000000dae00000,0x00000000db300000)
 ParOldGen       total 86016K, used 8K [0x0000000083a00000, 0x0000000088e00000, 0x00000000d6900000)
  object space 86016K, 0% used [0x0000000083a00000,0x0000000083a02000,0x0000000088e00000)
 Metaspace       used 14151K, capacity 14854K, committed 15104K, reserved 1062912K
  class space    used 1868K, capacity 2033K, committed 2048K, reserved 1048576K
Event: 0.884 GC heap after
Heap after GC invocations=2 (full 0):
 PSYoungGen      total 70656K, used 5117K [0x00000000d6900000, 0x00000000db300000, 0x0000000100000000)
  eden space 65536K, 0% used [0x00000000d6900000,0x00000000d6900000,0x00000000da900000)
  from space 5120K, 99% used [0x00000000dae00000,0x00000000db2ff420,0x00000000db300000)
  to   space 5120K, 0% used [0x00000000da900000,0x00000000da900000,0x00000000dae00000)
 ParOldGen       total 86016K, used 867K [0x0000000083a00000, 0x0000000088e00000, 0x00000000d6900000)
  object space 86016K, 1% used [0x0000000083a00000,0x0000000083ad8f00,0x0000000088e00000)
 Metaspace       used 14151K, capacity 14854K, committed 15104K, reserved 1062912K
  class space    used 1868K, capacity 2033K, committed 2048K, reserved 1048576K
}
Event: 1.765 GC heap before
{Heap before GC invocations=3 (full 0):
 PSYoungGen      total 70656K, used 70653K [0x00000000d6900000, 0x00000000db300000, 0x0000000100000000)
  eden space 65536K, 100% used [0x00000000d6900000,0x00000000da900000,0x00000000da900000)
  from space 5120K, 99% used [0x00000000dae00000,0x00000000db2ff420,0x00000000db300000)
  to   space 5120K, 0% used [0x00000000da900000,0x00000000da900000,0x00000000dae00000)
 ParOldGen       total 86016K, used 867K [0x0000000083a00000, 0x0000000088e00000, 0x00000000d6900000)
  object space 86016K, 1% used [0x0000000083a00000,0x0000000083ad8f00,0x0000000088e00000)
 Metaspace       used 19657K, capacity 20622K, committed 20736K, reserved 1067008K
  class space    used 2585K, capacity 2807K, committed 2816K, reserved 1048576K
Event: 1.773 GC heap after
Heap after GC invocations=3 (full 0):
 PSYoungGen      total 70656K, used 5113K [0x00000000d6900000, 0x00000000df300000, 0x0000000100000000)
  eden space 65536K, 0% used [0x00000000d6900000,0x00000000d6900000,0x00000000da900000)
  from space 5120K, 99% used [0x00000000da900000,0x00000000dadfe750,0x00000000dae00000)
  to   space 5120K, 0% used [0x00000000dee00000,0x00000000dee00000,0x00000000df300000)
 ParOldGen       total 86016K, used 5972K [0x0000000083a00000, 0x0000000088e00000, 0x00000000d6900000)
  object space 86016K, 6% used [0x0000000083a00000,0x0000000083fd5228,0x0000000088e00000)
 Metaspace       used 19657K, capacity 20622K, committed 20736K, reserved 1067008K
  class space    used 2585K, capacity 2807K, committed 2816K, reserved 1048576K
}
Event: 1.990 GC heap before
{Heap before GC invocations=4 (full 0):
 PSYoungGen      total 70656K, used 18200K [0x00000000d6900000, 0x00000000df300000, 0x0000000100000000)
  eden space 65536K, 19% used [0x00000000d6900000,0x00000000d75c7af0,0x00000000da900000)
  from space 5120K, 99% used [0x00000000da900000,0x00000000dadfe750,0x00000000dae00000)
  to   space 5120K, 0% used [0x00000000dee00000,0x00000000dee00000,0x00000000df300000)
 ParOldGen       total 86016K, used 5972K [0x0000000083a00000, 0x0000000088e00000, 0x00000000d6900000)
  object space 86016K, 6% used [0x0000000083a00000,0x0000000083fd5228,0x0000000088e00000)
 Metaspace       used 20283K, capacity 21261K, committed 21296K, reserved 1067008K
  class space    used 2691K, capacity 2909K, committed 2944K, reserved 1048576K
Event: 1.998 GC heap after
Heap after GC invocations=4 (full 0):
 PSYoungGen      total 136192K, used 5093K [0x00000000d6900000, 0x00000000df300000, 0x0000000100000000)
  eden space 131072K, 0% used [0x00000000d6900000,0x00000000d6900000,0x00000000de900000)
  from space 5120K, 99% used [0x00000000dee00000,0x00000000df2f96c8,0x00000000df300000)
  to   space 5120K, 0% used [0x00000000de900000,0x00000000de900000,0x00000000dee00000)
 ParOldGen       total 86016K, used 7345K [0x0000000083a00000, 0x0000000088e00000, 0x00000000d6900000)
  object space 86016K, 8% used [0x0000000083a00000,0x000000008412c650,0x0000000088e00000)
 Metaspace       used 20283K, capacity 21261K, committed 21296K, reserved 1067008K
  class space    used 2691K, capacity 2909K, committed 2944K, reserved 1048576K
}
Event: 1.998 GC heap before
{Heap before GC invocations=5 (full 1):
 PSYoungGen      total 136192K, used 5093K [0x00000000d6900000, 0x00000000df300000, 0x0000000100000000)
  eden space 131072K, 0% used [0x00000000d6900000,0x00000000d6900000,0x00000000de900000)
  from space 5120K, 99% used [0x00000000dee00000,0x00000000df2f96c8,0x00000000df300000)
  to   space 5120K, 0% used [0x00000000de900000,0x00000000de900000,0x00000000dee00000)
 ParOldGen       total 86016K, used 7345K [0x0000000083a00000, 0x0000000088e00000, 0x00000000d6900000)
  object space 86016K, 8% used [0x0000000083a00000,0x000000008412c650,0x0000000088e00000)
 Metaspace       used 20283K, capacity 21261K, committed 21296K, reserved 1067008K
  class space    used 2691K, capacity 2909K, committed 2944K, reserved 1048576K
Event: 2.051 GC heap after
Heap after GC invocations=5 (full 1):
 PSYoungGen      total 136192K, used 0K [0x00000000d6900000, 0x00000000df300000, 0x0000000100000000)
  eden space 131072K, 0% used [0x00000000d6900000,0x00000000d6900000,0x00000000de900000)
  from space 5120K, 0% used [0x00000000dee00000,0x00000000dee00000,0x00000000df300000)
  to   space 5120K, 0% used [0x00000000de900000,0x00000000de900000,0x00000000dee00000)
 ParOldGen       total 62976K, used 7144K [0x0000000083a00000, 0x0000000087780000, 0x00000000d6900000)
  object space 62976K, 11% used [0x0000000083a00000,0x00000000840fa118,0x0000000087780000)
 Metaspace       used 20283K, capacity 21261K, committed 21296K, reserved 1067008K
  class space    used 2691K, capacity 2909K, committed 2944K, reserved 1048576K
}
Event: 2.946 GC heap before
{Heap before GC invocations=6 (full 1):
 PSYoungGen      total 136192K, used 131072K [0x00000000d6900000, 0x00000000df300000, 0x0000000100000000)
  eden space 131072K, 100% used [0x00000000d6900000,0x00000000de900000,0x00000000de900000)
  from space 5120K, 0% used [0x00000000dee00000,0x00000000dee00000,0x00000000df300000)
  to   space 5120K, 0% used [0x00000000de900000,0x00000000de900000,0x00000000dee00000)
 ParOldGen       total 62976K, used 7144K [0x0000000083a00000, 0x0000000087780000, 0x00000000d6900000)
  object space 62976K, 11% used [0x0000000083a00000,0x00000000840fa118,0x0000000087780000)
 Metaspace       used 27638K, capacity 29519K, committed 29824K, reserved 1075200K
  class space    used 3783K, capacity 4168K, committed 4224K, reserved 1048576K

Deoptimization events (0 events):
No events

Classes redefined (0 events):
No events

Internal exceptions (10 events):
Event: 2.899 Thread 0x00007f81d4010000 Exception <a 'java/lang/ArrayIndexOutOfBoundsException'> (0x00000000de3d3ed0) thrown at [/build/openjdk-8-RKFhH1/openjdk-8-8u292-b10/src/hotspot/src/share/vm/runtime/sharedRuntime.cpp, line 609]
Event: 2.899 Thread 0x00007f81d4010000 Exception <a 'java/lang/ClassNotFoundException': org/springframework/beans/factory/InitializingBeanCustomizer> (0x00000000de3f1950) thrown at [/build/openjdk-8-RKFhH1/openjdk-8-8u292-b10/src/hotspot/src/share/vm/classfile/systemDictionary.cpp, line 217]
Event: 2.900 Thread 0x00007f81d4010000 Exception <a 'java/lang/ArrayIndexOutOfBoundsException'> (0x00000000de424138) thrown at [/build/openjdk-8-RKFhH1/openjdk-8-8u292-b10/src/hotspot/src/share/vm/runtime/sharedRuntime.cpp, line 609]
Event: 2.903 Thread 0x00007f81d4010000 Exception <a 'java/lang/ArrayIndexOutOfBoundsException'> (0x00000000de4826d8) thrown at [/build/openjdk-8-RKFhH1/openjdk-8-8u292-b10/src/hotspot/src/share/vm/runtime/sharedRuntime.cpp, line 609]
Event: 2.904 Thread 0x00007f81d4010000 Exception <a 'java/lang/ArrayIndexOutOfBoundsException'> (0x00000000de4bdba8) thrown at [/build/openjdk-8-RKFhH1/openjdk-8-8u292-b10/src/hotspot/src/share/vm/runtime/sharedRuntime.cpp, line 609]
Event: 2.905 Thread 0x00007f81d4010000 Exception <a 'java/lang/ArrayIndexOutOfBoundsException'> (0x00000000de4c5560) thrown at [/build/openjdk-8-RKFhH1/openjdk-8-8u292-b10/src/hotspot/src/share/vm/runtime/sharedRuntime.cpp, line 609]
Event: 2.914 Thread 0x00007f81d4010000 Exception <a 'java/lang/ArrayIndexOutOfBoundsException'> (0x00000000de61dbc8) thrown at [/build/openjdk-8-RKFhH1/openjdk-8-8u292-b10/src/hotspot/src/share/vm/runtime/sharedRuntime.cpp, line 609]
Event: 2.915 Thread 0x00007f81d4010000 Exception <a 'java/lang/ArrayIndexOutOfBoundsException'> (0x00000000de66c3f0) thrown at [/build/openjdk-8-RKFhH1/openjdk-8-8u292-b10/src/hotspot/src/share/vm/runtime/sharedRuntime.cpp, line 609]
Event: 2.915 Thread 0x00007f81d4010000 Exception <a 'java/lang/ArrayIndexOutOfBoundsException'> (0x00000000de6a5308) thrown at [/build/openjdk-8-RKFhH1/openjdk-8-8u292-b10/src/hotspot/src/share/vm/runtime/sharedRuntime.cpp, line 609]
Event: 2.924 Thread 0x00007f81d4010000 Exception <a 'java/lang/NoSuchMethodError': java.lang.Object.lambda$static$0(Ljava/lang/Object;)Ljava/lang/Object;> (0x00000000de7edcb0) thrown at [/build/openjdk-8-RKFhH1/openjdk-8-8u292-b10/src/hotspot/src/share/vm/interpreter/linkResolver.cpp, line 620

Events (10 events):
Event: 2.930 loading class java/sql/DriverManager done
Event: 2.930 loading class java/sql/DriverManager$1
Event: 2.930 loading class java/sql/DriverManager$1 done
Event: 2.930 loading class java/sql/DriverManager$2
Event: 2.930 loading class java/sql/DriverManager$2 done
Event: 2.930 loading class java/sql/SQLPermission
Event: 2.930 loading class java/sql/SQLPermission done
Event: 2.930 loading class java/sql/DriverInfo
Event: 2.930 loading class java/sql/DriverInfo done
Event: 2.932 Executing VM operation: ParallelGCFailedAllocation


Dynamic libraries:
83a00000-87780000 rw-p 00000000 00:00 0 
87780000-d6900000 ---p 00000000 00:00 0 
d6900000-df300000 rw-p 00000000 00:00 0 
e3d00000-100000000 ---p 00000000 00:00 0 
100000000-100420000 rw-p 00000000 00:00 0 
100420000-140000000 ---p 00000000 00:00 0 
55dc4c119000-55dc4c11a000 r-xp 00000000 08:01 266934                     /usr/lib/jvm/java-8-openjdk-amd64/jre/bin/java
55dc4c319000-55dc4c31a000 r--p 00000000 08:01 266934                     /usr/lib/jvm/java-8-openjdk-amd64/jre/bin/java
55dc4c31a000-55dc4c31b000 rw-p 00001000 08:01 266934                     /usr/lib/jvm/java-8-openjdk-amd64/jre/bin/java
55dc4e2dc000-55dc4e31e000 rw-p 00000000 00:00 0                          [heap]
7f8180000000-7f8180021000 rw-p 00000000 00:00 0 
7f8180021000-7f8184000000 ---p 00000000 00:00 0 
7f8186dfa000-7f8186dfd000 ---p 00000000 00:00 0 
7f8186dfd000-7f8186efb000 rw-p 00000000 00:00 0 
7f8186efb000-7f8186efe000 ---p 00000000 00:00 0 
7f8186efe000-7f81870fc000 rw-p 00000000 00:00 0 
7f81870fc000-7f81871fc000 ---p 00000000 00:00 0 
7f81871fc000-7f81873fc000 rw-p 00000000 00:00 0 
7f81873fc000-7f81875fc000 rw-p 00000000 00:00 0 
7f81875fc000-7f81877fc000 rw-p 00000000 00:00 0 
7f81877fc000-7f81877ff000 ---p 00000000 00:00 0 
7f81877ff000-7f81878fd000 rw-p 00000000 00:00 0 
7f81878fd000-7f8187900000 ---p 00000000 00:00 0 
7f8187900000-7f81879fe000 rw-p 00000000 00:00 0 
7f81879fe000-7f8187a01000 ---p 00000000 00:00 0 
7f8187a01000-7f8187cff000 rw-p 00000000 00:00 0 
7f8187cff000-7f8187d02000 ---p 00000000 00:00 0 
7f8187d02000-7f8188000000 rw-p 00000000 00:00 0 
7f8188000000-7f818804a000 rw-p 00000000 00:00 0 
7f818804a000-7f818c000000 ---p 00000000 00:00 0 
7f818c000000-7f818c13d000 rw-p 00000000 00:00 0 
7f818c13d000-7f8190000000 ---p 00000000 00:00 0 
7f8190000000-7f8190021000 rw-p 00000000 00:00 0 
7f8190021000-7f8194000000 ---p 00000000 00:00 0 
7f8194000000-7f8194021000 rw-p 00000000 00:00 0 
7f8194021000-7f8198000000 ---p 00000000 00:00 0 
7f8198000000-7f8198056000 rw-p 00000000 00:00 0 
7f8198056000-7f819c000000 ---p 00000000 00:00 0 
7f819c000000-7f819c491000 rw-p 00000000 00:00 0 
7f819c491000-7f81a0000000 ---p 00000000 00:00 0 
7f81a0000000-7f81a0021000 rw-p 00000000 00:00 0 
7f81a0021000-7f81a4000000 ---p 00000000 00:00 0 
7f81a4000000-7f81a4021000 rw-p 00000000 00:00 0 
7f81a4021000-7f81a8000000 ---p 00000000 00:00 0 
7f81a8000000-7f81a8021000 rw-p 00000000 00:00 0 
7f81a8021000-7f81ac000000 ---p 00000000 00:00 0 
7f81ac000000-7f81ac021000 rw-p 00000000 00:00 0 
7f81ac021000-7f81b0000000 ---p 00000000 00:00 0 
7f81b0000000-7f81b0021000 rw-p 00000000 00:00 0 
7f81b0021000-7f81b4000000 ---p 00000000 00:00 0 
7f81b4000000-7f81b4021000 rw-p 00000000 00:00 0 
7f81b4021000-7f81b8000000 ---p 00000000 00:00 0 
7f81b8000000-7f81b8021000 rw-p 00000000 00:00 0 
7f81b8021000-7f81bc000000 ---p 00000000 00:00 0 
7f81bc06c000-7f81bc06f000 ---p 00000000 00:00 0 
7f81bc06f000-7f81bc16d000 rw-p 00000000 00:00 0 
7f81bc16d000-7f81bc170000 ---p 00000000 00:00 0 
7f81bc170000-7f81bc46e000 rw-p 00000000 00:00 0 
7f81bc46e000-7f81bc66e000 rw-p 00000000 00:00 0 
7f81bc66e000-7f81bc86e000 rw-p 00000000 00:00 0 
7f81bc86e000-7f81bc875000 r--s 00000000 08:01 395915                     /usr/lib/x86_64-linux-gnu/gconv/gconv-modules.cache
7f81bc875000-7f81bc896000 r--p 00000000 08:01 531259                     /usr/share/locale-langpack/zh_CN/LC_MESSAGES/libc.mo
7f81bc896000-7f81bc897000 ---p 00000000 00:00 0 
7f81bc897000-7f81bc997000 rw-p 00000000 00:00 0 
7f81bc997000-7f81bc99a000 ---p 00000000 00:00 0 
7f81bc99a000-7f81bca98000 rw-p 00000000 00:00 0 
7f81bca98000-7f81bcaa9000 r--s 001bf000 08:01 266834                     /usr/lib/jvm/java-8-openjdk-amd64/jre/lib/jsse.jar
7f81bcaa9000-7f81bcab2000 r-xp 00000000 08:01 266869                     /usr/lib/jvm/java-8-openjdk-amd64/jre/lib/amd64/libmanagement.so
7f81bcab2000-7f81bccb1000 ---p 00009000 08:01 266869                     /usr/lib/jvm/java-8-openjdk-amd64/jre/lib/amd64/libmanagement.so
7f81bccb1000-7f81bccb2000 r--p 00008000 08:01 266869                     /usr/lib/jvm/java-8-openjdk-amd64/jre/lib/amd64/libmanagement.so
7f81bccb2000-7f81bccb3000 rw-p 00009000 08:01 266869                     /usr/lib/jvm/java-8-openjdk-amd64/jre/lib/amd64/libmanagement.so
7f81bccb3000-7f81bccb6000 ---p 00000000 00:00 0 
7f81bccb6000-7f81bcdb4000 rw-p 00000000 00:00 0 
7f81bcdb4000-7f81bcdb7000 ---p 00000000 00:00 0 
7f81bcdb7000-7f81bceb5000 rw-p 00000000 00:00 0 
7f81bceb5000-7f81bceb8000 ---p 00000000 00:00 0 
7f81bceb8000-7f81bcfb6000 rw-p 00000000 00:00 0 
7f81bcfb6000-7f81bcfbc000 r--s 000d3000 08:01 266845                     /usr/lib/jvm/java-8-openjdk-amd64/jre/lib/jfr.jar
7f81bcfbc000-7f81bcfbf000 ---p 00000000 00:00 0 
7f81bcfbf000-7f81bd0bd000 rw-p 00000000 00:00 0 
7f81bd0bd000-7f81bd0d5000 r-xp 00000000 08:01 266877                     /usr/lib/jvm/java-8-openjdk-amd64/jre/lib/amd64/libnet.so
7f81bd0d5000-7f81bd2d4000 ---p 00018000 08:01 266877                     /usr/lib/jvm/java-8-openjdk-amd64/jre/lib/amd64/libnet.so
7f81bd2d4000-7f81bd2d5000 r--p 00017000 08:01 266877                     /usr/lib/jvm/java-8-openjdk-amd64/jre/lib/amd64/libnet.so
7f81bd2d5000-7f81bd2d6000 rw-p 00018000 08:01 266877                     /usr/lib/jvm/java-8-openjdk-amd64/jre/lib/amd64/libnet.so
7f81bd2d6000-7f81bd2e8000 r-xp 00000000 08:01 266873                     /usr/lib/jvm/java-8-openjdk-amd64/jre/lib/amd64/libnio.so
7f81bd2e8000-7f81bd4e7000 ---p 00012000 08:01 266873                     /usr/lib/jvm/java-8-openjdk-amd64/jre/lib/amd64/libnio.so
7f81bd4e7000-7f81bd4e8000 r--p 00011000 08:01 266873                     /usr/lib/jvm/java-8-openjdk-amd64/jre/lib/amd64/libnio.so
7f81bd4e8000-7f81bd4e9000 rw-p 00012000 08:01 266873                     /usr/lib/jvm/java-8-openjdk-amd64/jre/lib/amd64/libnio.so
7f81bd4e9000-7f81bd4eb000 r--s 0001d000 08:01 3277768                    /opt/idea-IU-203.7148.57/lib/idea_rt.jar
7f81bd4eb000-7f81bd4ed000 r--s 0000e000 08:01 4065998                    /home/r00t/.m2/repository/oro/oro/2.0.8/oro-2.0.8.jar
7f81bd4ed000-7f81bd4f0000 r--s 0001f000 08:01 4065970                    /home/r00t/.m2/repository/commons-validator/commons-validator/1.3.1/commons-validator-1.3.1.jar
7f81bd4f0000-7f81bd4f2000 r--s 00008000 08:01 4066993                    /home/r00t/.m2/repository/commons-logging/commons-logging/1.0.4/commons-logging-1.0.4.jar
7f81bd4f2000-7f81bd4f6000 r--s 00020000 08:01 4065966                    /home/r00t/.m2/repository/commons-digester/commons-digester/1.8/commons-digester-1.8.jar
7f81bd4f6000-7f81bd4f8000 r--s 00014000 08:01 4065968                    /home/r00t/.m2/repository/commons-chain/commons-chain/1.1/commons-chain-1.1.jar
7f81bd4f8000-7f81bd4fd000 r--s 0002a000 08:01 4065964                    /home/r00t/.m2/repository/commons-beanutils/commons-beanutils/1.7.0/commons-beanutils-1.7.0.jar
7f81bd4fd000-7f81bd502000 r--s 00068000 08:01 4459383                    /home/r00t/.m2/repository/antlr/antlr/2.7.7/antlr-2.7.7.jar
7f81bd502000-7f81bd508000 r--s 0004b000 08:01 4065938                    /home/r00t/.m2/repository/org/apache/struts/struts-core/1.3.8/struts-core-1.3.8.jar
7f81bd508000-7f81bd509000 r--s 00002000 08:01 4459217                    /home/r00t/.m2/repository/org/reactivestreams/reactive-streams/1.0.3/reactive-streams-1.0.3.jar
7f81bd509000-7f81bd563000 r--s 003fd000 08:01 4459219                    /home/r00t/.m2/repository/org/neo4j/driver/neo4j-java-driver/4.1.1/neo4j-java-driver-4.1.1.jar
7f81bd563000-7f81bd57d000 r--s 00115000 08:01 4459221                    /home/r00t/.m2/repository/org/springframework/data/spring-data-commons/2.4.5/spring-data-commons-2.4.5.jar
7f81bd57d000-7f81bd584000 r--s 0003a000 08:01 4328794                    /home/r00t/.m2/repository/org/neo4j/neo4j-cypher-dsl/2021.0.0/neo4j-cypher-dsl-2021.0.0.jar
7f81bd584000-7f81bd585000 r--s 00000000 08:01 4063788                    /home/r00t/.m2/repository/org/apiguardian/apiguardian-api/1.1.0/apiguardian-api-1.1.0.jar
7f81bd585000-7f81bd58f000 r--s 00073000 08:01 4066901                    /home/r00t/.m2/repository/org/springframework/data/spring-data-neo4j/6.0.5/spring-data-neo4j-6.0.5.jar
7f81bd58f000-7f81bd590000 r--s 00001000 08:01 4459237                    /home/r00t/.m2/repository/org/springframework/boot/spring-boot-starter-data-neo4j/2.4.3/spring-boot-starter-data-neo4j-2.4.3.jar
7f81bd590000-7f81bd592000 r--s 0000b000 08:01 4066700                    /home/r00t/.m2/repository/org/json/json/20160212/json-20160212.jar
7f81bd592000-7f81bd594000 r--s 00009000 08:01 4066698                    /home/r00t/.m2/repository/org/apache/httpcomponents/httpmime/4.5.13/httpmime-4.5.13.jar
7f81bd594000-7f81bd59c000 r--s 00053000 08:01 4066697                    /home/r00t/.m2/repository/org/apache/httpcomponents/httpcore-nio/4.4.14/httpcore-nio-4.4.14.jar
7f81bd59c000-7f81bd59f000 r--s 00029000 08:01 4066692                    /home/r00t/.m2/repository/org/apache/httpcomponents/httpasyncclient/4.1.4/httpasyncclient-4.1.4.jar
7f81bd59f000-7f81bd5a6000 r--s 00050000 08:01 4066691                    /home/r00t/.m2/repository/commons-codec/commons-codec/1.15/commons-codec-1.15.jar
7f81bd5a6000-7f81bd5ae000 r--s 00049000 08:01 4066688                    /home/r00t/.m2/repository/org/apache/httpcomponents/httpcore/4.4.14/httpcore-4.4.14.jar
7f81bd5ae000-7f81bd5bb000 r--s 000b2000 08:01 4064298                    /home/r00t/.m2/repository/org/apache/httpcomponents/httpclient/4.5.13/httpclient-4.5.13.jar
7f81bd5bb000-7f81bd5bd000 r--s 00009000 08:01 4066694                    /home/r00t/.m2/repository/com/mashape/unirest/unirest-java/1.4.9/unirest-java-1.4.9.jar
7f81bd5bd000-7f81bd5be000 r--s 00005000 08:01 3934219                    /home/r00t/.m2/repository/org/springframework/spring-jcl/5.3.4/spring-jcl-5.3.4.jar
7f81bd5be000-7f81bd5da000 r--s 0014b000 08:01 3932711                    /home/r00t/.m2/repository/org/springframework/spring-core/5.3.4/spring-core-5.3.4.jar
7f81bd5da000-7f81bd5f4000 r--s 00234000 08:01 3934529                    /home/r00t/.m2/repository/mysql/mysql-connector-java/8.0.23/mysql-connector-java-8.0.23.jar
7f81bd5f4000-7f81bd5f6000 r--s 00010000 08:01 3932717                    /home/r00t/.m2/repository/org/mybatis/mybatis-spring/2.0.6/mybatis-spring-2.0.6.jar
7f81bd5f6000-7f81bd612000 r--s 0018d000 08:01 3933326                    /home/r00t/.m2/repository/org/mybatis/mybatis/3.5.6/mybatis-3.5.6.jar
7f81bd612000-7f81bd614000 r--s 00005000 08:01 3932692                    /home/r00t/.m2/repository/org/mybatis/spring/boot/mybatis-spring-boot-autoconfigure/2.1.4/mybatis-spring-boot-autoconfigure-2.1.4.jar
7f81bd614000-7f81bd615000 r--s 00000000 08:01 3932704                    /home/r00t/.m2/repository/org/mybatis/spring/boot/mybatis-spring-boot-starter/2.1.4/mybatis-spring-boot-starter-2.1.4.jar
7f81bd615000-7f81bd61a000 r--s 00040000 08:01 3934223                    /home/r00t/.m2/repository/org/springframework/spring-expression/5.3.4/spring-expression-5.3.4.jar
7f81bd61a000-7f81bd635000 r--s 00115000 08:01 3934523                    /home/r00t/.m2/repository/org/springframework/spring-context/5.3.4/spring-context-5.3.4.jar
7f81bd635000-7f81bd63e000 r--s 00053000 08:01 3934524                    /home/r00t/.m2/repository/org/springframework/spring-aop/5.3.4/spring-aop-5.3.4.jar
7f81bd63e000-7f81bd651000 r--s 000e2000 08:01 3934227                    /home/r00t/.m2/repository/org/springframework/spring-webmvc/5.3.4/spring-webmvc-5.3.4.jar
7f81bd651000-7f81bd66f000 r--s 00164000 08:01 3934522                    /home/r00t/.m2/repository/org/springframework/spring-web/5.3.4/spring-web-5.3.4.jar
7f81bd66f000-7f81bd675000 r--s 0003d000 08:01 3932721                    /home/r00t/.m2/repository/org/apache/tomcat/embed/tomcat-embed-websocket/9.0.43/tomcat-embed-websocket-9.0.43.jar
7f81bd675000-7f81bd67a000 r--s 00036000 08:01 3934508                    /home/r00t/.m2/repository/org/glassfish/jakarta.el/3.0.3/jakarta.el-3.0.3.jar
7f81bd67a000-7f81bd6a5000 r--s 00314000 08:01 3934512                    /home/r00t/.m2/repository/org/apache/tomcat/embed/tomcat-embed-core/9.0.43/tomcat-embed-core-9.0.43.jar
7f81bd6a5000-7f81bd6a6000 r--s 00001000 08:01 3934509                    /home/r00t/.m2/repository/org/springframework/boot/spring-boot-starter-tomcat/2.4.3/spring-boot-starter-tomcat-2.4.3.jar
7f81bd6a6000-7f81bd6a8000 r--s 00001000 08:01 3933354                    /home/r00t/.m2/repository/com/fasterxml/jackson/module/jackson-module-parameter-names/2.11.4/jackson-module-parameter-names-2.11.4.jar
7f81bd6a8000-7f81bd6ac000 r--s 00018000 08:01 3934495                    /home/r00t/.m2/repository/com/fasterxml/jackson/datatype/jackson-datatype-jsr310/2.11.4/jackson-datatype-jsr310-2.11.4.jar
7f81bd6ac000-7f81bd6ae000 r--s 00007000 08:01 3934491                    /home/r00t/.m2/repository/com/fasterxml/jackson/datatype/jackson-datatype-jdk8/2.11.4/jackson-datatype-jdk8-2.11.4.jar
7f81bd6ae000-7f81bd6b2000 r--s 00052000 08:01 3933313                    /home/r00t/.m2/repository/com/fasterxml/jackson/core/jackson-core/2.11.4/jackson-core-2.11.4.jar
7f81bd6b2000-7f81bd6b5000 r--s 0000f000 08:01 3934498                    /home/r00t/.m2/repository/com/fasterxml/jackson/core/jackson-annotations/2.11.4/jackson-annotations-2.11.4.jar
7f81bd6b5000-7f81bd6cb000 r--s 00146000 08:01 3934506                    /home/r00t/.m2/repository/com/fasterxml/jackson/core/jackson-databind/2.11.4/jackson-databind-2.11.4.jar
7f81bd6cb000-7f81bd6cc000 r--s 00001000 08:01 3934212                    /home/r00t/.m2/repository/org/springframework/boot/spring-boot-starter-json/2.4.3/spring-boot-starter-json-2.4.3.jar
7f81bd6cc000-7f81bd6cd000 r--s 00001000 08:01 3934133                    /home/r00t/.m2/repository/org/springframework/boot/spring-boot-starter-web/2.4.3/spring-boot-starter-web-2.4.3.jar
7f81bd6cd000-7f81bd6ce000 r--s 00009000 08:01 3933307                    /home/r00t/.m2/repository/org/thymeleaf/extras/thymeleaf-extras-java8time/3.0.4.RELEASE/thymeleaf-extras-java8time-3.0.4.RELEASE.jar
7f81bd6ce000-7f81bd6d1000 r--s 00028000 08:01 3932705                    /home/r00t/.m2/repository/org/unbescape/unbescape/1.1.6.RELEASE/unbescape-1.1.6.RELEASE.jar
7f81bd6d1000-7f81bd6d6000 r--s 00037000 08:01 3932714                    /home/r00t/.m2/repository/org/attoparser/attoparser/2.0.5.RELEASE/attoparser-2.0.5.RELEASE.jar
7f81bd6d6000-7f81bd6e6000 r--s 000c4000 08:01 3933370                    /home/r00t/.m2/repository/org/thymeleaf/thymeleaf/3.0.12.RELEASE/thymeleaf-3.0.12.RELEASE.jar
7f81bd6e6000-7f81bd6ea000 r--s 00028000 08:01 3933349                    /home/r00t/.m2/repository/org/thymeleaf/thymeleaf-spring5/3.0.12.RELEASE/thymeleaf-spring5-3.0.12.RELEASE.jar
7f81bd6ea000-7f81bd6eb000 r--s 00001000 08:01 3932708                    /home/r00t/.m2/repository/org/springframework/boot/spring-boot-starter-thymeleaf/2.4.3/spring-boot-starter-thymeleaf-2.4.3.jar
7f81bd6eb000-7f81bd6f5000 r--s 00047000 08:01 3933300                    /home/r00t/.m2/repository/org/springframework/spring-tx/5.3.4/spring-tx-5.3.4.jar
7f81bd6f5000-7f81bd702000 r--s 0009e000 08:01 3934520                    /home/r00t/.m2/repository/org/springframework/spring-beans/5.3.4/spring-beans-5.3.4.jar
7f81bd702000-7f81bd70b000 r--s 0005d000 08:01 3932707                    /home/r00t/.m2/repository/org/springframework/spring-jdbc/5.3.4/spring-jdbc-5.3.4.jar
7f81bd70b000-7f81bd70d000 r--s 00009000 08:01 3932691                    /home/r00t/.m2/repository/org/slf4j/slf4j-api/1.7.30/slf4j-api-1.7.30.jar
7f81bd70d000-7f81bd711000 r--s 00023000 08:01 3932720                    /home/r00t/.m2/repository/com/zaxxer/HikariCP/3.4.5/HikariCP-3.4.5.jar
7f81bd711000-7f81bd718000 r--s 00045000 08:01 3932719                    /home/r00t/.m2/repository/org/yaml/snakeyaml/1.27/snakeyaml-1.27.jar
7f81bd718000-7f81bd71a000 r--s 00005000 08:01 3934510                    /home/r00t/.m2/repository/jakarta/annotation/jakarta.annotation-api/1.3.5/jakarta.annotation-api-1.3.5.jar
7f81bd71a000-7f81bd71c000 r--s 00000000 08:01 3932710                    /home/r00t/.m2/repository/org/slf4j/jul-to-slf4j/1.7.30/jul-to-slf4j-1.7.30.jar
7f81bd71c000-7f81bd722000 r--s 00042000 08:01 3932712                    /home/r00t/.m2/repository/org/apache/logging/log4j/log4j-api/2.13.3/log4j-api-2.13.3.jar
7f81bd722000-7f81bd724000 r--s 00003000 08:01 3932701                    /home/r00t/.m2/repository/org/apache/logging/log4j/log4j-to-slf4j/2.13.3/log4j-to-slf4j-2.13.3.jar
7f81bd724000-7f81bd72f000 r--s 00069000 08:01 3932702                    /home/r00t/.m2/repository/ch/qos/logback/logback-core/1.2.3/logback-core-1.2.3.jar
7f81bd72f000-7f81bd735000 r--s 00041000 08:01 3932699                    /home/r00t/.m2/repository/ch/qos/logback/logback-classic/1.2.3/logback-classic-1.2.3.jar
7f81bd735000-7f81bd736000 r--s 00001000 08:01 3932706                    /home/r00t/.m2/repository/org/springframework/boot/spring-boot-starter-logging/2.4.3/spring-boot-starter-logging-2.4.3.jar
7f81bd736000-7f81bd761000 r--s 0014e000 08:01 3934515                    /home/r00t/.m2/repository/org/springframework/boot/spring-boot-autoconfigure/2.4.3/spring-boot-autoconfigure-2.4.3.jar
7f81bd761000-7f81bd77d000 r--s 00125000 08:01 3932693                    /home/r00t/.m2/repository/org/springframework/boot/spring-boot/2.4.3/spring-boot-2.4.3.jar
7f81bd77d000-7f81bd77e000 r--s 00001000 08:01 3934535                    /home/r00t/.m2/repository/org/springframework/boot/spring-boot-starter/2.4.3/spring-boot-starter-2.4.3.jar
7f81bd77e000-7f81bd77f000 r--s 00001000 08:01 3934519                    /home/r00t/.m2/repository/org/springframework/boot/spring-boot-starter-jdbc/2.4.3/spring-boot-starter-jdbc-2.4.3.jar
7f81bd77f000-7f81bd792000 r--s 0034b000 08:01 266904                     /usr/lib/jvm/java-8-openjdk-amd64/jre/lib/resources.jar
7f81bd792000-7f81bd793000 r--s 00000000 08:01 266837                     /usr/lib/jvm/java-8-openjdk-amd64/jre/lib/management-agent.jar
7f81bd793000-7f81bd7a4000 r--s 001bf000 08:01 266834                     /usr/lib/jvm/java-8-openjdk-amd64/jre/lib/jsse.jar
7f81bd7a4000-7f81bd7aa000 r--s 000d3000 08:01 266845                     /usr/lib/jvm/java-8-openjdk-amd64/jre/lib/jfr.jar
7f81bd7aa000-7f81bd7af000 r--s 002f9000 08:01 266866                     /usr/lib/jvm/java-8-openjdk-amd64/jre/lib/charsets.jar
7f81bd7af000-7f81bd7ca000 r--s 001d6000 08:01 266856                     /usr/lib/jvm/java-8-openjdk-amd64/jre/lib/ext/nashorn.jar
7f81bd7ca000-7f81bd7cd000 ---p 00000000 00:00 0 
7f81bd7cd000-7f81bd8cb000 rw-p 00000000 00:00 0 
7f81bd8cb000-7f81be28a000 r--p 00000000 08:01 138866                     /usr/lib/locale/locale-archive
7f81be28a000-7f81be28d000 ---p 00000000 00:00 0 
7f81be28d000-7f81be38b000 rw-p 00000000 00:00 0 
7f81be38b000-7f81be38e000 ---p 00000000 00:00 0 
7f81be38e000-7f81be48c000 rw-p 00000000 00:00 0 
7f81be48c000-7f81be48d000 ---p 00000000 00:00 0 
7f81be48d000-7f81bee96000 rw-p 00000000 00:00 0 
7f81bee96000-7f81bf067000 r--s 03ca5000 08:01 266838                     /usr/lib/jvm/java-8-openjdk-amd64/jre/lib/rt.jar
7f81bf067000-7f81c3a7a000 rw-p 00000000 00:00 0 
7f81c3a7a000-7f81c3a7b000 ---p 00000000 00:00 0 
7f81c3a7b000-7f81c3b9a000 rw-p 00000000 00:00 0 
7f81c3b9a000-7f81c3e13000 ---p 00000000 00:00 0 
7f81c3e13000-7f81c3e32000 rw-p 00000000 00:00 0 
7f81c3e32000-7f81c40aa000 ---p 00000000 00:00 0 
7f81c40aa000-7f81c40f0000 rw-p 00000000 00:00 0 
7f81c40f0000-7f81c41f6000 ---p 00000000 00:00 0 
7f81c41f6000-7f81c420e000 rw-p 00000000 00:00 0 
7f81c420e000-7f81c45b7000 ---p 00000000 00:00 0 
7f81c45b7000-7f81c4b77000 rwxp 00000000 00:00 0 
7f81c4b77000-7f81d35b7000 ---p 00000000 00:00 0 
7f81d35b7000-7f81d35bf000 r-xp 00000000 08:01 266876                     /usr/lib/jvm/java-8-openjdk-amd64/jre/lib/amd64/libzip.so
7f81d35bf000-7f81d37be000 ---p 00008000 08:01 266876                     /usr/lib/jvm/java-8-openjdk-amd64/jre/lib/amd64/libzip.so
7f81d37be000-7f81d37bf000 r--p 00007000 08:01 266876                     /usr/lib/jvm/java-8-openjdk-amd64/jre/lib/amd64/libzip.so
7f81d37bf000-7f81d37c0000 rw-p 00008000 08:01 266876                     /usr/lib/jvm/java-8-openjdk-amd64/jre/lib/amd64/libzip.so
7f81d37c0000-7f81d37cb000 r-xp 00000000 08:01 3412875                    /lib/x86_64-linux-gnu/libnss_files-2.23.so
7f81d37cb000-7f81d39ca000 ---p 0000b000 08:01 3412875                    /lib/x86_64-linux-gnu/libnss_files-2.23.so
7f81d39ca000-7f81d39cb000 r--p 0000a000 08:01 3412875                    /lib/x86_64-linux-gnu/libnss_files-2.23.so
7f81d39cb000-7f81d39cc000 rw-p 0000b000 08:01 3412875                    /lib/x86_64-linux-gnu/libnss_files-2.23.so
7f81d39cc000-7f81d39d2000 rw-p 00000000 00:00 0 
7f81d39d2000-7f81d39dd000 r-xp 00000000 08:01 3412885                    /lib/x86_64-linux-gnu/libnss_nis-2.23.so
7f81d39dd000-7f81d3bdc000 ---p 0000b000 08:01 3412885                    /lib/x86_64-linux-gnu/libnss_nis-2.23.so
7f81d3bdc000-7f81d3bdd000 r--p 0000a000 08:01 3412885                    /lib/x86_64-linux-gnu/libnss_nis-2.23.so
7f81d3bdd000-7f81d3bde000 rw-p 0000b000 08:01 3412885                    /lib/x86_64-linux-gnu/libnss_nis-2.23.so
7f81d3bde000-7f81d3bf4000 r-xp 00000000 08:01 3412869                    /lib/x86_64-linux-gnu/libnsl-2.23.so
7f81d3bf4000-7f81d3df3000 ---p 00016000 08:01 3412869                    /lib/x86_64-linux-gnu/libnsl-2.23.so
7f81d3df3000-7f81d3df4000 r--p 00015000 08:01 3412869                    /lib/x86_64-linux-gnu/libnsl-2.23.so
7f81d3df4000-7f81d3df5000 rw-p 00016000 08:01 3412869                    /lib/x86_64-linux-gnu/libnsl-2.23.so
7f81d3df5000-7f81d3df7000 rw-p 00000000 00:00 0 
7f81d3df7000-7f81d3dff000 r-xp 00000000 08:01 3412871                    /lib/x86_64-linux-gnu/libnss_compat-2.23.so
7f81d3dff000-7f81d3ffe000 ---p 00008000 08:01 3412871                    /lib/x86_64-linux-gnu/libnss_compat-2.23.so
7f81d3ffe000-7f81d3fff000 r--p 00007000 08:01 3412871                    /lib/x86_64-linux-gnu/libnss_compat-2.23.so
7f81d3fff000-7f81d4000000 rw-p 00008000 08:01 3412871                    /lib/x86_64-linux-gnu/libnss_compat-2.23.so
7f81d4000000-7f81d4d3f000 rw-p 00000000 00:00 0 
7f81d4d3f000-7f81d8000000 ---p 00000000 00:00 0 
7f81d8000000-7f81d8002000 r--s 00016000 08:01 266822                     /usr/lib/jvm/java-8-openjdk-amd64/jre/lib/jce.jar
7f81d8002000-7f81d801d000 r--s 00394000 08:01 266854                     /usr/lib/jvm/java-8-openjdk-amd64/jre/lib/ext/cldrdata.jar
7f81d801d000-7f81d8093000 rw-p 00000000 00:00 0 
7f81d8093000-7f81d8094000 ---p 00000000 00:00 0 
7f81d8094000-7f81d8194000 rw-p 00000000 00:00 0 
7f81d8194000-7f81d819e000 r-xp 00000000 08:01 266894                     /usr/lib/jvm/java-8-openjdk-amd64/jre/lib/amd64/libinstrument.so
7f81d819e000-7f81d839d000 ---p 0000a000 08:01 266894                     /usr/lib/jvm/java-8-openjdk-amd64/jre/lib/amd64/libinstrument.so
7f81d839d000-7f81d839e000 r--p 00009000 08:01 266894                     /usr/lib/jvm/java-8-openjdk-amd64/jre/lib/amd64/libinstrument.so
7f81d839e000-7f81d839f000 rw-p 0000a000 08:01 266894                     /usr/lib/jvm/java-8-openjdk-amd64/jre/lib/amd64/libinstrument.so
7f81d839f000-7f81d83c9000 r-xp 00000000 08:01 266883                     /usr/lib/jvm/java-8-openjdk-amd64/jre/lib/amd64/libjava.so
7f81d83c9000-7f81d85c8000 ---p 0002a000 08:01 266883                     /usr/lib/jvm/java-8-openjdk-amd64/jre/lib/amd64/libjava.so
7f81d85c8000-7f81d85c9000 r--p 00029000 08:01 266883                     /usr/lib/jvm/java-8-openjdk-amd64/jre/lib/amd64/libjava.so
7f81d85c9000-7f81d85cb000 rw-p 0002a000 08:01 266883                     /usr/lib/jvm/java-8-openjdk-amd64/jre/lib/amd64/libjava.so
7f81d85cb000-7f81d85da000 r-xp 00000000 08:01 266881                     /usr/lib/jvm/java-8-openjdk-amd64/jre/lib/amd64/libverify.so
7f81d85da000-7f81d87d9000 ---p 0000f000 08:01 266881                     /usr/lib/jvm/java-8-openjdk-amd64/jre/lib/amd64/libverify.so
7f81d87d9000-7f81d87db000 r--p 0000e000 08:01 266881                     /usr/lib/jvm/java-8-openjdk-amd64/jre/lib/amd64/libverify.so
7f81d87db000-7f81d87dc000 rw-p 00010000 08:01 266881                     /usr/lib/jvm/java-8-openjdk-amd64/jre/lib/amd64/libverify.so
7f81d87dc000-7f81d87e3000 r-xp 00000000 08:01 3412930                    /lib/x86_64-linux-gnu/librt-2.23.so
7f81d87e3000-7f81d89e2000 ---p 00007000 08:01 3412930                    /lib/x86_64-linux-gnu/librt-2.23.so
7f81d89e2000-7f81d89e3000 r--p 00006000 08:01 3412930                    /lib/x86_64-linux-gnu/librt-2.23.so
7f81d89e3000-7f81d89e4000 rw-p 00007000 08:01 3412930                    /lib/x86_64-linux-gnu/librt-2.23.so
7f81d89e4000-7f81d89fa000 r-xp 00000000 08:01 3412814                    /lib/x86_64-linux-gnu/libgcc_s.so.1
7f81d89fa000-7f81d8bf9000 ---p 00016000 08:01 3412814                    /lib/x86_64-linux-gnu/libgcc_s.so.1
7f81d8bf9000-7f81d8bfa000 rw-p 00015000 08:01 3412814                    /lib/x86_64-linux-gnu/libgcc_s.so.1
7f81d8bfa000-7f81d8d02000 r-xp 00000000 08:01 3412846                    /lib/x86_64-linux-gnu/libm-2.23.so
7f81d8d02000-7f81d8f01000 ---p 00108000 08:01 3412846                    /lib/x86_64-linux-gnu/libm-2.23.so
7f81d8f01000-7f81d8f02000 r--p 00107000 08:01 3412846                    /lib/x86_64-linux-gnu/libm-2.23.so
7f81d8f02000-7f81d8f03000 rw-p 00108000 08:01 3412846                    /lib/x86_64-linux-gnu/libm-2.23.so
7f81d8f03000-7f81d9075000 r-xp 00000000 08:01 141232                     /usr/lib/x86_64-linux-gnu/libstdc++.so.6.0.21
7f81d9075000-7f81d9275000 ---p 00172000 08:01 141232                     /usr/lib/x86_64-linux-gnu/libstdc++.so.6.0.21
7f81d9275000-7f81d927f000 r--p 00172000 08:01 141232                     /usr/lib/x86_64-linux-gnu/libstdc++.so.6.0.21
7f81d927f000-7f81d9281000 rw-p 0017c000 08:01 141232                     /usr/lib/x86_64-linux-gnu/libstdc++.so.6.0.21
7f81d9281000-7f81d9285000 rw-p 00000000 00:00 0 
7f81d9285000-7f81d9fab000 r-xp 00000000 08:01 266898                     /usr/lib/jvm/java-8-openjdk-amd64/jre/lib/amd64/server/libjvm.so
7f81d9fab000-7f81da1aa000 ---p 00d26000 08:01 266898                     /usr/lib/jvm/java-8-openjdk-amd64/jre/lib/amd64/server/libjvm.so
7f81da1aa000-7f81da240000 r--p 00d25000 08:01 266898                     /usr/lib/jvm/java-8-openjdk-amd64/jre/lib/amd64/server/libjvm.so
7f81da240000-7f81da269000 rw-p 00dbb000 08:01 266898                     /usr/lib/jvm/java-8-openjdk-amd64/jre/lib/amd64/server/libjvm.so
7f81da269000-7f81da29c000 rw-p 00000000 00:00 0 
7f81da29c000-7f81da2b4000 r-xp 00000000 08:01 3412922                    /lib/x86_64-linux-gnu/libpthread-2.23.so
7f81da2b4000-7f81da4b3000 ---p 00018000 08:01 3412922                    /lib/x86_64-linux-gnu/libpthread-2.23.so
7f81da4b3000-7f81da4b4000 r--p 00017000 08:01 3412922                    /lib/x86_64-linux-gnu/libpthread-2.23.so
7f81da4b4000-7f81da4b5000 rw-p 00018000 08:01 3412922                    /lib/x86_64-linux-gnu/libpthread-2.23.so
7f81da4b5000-7f81da4b9000 rw-p 00000000 00:00 0 
7f81da4b9000-7f81da4bc000 r-xp 00000000 08:01 3412800                    /lib/x86_64-linux-gnu/libdl-2.23.so
7f81da4bc000-7f81da6bb000 ---p 00003000 08:01 3412800                    /lib/x86_64-linux-gnu/libdl-2.23.so
7f81da6bb000-7f81da6bc000 r--p 00002000 08:01 3412800                    /lib/x86_64-linux-gnu/libdl-2.23.so
7f81da6bc000-7f81da6bd000 rw-p 00003000 08:01 3412800                    /lib/x86_64-linux-gnu/libdl-2.23.so
7f81da6bd000-7f81da6d6000 r-xp 00000000 08:01 3412967                    /lib/x86_64-linux-gnu/libz.so.1.2.8
7f81da6d6000-7f81da8d5000 ---p 00019000 08:01 3412967                    /lib/x86_64-linux-gnu/libz.so.1.2.8
7f81da8d5000-7f81da8d6000 r--p 00018000 08:01 3412967                    /lib/x86_64-linux-gnu/libz.so.1.2.8
7f81da8d6000-7f81da8d7000 rw-p 00019000 08:01 3412967                    /lib/x86_64-linux-gnu/libz.so.1.2.8
7f81da8d7000-7f81daa97000 r-xp 00000000 08:01 3412776                    /lib/x86_64-linux-gnu/libc-2.23.so
7f81daa97000-7f81dac97000 ---p 001c0000 08:01 3412776                    /lib/x86_64-linux-gnu/libc-2.23.so
7f81dac97000-7f81dac9b000 r--p 001c0000 08:01 3412776                    /lib/x86_64-linux-gnu/libc-2.23.so
7f81dac9b000-7f81dac9d000 rw-p 001c4000 08:01 3412776                    /lib/x86_64-linux-gnu/libc-2.23.so
7f81dac9d000-7f81daca1000 rw-p 00000000 00:00 0 
7f81daca1000-7f81dacaf000 r-xp 00000000 08:01 266888                     /usr/lib/jvm/java-8-openjdk-amd64/jre/lib/amd64/jli/libjli.so
7f81dacaf000-7f81daeae000 ---p 0000e000 08:01 266888                     /usr/lib/jvm/java-8-openjdk-amd64/jre/lib/amd64/jli/libjli.so
7f81daeae000-7f81daeaf000 r--p 0000d000 08:01 266888                     /usr/lib/jvm/java-8-openjdk-amd64/jre/lib/amd64/jli/libjli.so
7f81daeaf000-7f81daeb0000 rw-p 0000e000 08:01 266888                     /usr/lib/jvm/java-8-openjdk-amd64/jre/lib/amd64/jli/libjli.so
7f81daeb0000-7f81daed6000 r-xp 00000000 08:01 3412748                    /lib/x86_64-linux-gnu/ld-2.23.so
7f81daed6000-7f81daee1000 r--s 00116000 08:01 266858                     /usr/lib/jvm/java-8-openjdk-amd64/jre/lib/ext/localedata.jar
7f81daee1000-7f81daee7000 r--s 0003d000 08:01 266862                     /usr/lib/jvm/java-8-openjdk-amd64/jre/lib/ext/sunjce_provider.jar
7f81daee7000-7f81daee8000 r--s 0000a000 08:01 266857                     /usr/lib/jvm/java-8-openjdk-amd64/jre/lib/ext/jaccess.jar
7f81daee8000-7f81dafb8000 rw-p 00000000 00:00 0 
7f81dafb8000-7f81dafbb000 ---p 00000000 00:00 0 
7f81dafbb000-7f81db0bd000 rw-p 00000000 00:00 0 
7f81db0bd000-7f81db0c0000 r--s 0000f000 08:01 266860                     /usr/lib/jvm/java-8-openjdk-amd64/jre/lib/ext/icedtea-sound.jar
7f81db0c0000-7f81db0c2000 r--s 00008000 08:01 266853                     /usr/lib/jvm/java-8-openjdk-amd64/jre/lib/ext/sunec.jar
7f81db0c2000-7f81db0c4000 r--s 00010000 08:01 266855                     /usr/lib/jvm/java-8-openjdk-amd64/jre/lib/ext/zipfs.jar
7f81db0c4000-7f81db0c8000 r--s 00040000 08:01 266859                     /usr/lib/jvm/java-8-openjdk-amd64/jre/lib/ext/sunpkcs11.jar
7f81db0c8000-7f81db0ca000 r--s 00001000 08:01 266861                     /usr/lib/jvm/java-8-openjdk-amd64/jre/lib/ext/dnsns.jar
7f81db0ca000-7f81db0d2000 rw-s 00000000 08:01 4199270                    /tmp/hsperfdata_r00t/76444
7f81db0d2000-7f81db0d3000 rw-p 00000000 00:00 0 
7f81db0d3000-7f81db0d4000 ---p 00000000 00:00 0 
7f81db0d4000-7f81db0d5000 rw-p 00000000 00:00 0 
7f81db0d5000-7f81db0d6000 r--p 00025000 08:01 3412748                    /lib/x86_64-linux-gnu/ld-2.23.so
7f81db0d6000-7f81db0d7000 rw-p 00026000 08:01 3412748                    /lib/x86_64-linux-gnu/ld-2.23.so
7f81db0d7000-7f81db0d8000 rw-p 00000000 00:00 0 
7ffdbed63000-7ffdbed86000 rw-p 00000000 00:00 0                          [stack]
7ffdbeda7000-7ffdbedaa000 r--p 00000000 00:00 0                          [vvar]
7ffdbedaa000-7ffdbedac000 r-xp 00000000 00:00 0                          [vdso]
ffffffffff600000-ffffffffff601000 r-xp 00000000 00:00 0                  [vsyscall]

VM Arguments:
jvm_args: -XX:TieredStopAtLevel=1 -Xverify:none -Dspring.output.ansi.enabled=always -javaagent:/opt/idea-IU-203.7148.57/lib/idea_rt.jar=39809:/opt/idea-IU-203.7148.57/bin -Dcom.sun.management.jmxremote -Dspring.jmx.enabled=true -Dspring.liveBeansView.mbeanDomain -Dspring.application.admin.enabled=true -Dfile.encoding=UTF-8 
java_command: upc.csp1_0.Csp10Application
java_class_path (initial): /usr/lib/jvm/java-1.8.0-openjdk-amd64/jre/lib/charsets.jar:/usr/lib/jvm/java-1.8.0-openjdk-amd64/jre/lib/ext/cldrdata.jar:/usr/lib/jvm/java-1.8.0-openjdk-amd64/jre/lib/ext/dnsns.jar:/usr/lib/jvm/java-1.8.0-openjdk-amd64/jre/lib/ext/icedtea-sound.jar:/usr/lib/jvm/java-1.8.0-openjdk-amd64/jre/lib/ext/jaccess.jar:/usr/lib/jvm/java-1.8.0-openjdk-amd64/jre/lib/ext/localedata.jar:/usr/lib/jvm/java-1.8.0-openjdk-amd64/jre/lib/ext/nashorn.jar:/usr/lib/jvm/java-1.8.0-openjdk-amd64/jre/lib/ext/sunec.jar:/usr/lib/jvm/java-1.8.0-openjdk-amd64/jre/lib/ext/sunjce_provider.jar:/usr/lib/jvm/java-1.8.0-openjdk-amd64/jre/lib/ext/sunpkcs11.jar:/usr/lib/jvm/java-1.8.0-openjdk-amd64/jre/lib/ext/zipfs.jar:/usr/lib/jvm/java-1.8.0-openjdk-amd64/jre/lib/jce.jar:/usr/lib/jvm/java-1.8.0-openjdk-amd64/jre/lib/jfr.jar:/usr/lib/jvm/java-1.8.0-openjdk-amd64/jre/lib/jsse.jar:/usr/lib/jvm/java-1.8.0-openjdk-amd64/jre/lib/management-agent.jar:/usr/lib/jvm/java-1.8.0-openjdk-amd64/jre/lib/resources.jar:/usr/lib/jvm/java-1.8.0-openjdk-amd64/jre/lib/rt.jar:/home/r00t/IdeaProjects/csp1_0/csp1_0/csp1_0/csp1_0/target/classes:/home/r00t/.m2/repository/org/springframework/boot/spring-boot-starter-jdbc/2.4.3/spring-boot-starter-jdbc-2.4.3.jar:/home/r00t/.m2/repository/org/springframework/boot/spring-boot-starter/2.4.3/spring-boot-starter-2.4.3.jar:/home/r00t/.m2/repository/org/springframework/boot/spring-boot/2.4.3/spring-boot-2.4.3.jar:/home/r00t/.m2/repository/org/springframework/boot/spring-boot-autoconfigure/2.4.3/spring-boot-autoconfigure-2.4.3.jar:/home/r00t/.m2/repository/org/springframework/boot/spring-boot-starter-logging/2.4.3/spring-boot-starter-logging-2.4.3.jar:/home/r00t/.m2/repository/ch/qos/logback/logback-classic/1.2.3/logback-classic-1.2.3.jar:/home/r00t/.m2/repository/ch/qos/logback/logback-core/1.2.3/logback-core-1.2.3.jar:/home/r00t/.m2/repository/org/apache/logging/log4j/log4j-to-slf4j/2.13.3/log4j-to-slf4j-2.13.3.jar:/home/r00t/.m2/repository/org/apache/log
Launcher Type: SUN_STANDARD

Environment Variables:
JAVA_HOME=/usr/lib/jvm/java-8-openjdk-amd64
CLASSPATH=/opt/idea-IU-203.7148.57/lib/bootstrap.jar:/opt/idea-IU-203.7148.57/lib/util.jar:/opt/idea-IU-203.7148.57/lib/jdom.jar:/opt/idea-IU-203.7148.57/lib/log4j.jar:/opt/idea-IU-203.7148.57/lib/jna.jar:/lib/tools.jar
PATH=/home/r00t/bin:/home/r00t/.local/bin:/usr/local/sbin:/usr/local/bin:/usr/sbin:/usr/bin:/sbin:/bin:/usr/games:/usr/local/games:/snap/bin:/opt/maven/apache-maven-3.6.3/bin
SHELL=/bin/bash
DISPLAY=:0

Signal Handlers:
SIGSEGV: [libjvm.so+0xb1f1b0], sa_mask[0]=11111111011111111101111111111110, sa_flags=SA_RESTART|SA_SIGINFO
SIGBUS: [libjvm.so+0xb1f1b0], sa_mask[0]=11111111011111111101111111111110, sa_flags=SA_RESTART|SA_SIGINFO
SIGFPE: [libjvm.so+0x956cf0], sa_mask[0]=11111111011111111101111111111110, sa_flags=SA_RESTART|SA_SIGINFO
SIGPIPE: [libjvm.so+0x956cf0], sa_mask[0]=11111111011111111101111111111110, sa_flags=SA_RESTART|SA_SIGINFO
SIGXFSZ: [libjvm.so+0x956cf0], sa_mask[0]=11111111011111111101111111111110, sa_flags=SA_RESTART|SA_SIGINFO
SIGILL: [libjvm.so+0x956cf0], sa_mask[0]=11111111011111111101111111111110, sa_flags=SA_RESTART|SA_SIGINFO
SIGUSR1: SIG_DFL, sa_mask[0]=00000000000000000000000000000000, sa_flags=none
SIGUSR2: [libjvm.so+0x956ba0], sa_mask[0]=00100000000000000000000000000000, sa_flags=SA_RESTART|SA_SIGINFO
SIGHUP: [libjvm.so+0x957230], sa_mask[0]=11111111011111111101111111111110, sa_flags=SA_RESTART|SA_SIGINFO
SIGINT: [libjvm.so+0x957230], sa_mask[0]=11111111011111111101111111111110, sa_flags=SA_RESTART|SA_SIGINFO
SIGTERM: [libjvm.so+0x957230], sa_mask[0]=11111111011111111101111111111110, sa_flags=SA_RESTART|SA_SIGINFO
SIGQUIT: [libjvm.so+0x957230], sa_mask[0]=11111111011111111101111111111110, sa_flags=SA_RESTART|SA_SIGINFO


---------------  S Y S T E M  ---------------

OS:DISTRIB_ID=Ubuntu
DISTRIB_RELEASE=16.04
DISTRIB_CODENAME=xenial
DISTRIB_DESCRIPTION="Ubuntu 16.04.7 LTS"

uname:Linux 4.15.0-142-generic #146~16.04.1-Ubuntu SMP Tue Apr 13 09:27:15 UTC 2021 x86_64
libc:glibc 2.23 NPTL 2.23 
rlimit: STACK 8192k, CORE 0k, NPROC 31574, NOFILE 1048576, AS infinity
load average:0.96 0.53 1.20

/proc/meminfo:
MemTotal:        8144672 kB
MemFree:          103832 kB
MemAvailable:       3516 kB
Buffers:             452 kB
Cached:           101460 kB
SwapCached:         4424 kB
Active:          6822604 kB
Inactive:         858768 kB
Active(anon):    6818180 kB
Inactive(anon):   852396 kB
Active(file):       4424 kB
Inactive(file):     6372 kB
Unevictable:       34916 kB
Mlocked:           34916 kB
SwapTotal:        998396 kB
SwapFree:              0 kB
Dirty:                72 kB
Writeback:           552 kB
AnonPages:       7610308 kB
Mapped:            38288 kB
Shmem:             83352 kB
Slab:             144168 kB
SReclaimable:      62176 kB
SUnreclaim:        81992 kB
KernelStack:       22192 kB
PageTables:        79740 kB
NFS_Unstable:          0 kB
Bounce:                0 kB
WritebackTmp:          0 kB
CommitLimit:     5070732 kB
Committed_AS:   13129412 kB
VmallocTotal:   34359738367 kB
VmallocUsed:           0 kB
VmallocChunk:          0 kB
HardwareCorrupted:     0 kB
AnonHugePages:         0 kB
ShmemHugePages:        0 kB
ShmemPmdMapped:        0 kB
CmaTotal:              0 kB
CmaFree:               0 kB
HugePages_Total:       0
HugePages_Free:        0
HugePages_Rsvd:        0
HugePages_Surp:        0
Hugepagesize:       2048 kB
DirectMap4k:      190272 kB
DirectMap2M:     6100992 kB
DirectMap1G:     4194304 kB

container (cgroup) information:
container_type: cgroupv1
cpu_cpuset_cpus: 0-1
cpu_memory_nodes: 0
active_processor_count: 2
cpu_quota: -1
cpu_period: 100000
cpu_shares: -1
memory_limit_in_bytes: -1
memory_and_swap_limit_in_bytes: -2
memory_soft_limit_in_bytes: -1
memory_usage_in_bytes: 7897649152
memory_max_usage_in_bytes: 20668416


CPU:total 2 (initial active 2) (1 cores per cpu, 1 threads per core) family 6 model 151 stepping 2, cmov, cx8, fxsr, mmx, sse, sse2, sse3, ssse3, sse4.1, sse4.2, popcnt, avx, avx2, aes, clmul, erms, 3dnowpref, lzcnt, tsc, tscinvbit, bmi1, bmi2, adx

/proc/cpuinfo:
processor	: 0
vendor_id	: GenuineIntel
cpu family	: 6
model		: 151
model name	: 12th Gen Intel(R) Core(TM) i7-12700
stepping	: 2
microcode	: 0x1e
cpu MHz		: 2112.000
cache size	: 25600 KB
physical id	: 0
siblings	: 1
core id		: 0
cpu cores	: 1
apicid		: 0
initial apicid	: 0
fpu		: yes
fpu_exception	: yes
cpuid level	: 32
wp		: yes
flags		: fpu vme de pse tsc msr pae mce cx8 apic sep mtrr pge mca cmov pat pse36 clflush mmx fxsr sse sse2 ss syscall nx pdpe1gb rdtscp lm constant_tsc arch_perfmon nopl xtopology tsc_reliable nonstop_tsc cpuid pni pclmulqdq ssse3 fma cx16 pcid sse4_1 sse4_2 x2apic movbe popcnt tsc_deadline_timer aes xsave avx f16c rdrand hypervisor lahf_lm abm 3dnowprefetch invpcid_single ssbd ibrs ibpb stibp ibrs_enhanced fsgsbase tsc_adjust bmi1 avx2 smep bmi2 invpcid rdseed adx smap clflushopt clwb sha_ni xsaveopt xsavec xgetbv1 xsaves arat umip pku ospke gfni vaes vpclmulqdq rdpid md_clear flush_l1d arch_capabilities
bugs		: spectre_v1 spectre_v2 spec_store_bypass swapgs itlb_multihit
bogomips	: 4224.00
clflush size	: 64
cache_alignment	: 64
address sizes	: 45 bits physical, 48 bits virtual
power management:

processor	: 1
vendor_id	: GenuineIntel
cpu family	: 6
model		: 151
model name	: 12th Gen Intel(R) Core(TM) i7-12700
stepping	: 2
microcode	: 0x1e
cpu MHz		: 2112.000
cache size	: 25600 KB
physical id	: 2
siblings	: 1
core id		: 0
cpu cores	: 1
apicid		: 2
initial apicid	: 2
fpu		: yes
fpu_exception	: yes
cpuid level	: 32
wp		: yes
flags		: fpu vme de pse tsc msr pae mce cx8 apic sep mtrr pge mca cmov pat pse36 clflush mmx fxsr sse sse2 ss syscall nx pdpe1gb rdtscp lm constant_tsc arch_perfmon nopl xtopology tsc_reliable nonstop_tsc cpuid pni pclmulqdq ssse3 fma cx16 pcid sse4_1 sse4_2 x2apic movbe popcnt tsc_deadline_timer aes xsave avx f16c rdrand hypervisor lahf_lm abm 3dnowprefetch invpcid_single ssbd ibrs ibpb stibp ibrs_enhanced fsgsbase tsc_adjust bmi1 avx2 smep bmi2 invpcid rdseed adx smap clflushopt clwb sha_ni xsaveopt xsavec xgetbv1 xsaves arat umip pku ospke gfni vaes vpclmulqdq rdpid md_clear flush_l1d arch_capabilities
bugs		: spectre_v1 spectre_v2 spec_store_bypass swapgs itlb_multihit
bogomips	: 4224.00
clflush size	: 64
cache_alignment	: 64
address sizes	: 45 bits physical, 48 bits virtual
power management:



Memory: 4k page, physical 8144672k(103832k free), swap 998396k(0k free)

vm_info: OpenJDK 64-Bit Server VM (25.292-b10) for linux-amd64 JRE (1.8.0_292-8u292-b10-0ubuntu1~16.04.1-b10), built on Apr 21 2021 12:47:35 by "buildd" with gcc 5.4.0 20160609

time: Thu Jun 15 19:51:13 2023
timezone: CST
elapsed time: 3.097979 seconds (0d 0h 0m 3s)

