#
# There is insufficient memory for the Java Runtime Environment to continue.
# Native memory allocation (mmap) failed to map 85983232 bytes for committing reserved memory.
# Possible reasons:
#   The system is out of physical RAM or swap space
#   The process is running with CompressedOops enabled, and the Java Heap may be blocking the growth of the native heap
# Possible solutions:
#   Reduce memory load on the system
#   Increase physical memory or swap space
#   Check if swap backing store is full
#   Decrease Java heap size (-Xmx/-Xms)
#   Decrease number of Java threads
#   Decrease Java thread stack sizes (-Xss)
#   Set larger code cache with -XX:ReservedCodeCacheSize=
#   JVM is running with Unscaled Compressed Oops mode in which the Java heap is
#     placed in the first 4GB address space. The Java Heap base address is the
#     maximum limit for the native heap growth. Please use -XX:HeapBaseMinAddress
#     to set the Java Heap base and to place the Java Heap above 4GB virtual address.
# This output file may be truncated or incomplete.
#
#  Out of Memory Error (os_linux.cpp:2798), pid=57130, tid=0x00007f9b9c525700
#
# JRE version: OpenJDK Runtime Environment (8.0_292-b10) (build 1.8.0_292-8u292-b10-0ubuntu1~16.04.1-b10)
# Java VM: OpenJDK 64-Bit Server VM (25.292-b10 mixed mode linux-amd64 compressed oops)
# Failed to write core dump. Core dumps have been disabled. To enable core dumping, try "ulimit -c unlimited" before starting Java again
#

---------------  T H R E A D  ---------------

Current thread (0x00007f9bac101000):  VMThread [stack: 0x00007f9b9c425000,0x00007f9b9c526000] [id=57138]

Stack: [0x00007f9b9c425000,0x00007f9b9c526000],  sp=0x00007f9b9c524360,  free space=1020k
Native frames: (J=compiled Java code, j=interpreted, Vv=VM code, C=native code)
V  [libjvm.so+0xb1e67b]
V  [libjvm.so+0x4e01dc]
V  [libjvm.so+0x95bc48]
V  [libjvm.so+0x953b3e]
V  [libjvm.so+0x9d4ad6]
V  [libjvm.so+0x9d5e03]
V  [libjvm.so+0x9d2204]
V  [libjvm.so+0x9d249c]
V  [libjvm.so+0x983953]
V  [libjvm.so+0xb20372]
V  [libjvm.so+0xb26067]
V  [libjvm.so+0xb23b43]
V  [libjvm.so+0xb23ee5]
V  [libjvm.so+0xb244b2]
V  [libjvm.so+0x958fe2]

VM_Operation (0x00007f9b95a7e4a0): ParallelGCFailedAllocation, mode: safepoint, requested by thread 0x00007f9b78056800


---------------  P R O C E S S  ---------------

Java Threads: ( => current thread )
  0x00007f9b78056800 JavaThread "Catalina-utility-2" [_thread_blocked, id=57171, stack(0x00007f9b9597f000,0x00007f9b95a80000)]
  0x00007f9baccb9800 JavaThread "Catalina-utility-1" [_thread_blocked, id=57170, stack(0x00007f9b9507e000,0x00007f9b9517f000)]
  0x00005626add05800 JavaThread "RMI Scheduler(0)" daemon [_thread_blocked, id=57158, stack(0x00007f9b95a80000,0x00007f9b95b81000)]
  0x00007f9b64011800 JavaThread "RMI TCP Connection(1)-127.0.0.1" daemon [_thread_in_native, id=57156, stack(0x00007f9b95b81000,0x00007f9b95c82000)]
  0x00007f9b80002000 JavaThread "Attach Listener" daemon [_thread_blocked, id=57153, stack(0x00007f9b95e82000,0x00007f9b95f83000)]
  0x00007f9b80001000 JavaThread "Attach Listener" daemon [_thread_blocked, id=57152, stack(0x00007f9b96183000,0x00007f9b96284000)]
  0x00007f9bac62f800 JavaThread "RMI TCP Accept-0" daemon [_thread_in_native, id=57146, stack(0x00007f9b969ad000,0x00007f9b96aae000)]
  0x00007f9bac56f800 JavaThread "Service Thread" daemon [_thread_blocked, id=57145, stack(0x00007f9b96cc9000,0x00007f9b96dca000)]
  0x00007f9bac56a000 JavaThread "C1 CompilerThread1" daemon [_thread_blocked, id=57144, stack(0x00007f9b96dca000,0x00007f9b96ecb000)]
  0x00007f9bac568800 JavaThread "C2 CompilerThread0" daemon [_thread_blocked, id=57143, stack(0x00007f9b96ecb000,0x00007f9b96fcc000)]
  0x00007f9bac564800 JavaThread "Monitor Ctrl-Break" daemon [_thread_in_native, id=57142, stack(0x00007f9b96fd2000,0x00007f9b970d3000)]
  0x00007f9bac140800 JavaThread "Signal Dispatcher" daemon [_thread_blocked, id=57141, stack(0x00007f9b9c122000,0x00007f9b9c223000)]
  0x00007f9bac10f800 JavaThread "Finalizer" daemon [_thread_blocked, id=57140, stack(0x00007f9b9c223000,0x00007f9b9c324000)]
  0x00007f9bac10a800 JavaThread "Reference Handler" daemon [_thread_blocked, id=57139, stack(0x00007f9b9c324000,0x00007f9b9c425000)]
  0x00007f9bac010000 JavaThread "main" [_thread_blocked, id=57133, stack(0x00007f9bb519e000,0x00007f9bb529f000)]

Other Threads:
=>0x00007f9bac101000 VMThread [stack: 0x00007f9b9c425000,0x00007f9b9c526000] [id=57138]
  0x00007f9bac63d000 WatcherThread [stack: 0x00007f9b968ac000,0x00007f9b969ad000] [id=57147]

VM state:at safepoint (normal execution)

VM Mutex/Monitor currently owned by a thread:  ([mutex/lock_event])
[0x00007f9bac00c320] Threads_lock - owner thread: 0x00007f9bac101000
[0x00007f9bac00c820] Heap_lock - owner thread: 0x00007f9b78056800

heap address: 0x0000000083a00000, size: 1990 MB, Compressed Oops mode: 32-bit
Narrow klass base: 0x0000000000000000, Narrow klass shift: 3
Compressed class space size: 1073741824 Address: 0x0000000100000000

Heap:
 PSYoungGen      total 136192K, used 5105K [0x00000000d6900000, 0x00000000df300000, 0x0000000100000000)
  eden space 131072K, 0% used [0x00000000d6900000,0x00000000d6900000,0x00000000de900000)
  from space 5120K, 99% used [0x00000000de900000,0x00000000dedfc410,0x00000000dee00000)
  to   space 5120K, 0% used [0x00000000dee00000,0x00000000dee00000,0x00000000df300000)
 ParOldGen       total 59904K, used 13298K [0x0000000083a00000, 0x0000000087480000, 0x00000000d6900000)
  object space 59904K, 22% used [0x0000000083a00000,0x00000000846fc858,0x0000000087480000)
 Metaspace       used 27356K, capacity 29188K, committed 29440K, reserved 1075200K
  class space    used 3717K, capacity 4082K, committed 4096K, reserved 1048576K

Card table byte_map: [0x00007f9bb118d000,0x00007f9bb1571000] byte_map_base: 0x00007f9bb0d70000

Marking Bits: (ParMarkBitMap*) 0x00007f9bb44658a0
 Begin Bits: [0x00007f9b911d0000, 0x00007f9b930e8000)
 End Bits:   [0x00007f9b930e8000, 0x00007f9b95000000)

Polling page: 0x00007f9bb52b9000

CodeCache: size=245760Kb used=5671Kb max_used=5671Kb free=240088Kb
 bounds [0x00007f9b9d000000, 0x00007f9b9d590000, 0x00007f9bac000000]
 total_blobs=3203 nmethods=2801 adapters=315
 compilation: enabled

Compilation events (10 events):
Event: 2.909 Thread 0x00007f9bac56a000 2792   !   1       java.nio.CharBuffer::wrap (20 bytes)
Event: 2.909 Thread 0x00007f9bac56a000 nmethod 2792 0x00007f9b9d588d90 code [0x00007f9b9d588f00, 0x00007f9b9d589198]
Event: 2.909 Thread 0x00007f9bac56a000 2793       1       java.nio.HeapCharBuffer::<init> (14 bytes)
Event: 2.909 Thread 0x00007f9bac56a000 nmethod 2793 0x00007f9b9d589350 code [0x00007f9b9d5894c0, 0x00007f9b9d589648]
Event: 2.909 Thread 0x00007f9bac56a000 2794       1       java.security.Permission::<init> (10 bytes)
Event: 2.909 Thread 0x00007f9bac56a000 nmethod 2794 0x00007f9b9d589710 code [0x00007f9b9d589860, 0x00007f9b9d589990]
Event: 2.909 Thread 0x00007f9bac56a000 2796       1       com.sun.org.apache.xalan.internal.utils.XMLSecurityManager$Limit::systemProperty (5 bytes)
Event: 2.909 Thread 0x00007f9bac56a000 nmethod 2796 0x00007f9b9d589a10 code [0x00007f9b9d589b60, 0x00007f9b9d589c70]
Event: 2.909 Thread 0x00007f9bac56a000 2797       1       com.fasterxml.jackson.databind.type.ClassKey::hashCode (5 bytes)
Event: 2.909 Thread 0x00007f9bac56a000 nmethod 2797 0x00007f9b9d589cd0 code [0x00007f9b9d589e20, 0x00007f9b9d589f30]

GC Heap History (10 events):
Event: 0.659 GC heap after
Heap after GC invocations=1 (full 0):
 PSYoungGen      total 37888K, used 4320K [0x00000000d6900000, 0x00000000db300000, 0x0000000100000000)
  eden space 32768K, 0% used [0x00000000d6900000,0x00000000d6900000,0x00000000d8900000)
  from space 5120K, 84% used [0x00000000d8900000,0x00000000d8d38118,0x00000000d8e00000)
  to   space 5120K, 0% used [0x00000000dae00000,0x00000000dae00000,0x00000000db300000)
 ParOldGen       total 86016K, used 8K [0x0000000083a00000, 0x0000000088e00000, 0x00000000d6900000)
  object space 86016K, 0% used [0x0000000083a00000,0x0000000083a02000,0x0000000088e00000)
 Metaspace       used 10707K, capacity 10990K, committed 11136K, reserved 1058816K
  class space    used 1310K, capacity 1401K, committed 1408K, reserved 1048576K
}
Event: 0.906 GC heap before
{Heap before GC invocations=2 (full 0):
 PSYoungGen      total 37888K, used 37088K [0x00000000d6900000, 0x00000000db300000, 0x0000000100000000)
  eden space 32768K, 100% used [0x00000000d6900000,0x00000000d8900000,0x00000000d8900000)
  from space 5120K, 84% used [0x00000000d8900000,0x00000000d8d38118,0x00000000d8e00000)
  to   space 5120K, 0% used [0x00000000dae00000,0x00000000dae00000,0x00000000db300000)
 ParOldGen       total 86016K, used 8K [0x0000000083a00000, 0x0000000088e00000, 0x00000000d6900000)
  object space 86016K, 0% used [0x0000000083a00000,0x0000000083a02000,0x0000000088e00000)
 Metaspace       used 14247K, capacity 14926K, committed 15104K, reserved 1062912K
  class space    used 1871K, capacity 2035K, committed 2048K, reserved 1048576K
Event: 0.910 GC heap after
Heap after GC invocations=2 (full 0):
 PSYoungGen      total 70656K, used 5110K [0x00000000d6900000, 0x00000000db300000, 0x0000000100000000)
  eden space 65536K, 0% used [0x00000000d6900000,0x00000000d6900000,0x00000000da900000)
  from space 5120K, 99% used [0x00000000dae00000,0x00000000db2fd938,0x00000000db300000)
  to   space 5120K, 0% used [0x00000000da900000,0x00000000da900000,0x00000000dae00000)
 ParOldGen       total 86016K, used 961K [0x0000000083a00000, 0x0000000088e00000, 0x00000000d6900000)
  object space 86016K, 1% used [0x0000000083a00000,0x0000000083af0640,0x0000000088e00000)
 Metaspace       used 14247K, capacity 14926K, committed 15104K, reserved 1062912K
  class space    used 1871K, capacity 2035K, committed 2048K, reserved 1048576K
}
Event: 1.571 GC heap before
{Heap before GC invocations=3 (full 0):
 PSYoungGen      total 70656K, used 70646K [0x00000000d6900000, 0x00000000db300000, 0x0000000100000000)
  eden space 65536K, 100% used [0x00000000d6900000,0x00000000da900000,0x00000000da900000)
  from space 5120K, 99% used [0x00000000dae00000,0x00000000db2fd938,0x00000000db300000)
  to   space 5120K, 0% used [0x00000000da900000,0x00000000da900000,0x00000000dae00000)
 ParOldGen       total 86016K, used 961K [0x0000000083a00000, 0x0000000088e00000, 0x00000000d6900000)
  object space 86016K, 1% used [0x0000000083a00000,0x0000000083af0640,0x0000000088e00000)
 Metaspace       used 19703K, capacity 20626K, committed 20736K, reserved 1067008K
  class space    used 2585K, capacity 2807K, committed 2816K, reserved 1048576K
Event: 1.589 GC heap after
Heap after GC invocations=3 (full 0):
 PSYoungGen      total 70656K, used 5112K [0x00000000d6900000, 0x00000000df300000, 0x0000000100000000)
  eden space 65536K, 0% used [0x00000000d6900000,0x00000000d6900000,0x00000000da900000)
  from space 5120K, 99% used [0x00000000da900000,0x00000000dadfe360,0x00000000dae00000)
  to   space 5120K, 0% used [0x00000000dee00000,0x00000000dee00000,0x00000000df300000)
 ParOldGen       total 86016K, used 6070K [0x0000000083a00000, 0x0000000088e00000, 0x00000000d6900000)
  object space 86016K, 7% used [0x0000000083a00000,0x0000000083fedbb0,0x0000000088e00000)
 Metaspace       used 19703K, capacity 20626K, committed 20736K, reserved 1067008K
  class space    used 2585K, capacity 2807K, committed 2816K, reserved 1048576K
}
Event: 1.709 GC heap before
{Heap before GC invocations=4 (full 0):
 PSYoungGen      total 70656K, used 14868K [0x00000000d6900000, 0x00000000df300000, 0x0000000100000000)
  eden space 65536K, 14% used [0x00000000d6900000,0x00000000d7286e20,0x00000000da900000)
  from space 5120K, 99% used [0x00000000da900000,0x00000000dadfe360,0x00000000dae00000)
  to   space 5120K, 0% used [0x00000000dee00000,0x00000000dee00000,0x00000000df300000)
 ParOldGen       total 86016K, used 6070K [0x0000000083a00000, 0x0000000088e00000, 0x00000000d6900000)
  object space 86016K, 7% used [0x0000000083a00000,0x0000000083fedbb0,0x0000000088e00000)
 Metaspace       used 20225K, capacity 21224K, committed 21296K, reserved 1067008K
  class space    used 2669K, capacity 2896K, committed 2944K, reserved 1048576K
Event: 1.715 GC heap after
Heap after GC invocations=4 (full 0):
 PSYoungGen      total 136192K, used 5093K [0x00000000d6900000, 0x00000000df300000, 0x0000000100000000)
  eden space 131072K, 0% used [0x00000000d6900000,0x00000000d6900000,0x00000000de900000)
  from space 5120K, 99% used [0x00000000dee00000,0x00000000df2f96c8,0x00000000df300000)
  to   space 5120K, 0% used [0x00000000de900000,0x00000000de900000,0x00000000dee00000)
 ParOldGen       total 86016K, used 7026K [0x0000000083a00000, 0x0000000088e00000, 0x00000000d6900000)
  object space 86016K, 8% used [0x0000000083a00000,0x00000000840dca70,0x0000000088e00000)
 Metaspace       used 20225K, capacity 21224K, committed 21296K, reserved 1067008K
  class space    used 2669K, capacity 2896K, committed 2944K, reserved 1048576K
}
Event: 1.715 GC heap before
{Heap before GC invocations=5 (full 1):
 PSYoungGen      total 136192K, used 5093K [0x00000000d6900000, 0x00000000df300000, 0x0000000100000000)
  eden space 131072K, 0% used [0x00000000d6900000,0x00000000d6900000,0x00000000de900000)
  from space 5120K, 99% used [0x00000000dee00000,0x00000000df2f96c8,0x00000000df300000)
  to   space 5120K, 0% used [0x00000000de900000,0x00000000de900000,0x00000000dee00000)
 ParOldGen       total 86016K, used 7026K [0x0000000083a00000, 0x0000000088e00000, 0x00000000d6900000)
  object space 86016K, 8% used [0x0000000083a00000,0x00000000840dca70,0x0000000088e00000)
 Metaspace       used 20225K, capacity 21224K, committed 21296K, reserved 1067008K
  class space    used 2669K, capacity 2896K, committed 2944K, reserved 1048576K
Event: 1.753 GC heap after
Heap after GC invocations=5 (full 1):
 PSYoungGen      total 136192K, used 0K [0x00000000d6900000, 0x00000000df300000, 0x0000000100000000)
  eden space 131072K, 0% used [0x00000000d6900000,0x00000000d6900000,0x00000000de900000)
  from space 5120K, 0% used [0x00000000dee00000,0x00000000dee00000,0x00000000df300000)
  to   space 5120K, 0% used [0x00000000de900000,0x00000000de900000,0x00000000dee00000)
 ParOldGen       total 59904K, used 6767K [0x0000000083a00000, 0x0000000087480000, 0x00000000d6900000)
  object space 59904K, 11% used [0x0000000083a00000,0x000000008409bea8,0x0000000087480000)
 Metaspace       used 20225K, capacity 21224K, committed 21296K, reserved 1067008K
  class space    used 2669K, capacity 2896K, committed 2944K, reserved 1048576K
}
Event: 2.957 GC heap before
{Heap before GC invocations=6 (full 1):
 PSYoungGen      total 136192K, used 131072K [0x00000000d6900000, 0x00000000df300000, 0x0000000100000000)
  eden space 131072K, 100% used [0x00000000d6900000,0x00000000de900000,0x00000000de900000)
  from space 5120K, 0% used [0x00000000dee00000,0x00000000dee00000,0x00000000df300000)
  to   space 5120K, 0% used [0x00000000de900000,0x00000000de900000,0x00000000dee00000)
 ParOldGen       total 59904K, used 6767K [0x0000000083a00000, 0x0000000087480000, 0x00000000d6900000)
  object space 59904K, 11% used [0x0000000083a00000,0x000000008409bea8,0x0000000087480000)
 Metaspace       used 27356K, capacity 29188K, committed 29440K, reserved 1075200K
  class space    used 3717K, capacity 4082K, committed 4096K, reserved 1048576K

Deoptimization events (0 events):
No events

Classes redefined (0 events):
No events

Internal exceptions (10 events):
Event: 2.387 Thread 0x00007f9bac010000 Exception <a 'java/lang/IncompatibleClassChangeError': Found class java.lang.Object, but interface was expected> (0x00000000dbe77ba0) thrown at [/build/openjdk-8-RKFhH1/openjdk-8-8u292-b10/src/hotspot/src/share/vm/interpreter/linkResolver.cpp, line 653]
Event: 2.387 Thread 0x00007f9bac010000 Exception <a 'java/lang/ArrayIndexOutOfBoundsException'> (0x00000000dbe7d348) thrown at [/build/openjdk-8-RKFhH1/openjdk-8-8u292-b10/src/hotspot/src/share/vm/runtime/sharedRuntime.cpp, line 609]
Event: 2.387 Thread 0x00007f9bac010000 Exception <a 'java/lang/ArrayIndexOutOfBoundsException'> (0x00000000dbe88f78) thrown at [/build/openjdk-8-RKFhH1/openjdk-8-8u292-b10/src/hotspot/src/share/vm/runtime/sharedRuntime.cpp, line 609]
Event: 2.392 Thread 0x00007f9bac010000 Exception <a 'java/lang/ArrayIndexOutOfBoundsException'> (0x00000000dbf83390) thrown at [/build/openjdk-8-RKFhH1/openjdk-8-8u292-b10/src/hotspot/src/share/vm/runtime/sharedRuntime.cpp, line 609]
Event: 2.409 Thread 0x00007f9bac010000 Exception <a 'java/lang/ArrayIndexOutOfBoundsException'> (0x00000000dc30c220) thrown at [/build/openjdk-8-RKFhH1/openjdk-8-8u292-b10/src/hotspot/src/share/vm/runtime/sharedRuntime.cpp, line 609]
Event: 2.410 Thread 0x00007f9bac010000 Exception <a 'java/lang/ArrayIndexOutOfBoundsException'> (0x00000000dc30d568) thrown at [/build/openjdk-8-RKFhH1/openjdk-8-8u292-b10/src/hotspot/src/share/vm/runtime/sharedRuntime.cpp, line 609]
Event: 2.410 Thread 0x00007f9bac010000 Exception <a 'java/lang/ArrayIndexOutOfBoundsException'> (0x00000000dc30edb0) thrown at [/build/openjdk-8-RKFhH1/openjdk-8-8u292-b10/src/hotspot/src/share/vm/runtime/sharedRuntime.cpp, line 609]
Event: 2.529 Thread 0x00007f9bac010000 Exception <a 'java/io/FileNotFoundException'> (0x00000000ddf0fbe8) thrown at [/build/openjdk-8-RKFhH1/openjdk-8-8u292-b10/src/hotspot/src/share/vm/prims/jni.cpp, line 711]
Event: 2.843 Thread 0x00007f9b64011800 Exception <a 'java/lang/reflect/InvocationTargetException'> (0x00000000d765f448) thrown at [/build/openjdk-8-RKFhH1/openjdk-8-8u292-b10/src/hotspot/src/share/vm/runtime/reflection.cpp, line 1092]
Event: 2.891 Thread 0x00007f9bac010000 Exception <a 'java/io/FileNotFoundException'> (0x00000000de649640) thrown at [/build/openjdk-8-RKFhH1/openjdk-8-8u292-b10/src/hotspot/src/share/vm/prims/jni.cpp, line 711]

Events (10 events):
Event: 2.921 loading class org/apache/catalina/core/ContainerBase$ContainerBackgroundProcessor done
Event: 2.921 loading class org/apache/catalina/mapper/Mapper$ContextVersion
Event: 2.921 loading class org/apache/catalina/mapper/Mapper$ContextVersion done
Event: 2.932 Thread 0x00005626add0a000 Thread exited: 0x00005626add0a000
Event: 2.933 loading class org/apache/catalina/mapper/Mapper$MappedWrapper
Event: 2.933 loading class org/apache/catalina/mapper/Mapper$MappedWrapper done
Event: 2.935 Thread 0x00007f9b78056800 Thread added: 0x00007f9b78056800
Event: 2.936 loading class org/apache/catalina/core/StandardServer
Event: 2.936 loading class org/apache/catalina/core/StandardServer done
Event: 2.957 Executing VM operation: ParallelGCFailedAllocation


Dynamic libraries:
83a00000-87480000 rw-p 00000000 00:00 0 
87480000-d6900000 ---p 00000000 00:00 0 
d6900000-df300000 rw-p 00000000 00:00 0 
e4500000-100000000 ---p 00000000 00:00 0 
100000000-100400000 rw-p 00000000 00:00 0 
100400000-140000000 ---p 00000000 00:00 0 
5626acfd2000-5626acfd3000 r-xp 00000000 08:01 266934                     /usr/lib/jvm/java-8-openjdk-amd64/jre/bin/java
5626ad1d2000-5626ad1d3000 r--p 00000000 08:01 266934                     /usr/lib/jvm/java-8-openjdk-amd64/jre/bin/java
5626ad1d3000-5626ad1d4000 rw-p 00001000 08:01 266934                     /usr/lib/jvm/java-8-openjdk-amd64/jre/bin/java
5626adce5000-5626add27000 rw-p 00000000 00:00 0                          [heap]
7f9b5c000000-7f9b5c12b000 rw-p 00000000 00:00 0 
7f9b5c12b000-7f9b60000000 ---p 00000000 00:00 0 
7f9b60000000-7f9b60021000 rw-p 00000000 00:00 0 
7f9b60021000-7f9b64000000 ---p 00000000 00:00 0 
7f9b64000000-7f9b64021000 rw-p 00000000 00:00 0 
7f9b64021000-7f9b68000000 ---p 00000000 00:00 0 
7f9b68000000-7f9b68050000 rw-p 00000000 00:00 0 
7f9b68050000-7f9b6c000000 ---p 00000000 00:00 0 
7f9b6c000000-7f9b6c4a2000 rw-p 00000000 00:00 0 
7f9b6c4a2000-7f9b70000000 ---p 00000000 00:00 0 
7f9b70000000-7f9b70021000 rw-p 00000000 00:00 0 
7f9b70021000-7f9b74000000 ---p 00000000 00:00 0 
7f9b74000000-7f9b74021000 rw-p 00000000 00:00 0 
7f9b74021000-7f9b78000000 ---p 00000000 00:00 0 
7f9b78000000-7f9b78057000 rw-p 00000000 00:00 0 
7f9b78057000-7f9b7c000000 ---p 00000000 00:00 0 
7f9b7c000000-7f9b7c021000 rw-p 00000000 00:00 0 
7f9b7c021000-7f9b80000000 ---p 00000000 00:00 0 
7f9b80000000-7f9b80021000 rw-p 00000000 00:00 0 
7f9b80021000-7f9b84000000 ---p 00000000 00:00 0 
7f9b84000000-7f9b84021000 rw-p 00000000 00:00 0 
7f9b84021000-7f9b88000000 ---p 00000000 00:00 0 
7f9b88000000-7f9b88021000 rw-p 00000000 00:00 0 
7f9b88021000-7f9b8c000000 ---p 00000000 00:00 0 
7f9b8c000000-7f9b8c021000 rw-p 00000000 00:00 0 
7f9b8c021000-7f9b90000000 ---p 00000000 00:00 0 
7f9b911d0000-7f9b95000000 rw-p 00000000 00:00 0 
7f9b9507e000-7f9b95081000 ---p 00000000 00:00 0 
7f9b95081000-7f9b9523f000 rw-p 00000000 00:00 0 
7f9b9523f000-7f9b9537f000 ---p 00000000 00:00 0 
7f9b9537f000-7f9b9557f000 rw-p 00000000 00:00 0 
7f9b9557f000-7f9b9577f000 rw-p 00000000 00:00 0 
7f9b9577f000-7f9b9597f000 rw-p 00000000 00:00 0 
7f9b9597f000-7f9b95982000 ---p 00000000 00:00 0 
7f9b95982000-7f9b95a80000 rw-p 00000000 00:00 0 
7f9b95a80000-7f9b95a83000 ---p 00000000 00:00 0 
7f9b95a83000-7f9b95b81000 rw-p 00000000 00:00 0 
7f9b95b81000-7f9b95b84000 ---p 00000000 00:00 0 
7f9b95b84000-7f9b95e82000 rw-p 00000000 00:00 0 
7f9b95e82000-7f9b95e85000 ---p 00000000 00:00 0 
7f9b95e85000-7f9b96183000 rw-p 00000000 00:00 0 
7f9b96183000-7f9b96186000 ---p 00000000 00:00 0 
7f9b96186000-7f9b96484000 rw-p 00000000 00:00 0 
7f9b96484000-7f9b96684000 rw-p 00000000 00:00 0 
7f9b96684000-7f9b96884000 rw-p 00000000 00:00 0 
7f9b96884000-7f9b9688b000 r--s 00000000 08:01 395915                     /usr/lib/x86_64-linux-gnu/gconv/gconv-modules.cache
7f9b9688b000-7f9b968ac000 r--p 00000000 08:01 531259                     /usr/share/locale-langpack/zh_CN/LC_MESSAGES/libc.mo
7f9b968ac000-7f9b968ad000 ---p 00000000 00:00 0 
7f9b968ad000-7f9b969ad000 rw-p 00000000 00:00 0 
7f9b969ad000-7f9b969b0000 ---p 00000000 00:00 0 
7f9b969b0000-7f9b96aae000 rw-p 00000000 00:00 0 
7f9b96aae000-7f9b96abf000 r--s 001bf000 08:01 266834                     /usr/lib/jvm/java-8-openjdk-amd64/jre/lib/jsse.jar
7f9b96abf000-7f9b96ac8000 r-xp 00000000 08:01 266869                     /usr/lib/jvm/java-8-openjdk-amd64/jre/lib/amd64/libmanagement.so
7f9b96ac8000-7f9b96cc7000 ---p 00009000 08:01 266869                     /usr/lib/jvm/java-8-openjdk-amd64/jre/lib/amd64/libmanagement.so
7f9b96cc7000-7f9b96cc8000 r--p 00008000 08:01 266869                     /usr/lib/jvm/java-8-openjdk-amd64/jre/lib/amd64/libmanagement.so
7f9b96cc8000-7f9b96cc9000 rw-p 00009000 08:01 266869                     /usr/lib/jvm/java-8-openjdk-amd64/jre/lib/amd64/libmanagement.so
7f9b96cc9000-7f9b96ccc000 ---p 00000000 00:00 0 
7f9b96ccc000-7f9b96dca000 rw-p 00000000 00:00 0 
7f9b96dca000-7f9b96dcd000 ---p 00000000 00:00 0 
7f9b96dcd000-7f9b96ecb000 rw-p 00000000 00:00 0 
7f9b96ecb000-7f9b96ece000 ---p 00000000 00:00 0 
7f9b96ece000-7f9b96fcc000 rw-p 00000000 00:00 0 
7f9b96fcc000-7f9b96fd2000 r--s 000d3000 08:01 266845                     /usr/lib/jvm/java-8-openjdk-amd64/jre/lib/jfr.jar
7f9b96fd2000-7f9b96fd5000 ---p 00000000 00:00 0 
7f9b96fd5000-7f9b970d3000 rw-p 00000000 00:00 0 
7f9b970d3000-7f9b970eb000 r-xp 00000000 08:01 266877                     /usr/lib/jvm/java-8-openjdk-amd64/jre/lib/amd64/libnet.so
7f9b970eb000-7f9b972ea000 ---p 00018000 08:01 266877                     /usr/lib/jvm/java-8-openjdk-amd64/jre/lib/amd64/libnet.so
7f9b972ea000-7f9b972eb000 r--p 00017000 08:01 266877                     /usr/lib/jvm/java-8-openjdk-amd64/jre/lib/amd64/libnet.so
7f9b972eb000-7f9b972ec000 rw-p 00018000 08:01 266877                     /usr/lib/jvm/java-8-openjdk-amd64/jre/lib/amd64/libnet.so
7f9b972ec000-7f9b972fe000 r-xp 00000000 08:01 266873                     /usr/lib/jvm/java-8-openjdk-amd64/jre/lib/amd64/libnio.so
7f9b972fe000-7f9b974fd000 ---p 00012000 08:01 266873                     /usr/lib/jvm/java-8-openjdk-amd64/jre/lib/amd64/libnio.so
7f9b974fd000-7f9b974fe000 r--p 00011000 08:01 266873                     /usr/lib/jvm/java-8-openjdk-amd64/jre/lib/amd64/libnio.so
7f9b974fe000-7f9b974ff000 rw-p 00012000 08:01 266873                     /usr/lib/jvm/java-8-openjdk-amd64/jre/lib/amd64/libnio.so
7f9b974ff000-7f9b97501000 r--s 0001d000 08:01 3277768                    /opt/idea-IU-203.7148.57/lib/idea_rt.jar
7f9b97501000-7f9b97503000 r--s 0000e000 08:01 4065998                    /home/r00t/.m2/repository/oro/oro/2.0.8/oro-2.0.8.jar
7f9b97503000-7f9b97506000 r--s 0001f000 08:01 4065970                    /home/r00t/.m2/repository/commons-validator/commons-validator/1.3.1/commons-validator-1.3.1.jar
7f9b97506000-7f9b97508000 r--s 00008000 08:01 4066993                    /home/r00t/.m2/repository/commons-logging/commons-logging/1.0.4/commons-logging-1.0.4.jar
7f9b97508000-7f9b9750c000 r--s 00020000 08:01 4065966                    /home/r00t/.m2/repository/commons-digester/commons-digester/1.8/commons-digester-1.8.jar
7f9b9750c000-7f9b9750e000 r--s 00014000 08:01 4065968                    /home/r00t/.m2/repository/commons-chain/commons-chain/1.1/commons-chain-1.1.jar
7f9b9750e000-7f9b97513000 r--s 0002a000 08:01 4065964                    /home/r00t/.m2/repository/commons-beanutils/commons-beanutils/1.7.0/commons-beanutils-1.7.0.jar
7f9b97513000-7f9b97518000 r--s 00068000 08:01 4459383                    /home/r00t/.m2/repository/antlr/antlr/2.7.7/antlr-2.7.7.jar
7f9b97518000-7f9b9751e000 r--s 0004b000 08:01 4065938                    /home/r00t/.m2/repository/org/apache/struts/struts-core/1.3.8/struts-core-1.3.8.jar
7f9b9751e000-7f9b9751f000 r--s 00002000 08:01 4459217                    /home/r00t/.m2/repository/org/reactivestreams/reactive-streams/1.0.3/reactive-streams-1.0.3.jar
7f9b9751f000-7f9b97579000 r--s 003fd000 08:01 4459219                    /home/r00t/.m2/repository/org/neo4j/driver/neo4j-java-driver/4.1.1/neo4j-java-driver-4.1.1.jar
7f9b97579000-7f9b97593000 r--s 00115000 08:01 4459221                    /home/r00t/.m2/repository/org/springframework/data/spring-data-commons/2.4.5/spring-data-commons-2.4.5.jar
7f9b97593000-7f9b9759a000 r--s 0003a000 08:01 4328794                    /home/r00t/.m2/repository/org/neo4j/neo4j-cypher-dsl/2021.0.0/neo4j-cypher-dsl-2021.0.0.jar
7f9b9759a000-7f9b9759b000 r--s 00000000 08:01 4063788                    /home/r00t/.m2/repository/org/apiguardian/apiguardian-api/1.1.0/apiguardian-api-1.1.0.jar
7f9b9759b000-7f9b975a5000 r--s 00073000 08:01 4066901                    /home/r00t/.m2/repository/org/springframework/data/spring-data-neo4j/6.0.5/spring-data-neo4j-6.0.5.jar
7f9b975a5000-7f9b975a6000 r--s 00001000 08:01 4459237                    /home/r00t/.m2/repository/org/springframework/boot/spring-boot-starter-data-neo4j/2.4.3/spring-boot-starter-data-neo4j-2.4.3.jar
7f9b975a6000-7f9b975a8000 r--s 0000b000 08:01 4066700                    /home/r00t/.m2/repository/org/json/json/20160212/json-20160212.jar
7f9b975a8000-7f9b975aa000 r--s 00009000 08:01 4066698                    /home/r00t/.m2/repository/org/apache/httpcomponents/httpmime/4.5.13/httpmime-4.5.13.jar
7f9b975aa000-7f9b975b2000 r--s 00053000 08:01 4066697                    /home/r00t/.m2/repository/org/apache/httpcomponents/httpcore-nio/4.4.14/httpcore-nio-4.4.14.jar
7f9b975b2000-7f9b975b5000 r--s 00029000 08:01 4066692                    /home/r00t/.m2/repository/org/apache/httpcomponents/httpasyncclient/4.1.4/httpasyncclient-4.1.4.jar
7f9b975b5000-7f9b975bc000 r--s 00050000 08:01 4066691                    /home/r00t/.m2/repository/commons-codec/commons-codec/1.15/commons-codec-1.15.jar
7f9b975bc000-7f9b975c4000 r--s 00049000 08:01 4066688                    /home/r00t/.m2/repository/org/apache/httpcomponents/httpcore/4.4.14/httpcore-4.4.14.jar
7f9b975c4000-7f9b975d1000 r--s 000b2000 08:01 4064298                    /home/r00t/.m2/repository/org/apache/httpcomponents/httpclient/4.5.13/httpclient-4.5.13.jar
7f9b975d1000-7f9b975d3000 r--s 00009000 08:01 4066694                    /home/r00t/.m2/repository/com/mashape/unirest/unirest-java/1.4.9/unirest-java-1.4.9.jar
7f9b975d3000-7f9b975d4000 r--s 00005000 08:01 3934219                    /home/r00t/.m2/repository/org/springframework/spring-jcl/5.3.4/spring-jcl-5.3.4.jar
7f9b975d4000-7f9b975f0000 r--s 0014b000 08:01 3932711                    /home/r00t/.m2/repository/org/springframework/spring-core/5.3.4/spring-core-5.3.4.jar
7f9b975f0000-7f9b9760a000 r--s 00234000 08:01 3934529                    /home/r00t/.m2/repository/mysql/mysql-connector-java/8.0.23/mysql-connector-java-8.0.23.jar
7f9b9760a000-7f9b97626000 r--s 0018d000 08:01 3933326                    /home/r00t/.m2/repository/org/mybatis/mybatis/3.5.6/mybatis-3.5.6.jar
7f9b97626000-7f9b97641000 r--s 00115000 08:01 3934523                    /home/r00t/.m2/repository/org/springframework/spring-context/5.3.4/spring-context-5.3.4.jar
7f9b97641000-7f9b98000000 r--p 00000000 08:01 138866                     /usr/lib/locale/locale-archive
7f9b98000000-7f9b98021000 rw-p 00000000 00:00 0 
7f9b98021000-7f9b9c000000 ---p 00000000 00:00 0 
7f9b9c000000-7f9b9c002000 r--s 00010000 08:01 3932717                    /home/r00t/.m2/repository/org/mybatis/mybatis-spring/2.0.6/mybatis-spring-2.0.6.jar
7f9b9c002000-7f9b9c004000 r--s 00005000 08:01 3932692                    /home/r00t/.m2/repository/org/mybatis/spring/boot/mybatis-spring-boot-autoconfigure/2.1.4/mybatis-spring-boot-autoconfigure-2.1.4.jar
7f9b9c004000-7f9b9c005000 r--s 00000000 08:01 3932704                    /home/r00t/.m2/repository/org/mybatis/spring/boot/mybatis-spring-boot-starter/2.1.4/mybatis-spring-boot-starter-2.1.4.jar
7f9b9c005000-7f9b9c00a000 r--s 00040000 08:01 3934223                    /home/r00t/.m2/repository/org/springframework/spring-expression/5.3.4/spring-expression-5.3.4.jar
7f9b9c00a000-7f9b9c013000 r--s 00053000 08:01 3934524                    /home/r00t/.m2/repository/org/springframework/spring-aop/5.3.4/spring-aop-5.3.4.jar
7f9b9c013000-7f9b9c026000 r--s 000e2000 08:01 3934227                    /home/r00t/.m2/repository/org/springframework/spring-webmvc/5.3.4/spring-webmvc-5.3.4.jar
7f9b9c026000-7f9b9c044000 r--s 00164000 08:01 3934522                    /home/r00t/.m2/repository/org/springframework/spring-web/5.3.4/spring-web-5.3.4.jar
7f9b9c044000-7f9b9c04a000 r--s 0003d000 08:01 3932721                    /home/r00t/.m2/repository/org/apache/tomcat/embed/tomcat-embed-websocket/9.0.43/tomcat-embed-websocket-9.0.43.jar
7f9b9c04a000-7f9b9c04f000 r--s 00036000 08:01 3934508                    /home/r00t/.m2/repository/org/glassfish/jakarta.el/3.0.3/jakarta.el-3.0.3.jar
7f9b9c04f000-7f9b9c07a000 r--s 00314000 08:01 3934512                    /home/r00t/.m2/repository/org/apache/tomcat/embed/tomcat-embed-core/9.0.43/tomcat-embed-core-9.0.43.jar
7f9b9c07a000-7f9b9c07b000 r--s 00001000 08:01 3934509                    /home/r00t/.m2/repository/org/springframework/boot/spring-boot-starter-tomcat/2.4.3/spring-boot-starter-tomcat-2.4.3.jar
7f9b9c07b000-7f9b9c07d000 r--s 00001000 08:01 3933354                    /home/r00t/.m2/repository/com/fasterxml/jackson/module/jackson-module-parameter-names/2.11.4/jackson-module-parameter-names-2.11.4.jar
7f9b9c07d000-7f9b9c081000 r--s 00018000 08:01 3934495                    /home/r00t/.m2/repository/com/fasterxml/jackson/datatype/jackson-datatype-jsr310/2.11.4/jackson-datatype-jsr310-2.11.4.jar
7f9b9c081000-7f9b9c083000 r--s 00007000 08:01 3934491                    /home/r00t/.m2/repository/com/fasterxml/jackson/datatype/jackson-datatype-jdk8/2.11.4/jackson-datatype-jdk8-2.11.4.jar
7f9b9c083000-7f9b9c087000 r--s 00052000 08:01 3933313                    /home/r00t/.m2/repository/com/fasterxml/jackson/core/jackson-core/2.11.4/jackson-core-2.11.4.jar
7f9b9c087000-7f9b9c08a000 r--s 0000f000 08:01 3934498                    /home/r00t/.m2/repository/com/fasterxml/jackson/core/jackson-annotations/2.11.4/jackson-annotations-2.11.4.jar
7f9b9c08a000-7f9b9c0a0000 r--s 00146000 08:01 3934506                    /home/r00t/.m2/repository/com/fasterxml/jackson/core/jackson-databind/2.11.4/jackson-databind-2.11.4.jar
7f9b9c0a0000-7f9b9c0a1000 r--s 00001000 08:01 3934212                    /home/r00t/.m2/repository/org/springframework/boot/spring-boot-starter-json/2.4.3/spring-boot-starter-json-2.4.3.jar
7f9b9c0a1000-7f9b9c0a2000 r--s 00001000 08:01 3934133                    /home/r00t/.m2/repository/org/springframework/boot/spring-boot-starter-web/2.4.3/spring-boot-starter-web-2.4.3.jar
7f9b9c0a2000-7f9b9c0a3000 r--s 00009000 08:01 3933307                    /home/r00t/.m2/repository/org/thymeleaf/extras/thymeleaf-extras-java8time/3.0.4.RELEASE/thymeleaf-extras-java8time-3.0.4.RELEASE.jar
7f9b9c0a3000-7f9b9c0a6000 r--s 00028000 08:01 3932705                    /home/r00t/.m2/repository/org/unbescape/unbescape/1.1.6.RELEASE/unbescape-1.1.6.RELEASE.jar
7f9b9c0a6000-7f9b9c0ab000 r--s 00037000 08:01 3932714                    /home/r00t/.m2/repository/org/attoparser/attoparser/2.0.5.RELEASE/attoparser-2.0.5.RELEASE.jar
7f9b9c0ab000-7f9b9c0bb000 r--s 000c4000 08:01 3933370                    /home/r00t/.m2/repository/org/thymeleaf/thymeleaf/3.0.12.RELEASE/thymeleaf-3.0.12.RELEASE.jar
7f9b9c0bb000-7f9b9c0bf000 r--s 00028000 08:01 3933349                    /home/r00t/.m2/repository/org/thymeleaf/thymeleaf-spring5/3.0.12.RELEASE/thymeleaf-spring5-3.0.12.RELEASE.jar
7f9b9c0bf000-7f9b9c0c0000 r--s 00001000 08:01 3932708                    /home/r00t/.m2/repository/org/springframework/boot/spring-boot-starter-thymeleaf/2.4.3/spring-boot-starter-thymeleaf-2.4.3.jar
7f9b9c0c0000-7f9b9c0ca000 r--s 00047000 08:01 3933300                    /home/r00t/.m2/repository/org/springframework/spring-tx/5.3.4/spring-tx-5.3.4.jar
7f9b9c0ca000-7f9b9c0d7000 r--s 0009e000 08:01 3934520                    /home/r00t/.m2/repository/org/springframework/spring-beans/5.3.4/spring-beans-5.3.4.jar
7f9b9c0d7000-7f9b9c0e0000 r--s 0005d000 08:01 3932707                    /home/r00t/.m2/repository/org/springframework/spring-jdbc/5.3.4/spring-jdbc-5.3.4.jar
7f9b9c0e0000-7f9b9c0e2000 r--s 00009000 08:01 3932691                    /home/r00t/.m2/repository/org/slf4j/slf4j-api/1.7.30/slf4j-api-1.7.30.jar
7f9b9c0e2000-7f9b9c0e6000 r--s 00023000 08:01 3932720                    /home/r00t/.m2/repository/com/zaxxer/HikariCP/3.4.5/HikariCP-3.4.5.jar
7f9b9c0e6000-7f9b9c0ed000 r--s 00045000 08:01 3932719                    /home/r00t/.m2/repository/org/yaml/snakeyaml/1.27/snakeyaml-1.27.jar
7f9b9c0ed000-7f9b9c0ef000 r--s 00005000 08:01 3934510                    /home/r00t/.m2/repository/jakarta/annotation/jakarta.annotation-api/1.3.5/jakarta.annotation-api-1.3.5.jar
7f9b9c0ef000-7f9b9c0f1000 r--s 00000000 08:01 3932710                    /home/r00t/.m2/repository/org/slf4j/jul-to-slf4j/1.7.30/jul-to-slf4j-1.7.30.jar
7f9b9c0f1000-7f9b9c0f7000 r--s 00042000 08:01 3932712                    /home/r00t/.m2/repository/org/apache/logging/log4j/log4j-api/2.13.3/log4j-api-2.13.3.jar
7f9b9c0f7000-7f9b9c122000 r--s 0014e000 08:01 3934515                    /home/r00t/.m2/repository/org/springframework/boot/spring-boot-autoconfigure/2.4.3/spring-boot-autoconfigure-2.4.3.jar
7f9b9c122000-7f9b9c125000 ---p 00000000 00:00 0 
7f9b9c125000-7f9b9c223000 rw-p 00000000 00:00 0 
7f9b9c223000-7f9b9c226000 ---p 00000000 00:00 0 
7f9b9c226000-7f9b9c324000 rw-p 00000000 00:00 0 
7f9b9c324000-7f9b9c327000 ---p 00000000 00:00 0 
7f9b9c327000-7f9b9c425000 rw-p 00000000 00:00 0 
7f9b9c425000-7f9b9c426000 ---p 00000000 00:00 0 
7f9b9c426000-7f9b9ce2f000 rw-p 00000000 00:00 0 
7f9b9ce2f000-7f9b9d000000 r--s 03ca5000 08:01 266838                     /usr/lib/jvm/java-8-openjdk-amd64/jre/lib/rt.jar
7f9b9d000000-7f9b9d590000 rwxp 00000000 00:00 0 
7f9b9d590000-7f9bac000000 ---p 00000000 00:00 0 
7f9bac000000-7f9baccbd000 rw-p 00000000 00:00 0 
7f9baccbd000-7f9bb0000000 ---p 00000000 00:00 0 
7f9bb0000000-7f9bb0002000 r--s 00003000 08:01 3932701                    /home/r00t/.m2/repository/org/apache/logging/log4j/log4j-to-slf4j/2.13.3/log4j-to-slf4j-2.13.3.jar
7f9bb0002000-7f9bb000d000 r--s 00069000 08:01 3932702                    /home/r00t/.m2/repository/ch/qos/logback/logback-core/1.2.3/logback-core-1.2.3.jar
7f9bb000d000-7f9bb0013000 r--s 00041000 08:01 3932699                    /home/r00t/.m2/repository/ch/qos/logback/logback-classic/1.2.3/logback-classic-1.2.3.jar
7f9bb0013000-7f9bb0014000 r--s 00001000 08:01 3932706                    /home/r00t/.m2/repository/org/springframework/boot/spring-boot-starter-logging/2.4.3/spring-boot-starter-logging-2.4.3.jar
7f9bb0014000-7f9bb0030000 r--s 00125000 08:01 3932693                    /home/r00t/.m2/repository/org/springframework/boot/spring-boot/2.4.3/spring-boot-2.4.3.jar
7f9bb0030000-7f9bb0031000 r--s 00001000 08:01 3934535                    /home/r00t/.m2/repository/org/springframework/boot/spring-boot-starter/2.4.3/spring-boot-starter-2.4.3.jar
7f9bb0031000-7f9bb0032000 r--s 00001000 08:01 3934519                    /home/r00t/.m2/repository/org/springframework/boot/spring-boot-starter-jdbc/2.4.3/spring-boot-starter-jdbc-2.4.3.jar
7f9bb0032000-7f9bb0045000 r--s 0034b000 08:01 266904                     /usr/lib/jvm/java-8-openjdk-amd64/jre/lib/resources.jar
7f9bb0045000-7f9bb0046000 r--s 00000000 08:01 266837                     /usr/lib/jvm/java-8-openjdk-amd64/jre/lib/management-agent.jar
7f9bb0046000-7f9bb0057000 r--s 001bf000 08:01 266834                     /usr/lib/jvm/java-8-openjdk-amd64/jre/lib/jsse.jar
7f9bb0057000-7f9bb005d000 r--s 000d3000 08:01 266845                     /usr/lib/jvm/java-8-openjdk-amd64/jre/lib/jfr.jar
7f9bb005d000-7f9bb005f000 r--s 00016000 08:01 266822                     /usr/lib/jvm/java-8-openjdk-amd64/jre/lib/jce.jar
7f9bb005f000-7f9bb0064000 r--s 002f9000 08:01 266866                     /usr/lib/jvm/java-8-openjdk-amd64/jre/lib/charsets.jar
7f9bb0064000-7f9bb007f000 r--s 001d6000 08:01 266856                     /usr/lib/jvm/java-8-openjdk-amd64/jre/lib/ext/nashorn.jar
7f9bb007f000-7f9bb009a000 r--s 00394000 08:01 266854                     /usr/lib/jvm/java-8-openjdk-amd64/jre/lib/ext/cldrdata.jar
7f9bb009a000-7f9bb0cf3000 rw-p 00000000 00:00 0 
7f9bb0cf3000-7f9bb0cf4000 ---p 00000000 00:00 0 
7f9bb0cf4000-7f9bb0df4000 rw-p 00000000 00:00 0 
7f9bb0df4000-7f9bb0df5000 ---p 00000000 00:00 0 
7f9bb0df5000-7f9bb0f13000 rw-p 00000000 00:00 0 
7f9bb0f13000-7f9bb118d000 ---p 00000000 00:00 0 
7f9bb118d000-7f9bb11ab000 rw-p 00000000 00:00 0 
7f9bb11ab000-7f9bb1424000 ---p 00000000 00:00 0 
7f9bb1424000-7f9bb146a000 rw-p 00000000 00:00 0 
7f9bb146a000-7f9bb1570000 ---p 00000000 00:00 0 
7f9bb1570000-7f9bb1588000 rw-p 00000000 00:00 0 
7f9bb1588000-7f9bb1931000 ---p 00000000 00:00 0 
7f9bb1931000-7f9bb1939000 r-xp 00000000 08:01 266876                     /usr/lib/jvm/java-8-openjdk-amd64/jre/lib/amd64/libzip.so
7f9bb1939000-7f9bb1b38000 ---p 00008000 08:01 266876                     /usr/lib/jvm/java-8-openjdk-amd64/jre/lib/amd64/libzip.so
7f9bb1b38000-7f9bb1b39000 r--p 00007000 08:01 266876                     /usr/lib/jvm/java-8-openjdk-amd64/jre/lib/amd64/libzip.so
7f9bb1b39000-7f9bb1b3a000 rw-p 00008000 08:01 266876                     /usr/lib/jvm/java-8-openjdk-amd64/jre/lib/amd64/libzip.so
7f9bb1b3a000-7f9bb1b45000 r-xp 00000000 08:01 3412875                    /lib/x86_64-linux-gnu/libnss_files-2.23.so
7f9bb1b45000-7f9bb1d44000 ---p 0000b000 08:01 3412875                    /lib/x86_64-linux-gnu/libnss_files-2.23.so
7f9bb1d44000-7f9bb1d45000 r--p 0000a000 08:01 3412875                    /lib/x86_64-linux-gnu/libnss_files-2.23.so
7f9bb1d45000-7f9bb1d46000 rw-p 0000b000 08:01 3412875                    /lib/x86_64-linux-gnu/libnss_files-2.23.so
7f9bb1d46000-7f9bb1d4c000 rw-p 00000000 00:00 0 
7f9bb1d4c000-7f9bb1d57000 r-xp 00000000 08:01 3412885                    /lib/x86_64-linux-gnu/libnss_nis-2.23.so
7f9bb1d57000-7f9bb1f56000 ---p 0000b000 08:01 3412885                    /lib/x86_64-linux-gnu/libnss_nis-2.23.so
7f9bb1f56000-7f9bb1f57000 r--p 0000a000 08:01 3412885                    /lib/x86_64-linux-gnu/libnss_nis-2.23.so
7f9bb1f57000-7f9bb1f58000 rw-p 0000b000 08:01 3412885                    /lib/x86_64-linux-gnu/libnss_nis-2.23.so
7f9bb1f58000-7f9bb1f6e000 r-xp 00000000 08:01 3412869                    /lib/x86_64-linux-gnu/libnsl-2.23.so
7f9bb1f6e000-7f9bb216d000 ---p 00016000 08:01 3412869                    /lib/x86_64-linux-gnu/libnsl-2.23.so
7f9bb216d000-7f9bb216e000 r--p 00015000 08:01 3412869                    /lib/x86_64-linux-gnu/libnsl-2.23.so
7f9bb216e000-7f9bb216f000 rw-p 00016000 08:01 3412869                    /lib/x86_64-linux-gnu/libnsl-2.23.so
7f9bb216f000-7f9bb2171000 rw-p 00000000 00:00 0 
7f9bb2171000-7f9bb2179000 r-xp 00000000 08:01 3412871                    /lib/x86_64-linux-gnu/libnss_compat-2.23.so
7f9bb2179000-7f9bb2378000 ---p 00008000 08:01 3412871                    /lib/x86_64-linux-gnu/libnss_compat-2.23.so
7f9bb2378000-7f9bb2379000 r--p 00007000 08:01 3412871                    /lib/x86_64-linux-gnu/libnss_compat-2.23.so
7f9bb2379000-7f9bb237a000 rw-p 00008000 08:01 3412871                    /lib/x86_64-linux-gnu/libnss_compat-2.23.so
7f9bb237a000-7f9bb2384000 r-xp 00000000 08:01 266894                     /usr/lib/jvm/java-8-openjdk-amd64/jre/lib/amd64/libinstrument.so
7f9bb2384000-7f9bb2583000 ---p 0000a000 08:01 266894                     /usr/lib/jvm/java-8-openjdk-amd64/jre/lib/amd64/libinstrument.so
7f9bb2583000-7f9bb2584000 r--p 00009000 08:01 266894                     /usr/lib/jvm/java-8-openjdk-amd64/jre/lib/amd64/libinstrument.so
7f9bb2584000-7f9bb2585000 rw-p 0000a000 08:01 266894                     /usr/lib/jvm/java-8-openjdk-amd64/jre/lib/amd64/libinstrument.so
7f9bb2585000-7f9bb25af000 r-xp 00000000 08:01 266883                     /usr/lib/jvm/java-8-openjdk-amd64/jre/lib/amd64/libjava.so
7f9bb25af000-7f9bb27ae000 ---p 0002a000 08:01 266883                     /usr/lib/jvm/java-8-openjdk-amd64/jre/lib/amd64/libjava.so
7f9bb27ae000-7f9bb27af000 r--p 00029000 08:01 266883                     /usr/lib/jvm/java-8-openjdk-amd64/jre/lib/amd64/libjava.so
7f9bb27af000-7f9bb27b1000 rw-p 0002a000 08:01 266883                     /usr/lib/jvm/java-8-openjdk-amd64/jre/lib/amd64/libjava.so
7f9bb27b1000-7f9bb27c0000 r-xp 00000000 08:01 266881                     /usr/lib/jvm/java-8-openjdk-amd64/jre/lib/amd64/libverify.so
7f9bb27c0000-7f9bb29bf000 ---p 0000f000 08:01 266881                     /usr/lib/jvm/java-8-openjdk-amd64/jre/lib/amd64/libverify.so
7f9bb29bf000-7f9bb29c1000 r--p 0000e000 08:01 266881                     /usr/lib/jvm/java-8-openjdk-amd64/jre/lib/amd64/libverify.so
7f9bb29c1000-7f9bb29c2000 rw-p 00010000 08:01 266881                     /usr/lib/jvm/java-8-openjdk-amd64/jre/lib/amd64/libverify.so
7f9bb29c2000-7f9bb29c9000 r-xp 00000000 08:01 3412930                    /lib/x86_64-linux-gnu/librt-2.23.so
7f9bb29c9000-7f9bb2bc8000 ---p 00007000 08:01 3412930                    /lib/x86_64-linux-gnu/librt-2.23.so
7f9bb2bc8000-7f9bb2bc9000 r--p 00006000 08:01 3412930                    /lib/x86_64-linux-gnu/librt-2.23.so
7f9bb2bc9000-7f9bb2bca000 rw-p 00007000 08:01 3412930                    /lib/x86_64-linux-gnu/librt-2.23.so
7f9bb2bca000-7f9bb2be0000 r-xp 00000000 08:01 3412814                    /lib/x86_64-linux-gnu/libgcc_s.so.1
7f9bb2be0000-7f9bb2ddf000 ---p 00016000 08:01 3412814                    /lib/x86_64-linux-gnu/libgcc_s.so.1
7f9bb2ddf000-7f9bb2de0000 rw-p 00015000 08:01 3412814                    /lib/x86_64-linux-gnu/libgcc_s.so.1
7f9bb2de0000-7f9bb2ee8000 r-xp 00000000 08:01 3412846                    /lib/x86_64-linux-gnu/libm-2.23.so
7f9bb2ee8000-7f9bb30e7000 ---p 00108000 08:01 3412846                    /lib/x86_64-linux-gnu/libm-2.23.so
7f9bb30e7000-7f9bb30e8000 r--p 00107000 08:01 3412846                    /lib/x86_64-linux-gnu/libm-2.23.so
7f9bb30e8000-7f9bb30e9000 rw-p 00108000 08:01 3412846                    /lib/x86_64-linux-gnu/libm-2.23.so
7f9bb30e9000-7f9bb325b000 r-xp 00000000 08:01 141232                     /usr/lib/x86_64-linux-gnu/libstdc++.so.6.0.21
7f9bb325b000-7f9bb345b000 ---p 00172000 08:01 141232                     /usr/lib/x86_64-linux-gnu/libstdc++.so.6.0.21
7f9bb345b000-7f9bb3465000 r--p 00172000 08:01 141232                     /usr/lib/x86_64-linux-gnu/libstdc++.so.6.0.21
7f9bb3465000-7f9bb3467000 rw-p 0017c000 08:01 141232                     /usr/lib/x86_64-linux-gnu/libstdc++.so.6.0.21
7f9bb3467000-7f9bb346b000 rw-p 00000000 00:00 0 
7f9bb346b000-7f9bb4191000 r-xp 00000000 08:01 266898                     /usr/lib/jvm/java-8-openjdk-amd64/jre/lib/amd64/server/libjvm.so
7f9bb4191000-7f9bb4390000 ---p 00d26000 08:01 266898                     /usr/lib/jvm/java-8-openjdk-amd64/jre/lib/amd64/server/libjvm.so
7f9bb4390000-7f9bb4426000 r--p 00d25000 08:01 266898                     /usr/lib/jvm/java-8-openjdk-amd64/jre/lib/amd64/server/libjvm.so
7f9bb4426000-7f9bb444f000 rw-p 00dbb000 08:01 266898                     /usr/lib/jvm/java-8-openjdk-amd64/jre/lib/amd64/server/libjvm.so
7f9bb444f000-7f9bb4482000 rw-p 00000000 00:00 0 
7f9bb4482000-7f9bb449a000 r-xp 00000000 08:01 3412922                    /lib/x86_64-linux-gnu/libpthread-2.23.so
7f9bb449a000-7f9bb4699000 ---p 00018000 08:01 3412922                    /lib/x86_64-linux-gnu/libpthread-2.23.so
7f9bb4699000-7f9bb469a000 r--p 00017000 08:01 3412922                    /lib/x86_64-linux-gnu/libpthread-2.23.so
7f9bb469a000-7f9bb469b000 rw-p 00018000 08:01 3412922                    /lib/x86_64-linux-gnu/libpthread-2.23.so
7f9bb469b000-7f9bb469f000 rw-p 00000000 00:00 0 
7f9bb469f000-7f9bb46a2000 r-xp 00000000 08:01 3412800                    /lib/x86_64-linux-gnu/libdl-2.23.so
7f9bb46a2000-7f9bb48a1000 ---p 00003000 08:01 3412800                    /lib/x86_64-linux-gnu/libdl-2.23.so
7f9bb48a1000-7f9bb48a2000 r--p 00002000 08:01 3412800                    /lib/x86_64-linux-gnu/libdl-2.23.so
7f9bb48a2000-7f9bb48a3000 rw-p 00003000 08:01 3412800                    /lib/x86_64-linux-gnu/libdl-2.23.so
7f9bb48a3000-7f9bb48bc000 r-xp 00000000 08:01 3412967                    /lib/x86_64-linux-gnu/libz.so.1.2.8
7f9bb48bc000-7f9bb4abb000 ---p 00019000 08:01 3412967                    /lib/x86_64-linux-gnu/libz.so.1.2.8
7f9bb4abb000-7f9bb4abc000 r--p 00018000 08:01 3412967                    /lib/x86_64-linux-gnu/libz.so.1.2.8
7f9bb4abc000-7f9bb4abd000 rw-p 00019000 08:01 3412967                    /lib/x86_64-linux-gnu/libz.so.1.2.8
7f9bb4abd000-7f9bb4c7d000 r-xp 00000000 08:01 3412776                    /lib/x86_64-linux-gnu/libc-2.23.so
7f9bb4c7d000-7f9bb4e7d000 ---p 001c0000 08:01 3412776                    /lib/x86_64-linux-gnu/libc-2.23.so
7f9bb4e7d000-7f9bb4e81000 r--p 001c0000 08:01 3412776                    /lib/x86_64-linux-gnu/libc-2.23.so
7f9bb4e81000-7f9bb4e83000 rw-p 001c4000 08:01 3412776                    /lib/x86_64-linux-gnu/libc-2.23.so
7f9bb4e83000-7f9bb4e87000 rw-p 00000000 00:00 0 
7f9bb4e87000-7f9bb4e95000 r-xp 00000000 08:01 266888                     /usr/lib/jvm/java-8-openjdk-amd64/jre/lib/amd64/jli/libjli.so
7f9bb4e95000-7f9bb5094000 ---p 0000e000 08:01 266888                     /usr/lib/jvm/java-8-openjdk-amd64/jre/lib/amd64/jli/libjli.so
7f9bb5094000-7f9bb5095000 r--p 0000d000 08:01 266888                     /usr/lib/jvm/java-8-openjdk-amd64/jre/lib/amd64/jli/libjli.so
7f9bb5095000-7f9bb5096000 rw-p 0000e000 08:01 266888                     /usr/lib/jvm/java-8-openjdk-amd64/jre/lib/amd64/jli/libjli.so
7f9bb5096000-7f9bb50bc000 r-xp 00000000 08:01 3412748                    /lib/x86_64-linux-gnu/ld-2.23.so
7f9bb50bc000-7f9bb50c7000 r--s 00116000 08:01 266858                     /usr/lib/jvm/java-8-openjdk-amd64/jre/lib/ext/localedata.jar
7f9bb50c7000-7f9bb50cd000 r--s 0003d000 08:01 266862                     /usr/lib/jvm/java-8-openjdk-amd64/jre/lib/ext/sunjce_provider.jar
7f9bb50cd000-7f9bb50ce000 r--s 0000a000 08:01 266857                     /usr/lib/jvm/java-8-openjdk-amd64/jre/lib/ext/jaccess.jar
7f9bb50ce000-7f9bb519e000 rw-p 00000000 00:00 0 
7f9bb519e000-7f9bb51a1000 ---p 00000000 00:00 0 
7f9bb51a1000-7f9bb52a3000 rw-p 00000000 00:00 0 
7f9bb52a3000-7f9bb52a6000 r--s 0000f000 08:01 266860                     /usr/lib/jvm/java-8-openjdk-amd64/jre/lib/ext/icedtea-sound.jar
7f9bb52a6000-7f9bb52a8000 r--s 00008000 08:01 266853                     /usr/lib/jvm/java-8-openjdk-amd64/jre/lib/ext/sunec.jar
7f9bb52a8000-7f9bb52aa000 r--s 00010000 08:01 266855                     /usr/lib/jvm/java-8-openjdk-amd64/jre/lib/ext/zipfs.jar
7f9bb52aa000-7f9bb52ae000 r--s 00040000 08:01 266859                     /usr/lib/jvm/java-8-openjdk-amd64/jre/lib/ext/sunpkcs11.jar
7f9bb52ae000-7f9bb52b0000 r--s 00001000 08:01 266861                     /usr/lib/jvm/java-8-openjdk-amd64/jre/lib/ext/dnsns.jar
7f9bb52b0000-7f9bb52b8000 rw-s 00000000 08:01 4199672                    /tmp/hsperfdata_r00t/57130
7f9bb52b8000-7f9bb52b9000 rw-p 00000000 00:00 0 
7f9bb52b9000-7f9bb52ba000 ---p 00000000 00:00 0 
7f9bb52ba000-7f9bb52bb000 rw-p 00000000 00:00 0 
7f9bb52bb000-7f9bb52bc000 r--p 00025000 08:01 3412748                    /lib/x86_64-linux-gnu/ld-2.23.so
7f9bb52bc000-7f9bb52bd000 rw-p 00026000 08:01 3412748                    /lib/x86_64-linux-gnu/ld-2.23.so
7f9bb52bd000-7f9bb52be000 rw-p 00000000 00:00 0 
7ffec6fa8000-7ffec6fcb000 rw-p 00000000 00:00 0                          [stack]
7ffec6fcb000-7ffec6fce000 r--p 00000000 00:00 0                          [vvar]
7ffec6fce000-7ffec6fd0000 r-xp 00000000 00:00 0                          [vdso]
ffffffffff600000-ffffffffff601000 r-xp 00000000 00:00 0                  [vsyscall]

VM Arguments:
jvm_args: -XX:TieredStopAtLevel=1 -Xverify:none -Dspring.output.ansi.enabled=always -javaagent:/opt/idea-IU-203.7148.57/lib/idea_rt.jar=35163:/opt/idea-IU-203.7148.57/bin -Dcom.sun.management.jmxremote -Dspring.jmx.enabled=true -Dspring.liveBeansView.mbeanDomain -Dspring.application.admin.enabled=true -Dfile.encoding=UTF-8 
java_command: upc.csp1_0.Csp10Application
java_class_path (initial): /usr/lib/jvm/java-1.8.0-openjdk-amd64/jre/lib/charsets.jar:/usr/lib/jvm/java-1.8.0-openjdk-amd64/jre/lib/ext/cldrdata.jar:/usr/lib/jvm/java-1.8.0-openjdk-amd64/jre/lib/ext/dnsns.jar:/usr/lib/jvm/java-1.8.0-openjdk-amd64/jre/lib/ext/icedtea-sound.jar:/usr/lib/jvm/java-1.8.0-openjdk-amd64/jre/lib/ext/jaccess.jar:/usr/lib/jvm/java-1.8.0-openjdk-amd64/jre/lib/ext/localedata.jar:/usr/lib/jvm/java-1.8.0-openjdk-amd64/jre/lib/ext/nashorn.jar:/usr/lib/jvm/java-1.8.0-openjdk-amd64/jre/lib/ext/sunec.jar:/usr/lib/jvm/java-1.8.0-openjdk-amd64/jre/lib/ext/sunjce_provider.jar:/usr/lib/jvm/java-1.8.0-openjdk-amd64/jre/lib/ext/sunpkcs11.jar:/usr/lib/jvm/java-1.8.0-openjdk-amd64/jre/lib/ext/zipfs.jar:/usr/lib/jvm/java-1.8.0-openjdk-amd64/jre/lib/jce.jar:/usr/lib/jvm/java-1.8.0-openjdk-amd64/jre/lib/jfr.jar:/usr/lib/jvm/java-1.8.0-openjdk-amd64/jre/lib/jsse.jar:/usr/lib/jvm/java-1.8.0-openjdk-amd64/jre/lib/management-agent.jar:/usr/lib/jvm/java-1.8.0-openjdk-amd64/jre/lib/resources.jar:/usr/lib/jvm/java-1.8.0-openjdk-amd64/jre/lib/rt.jar:/home/r00t/IdeaProjects/csp1_0/csp1_0/csp1_0/csp1_0/target/classes:/home/r00t/.m2/repository/org/springframework/boot/spring-boot-starter-jdbc/2.4.3/spring-boot-starter-jdbc-2.4.3.jar:/home/r00t/.m2/repository/org/springframework/boot/spring-boot-starter/2.4.3/spring-boot-starter-2.4.3.jar:/home/r00t/.m2/repository/org/springframework/boot/spring-boot/2.4.3/spring-boot-2.4.3.jar:/home/r00t/.m2/repository/org/springframework/boot/spring-boot-autoconfigure/2.4.3/spring-boot-autoconfigure-2.4.3.jar:/home/r00t/.m2/repository/org/springframework/boot/spring-boot-starter-logging/2.4.3/spring-boot-starter-logging-2.4.3.jar:/home/r00t/.m2/repository/ch/qos/logback/logback-classic/1.2.3/logback-classic-1.2.3.jar:/home/r00t/.m2/repository/ch/qos/logback/logback-core/1.2.3/logback-core-1.2.3.jar:/home/r00t/.m2/repository/org/apache/logging/log4j/log4j-to-slf4j/2.13.3/log4j-to-slf4j-2.13.3.jar:/home/r00t/.m2/repository/org/apache/log
Launcher Type: SUN_STANDARD

Environment Variables:
JAVA_HOME=/usr/lib/jvm/java-8-openjdk-amd64
CLASSPATH=/opt/idea-IU-203.7148.57/lib/bootstrap.jar:/opt/idea-IU-203.7148.57/lib/util.jar:/opt/idea-IU-203.7148.57/lib/jdom.jar:/opt/idea-IU-203.7148.57/lib/log4j.jar:/opt/idea-IU-203.7148.57/lib/jna.jar:/lib/tools.jar
PATH=/home/r00t/bin:/home/r00t/.local/bin:/usr/local/sbin:/usr/local/bin:/usr/sbin:/usr/bin:/sbin:/bin:/usr/games:/usr/local/games:/snap/bin:/opt/maven/apache-maven-3.6.3/bin
SHELL=/bin/bash
DISPLAY=:0

Signal Handlers:
SIGSEGV: [libjvm.so+0xb1f1b0], sa_mask[0]=11111111011111111101111111111110, sa_flags=SA_RESTART|SA_SIGINFO
SIGBUS: [libjvm.so+0xb1f1b0], sa_mask[0]=11111111011111111101111111111110, sa_flags=SA_RESTART|SA_SIGINFO
SIGFPE: [libjvm.so+0x956cf0], sa_mask[0]=11111111011111111101111111111110, sa_flags=SA_RESTART|SA_SIGINFO
SIGPIPE: [libjvm.so+0x956cf0], sa_mask[0]=11111111011111111101111111111110, sa_flags=SA_RESTART|SA_SIGINFO
SIGXFSZ: [libjvm.so+0x956cf0], sa_mask[0]=11111111011111111101111111111110, sa_flags=SA_RESTART|SA_SIGINFO
SIGILL: [libjvm.so+0x956cf0], sa_mask[0]=11111111011111111101111111111110, sa_flags=SA_RESTART|SA_SIGINFO
SIGUSR1: SIG_DFL, sa_mask[0]=00000000000000000000000000000000, sa_flags=none
SIGUSR2: [libjvm.so+0x956ba0], sa_mask[0]=00100000000000000000000000000000, sa_flags=SA_RESTART|SA_SIGINFO
SIGHUP: [libjvm.so+0x957230], sa_mask[0]=11111111011111111101111111111110, sa_flags=SA_RESTART|SA_SIGINFO
SIGINT: [libjvm.so+0x957230], sa_mask[0]=11111111011111111101111111111110, sa_flags=SA_RESTART|SA_SIGINFO
SIGTERM: [libjvm.so+0x957230], sa_mask[0]=11111111011111111101111111111110, sa_flags=SA_RESTART|SA_SIGINFO
SIGQUIT: [libjvm.so+0x957230], sa_mask[0]=11111111011111111101111111111110, sa_flags=SA_RESTART|SA_SIGINFO


---------------  S Y S T E M  ---------------

OS:DISTRIB_ID=Ubuntu
DISTRIB_RELEASE=16.04
DISTRIB_CODENAME=xenial
DISTRIB_DESCRIPTION="Ubuntu 16.04.7 LTS"

uname:Linux 4.15.0-142-generic #146~16.04.1-Ubuntu SMP Tue Apr 13 09:27:15 UTC 2021 x86_64
libc:glibc 2.23 NPTL 2.23 
rlimit: STACK 8192k, CORE 0k, NPROC 31574, NOFILE 1048576, AS infinity
load average:1.36 2.14 2.99

/proc/meminfo:
MemTotal:        8144672 kB
MemFree:          102968 kB
MemAvailable:       6668 kB
Buffers:             976 kB
Cached:           102424 kB
SwapCached:         4548 kB
Active:          6815616 kB
Inactive:         860156 kB
Active(anon):    6806708 kB
Inactive(anon):   850928 kB
Active(file):       8908 kB
Inactive(file):     9228 kB
Unevictable:       34916 kB
Mlocked:           34916 kB
SwapTotal:        998396 kB
SwapFree:              0 kB
Dirty:                64 kB
Writeback:           536 kB
AnonPages:       7602904 kB
Mapped:            79068 kB
Shmem:             77676 kB
Slab:             145808 kB
SReclaimable:      62864 kB
SUnreclaim:        82944 kB
KernelStack:       22944 kB
PageTables:        83624 kB
NFS_Unstable:          0 kB
Bounce:                0 kB
WritebackTmp:          0 kB
CommitLimit:     5070732 kB
Committed_AS:   13334220 kB
VmallocTotal:   34359738367 kB
VmallocUsed:           0 kB
VmallocChunk:          0 kB
HardwareCorrupted:     0 kB
AnonHugePages:         0 kB
ShmemHugePages:        0 kB
ShmemPmdMapped:        0 kB
CmaTotal:              0 kB
CmaFree:               0 kB
HugePages_Total:       0
HugePages_Free:        0
HugePages_Rsvd:        0
HugePages_Surp:        0
Hugepagesize:       2048 kB
DirectMap4k:      188224 kB
DirectMap2M:     6103040 kB
DirectMap1G:     4194304 kB

container (cgroup) information:
container_type: cgroupv1
cpu_cpuset_cpus: 0-1
cpu_memory_nodes: 0
active_processor_count: 2
cpu_quota: -1
cpu_period: 100000
cpu_shares: -1
memory_limit_in_bytes: -1
memory_and_swap_limit_in_bytes: -2
memory_soft_limit_in_bytes: -1
memory_usage_in_bytes: 7891968000
memory_max_usage_in_bytes: 16175104


CPU:total 2 (initial active 2) (1 cores per cpu, 1 threads per core) family 6 model 151 stepping 2, cmov, cx8, fxsr, mmx, sse, sse2, sse3, ssse3, sse4.1, sse4.2, popcnt, avx, avx2, aes, clmul, erms, 3dnowpref, lzcnt, tsc, tscinvbit, bmi1, bmi2, adx

/proc/cpuinfo:
processor	: 0
vendor_id	: GenuineIntel
cpu family	: 6
model		: 151
model name	: 12th Gen Intel(R) Core(TM) i7-12700
stepping	: 2
microcode	: 0x1e
cpu MHz		: 2112.000
cache size	: 25600 KB
physical id	: 0
siblings	: 1
core id		: 0
cpu cores	: 1
apicid		: 0
initial apicid	: 0
fpu		: yes
fpu_exception	: yes
cpuid level	: 32
wp		: yes
flags		: fpu vme de pse tsc msr pae mce cx8 apic sep mtrr pge mca cmov pat pse36 clflush mmx fxsr sse sse2 ss syscall nx pdpe1gb rdtscp lm constant_tsc arch_perfmon nopl xtopology tsc_reliable nonstop_tsc cpuid pni pclmulqdq ssse3 fma cx16 pcid sse4_1 sse4_2 x2apic movbe popcnt tsc_deadline_timer aes xsave avx f16c rdrand hypervisor lahf_lm abm 3dnowprefetch invpcid_single ssbd ibrs ibpb stibp ibrs_enhanced fsgsbase tsc_adjust bmi1 avx2 smep bmi2 invpcid rdseed adx smap clflushopt clwb sha_ni xsaveopt xsavec xgetbv1 xsaves arat umip pku ospke gfni vaes vpclmulqdq rdpid md_clear flush_l1d arch_capabilities
bugs		: spectre_v1 spectre_v2 spec_store_bypass swapgs itlb_multihit
bogomips	: 4224.00
clflush size	: 64
cache_alignment	: 64
address sizes	: 45 bits physical, 48 bits virtual
power management:

processor	: 1
vendor_id	: GenuineIntel
cpu family	: 6
model		: 151
model name	: 12th Gen Intel(R) Core(TM) i7-12700
stepping	: 2
microcode	: 0x1e
cpu MHz		: 2112.000
cache size	: 25600 KB
physical id	: 2
siblings	: 1
core id		: 0
cpu cores	: 1
apicid		: 2
initial apicid	: 2
fpu		: yes
fpu_exception	: yes
cpuid level	: 32
wp		: yes
flags		: fpu vme de pse tsc msr pae mce cx8 apic sep mtrr pge mca cmov pat pse36 clflush mmx fxsr sse sse2 ss syscall nx pdpe1gb rdtscp lm constant_tsc arch_perfmon nopl xtopology tsc_reliable nonstop_tsc cpuid pni pclmulqdq ssse3 fma cx16 pcid sse4_1 sse4_2 x2apic movbe popcnt tsc_deadline_timer aes xsave avx f16c rdrand hypervisor lahf_lm abm 3dnowprefetch invpcid_single ssbd ibrs ibpb stibp ibrs_enhanced fsgsbase tsc_adjust bmi1 avx2 smep bmi2 invpcid rdseed adx smap clflushopt clwb sha_ni xsaveopt xsavec xgetbv1 xsaves arat umip pku ospke gfni vaes vpclmulqdq rdpid md_clear flush_l1d arch_capabilities
bugs		: spectre_v1 spectre_v2 spec_store_bypass swapgs itlb_multihit
bogomips	: 4224.00
clflush size	: 64
cache_alignment	: 64
address sizes	: 45 bits physical, 48 bits virtual
power management:



Memory: 4k page, physical 8144672k(102968k free), swap 998396k(0k free)

vm_info: OpenJDK 64-Bit Server VM (25.292-b10) for linux-amd64 JRE (1.8.0_292-8u292-b10-0ubuntu1~16.04.1-b10), built on Apr 21 2021 12:47:35 by "buildd" with gcc 5.4.0 20160609

time: Sat Jun 10 18:20:02 2023
timezone: CST
elapsed time: 2.985396 seconds (0d 0h 0m 2s)

