#
# There is insufficient memory for the Java Runtime Environment to continue.
# Native memory allocation (mmap) failed to map 134217728 bytes for committing reserved memory.
# Possible reasons:
#   The system is out of physical RAM or swap space
#   The process is running with CompressedOops enabled, and the Java Heap may be blocking the growth of the native heap
# Possible solutions:
#   Reduce memory load on the system
#   Increase physical memory or swap space
#   Check if swap backing store is full
#   Decrease Java heap size (-Xmx/-Xms)
#   Decrease number of Java threads
#   Decrease Java thread stack sizes (-Xss)
#   Set larger code cache with -XX:ReservedCodeCacheSize=
# This output file may be truncated or incomplete.
#
#  Out of Memory Error (os_linux.cpp:2913), pid=59772, tid=59777
#
# JRE version:  (11.0.10+9) (build )
# Java VM: Dynamic Code Evolution 64-Bit Server VM (11.0.10+9-b1341.35, mixed mode, sharing, tiered, compressed oops, g1 gc, linux-amd64)
# Core dump will be written. Default location: Core dumps may be processed with "/usr/share/apport/apport %p %s %c %d %P %E" (or dumping to /home/r00t/IdeaProjects/csp1_0/csp1_0/csp1_0/csp1_0/core.59772)
#

---------------  S U M M A R Y ------------

Command Line: -Djava.rmi.server.hostname=127.0.0.1 -Duser.timezone=UTC -Xmx994m -Xms128m -Dfile.encoding=UTF-8 com.intellij.database.remote.RemoteJdbcServer com.mysql.cj.jdbc.Driver

Host: 12th Gen Intel(R) Core(TM) i7-12700, 2 cores, 7G, Ubuntu 16.04.7 LTS
Time: Sat Jun 10 20:44:47 2023 CST elapsed time: 0.021899 seconds (0d 0h 0m 0s)

---------------  T H R E A D  ---------------

Current thread (0x00007f09dc028000):  JavaThread "Unknown thread" [_thread_in_vm, id=59777, stack(0x00007f09e3a4a000,0x00007f09e3b4b000)]

Stack: [0x00007f09e3a4a000,0x00007f09e3b4b000],  sp=0x00007f09e3b49270,  free space=1020k
Native frames: (J=compiled Java code, A=aot compiled Java code, j=interpreted, Vv=VM code, C=native code)
V  [libjvm.so+0xe6a2f7]  VMError::report_and_die(int, char const*, char const*, __va_list_tag*, Thread*, unsigned char*, void*, void*, char const*, int, unsigned long)+0x387
V  [libjvm.so+0xe6afdb]  VMError::report_and_die(Thread*, char const*, int, unsigned long, VMErrorType, char const*, __va_list_tag*)+0x2b
V  [libjvm.so+0x688f75]  report_vm_out_of_memory(char const*, int, unsigned long, VMErrorType, char const*, ...)+0xc5
V  [libjvm.so+0xbc1bd8]  os::pd_commit_memory_or_exit(char*, unsigned long, unsigned long, bool, char const*)+0xd8
V  [libjvm.so+0xbb82ad]  os::commit_memory_or_exit(char*, unsigned long, unsigned long, bool, char const*)+0x1d
V  [libjvm.so+0x7a1b7c]  G1PageBasedVirtualSpace::commit_preferred_pages(unsigned long, unsigned long)+0x6c
V  [libjvm.so+0x7a1f5e]  G1PageBasedVirtualSpace::commit(unsigned long, unsigned long)+0x19e
V  [libjvm.so+0x7ab666]  G1RegionsLargerThanCommitSizeMapper::commit_regions(unsigned int, unsigned long, WorkGang*)+0x46
V  [libjvm.so+0x8242e4]  HeapRegionManager::commit_regions(unsigned int, unsigned long, WorkGang*)+0x54
V  [libjvm.so+0x824ef0]  HeapRegionManager::make_regions_available(unsigned int, unsigned int, WorkGang*)+0x30
V  [libjvm.so+0x825317]  HeapRegionManager::expand_at(unsigned int, unsigned int, WorkGang*) [clone .part.25]+0xf7
V  [libjvm.so+0x75e3f0]  G1CollectedHeap::expand(unsigned long, WorkGang*, double*)+0xe0
V  [libjvm.so+0x75eaf1]  G1CollectedHeap::initialize()+0x681
V  [libjvm.so+0xe2d551]  Universe::initialize_heap()+0x41
V  [libjvm.so+0xe2d806]  universe_init()+0x46
V  [libjvm.so+0x844237]  init_globals()+0x57
V  [libjvm.so+0xe0728a]  Threads::create_vm(JavaVMInitArgs*, bool*)+0x30a
V  [libjvm.so+0x8ec691]  JNI_CreateJavaVM+0x51
C  [libjli.so+0x3c98]  JavaMain+0x88


---------------  P R O C E S S  ---------------

Threads class SMR info:
_java_thread_list=0x0000559da6fe6b90, length=0, elements={
}

Java Threads: ( => current thread )

Other Threads:
  0x00007f09dc03f800 GCTaskThread "GC Thread#0" [stack: 0x00007f09e0003000,0x00007f09e0103000] [id=59778]
  0x00007f09dc05b000 ConcurrentGCThread "G1 Main Marker" [stack: 0x00007f09c8b2c000,0x00007f09c8c2c000] [id=59779]
  0x00007f09dc05d000 ConcurrentGCThread "G1 Conc#0" [stack: 0x00007f09c8a2b000,0x00007f09c8b2b000] [id=59780]

[error occurred during error reporting (printing all threads), id 0xb, SIGSEGV (0xb) at pc=0x00007f09e2003050]

VM state:not at safepoint (not fully initialized)

VM Mutex/Monitor currently owned by a thread:  ([mutex/lock_event])
[0x00007f09dc024670] Heap_lock - owner thread: 0x00007f09dc028000

Heap address: 0x00000000c1e00000, size: 994 MB, Compressed Oops mode: Non-zero based: 0x00000000c1e00000
Narrow klass base: 0x0000000000000000, Narrow klass shift: 0

GC Heap History (0 events):
No events

Deoptimization events (0 events):
No events

Classes redefined (0 events):
No events

Internal exceptions (0 events):
No events

Events (2 events):
Event: 0.012 Protecting memory [0x00007f09e3a4a000,0x00007f09e3a4e000] with protection modes 0
Event: 0.012 Loaded shared library /opt/idea-IU-203.7148.57/jbr/lib/libzip.so


Dynamic libraries:
c9e00000-100000000 ---p 00000000 00:00 0 
559da59bf000-559da59c0000 r-xp 00000000 08:01 3673588                    /opt/idea-IU-203.7148.57/jbr/bin/java
559da5bc0000-559da5bc1000 r--p 00001000 08:01 3673588                    /opt/idea-IU-203.7148.57/jbr/bin/java
559da5bc1000-559da5bc2000 rw-p 00002000 08:01 3673588                    /opt/idea-IU-203.7148.57/jbr/bin/java
559da6fe3000-559da7004000 rw-p 00000000 00:00 0                          [heap]
7f09b4000000-7f09b4021000 rw-p 00000000 00:00 0 
7f09b4021000-7f09b8000000 ---p 00000000 00:00 0 
7f09bc000000-7f09bc021000 rw-p 00000000 00:00 0 
7f09bc021000-7f09c0000000 ---p 00000000 00:00 0 
7f09c00f0000-7f09c20f0000 rw-p 00000000 00:00 0 
7f09c20f0000-7f09c4000000 ---p 00000000 00:00 0 
7f09c4000000-7f09c4021000 rw-p 00000000 00:00 0 
7f09c4021000-7f09c8000000 ---p 00000000 00:00 0 
7f09c8466000-7f09c8a2a000 rw-p 00000000 00:00 0 
7f09c8a2a000-7f09c8a2b000 ---p 00000000 00:00 0 
7f09c8a2b000-7f09c8b2b000 rw-p 00000000 00:00 0 
7f09c8b2b000-7f09c8b2c000 ---p 00000000 00:00 0 
7f09c8b2c000-7f09c8c2c000 rw-p 00000000 00:00 0 
7f09c8c2c000-7f09c91ff000 ---p 00000000 00:00 0 
7f09c91ff000-7f09c9401000 rw-p 00000000 00:00 0 
7f09c9401000-7f09c9671000 rwxp 00000000 00:00 0 
7f09c9671000-7f09c9990000 ---p 00000000 00:00 0 
7f09c9990000-7f09c9c00000 rwxp 00000000 00:00 0 
7f09c9c00000-7f09d0ec8000 ---p 00000000 00:00 0 
7f09d0ec8000-7f09d1138000 rwxp 00000000 00:00 0 
7f09d1138000-7f09d8401000 ---p 00000000 00:00 0 
7f09d8401000-7f09dc000000 r--s 00000000 08:01 3673595                    /opt/idea-IU-203.7148.57/jbr/lib/modules
7f09dc000000-7f09dc072000 rw-p 00000000 00:00 0 
7f09dc072000-7f09e0000000 ---p 00000000 00:00 0 
7f09e0002000-7f09e0003000 ---p 00000000 00:00 0 
7f09e0003000-7f09e0108000 rw-p 00000000 00:00 0 
7f09e0108000-7f09e01ee000 ---p 00000000 00:00 0 
7f09e01ee000-7f09e01f3000 rw-p 00000000 00:00 0 
7f09e01f3000-7f09e02d9000 ---p 00000000 00:00 0 
7f09e02d9000-7f09e02e0000 r-xp 00000000 08:01 3674511                    /opt/idea-IU-203.7148.57/jbr/lib/libzip.so
7f09e02e0000-7f09e04df000 ---p 00007000 08:01 3674511                    /opt/idea-IU-203.7148.57/jbr/lib/libzip.so
7f09e04df000-7f09e04e0000 r--p 00006000 08:01 3674511                    /opt/idea-IU-203.7148.57/jbr/lib/libzip.so
7f09e04e0000-7f09e04e1000 rw-p 00000000 00:00 0 
7f09e04e1000-7f09e04ec000 r-xp 00000000 08:01 3412875                    /lib/x86_64-linux-gnu/libnss_files-2.23.so
7f09e04ec000-7f09e06eb000 ---p 0000b000 08:01 3412875                    /lib/x86_64-linux-gnu/libnss_files-2.23.so
7f09e06eb000-7f09e06ec000 r--p 0000a000 08:01 3412875                    /lib/x86_64-linux-gnu/libnss_files-2.23.so
7f09e06ec000-7f09e06ed000 rw-p 0000b000 08:01 3412875                    /lib/x86_64-linux-gnu/libnss_files-2.23.so
7f09e06ed000-7f09e06f3000 rw-p 00000000 00:00 0 
7f09e06f3000-7f09e06fe000 r-xp 00000000 08:01 3412885                    /lib/x86_64-linux-gnu/libnss_nis-2.23.so
7f09e06fe000-7f09e08fd000 ---p 0000b000 08:01 3412885                    /lib/x86_64-linux-gnu/libnss_nis-2.23.so
7f09e08fd000-7f09e08fe000 r--p 0000a000 08:01 3412885                    /lib/x86_64-linux-gnu/libnss_nis-2.23.so
7f09e08fe000-7f09e08ff000 rw-p 0000b000 08:01 3412885                    /lib/x86_64-linux-gnu/libnss_nis-2.23.so
7f09e08ff000-7f09e0915000 r-xp 00000000 08:01 3412869                    /lib/x86_64-linux-gnu/libnsl-2.23.so
7f09e0915000-7f09e0b14000 ---p 00016000 08:01 3412869                    /lib/x86_64-linux-gnu/libnsl-2.23.so
7f09e0b14000-7f09e0b15000 r--p 00015000 08:01 3412869                    /lib/x86_64-linux-gnu/libnsl-2.23.so
7f09e0b15000-7f09e0b16000 rw-p 00016000 08:01 3412869                    /lib/x86_64-linux-gnu/libnsl-2.23.so
7f09e0b16000-7f09e0b18000 rw-p 00000000 00:00 0 
7f09e0b18000-7f09e0b20000 r-xp 00000000 08:01 3412871                    /lib/x86_64-linux-gnu/libnss_compat-2.23.so
7f09e0b20000-7f09e0d1f000 ---p 00008000 08:01 3412871                    /lib/x86_64-linux-gnu/libnss_compat-2.23.so
7f09e0d1f000-7f09e0d20000 r--p 00007000 08:01 3412871                    /lib/x86_64-linux-gnu/libnss_compat-2.23.so
7f09e0d20000-7f09e0d21000 rw-p 00008000 08:01 3412871                    /lib/x86_64-linux-gnu/libnss_compat-2.23.so
7f09e0d21000-7f09e0d3c000 r-xp 00000000 08:01 3674486                    /opt/idea-IU-203.7148.57/jbr/lib/libjimage.so
7f09e0d3c000-7f09e0f3c000 ---p 0001b000 08:01 3674486                    /opt/idea-IU-203.7148.57/jbr/lib/libjimage.so
7f09e0f3c000-7f09e0f3e000 r--p 0001b000 08:01 3674486                    /opt/idea-IU-203.7148.57/jbr/lib/libjimage.so
7f09e0f3e000-7f09e0f3f000 rw-p 0001d000 08:01 3674486                    /opt/idea-IU-203.7148.57/jbr/lib/libjimage.so
7f09e0f3f000-7f09e0f68000 r-xp 00000000 08:01 3673594                    /opt/idea-IU-203.7148.57/jbr/lib/libjava.so
7f09e0f68000-7f09e1168000 ---p 00029000 08:01 3673594                    /opt/idea-IU-203.7148.57/jbr/lib/libjava.so
7f09e1168000-7f09e1169000 r--p 00029000 08:01 3673594                    /opt/idea-IU-203.7148.57/jbr/lib/libjava.so
7f09e1169000-7f09e116a000 rw-p 0002a000 08:01 3673594                    /opt/idea-IU-203.7148.57/jbr/lib/libjava.so
7f09e116a000-7f09e116b000 rw-p 00000000 00:00 0 
7f09e116b000-7f09e1178000 r-xp 00000000 08:01 3674510                    /opt/idea-IU-203.7148.57/jbr/lib/libverify.so
7f09e1178000-7f09e1377000 ---p 0000d000 08:01 3674510                    /opt/idea-IU-203.7148.57/jbr/lib/libverify.so
7f09e1377000-7f09e1379000 r--p 0000c000 08:01 3674510                    /opt/idea-IU-203.7148.57/jbr/lib/libverify.so
7f09e1379000-7f09e137a000 rw-p 00000000 00:00 0 
7f09e137a000-7f09e1381000 r-xp 00000000 08:01 3412930                    /lib/x86_64-linux-gnu/librt-2.23.so
7f09e1381000-7f09e1580000 ---p 00007000 08:01 3412930                    /lib/x86_64-linux-gnu/librt-2.23.so
7f09e1580000-7f09e1581000 r--p 00006000 08:01 3412930                    /lib/x86_64-linux-gnu/librt-2.23.so
7f09e1581000-7f09e1582000 rw-p 00007000 08:01 3412930                    /lib/x86_64-linux-gnu/librt-2.23.so
7f09e1582000-7f09e168a000 r-xp 00000000 08:01 3412846                    /lib/x86_64-linux-gnu/libm-2.23.so
7f09e168a000-7f09e1889000 ---p 00108000 08:01 3412846                    /lib/x86_64-linux-gnu/libm-2.23.so
7f09e1889000-7f09e188a000 r--p 00107000 08:01 3412846                    /lib/x86_64-linux-gnu/libm-2.23.so
7f09e188a000-7f09e188b000 rw-p 00108000 08:01 3412846                    /lib/x86_64-linux-gnu/libm-2.23.so
7f09e188b000-7f09e29d9000 r-xp 00000000 08:01 3673602                    /opt/idea-IU-203.7148.57/jbr/lib/server/libjvm.so
7f09e29d9000-7f09e2bd9000 ---p 0114e000 08:01 3673602                    /opt/idea-IU-203.7148.57/jbr/lib/server/libjvm.so
7f09e2bd9000-7f09e2c9b000 r--p 0114e000 08:01 3673602                    /opt/idea-IU-203.7148.57/jbr/lib/server/libjvm.so
7f09e2c9b000-7f09e2cd6000 rw-p 01210000 08:01 3673602                    /opt/idea-IU-203.7148.57/jbr/lib/server/libjvm.so
7f09e2cd6000-7f09e2d2d000 rw-p 00000000 00:00 0 
7f09e2d2d000-7f09e2eed000 r-xp 00000000 08:01 3412776                    /lib/x86_64-linux-gnu/libc-2.23.so
7f09e2eed000-7f09e30ed000 ---p 001c0000 08:01 3412776                    /lib/x86_64-linux-gnu/libc-2.23.so
7f09e30ed000-7f09e30f1000 r--p 001c0000 08:01 3412776                    /lib/x86_64-linux-gnu/libc-2.23.so
7f09e30f1000-7f09e30f3000 rw-p 001c4000 08:01 3412776                    /lib/x86_64-linux-gnu/libc-2.23.so
7f09e30f3000-7f09e30f7000 rw-p 00000000 00:00 0 
7f09e30f7000-7f09e30fa000 r-xp 00000000 08:01 3412800                    /lib/x86_64-linux-gnu/libdl-2.23.so
7f09e30fa000-7f09e32f9000 ---p 00003000 08:01 3412800                    /lib/x86_64-linux-gnu/libdl-2.23.so
7f09e32f9000-7f09e32fa000 r--p 00002000 08:01 3412800                    /lib/x86_64-linux-gnu/libdl-2.23.so
7f09e32fa000-7f09e32fb000 rw-p 00003000 08:01 3412800                    /lib/x86_64-linux-gnu/libdl-2.23.so
7f09e32fb000-7f09e330a000 r-xp 00000000 08:01 3674462                    /opt/idea-IU-203.7148.57/jbr/lib/jli/libjli.so
7f09e330a000-7f09e3509000 ---p 0000f000 08:01 3674462                    /opt/idea-IU-203.7148.57/jbr/lib/jli/libjli.so
7f09e3509000-7f09e350a000 r--p 0000e000 08:01 3674462                    /opt/idea-IU-203.7148.57/jbr/lib/jli/libjli.so
7f09e350a000-7f09e350b000 rw-p 0000f000 08:01 3674462                    /opt/idea-IU-203.7148.57/jbr/lib/jli/libjli.so
7f09e350b000-7f09e3523000 r-xp 00000000 08:01 3412922                    /lib/x86_64-linux-gnu/libpthread-2.23.so
7f09e3523000-7f09e3722000 ---p 00018000 08:01 3412922                    /lib/x86_64-linux-gnu/libpthread-2.23.so
7f09e3722000-7f09e3723000 r--p 00017000 08:01 3412922                    /lib/x86_64-linux-gnu/libpthread-2.23.so
7f09e3723000-7f09e3724000 rw-p 00018000 08:01 3412922                    /lib/x86_64-linux-gnu/libpthread-2.23.so
7f09e3724000-7f09e3728000 rw-p 00000000 00:00 0 
7f09e3728000-7f09e3741000 r-xp 00000000 08:01 3412967                    /lib/x86_64-linux-gnu/libz.so.1.2.8
7f09e3741000-7f09e3940000 ---p 00019000 08:01 3412967                    /lib/x86_64-linux-gnu/libz.so.1.2.8
7f09e3940000-7f09e3941000 r--p 00018000 08:01 3412967                    /lib/x86_64-linux-gnu/libz.so.1.2.8
7f09e3941000-7f09e3942000 rw-p 00019000 08:01 3412967                    /lib/x86_64-linux-gnu/libz.so.1.2.8
7f09e3942000-7f09e3968000 r-xp 00000000 08:01 3412748                    /lib/x86_64-linux-gnu/ld-2.23.so
7f09e3a28000-7f09e3a4a000 rw-p 00000000 00:00 0 
7f09e3a4a000-7f09e3a4e000 ---p 00000000 00:00 0 
7f09e3a4e000-7f09e3b50000 rw-p 00000000 00:00 0 
7f09e3b51000-7f09e3b56000 rw-p 00000000 00:00 0 
7f09e3b56000-7f09e3b5d000 ---p 00000000 00:00 0 
7f09e3b5d000-7f09e3b65000 rw-s 00000000 08:01 4200208                    /tmp/hsperfdata_r00t/59772
7f09e3b65000-7f09e3b66000 ---p 00000000 00:00 0 
7f09e3b66000-7f09e3b67000 r--p 00000000 00:00 0 
7f09e3b67000-7f09e3b68000 r--p 00025000 08:01 3412748                    /lib/x86_64-linux-gnu/ld-2.23.so
7f09e3b68000-7f09e3b69000 rw-p 00026000 08:01 3412748                    /lib/x86_64-linux-gnu/ld-2.23.so
7f09e3b69000-7f09e3b6a000 rw-p 00000000 00:00 0 
7ffcf53b1000-7ffcf53d2000 rw-p 00000000 00:00 0                          [stack]
7ffcf53f4000-7ffcf53f7000 r--p 00000000 00:00 0                          [vvar]
7ffcf53f7000-7ffcf53f9000 r-xp 00000000 00:00 0                          [vdso]
ffffffffff600000-ffffffffff601000 r-xp 00000000 00:00 0                  [vsyscall]


VM Arguments:
jvm_args: -Djava.rmi.server.hostname=127.0.0.1 -Duser.timezone=UTC -Xmx994m -Xms128m -Dfile.encoding=UTF-8 
java_command: com.intellij.database.remote.RemoteJdbcServer com.mysql.cj.jdbc.Driver
java_class_path (initial): /opt/idea-IU-203.7148.57/lib/util.jar:/opt/idea-IU-203.7148.57/lib/trove4j.jar:/opt/idea-IU-203.7148.57/lib/groovy-2.5.11.jar:/opt/idea-IU-203.7148.57/plugins/DatabaseTools/lib/jdbc-console.jar:/home/r00t/.config/JetBrains/IntelliJIdea2021.1/jdbc-drivers/MySQL ConnectorJ/8.0.21/mysql-connector-java-8.0.21.jar
Launcher Type: SUN_STANDARD

[Global flags]
     intx CICompilerCount                          = 2                                         {product} {ergonomic}
     uint ConcGCThreads                            = 1                                         {product} {ergonomic}
     uint G1ConcRefinementThreads                  = 2                                         {product} {ergonomic}
   size_t G1HeapRegionSize                         = 1048576                                   {product} {ergonomic}
    uintx GCDrainStackTargetSize                   = 64                                        {product} {ergonomic}
   size_t InitialHeapSize                          = 134217728                                 {product} {command line}
   size_t MarkStackSize                            = 4194304                                   {product} {ergonomic}
   size_t MaxHeapSize                              = 1042284544                                {product} {command line}
   size_t MinHeapDeltaBytes                        = 1048576                                   {product} {ergonomic}
    uintx NonNMethodCodeHeapSize                   = 5825164                                {pd product} {ergonomic}
    uintx NonProfiledCodeHeapSize                  = 122916538                              {pd product} {ergonomic}
    uintx ProfiledCodeHeapSize                     = 122916538                              {pd product} {ergonomic}
    uintx ReservedCodeCacheSize                    = 251658240                              {pd product} {ergonomic}
     bool SegmentedCodeCache                       = true                                      {product} {ergonomic}
     bool UseCompressedClassPointers               = true                                 {lp64_product} {ergonomic}
     bool UseCompressedOops                        = true                                 {lp64_product} {ergonomic}
     bool UseG1GC                                  = true                                      {product} {ergonomic}

Logging:
Log output configuration:
 #0: stdout all=warning uptime,level,tags
 #1: stderr all=off uptime,level,tags

Environment Variables:
JAVA_HOME=/usr/lib/jvm/java-8-openjdk-amd64
CLASSPATH=/opt/idea-IU-203.7148.57/lib/bootstrap.jar:/opt/idea-IU-203.7148.57/lib/util.jar:/opt/idea-IU-203.7148.57/lib/jdom.jar:/opt/idea-IU-203.7148.57/lib/log4j.jar:/opt/idea-IU-203.7148.57/lib/jna.jar:/lib/tools.jar
PATH=/home/r00t/bin:/home/r00t/.local/bin:/usr/local/sbin:/usr/local/bin:/usr/sbin:/usr/bin:/sbin:/bin:/usr/games:/usr/local/games:/snap/bin:/opt/maven/apache-maven-3.6.3/bin
SHELL=/bin/bash
DISPLAY=:0
LANG=zh_CN.UTF-8

Signal Handlers:
SIGSEGV: [libjvm.so+0xe6b030], sa_mask[0]=11111111011111111101111111111110, sa_flags=SA_RESTART|SA_SIGINFO
SIGBUS: [libjvm.so+0xe6b030], sa_mask[0]=11111111011111111101111111111110, sa_flags=SA_RESTART|SA_SIGINFO
SIGFPE: [libjvm.so+0xe6b030], sa_mask[0]=11111111011111111101111111111110, sa_flags=SA_RESTART|SA_SIGINFO
SIGPIPE: [libjvm.so+0xbbcb40], sa_mask[0]=11111111011111111101111111111110, sa_flags=SA_RESTART|SA_SIGINFO
SIGXFSZ: [libjvm.so+0xbbcb40], sa_mask[0]=11111111011111111101111111111110, sa_flags=SA_RESTART|SA_SIGINFO
SIGILL: [libjvm.so+0xe6b030], sa_mask[0]=11111111011111111101111111111110, sa_flags=SA_RESTART|SA_SIGINFO
SIGUSR2: [libjvm.so+0xbbc9d0], sa_mask[0]=00100000000000000000000000000000, sa_flags=SA_RESTART|SA_SIGINFO
SIGHUP: SIG_DFL, sa_mask[0]=00000000000000000000000000000000, sa_flags=none
SIGINT: SIG_DFL, sa_mask[0]=00000000000000000000000000000000, sa_flags=none
SIGTERM: SIG_DFL, sa_mask[0]=00000000000000000000000000000000, sa_flags=none
SIGQUIT: SIG_DFL, sa_mask[0]=00000000000000000000000000000000, sa_flags=none


---------------  S Y S T E M  ---------------

OS:DISTRIB_ID=Ubuntu
DISTRIB_RELEASE=16.04
DISTRIB_CODENAME=xenial
DISTRIB_DESCRIPTION="Ubuntu 16.04.7 LTS"
uname:Linux 4.15.0-142-generic #146~16.04.1-Ubuntu SMP Tue Apr 13 09:27:15 UTC 2021 x86_64
OS uptime: 0 days 16:09 hours
libc:glibc 2.23 NPTL 2.23 
rlimit (soft/hard): STACK 8192k/infinity , CORE 0k/infinity , NPROC 31574/31574 , NOFILE 1048576/1048576 , AS infinity/infinity , CPU infinity/infinity , DATA infinity/infinity , FSIZE infinity/infinity , MEMLOCK 64k/64k
load average:0.82 0.87 1.33

/proc/meminfo:
MemTotal:        8144672 kB
MemFree:          125376 kB
MemAvailable:      32624 kB
Buffers:             452 kB
Cached:           115280 kB
SwapCached:         2052 kB
Active:          6788632 kB
Inactive:         865116 kB
Active(anon):    6780752 kB
Inactive(anon):   847644 kB
Active(file):       7880 kB
Inactive(file):    17472 kB
Unevictable:       34916 kB
Mlocked:           34916 kB
SwapTotal:        998396 kB
SwapFree:              4 kB
Dirty:               104 kB
Writeback:           476 kB
AnonPages:       7571100 kB
Mapped:            45528 kB
Shmem:             82752 kB
Slab:             145340 kB
SReclaimable:      62744 kB
SUnreclaim:        82596 kB
KernelStack:       22960 kB
PageTables:        82744 kB
NFS_Unstable:          0 kB
Bounce:                0 kB
WritebackTmp:          0 kB
CommitLimit:     5070732 kB
Committed_AS:   13483616 kB
VmallocTotal:   34359738367 kB
VmallocUsed:           0 kB
VmallocChunk:          0 kB
HardwareCorrupted:     0 kB
AnonHugePages:         0 kB
ShmemHugePages:        0 kB
ShmemPmdMapped:        0 kB
CmaTotal:              0 kB
CmaFree:               0 kB
HugePages_Total:       0
HugePages_Free:        0
HugePages_Rsvd:        0
HugePages_Surp:        0
Hugepagesize:       2048 kB
DirectMap4k:      190272 kB
DirectMap2M:     6100992 kB
DirectMap1G:     4194304 kB

/sys/kernel/mm/transparent_hugepage/enabled:
always [madvise] never
/sys/kernel/mm/transparent_hugepage/defrag (defrag/compaction efforts parameter):
always defer defer+madvise [madvise] never

/proc/sys/kernel/threads-max (system-wide limit on the number of threads):
63149
/proc/sys/vm/max_map_count (maximum number of memory map areas a process may have):
65530
/proc/sys/kernel/pid_max (system-wide limit on number of process identifiers):
131072

container (cgroup) information:
container_type: cgroupv1
cpu_cpuset_cpus: 0-1
cpu_memory_nodes: 0
active_processor_count: 2
cpu_quota: -1
cpu_period: 100000
cpu_shares: -1
memory_limit_in_bytes: -1
memory_and_swap_limit_in_bytes: -2
memory_soft_limit_in_bytes: -1
memory_usage_in_bytes: 7871258624
memory_max_usage_in_bytes: 16175104

VMWare virtualization detected
Steal ticks since vm start: 0
Steal ticks percentage since vm start:  0.000

CPU:total 2 (initial active 2) (1 cores per cpu, 1 threads per core) family 6 model 151 stepping 2 microcode 0x1e, cmov, cx8, fxsr, mmx, sse, sse2, sse3, ssse3, sse4.1, sse4.2, popcnt, avx, avx2, aes, clmul, erms, 3dnowpref, lzcnt, tsc, tscinvbit, bmi1, bmi2, adx, sha, fma
CPU Model and flags from /proc/cpuinfo:
model name	: 12th Gen Intel(R) Core(TM) i7-12700
flags		: fpu vme de pse tsc msr pae mce cx8 apic sep mtrr pge mca cmov pat pse36 clflush mmx fxsr sse sse2 ss syscall nx pdpe1gb rdtscp lm constant_tsc arch_perfmon nopl xtopology tsc_reliable nonstop_tsc cpuid pni pclmulqdq ssse3 fma cx16 pcid sse4_1 sse4_2 x2apic movbe popcnt tsc_deadline_timer aes xsave avx f16c rdrand hypervisor lahf_lm abm 3dnowprefetch invpcid_single ssbd ibrs ibpb stibp ibrs_enhanced fsgsbase tsc_adjust bmi1 avx2 smep bmi2 invpcid rdseed adx smap clflushopt clwb sha_ni xsaveopt xsavec xgetbv1 xsaves arat umip pku ospke gfni vaes vpclmulqdq rdpid md_clear flush_l1d arch_capabilities
Online cpus:
0-1
Offline cpus:
2-127
BIOS frequency limitation:
<Not Available>
Frequency switch latency (ns):
<Not Available>
Available cpu frequencies:
<Not Available>
Current governor:
<Not Available>
Core performance/turbo boost:
<Not Available>

Memory: 4k page, physical 8144672k(125376k free), swap 998396k(4k free)

vm_info: Dynamic Code Evolution 64-Bit Server VM (11.0.10+9-b1341.35) for linux-amd64 JRE (11.0.10+9-b1341.35), built on Mar 30 2021 23:11:47 by "" with gcc 8.3.1 20190311 (Red Hat 8.3.1-3)

END.
