#
# There is insufficient memory for the Java Runtime Environment to continue.
# Native memory allocation (mmap) failed to map 125829120 bytes for committing reserved memory.
# Possible reasons:
#   The system is out of physical RAM or swap space
#   The process is running with CompressedOops enabled, and the Java Heap may be blocking the growth of the native heap
# Possible solutions:
#   Reduce memory load on the system
#   Increase physical memory or swap space
#   Check if swap backing store is full
#   Decrease Java heap size (-Xmx/-Xms)
#   Decrease number of Java threads
#   Decrease Java thread stack sizes (-Xss)
#   Set larger code cache with -XX:ReservedCodeCacheSize=
#   JVM is running with Unscaled Compressed Oops mode in which the Java heap is
#     placed in the first 4GB address space. The Java Heap base address is the
#     maximum limit for the native heap growth. Please use -XX:HeapBaseMinAddress
#     to set the Java Heap base and to place the Java Heap above 4GB virtual address.
# This output file may be truncated or incomplete.
#
#  Out of Memory Error (os_linux.cpp:2798), pid=59887, tid=0x00007f75a5e43700
#
# JRE version: OpenJDK Runtime Environment (8.0_292-b10) (build 1.8.0_292-8u292-b10-0ubuntu1~16.04.1-b10)
# Java VM: OpenJDK 64-Bit Server VM (25.292-b10 mixed mode linux-amd64 compressed oops)
# Failed to write core dump. Core dumps have been disabled. To enable core dumping, try "ulimit -c unlimited" before starting Java again
#

---------------  T H R E A D  ---------------

Current thread (0x00007f75bc101000):  VMThread [stack: 0x00007f75a5d43000,0x00007f75a5e44000] [id=59899]

Stack: [0x00007f75a5d43000,0x00007f75a5e44000],  sp=0x00007f75a5e42360,  free space=1020k
Native frames: (J=compiled Java code, j=interpreted, Vv=VM code, C=native code)
V  [libjvm.so+0xb1e67b]
V  [libjvm.so+0x4e01dc]
V  [libjvm.so+0x95bc48]
V  [libjvm.so+0x953b3e]
V  [libjvm.so+0x9d4ad6]
V  [libjvm.so+0x9d5e03]
V  [libjvm.so+0x9d2204]
V  [libjvm.so+0x9d249c]
V  [libjvm.so+0x983953]
V  [libjvm.so+0xb20372]
V  [libjvm.so+0xb26067]
V  [libjvm.so+0xb23b43]
V  [libjvm.so+0xb23ee5]
V  [libjvm.so+0xb244b2]
V  [libjvm.so+0x958fe2]

VM_Operation (0x00007f75c29a2a20): ParallelGCFailedAllocation, mode: safepoint, requested by thread 0x00007f75bc010000


---------------  P R O C E S S  ---------------

Java Threads: ( => current thread )
  0x00007f75bccad800 JavaThread "container-0" [_thread_blocked, id=59937, stack(0x00007f75768fb000,0x00007f75769fc000)]
  0x00007f7584046000 JavaThread "Catalina-utility-2" [_thread_blocked, id=59936, stack(0x00007f75769fc000,0x00007f7576afd000)]
  0x00007f75bccac000 JavaThread "Catalina-utility-1" [_thread_blocked, id=59935, stack(0x00007f75778fd000,0x00007f75779fe000)]
  0x00007f756400d800 JavaThread "RMI Scheduler(0)" daemon [_thread_blocked, id=59924, stack(0x00007f75779fe000,0x00007f7577aff000)]
  0x00007f757c001800 JavaThread "RMI TCP Connection(1)-127.0.0.1" daemon [_thread_in_native, id=59923, stack(0x00007f7577aff000,0x00007f7577c00000)]
  0x00007f7588001000 JavaThread "Attach Listener" daemon [_thread_blocked, id=59919, stack(0x00007f75a405e000,0x00007f75a415f000)]
  0x00007f75bc618800 JavaThread "RMI TCP Accept-0" daemon [_thread_in_native, id=59914, stack(0x00007f75a4288000,0x00007f75a4389000)]
  0x00007f75bc56d800 JavaThread "Service Thread" daemon [_thread_blocked, id=59913, stack(0x00007f75a45a4000,0x00007f75a46a5000)]
  0x00007f75bc56a000 JavaThread "C1 CompilerThread1" daemon [_thread_blocked, id=59912, stack(0x00007f75a46a5000,0x00007f75a47a6000)]
  0x00007f75bc568800 JavaThread "C2 CompilerThread0" daemon [_thread_blocked, id=59911, stack(0x00007f75a47a6000,0x00007f75a48a7000)]
  0x00007f75bc564800 JavaThread "Monitor Ctrl-Break" daemon [_thread_in_native, id=59910, stack(0x00007f75a48ad000,0x00007f75a49ae000)]
  0x00007f75bc140800 JavaThread "Signal Dispatcher" daemon [_thread_blocked, id=59906, stack(0x00007f75a5081000,0x00007f75a5182000)]
  0x00007f75bc10f800 JavaThread "Finalizer" daemon [_thread_blocked, id=59903, stack(0x00007f75a5b41000,0x00007f75a5c42000)]
  0x00007f75bc10a800 JavaThread "Reference Handler" daemon [_thread_blocked, id=59902, stack(0x00007f75a5c42000,0x00007f75a5d43000)]
  0x00007f75bc010000 JavaThread "main" [_thread_blocked, id=59891, stack(0x00007f75c28a9000,0x00007f75c29aa000)]

Other Threads:
=>0x00007f75bc101000 VMThread [stack: 0x00007f75a5d43000,0x00007f75a5e44000] [id=59899]
  0x00007f75bc626800 WatcherThread [stack: 0x00007f75a4187000,0x00007f75a4288000] [id=59915]

VM state:at safepoint (normal execution)

VM Mutex/Monitor currently owned by a thread:  ([mutex/lock_event])
[0x00007f75bc00c320] Threads_lock - owner thread: 0x00007f75bc101000
[0x00007f75bc00c820] Heap_lock - owner thread: 0x00007f75bc010000

heap address: 0x0000000083a00000, size: 1990 MB, Compressed Oops mode: 32-bit
Narrow klass base: 0x0000000000000000, Narrow klass shift: 3
Compressed class space size: 1073741824 Address: 0x0000000100000000

Heap:
 PSYoungGen      total 136192K, used 5108K [0x00000000d6900000, 0x00000000df300000, 0x0000000100000000)
  eden space 131072K, 0% used [0x00000000d6900000,0x00000000d6900000,0x00000000de900000)
  from space 5120K, 99% used [0x00000000de900000,0x00000000dedfd030,0x00000000dee00000)
  to   space 5120K, 0% used [0x00000000dee00000,0x00000000dee00000,0x00000000df300000)
 ParOldGen       total 51200K, used 13551K [0x0000000083a00000, 0x0000000086c00000, 0x00000000d6900000)
  object space 51200K, 26% used [0x0000000083a00000,0x000000008473bf80,0x0000000086c00000)
 Metaspace       used 27550K, capacity 29395K, committed 29568K, reserved 1075200K
  class space    used 3773K, capacity 4102K, committed 4224K, reserved 1048576K

Card table byte_map: [0x00007f75ab7cb000,0x00007f75abbaf000] byte_map_base: 0x00007f75ab3ae000

Marking Bits: (ParMarkBitMap*) 0x00007f75c1b708a0
 Begin Bits: [0x00007f75a7501000, 0x00007f75a9419000)
 End Bits:   [0x00007f75a9419000, 0x00007f75ab331000)

Polling page: 0x00007f75c29c4000

CodeCache: size=245760Kb used=5883Kb max_used=5883Kb free=239876Kb
 bounds [0x00007f75abf6f000, 0x00007f75ac52f000, 0x00007f75baf6f000]
 total_blobs=3280 nmethods=2878 adapters=315
 compilation: enabled

Compilation events (10 events):
Event: 2.920 Thread 0x00007f75bc56a000 2874       1       org.springframework.boot.context.properties.bind.Binder$Context::access$000 (5 bytes)
Event: 2.920 Thread 0x00007f75bc56a000 nmethod 2874 0x00007f75ac52cc90 code [0x00007f75ac52cde0, 0x00007f75ac52ced0]
Event: 2.921 Thread 0x00007f75bc56a000 2875       1       org.springframework.core.convert.TypeDescriptor::hashCode (8 bytes)
Event: 2.921 Thread 0x00007f75bc56a000 nmethod 2875 0x00007f75ac52cf50 code [0x00007f75ac52d0c0, 0x00007f75ac52d208]
Event: 2.921 Thread 0x00007f75bc56a000 2876   !   1       java.util.Collections$SynchronizedCollection::toArray (25 bytes)
Event: 2.921 Thread 0x00007f75bc56a000 nmethod 2876 0x00007f75ac52d2d0 code [0x00007f75ac52d440, 0x00007f75ac52d708]
Event: 2.922 Thread 0x00007f75bc56a000 2877       1       java.lang.ThreadLocal$ThreadLocalMap::access$100 (7 bytes)
Event: 2.922 Thread 0x00007f75bc56a000 nmethod 2877 0x00007f75ac52d810 code [0x00007f75ac52d980, 0x00007f75ac52da88]
Event: 2.929 Thread 0x00007f75bc56a000 2878       1       java.lang.invoke.LambdaFormEditor$Transform::equals (32 bytes)
Event: 2.929 Thread 0x00007f75bc56a000 nmethod 2878 0x00007f75ac52db50 code [0x00007f75ac52dcc0, 0x00007f75ac52de28]

GC Heap History (10 events):
Event: 1.235 GC heap after
Heap after GC invocations=1 (full 0):
 PSYoungGen      total 37888K, used 4352K [0x00000000d6900000, 0x00000000db300000, 0x0000000100000000)
  eden space 32768K, 0% used [0x00000000d6900000,0x00000000d6900000,0x00000000d8900000)
  from space 5120K, 85% used [0x00000000d8900000,0x00000000d8d40000,0x00000000d8e00000)
  to   space 5120K, 0% used [0x00000000dae00000,0x00000000dae00000,0x00000000db300000)
 ParOldGen       total 86016K, used 16K [0x0000000083a00000, 0x0000000088e00000, 0x00000000d6900000)
  object space 86016K, 0% used [0x0000000083a00000,0x0000000083a04000,0x0000000088e00000)
 Metaspace       used 10630K, capacity 10892K, committed 11136K, reserved 1058816K
  class space    used 1298K, capacity 1368K, committed 1408K, reserved 1048576K
}
Event: 1.608 GC heap before
{Heap before GC invocations=2 (full 0):
 PSYoungGen      total 37888K, used 37120K [0x00000000d6900000, 0x00000000db300000, 0x0000000100000000)
  eden space 32768K, 100% used [0x00000000d6900000,0x00000000d8900000,0x00000000d8900000)
  from space 5120K, 85% used [0x00000000d8900000,0x00000000d8d40000,0x00000000d8e00000)
  to   space 5120K, 0% used [0x00000000dae00000,0x00000000dae00000,0x00000000db300000)
 ParOldGen       total 86016K, used 16K [0x0000000083a00000, 0x0000000088e00000, 0x00000000d6900000)
  object space 86016K, 0% used [0x0000000083a00000,0x0000000083a04000,0x0000000088e00000)
 Metaspace       used 14480K, capacity 15220K, committed 15488K, reserved 1062912K
  class space    used 1889K, capacity 2050K, committed 2176K, reserved 1048576K
Event: 1.616 GC heap after
Heap after GC invocations=2 (full 0):
 PSYoungGen      total 70656K, used 5088K [0x00000000d6900000, 0x00000000db300000, 0x0000000100000000)
  eden space 65536K, 0% used [0x00000000d6900000,0x00000000d6900000,0x00000000da900000)
  from space 5120K, 99% used [0x00000000dae00000,0x00000000db2f8188,0x00000000db300000)
  to   space 5120K, 0% used [0x00000000da900000,0x00000000da900000,0x00000000dae00000)
 ParOldGen       total 86016K, used 896K [0x0000000083a00000, 0x0000000088e00000, 0x00000000d6900000)
  object space 86016K, 1% used [0x0000000083a00000,0x0000000083ae00d8,0x0000000088e00000)
 Metaspace       used 14480K, capacity 15220K, committed 15488K, reserved 1062912K
  class space    used 1889K, capacity 2050K, committed 2176K, reserved 1048576K
}
Event: 2.173 GC heap before
{Heap before GC invocations=3 (full 0):
 PSYoungGen      total 70656K, used 70624K [0x00000000d6900000, 0x00000000db300000, 0x0000000100000000)
  eden space 65536K, 100% used [0x00000000d6900000,0x00000000da900000,0x00000000da900000)
  from space 5120K, 99% used [0x00000000dae00000,0x00000000db2f8188,0x00000000db300000)
  to   space 5120K, 0% used [0x00000000da900000,0x00000000da900000,0x00000000dae00000)
 ParOldGen       total 86016K, used 896K [0x0000000083a00000, 0x0000000088e00000, 0x00000000d6900000)
  object space 86016K, 1% used [0x0000000083a00000,0x0000000083ae00d8,0x0000000088e00000)
 Metaspace       used 19816K, capacity 20714K, committed 20736K, reserved 1067008K
  class space    used 2605K, capacity 2815K, committed 2816K, reserved 1048576K
Event: 2.181 GC heap after
Heap after GC invocations=3 (full 0):
 PSYoungGen      total 70656K, used 5109K [0x00000000d6900000, 0x00000000df300000, 0x0000000100000000)
  eden space 65536K, 0% used [0x00000000d6900000,0x00000000d6900000,0x00000000da900000)
  from space 5120K, 99% used [0x00000000da900000,0x00000000dadfd6d8,0x00000000dae00000)
  to   space 5120K, 0% used [0x00000000dee00000,0x00000000dee00000,0x00000000df300000)
 ParOldGen       total 86016K, used 6670K [0x0000000083a00000, 0x0000000088e00000, 0x00000000d6900000)
  object space 86016K, 7% used [0x0000000083a00000,0x00000000840839d0,0x0000000088e00000)
 Metaspace       used 19816K, capacity 20714K, committed 20736K, reserved 1067008K
  class space    used 2605K, capacity 2815K, committed 2816K, reserved 1048576K
}
Event: 2.228 GC heap before
{Heap before GC invocations=4 (full 0):
 PSYoungGen      total 70656K, used 16481K [0x00000000d6900000, 0x00000000df300000, 0x0000000100000000)
  eden space 65536K, 17% used [0x00000000d6900000,0x00000000d741b108,0x00000000da900000)
  from space 5120K, 99% used [0x00000000da900000,0x00000000dadfd6d8,0x00000000dae00000)
  to   space 5120K, 0% used [0x00000000dee00000,0x00000000dee00000,0x00000000df300000)
 ParOldGen       total 86016K, used 6670K [0x0000000083a00000, 0x0000000088e00000, 0x00000000d6900000)
  object space 86016K, 7% used [0x0000000083a00000,0x00000000840839d0,0x0000000088e00000)
 Metaspace       used 20263K, capacity 21253K, committed 21296K, reserved 1067008K
  class space    used 2687K, capacity 2901K, committed 2944K, reserved 1048576K
Event: 2.236 GC heap after
Heap after GC invocations=4 (full 0):
 PSYoungGen      total 136192K, used 5093K [0x00000000d6900000, 0x00000000df300000, 0x0000000100000000)
  eden space 131072K, 0% used [0x00000000d6900000,0x00000000d6900000,0x00000000de900000)
  from space 5120K, 99% used [0x00000000dee00000,0x00000000df2f96e8,0x00000000df300000)
  to   space 5120K, 0% used [0x00000000de900000,0x00000000de900000,0x00000000dee00000)
 ParOldGen       total 86016K, used 7558K [0x0000000083a00000, 0x0000000088e00000, 0x00000000d6900000)
  object space 86016K, 8% used [0x0000000083a00000,0x0000000084161920,0x0000000088e00000)
 Metaspace       used 20263K, capacity 21253K, committed 21296K, reserved 1067008K
  class space    used 2687K, capacity 2901K, committed 2944K, reserved 1048576K
}
Event: 2.236 GC heap before
{Heap before GC invocations=5 (full 1):
 PSYoungGen      total 136192K, used 5093K [0x00000000d6900000, 0x00000000df300000, 0x0000000100000000)
  eden space 131072K, 0% used [0x00000000d6900000,0x00000000d6900000,0x00000000de900000)
  from space 5120K, 99% used [0x00000000dee00000,0x00000000df2f96e8,0x00000000df300000)
  to   space 5120K, 0% used [0x00000000de900000,0x00000000de900000,0x00000000dee00000)
 ParOldGen       total 86016K, used 7558K [0x0000000083a00000, 0x0000000088e00000, 0x00000000d6900000)
  object space 86016K, 8% used [0x0000000083a00000,0x0000000084161920,0x0000000088e00000)
 Metaspace       used 20263K, capacity 21253K, committed 21296K, reserved 1067008K
  class space    used 2687K, capacity 2901K, committed 2944K, reserved 1048576K
Event: 2.256 GC heap after
Heap after GC invocations=5 (full 1):
 PSYoungGen      total 136192K, used 0K [0x00000000d6900000, 0x00000000df300000, 0x0000000100000000)
  eden space 131072K, 0% used [0x00000000d6900000,0x00000000d6900000,0x00000000de900000)
  from space 5120K, 0% used [0x00000000dee00000,0x00000000dee00000,0x00000000df300000)
  to   space 5120K, 0% used [0x00000000de900000,0x00000000de900000,0x00000000dee00000)
 ParOldGen       total 51200K, used 6943K [0x0000000083a00000, 0x0000000086c00000, 0x00000000d6900000)
  object space 51200K, 13% used [0x0000000083a00000,0x00000000840c7c20,0x0000000086c00000)
 Metaspace       used 20263K, capacity 21253K, committed 21296K, reserved 1067008K
  class space    used 2687K, capacity 2901K, committed 2944K, reserved 1048576K
}
Event: 2.930 GC heap before
{Heap before GC invocations=6 (full 1):
 PSYoungGen      total 136192K, used 131072K [0x00000000d6900000, 0x00000000df300000, 0x0000000100000000)
  eden space 131072K, 100% used [0x00000000d6900000,0x00000000de900000,0x00000000de900000)
  from space 5120K, 0% used [0x00000000dee00000,0x00000000dee00000,0x00000000df300000)
  to   space 5120K, 0% used [0x00000000de900000,0x00000000de900000,0x00000000dee00000)
 ParOldGen       total 51200K, used 6943K [0x0000000083a00000, 0x0000000086c00000, 0x00000000d6900000)
  object space 51200K, 13% used [0x0000000083a00000,0x00000000840c7c20,0x0000000086c00000)
 Metaspace       used 27550K, capacity 29395K, committed 29568K, reserved 1075200K
  class space    used 3773K, capacity 4102K, committed 4224K, reserved 1048576K

Deoptimization events (0 events):
No events

Classes redefined (0 events):
No events

Internal exceptions (10 events):
Event: 2.908 Thread 0x00007f75bc010000 Exception <a 'java/lang/ArrayIndexOutOfBoundsException'> (0x00000000de4c4220) thrown at [/build/openjdk-8-RKFhH1/openjdk-8-8u292-b10/src/hotspot/src/share/vm/runtime/sharedRuntime.cpp, line 609]
Event: 2.909 Thread 0x00007f75bc010000 Exception <a 'java/lang/ClassNotFoundException': org/springframework/beans/factory/InitializingBeanCustomizer> (0x00000000de4e1ca0) thrown at [/build/openjdk-8-RKFhH1/openjdk-8-8u292-b10/src/hotspot/src/share/vm/classfile/systemDictionary.cpp, line 217]
Event: 2.910 Thread 0x00007f75bc010000 Exception <a 'java/lang/ArrayIndexOutOfBoundsException'> (0x00000000de514808) thrown at [/build/openjdk-8-RKFhH1/openjdk-8-8u292-b10/src/hotspot/src/share/vm/runtime/sharedRuntime.cpp, line 609]
Event: 2.912 Thread 0x00007f75bc010000 Exception <a 'java/lang/ArrayIndexOutOfBoundsException'> (0x00000000de572d68) thrown at [/build/openjdk-8-RKFhH1/openjdk-8-8u292-b10/src/hotspot/src/share/vm/runtime/sharedRuntime.cpp, line 609]
Event: 2.913 Thread 0x00007f75bc010000 Exception <a 'java/lang/ArrayIndexOutOfBoundsException'> (0x00000000de5ae238) thrown at [/build/openjdk-8-RKFhH1/openjdk-8-8u292-b10/src/hotspot/src/share/vm/runtime/sharedRuntime.cpp, line 609]
Event: 2.913 Thread 0x00007f75bc010000 Exception <a 'java/lang/ArrayIndexOutOfBoundsException'> (0x00000000de5b5ec0) thrown at [/build/openjdk-8-RKFhH1/openjdk-8-8u292-b10/src/hotspot/src/share/vm/runtime/sharedRuntime.cpp, line 609]
Event: 2.920 Thread 0x00007f75bc010000 Exception <a 'java/lang/ArrayIndexOutOfBoundsException'> (0x00000000de70e5f8) thrown at [/build/openjdk-8-RKFhH1/openjdk-8-8u292-b10/src/hotspot/src/share/vm/runtime/sharedRuntime.cpp, line 609]
Event: 2.920 Thread 0x00007f75bc010000 Exception <a 'java/lang/ArrayIndexOutOfBoundsException'> (0x00000000de75ce20) thrown at [/build/openjdk-8-RKFhH1/openjdk-8-8u292-b10/src/hotspot/src/share/vm/runtime/sharedRuntime.cpp, line 609]
Event: 2.921 Thread 0x00007f75bc010000 Exception <a 'java/lang/ArrayIndexOutOfBoundsException'> (0x00000000de795d18) thrown at [/build/openjdk-8-RKFhH1/openjdk-8-8u292-b10/src/hotspot/src/share/vm/runtime/sharedRuntime.cpp, line 609]
Event: 2.929 Thread 0x00007f75bc010000 Exception <a 'java/lang/NoSuchMethodError': java.lang.Object.lambda$static$0(Ljava/lang/Object;)Ljava/lang/Object;> (0x00000000de8de6c0) thrown at [/build/openjdk-8-RKFhH1/openjdk-8-8u292-b10/src/hotspot/src/share/vm/interpreter/linkResolver.cpp, line 620

Events (10 events):
Event: 2.930 loading class java/sql/SQLNonTransientException
Event: 2.930 loading class java/sql/SQLNonTransientException done
Event: 2.930 loading class java/sql/SQLFeatureNotSupportedException done
Event: 2.930 loading class java/sql/Connection
Event: 2.930 loading class java/sql/Connection done
Event: 2.930 loading class com/zaxxer/hikari/metrics/MetricsTrackerFactory
Event: 2.930 loading class com/zaxxer/hikari/metrics/MetricsTrackerFactory done
Event: 2.930 loading class com/zaxxer/hikari/HikariPoolMXBean
Event: 2.930 loading class com/zaxxer/hikari/HikariPoolMXBean done
Event: 2.930 Executing VM operation: ParallelGCFailedAllocation


Dynamic libraries:
83a00000-86c00000 rw-p 00000000 00:00 0 
86c00000-d6900000 ---p 00000000 00:00 0 
d6900000-df300000 rw-p 00000000 00:00 0 
e6b00000-100000000 ---p 00000000 00:00 0 
100000000-100420000 rw-p 00000000 00:00 0 
100420000-140000000 ---p 00000000 00:00 0 
5560f346d000-5560f346e000 r-xp 00000000 08:01 266934                     /usr/lib/jvm/java-8-openjdk-amd64/jre/bin/java
5560f366d000-5560f366e000 r--p 00000000 08:01 266934                     /usr/lib/jvm/java-8-openjdk-amd64/jre/bin/java
5560f366e000-5560f366f000 rw-p 00001000 08:01 266934                     /usr/lib/jvm/java-8-openjdk-amd64/jre/bin/java
5560f3d80000-5560f3da1000 rw-p 00000000 00:00 0                          [heap]
7f7564000000-7f7564021000 rw-p 00000000 00:00 0 
7f7564021000-7f7568000000 ---p 00000000 00:00 0 
7f756c000000-7f756c137000 rw-p 00000000 00:00 0 
7f756c137000-7f7570000000 ---p 00000000 00:00 0 
7f7570000000-7f7570021000 rw-p 00000000 00:00 0 
7f7570021000-7f7574000000 ---p 00000000 00:00 0 
7f75768fb000-7f75768fe000 ---p 00000000 00:00 0 
7f75768fe000-7f75769fc000 rw-p 00000000 00:00 0 
7f75769fc000-7f75769ff000 ---p 00000000 00:00 0 
7f75769ff000-7f7576bbd000 rw-p 00000000 00:00 0 
7f7576bbd000-7f7576cfd000 ---p 00000000 00:00 0 
7f7576cfd000-7f7576efd000 rw-p 00000000 00:00 0 
7f7576efd000-7f75770fd000 rw-p 00000000 00:00 0 
7f75770fd000-7f75772fd000 rw-p 00000000 00:00 0 
7f75772fd000-7f75774fd000 rw-p 00000000 00:00 0 
7f75774fd000-7f75776fd000 rw-p 00000000 00:00 0 
7f75776fd000-7f75778fd000 rw-p 00000000 00:00 0 
7f75778fd000-7f7577900000 ---p 00000000 00:00 0 
7f7577900000-7f75779fe000 rw-p 00000000 00:00 0 
7f75779fe000-7f7577a01000 ---p 00000000 00:00 0 
7f7577a01000-7f7577aff000 rw-p 00000000 00:00 0 
7f7577aff000-7f7577b02000 ---p 00000000 00:00 0 
7f7577b02000-7f7577e00000 rw-p 00000000 00:00 0 
7f7577e00000-7f7578000000 rw-p 00000000 00:00 0 
7f7578000000-7f7578021000 rw-p 00000000 00:00 0 
7f7578021000-7f757c000000 ---p 00000000 00:00 0 
7f757c000000-7f757c054000 rw-p 00000000 00:00 0 
7f757c054000-7f7580000000 ---p 00000000 00:00 0 
7f7580000000-7f75804e1000 rw-p 00000000 00:00 0 
7f75804e1000-7f7584000000 ---p 00000000 00:00 0 
7f7584000000-7f7584048000 rw-p 00000000 00:00 0 
7f7584048000-7f7588000000 ---p 00000000 00:00 0 
7f7588000000-7f7588021000 rw-p 00000000 00:00 0 
7f7588021000-7f758c000000 ---p 00000000 00:00 0 
7f758c000000-7f758c021000 rw-p 00000000 00:00 0 
7f758c021000-7f7590000000 ---p 00000000 00:00 0 
7f7590000000-7f7590021000 rw-p 00000000 00:00 0 
7f7590021000-7f7594000000 ---p 00000000 00:00 0 
7f7594000000-7f7594021000 rw-p 00000000 00:00 0 
7f7594021000-7f7598000000 ---p 00000000 00:00 0 
7f7598000000-7f7598021000 rw-p 00000000 00:00 0 
7f7598021000-7f759c000000 ---p 00000000 00:00 0 
7f759c000000-7f759c021000 rw-p 00000000 00:00 0 
7f759c021000-7f75a0000000 ---p 00000000 00:00 0 
7f75a0000000-7f75a002b000 rw-p 00000000 00:00 0 
7f75a002b000-7f75a4000000 ---p 00000000 00:00 0 
7f75a405e000-7f75a4061000 ---p 00000000 00:00 0 
7f75a4061000-7f75a415f000 rw-p 00000000 00:00 0 
7f75a415f000-7f75a4166000 r--s 00000000 08:01 395915                     /usr/lib/x86_64-linux-gnu/gconv/gconv-modules.cache
7f75a4166000-7f75a4187000 r--p 00000000 08:01 531259                     /usr/share/locale-langpack/zh_CN/LC_MESSAGES/libc.mo
7f75a4187000-7f75a4188000 ---p 00000000 00:00 0 
7f75a4188000-7f75a4288000 rw-p 00000000 00:00 0 
7f75a4288000-7f75a428b000 ---p 00000000 00:00 0 
7f75a428b000-7f75a4389000 rw-p 00000000 00:00 0 
7f75a4389000-7f75a439a000 r--s 001bf000 08:01 266834                     /usr/lib/jvm/java-8-openjdk-amd64/jre/lib/jsse.jar
7f75a439a000-7f75a43a3000 r-xp 00000000 08:01 266869                     /usr/lib/jvm/java-8-openjdk-amd64/jre/lib/amd64/libmanagement.so
7f75a43a3000-7f75a45a2000 ---p 00009000 08:01 266869                     /usr/lib/jvm/java-8-openjdk-amd64/jre/lib/amd64/libmanagement.so
7f75a45a2000-7f75a45a3000 r--p 00008000 08:01 266869                     /usr/lib/jvm/java-8-openjdk-amd64/jre/lib/amd64/libmanagement.so
7f75a45a3000-7f75a45a4000 rw-p 00009000 08:01 266869                     /usr/lib/jvm/java-8-openjdk-amd64/jre/lib/amd64/libmanagement.so
7f75a45a4000-7f75a45a7000 ---p 00000000 00:00 0 
7f75a45a7000-7f75a46a5000 rw-p 00000000 00:00 0 
7f75a46a5000-7f75a46a8000 ---p 00000000 00:00 0 
7f75a46a8000-7f75a47a6000 rw-p 00000000 00:00 0 
7f75a47a6000-7f75a47a9000 ---p 00000000 00:00 0 
7f75a47a9000-7f75a48a7000 rw-p 00000000 00:00 0 
7f75a48a7000-7f75a48ad000 r--s 000d3000 08:01 266845                     /usr/lib/jvm/java-8-openjdk-amd64/jre/lib/jfr.jar
7f75a48ad000-7f75a48b0000 ---p 00000000 00:00 0 
7f75a48b0000-7f75a49ae000 rw-p 00000000 00:00 0 
7f75a49ae000-7f75a49c6000 r-xp 00000000 08:01 266877                     /usr/lib/jvm/java-8-openjdk-amd64/jre/lib/amd64/libnet.so
7f75a49c6000-7f75a4bc5000 ---p 00018000 08:01 266877                     /usr/lib/jvm/java-8-openjdk-amd64/jre/lib/amd64/libnet.so
7f75a4bc5000-7f75a4bc6000 r--p 00017000 08:01 266877                     /usr/lib/jvm/java-8-openjdk-amd64/jre/lib/amd64/libnet.so
7f75a4bc6000-7f75a4bc7000 rw-p 00018000 08:01 266877                     /usr/lib/jvm/java-8-openjdk-amd64/jre/lib/amd64/libnet.so
7f75a4bc7000-7f75a4bd9000 r-xp 00000000 08:01 266873                     /usr/lib/jvm/java-8-openjdk-amd64/jre/lib/amd64/libnio.so
7f75a4bd9000-7f75a4dd8000 ---p 00012000 08:01 266873                     /usr/lib/jvm/java-8-openjdk-amd64/jre/lib/amd64/libnio.so
7f75a4dd8000-7f75a4dd9000 r--p 00011000 08:01 266873                     /usr/lib/jvm/java-8-openjdk-amd64/jre/lib/amd64/libnio.so
7f75a4dd9000-7f75a4dda000 rw-p 00012000 08:01 266873                     /usr/lib/jvm/java-8-openjdk-amd64/jre/lib/amd64/libnio.so
7f75a4dda000-7f75a4ddc000 r--s 0001d000 08:01 3277768                    /opt/idea-IU-203.7148.57/lib/idea_rt.jar
7f75a4ddc000-7f75a4dde000 r--s 0000e000 08:01 4065998                    /home/r00t/.m2/repository/oro/oro/2.0.8/oro-2.0.8.jar
7f75a4dde000-7f75a4de1000 r--s 0001f000 08:01 4065970                    /home/r00t/.m2/repository/commons-validator/commons-validator/1.3.1/commons-validator-1.3.1.jar
7f75a4de1000-7f75a4de3000 r--s 00008000 08:01 4066993                    /home/r00t/.m2/repository/commons-logging/commons-logging/1.0.4/commons-logging-1.0.4.jar
7f75a4de3000-7f75a4de7000 r--s 00020000 08:01 4065966                    /home/r00t/.m2/repository/commons-digester/commons-digester/1.8/commons-digester-1.8.jar
7f75a4de7000-7f75a4de9000 r--s 00014000 08:01 4065968                    /home/r00t/.m2/repository/commons-chain/commons-chain/1.1/commons-chain-1.1.jar
7f75a4de9000-7f75a4dee000 r--s 0002a000 08:01 4065964                    /home/r00t/.m2/repository/commons-beanutils/commons-beanutils/1.7.0/commons-beanutils-1.7.0.jar
7f75a4dee000-7f75a4df3000 r--s 00068000 08:01 4459383                    /home/r00t/.m2/repository/antlr/antlr/2.7.7/antlr-2.7.7.jar
7f75a4df3000-7f75a4df9000 r--s 0004b000 08:01 4065938                    /home/r00t/.m2/repository/org/apache/struts/struts-core/1.3.8/struts-core-1.3.8.jar
7f75a4df9000-7f75a4dfa000 r--s 00002000 08:01 4459217                    /home/r00t/.m2/repository/org/reactivestreams/reactive-streams/1.0.3/reactive-streams-1.0.3.jar
7f75a4dfa000-7f75a4e54000 r--s 003fd000 08:01 4459219                    /home/r00t/.m2/repository/org/neo4j/driver/neo4j-java-driver/4.1.1/neo4j-java-driver-4.1.1.jar
7f75a4e54000-7f75a4e6e000 r--s 00115000 08:01 4459221                    /home/r00t/.m2/repository/org/springframework/data/spring-data-commons/2.4.5/spring-data-commons-2.4.5.jar
7f75a4e6e000-7f75a4e75000 r--s 0003a000 08:01 4328794                    /home/r00t/.m2/repository/org/neo4j/neo4j-cypher-dsl/2021.0.0/neo4j-cypher-dsl-2021.0.0.jar
7f75a4e75000-7f75a4e76000 r--s 00000000 08:01 4063788                    /home/r00t/.m2/repository/org/apiguardian/apiguardian-api/1.1.0/apiguardian-api-1.1.0.jar
7f75a4e76000-7f75a4e80000 r--s 00073000 08:01 4066901                    /home/r00t/.m2/repository/org/springframework/data/spring-data-neo4j/6.0.5/spring-data-neo4j-6.0.5.jar
7f75a4e80000-7f75a4e81000 r--s 00001000 08:01 4459237                    /home/r00t/.m2/repository/org/springframework/boot/spring-boot-starter-data-neo4j/2.4.3/spring-boot-starter-data-neo4j-2.4.3.jar
7f75a4e81000-7f75a4e83000 r--s 0000b000 08:01 4066700                    /home/r00t/.m2/repository/org/json/json/20160212/json-20160212.jar
7f75a4e83000-7f75a4e85000 r--s 00009000 08:01 4066698                    /home/r00t/.m2/repository/org/apache/httpcomponents/httpmime/4.5.13/httpmime-4.5.13.jar
7f75a4e85000-7f75a4e8d000 r--s 00053000 08:01 4066697                    /home/r00t/.m2/repository/org/apache/httpcomponents/httpcore-nio/4.4.14/httpcore-nio-4.4.14.jar
7f75a4e8d000-7f75a4e90000 r--s 00029000 08:01 4066692                    /home/r00t/.m2/repository/org/apache/httpcomponents/httpasyncclient/4.1.4/httpasyncclient-4.1.4.jar
7f75a4e90000-7f75a4e97000 r--s 00050000 08:01 4066691                    /home/r00t/.m2/repository/commons-codec/commons-codec/1.15/commons-codec-1.15.jar
7f75a4e97000-7f75a4e9f000 r--s 00049000 08:01 4066688                    /home/r00t/.m2/repository/org/apache/httpcomponents/httpcore/4.4.14/httpcore-4.4.14.jar
7f75a4e9f000-7f75a4eac000 r--s 000b2000 08:01 4064298                    /home/r00t/.m2/repository/org/apache/httpcomponents/httpclient/4.5.13/httpclient-4.5.13.jar
7f75a4eac000-7f75a4eae000 r--s 00009000 08:01 4066694                    /home/r00t/.m2/repository/com/mashape/unirest/unirest-java/1.4.9/unirest-java-1.4.9.jar
7f75a4eae000-7f75a4eaf000 r--s 00005000 08:01 3934219                    /home/r00t/.m2/repository/org/springframework/spring-jcl/5.3.4/spring-jcl-5.3.4.jar
7f75a4eaf000-7f75a4ecb000 r--s 0014b000 08:01 3932711                    /home/r00t/.m2/repository/org/springframework/spring-core/5.3.4/spring-core-5.3.4.jar
7f75a4ecb000-7f75a4ee5000 r--s 00234000 08:01 3934529                    /home/r00t/.m2/repository/mysql/mysql-connector-java/8.0.23/mysql-connector-java-8.0.23.jar
7f75a4ee5000-7f75a4ee7000 r--s 00010000 08:01 3932717                    /home/r00t/.m2/repository/org/mybatis/mybatis-spring/2.0.6/mybatis-spring-2.0.6.jar
7f75a4ee7000-7f75a4f03000 r--s 0018d000 08:01 3933326                    /home/r00t/.m2/repository/org/mybatis/mybatis/3.5.6/mybatis-3.5.6.jar
7f75a4f03000-7f75a4f05000 r--s 00005000 08:01 3932692                    /home/r00t/.m2/repository/org/mybatis/spring/boot/mybatis-spring-boot-autoconfigure/2.1.4/mybatis-spring-boot-autoconfigure-2.1.4.jar
7f75a4f05000-7f75a4f06000 r--s 00000000 08:01 3932704                    /home/r00t/.m2/repository/org/mybatis/spring/boot/mybatis-spring-boot-starter/2.1.4/mybatis-spring-boot-starter-2.1.4.jar
7f75a4f06000-7f75a4f0b000 r--s 00040000 08:01 3934223                    /home/r00t/.m2/repository/org/springframework/spring-expression/5.3.4/spring-expression-5.3.4.jar
7f75a4f0b000-7f75a4f26000 r--s 00115000 08:01 3934523                    /home/r00t/.m2/repository/org/springframework/spring-context/5.3.4/spring-context-5.3.4.jar
7f75a4f26000-7f75a4f2f000 r--s 00053000 08:01 3934524                    /home/r00t/.m2/repository/org/springframework/spring-aop/5.3.4/spring-aop-5.3.4.jar
7f75a4f2f000-7f75a4f42000 r--s 000e2000 08:01 3934227                    /home/r00t/.m2/repository/org/springframework/spring-webmvc/5.3.4/spring-webmvc-5.3.4.jar
7f75a4f42000-7f75a4f60000 r--s 00164000 08:01 3934522                    /home/r00t/.m2/repository/org/springframework/spring-web/5.3.4/spring-web-5.3.4.jar
7f75a4f60000-7f75a4f66000 r--s 0003d000 08:01 3932721                    /home/r00t/.m2/repository/org/apache/tomcat/embed/tomcat-embed-websocket/9.0.43/tomcat-embed-websocket-9.0.43.jar
7f75a4f66000-7f75a4f6b000 r--s 00036000 08:01 3934508                    /home/r00t/.m2/repository/org/glassfish/jakarta.el/3.0.3/jakarta.el-3.0.3.jar
7f75a4f6b000-7f75a4f96000 r--s 00314000 08:01 3934512                    /home/r00t/.m2/repository/org/apache/tomcat/embed/tomcat-embed-core/9.0.43/tomcat-embed-core-9.0.43.jar
7f75a4f96000-7f75a4f97000 r--s 00001000 08:01 3934509                    /home/r00t/.m2/repository/org/springframework/boot/spring-boot-starter-tomcat/2.4.3/spring-boot-starter-tomcat-2.4.3.jar
7f75a4f97000-7f75a4f99000 r--s 00001000 08:01 3933354                    /home/r00t/.m2/repository/com/fasterxml/jackson/module/jackson-module-parameter-names/2.11.4/jackson-module-parameter-names-2.11.4.jar
7f75a4f99000-7f75a4f9d000 r--s 00018000 08:01 3934495                    /home/r00t/.m2/repository/com/fasterxml/jackson/datatype/jackson-datatype-jsr310/2.11.4/jackson-datatype-jsr310-2.11.4.jar
7f75a4f9d000-7f75a4f9f000 r--s 00007000 08:01 3934491                    /home/r00t/.m2/repository/com/fasterxml/jackson/datatype/jackson-datatype-jdk8/2.11.4/jackson-datatype-jdk8-2.11.4.jar
7f75a4f9f000-7f75a4fa3000 r--s 00052000 08:01 3933313                    /home/r00t/.m2/repository/com/fasterxml/jackson/core/jackson-core/2.11.4/jackson-core-2.11.4.jar
7f75a4fa3000-7f75a4fa6000 r--s 0000f000 08:01 3934498                    /home/r00t/.m2/repository/com/fasterxml/jackson/core/jackson-annotations/2.11.4/jackson-annotations-2.11.4.jar
7f75a4fa6000-7f75a4fbc000 r--s 00146000 08:01 3934506                    /home/r00t/.m2/repository/com/fasterxml/jackson/core/jackson-databind/2.11.4/jackson-databind-2.11.4.jar
7f75a4fbc000-7f75a4fbd000 r--s 00001000 08:01 3934212                    /home/r00t/.m2/repository/org/springframework/boot/spring-boot-starter-json/2.4.3/spring-boot-starter-json-2.4.3.jar
7f75a4fbd000-7f75a4fbe000 r--s 00001000 08:01 3934133                    /home/r00t/.m2/repository/org/springframework/boot/spring-boot-starter-web/2.4.3/spring-boot-starter-web-2.4.3.jar
7f75a4fbe000-7f75a4fbf000 r--s 00009000 08:01 3933307                    /home/r00t/.m2/repository/org/thymeleaf/extras/thymeleaf-extras-java8time/3.0.4.RELEASE/thymeleaf-extras-java8time-3.0.4.RELEASE.jar
7f75a4fbf000-7f75a4fc2000 r--s 00028000 08:01 3932705                    /home/r00t/.m2/repository/org/unbescape/unbescape/1.1.6.RELEASE/unbescape-1.1.6.RELEASE.jar
7f75a4fc2000-7f75a4fc7000 r--s 00037000 08:01 3932714                    /home/r00t/.m2/repository/org/attoparser/attoparser/2.0.5.RELEASE/attoparser-2.0.5.RELEASE.jar
7f75a4fc7000-7f75a4fd7000 r--s 000c4000 08:01 3933370                    /home/r00t/.m2/repository/org/thymeleaf/thymeleaf/3.0.12.RELEASE/thymeleaf-3.0.12.RELEASE.jar
7f75a4fd7000-7f75a4fdb000 r--s 00028000 08:01 3933349                    /home/r00t/.m2/repository/org/thymeleaf/thymeleaf-spring5/3.0.12.RELEASE/thymeleaf-spring5-3.0.12.RELEASE.jar
7f75a4fdb000-7f75a4fdc000 r--s 00001000 08:01 3932708                    /home/r00t/.m2/repository/org/springframework/boot/spring-boot-starter-thymeleaf/2.4.3/spring-boot-starter-thymeleaf-2.4.3.jar
7f75a4fdc000-7f75a4fe6000 r--s 00047000 08:01 3933300                    /home/r00t/.m2/repository/org/springframework/spring-tx/5.3.4/spring-tx-5.3.4.jar
7f75a4fe6000-7f75a4ff3000 r--s 0009e000 08:01 3934520                    /home/r00t/.m2/repository/org/springframework/spring-beans/5.3.4/spring-beans-5.3.4.jar
7f75a4ff3000-7f75a4ffc000 r--s 0005d000 08:01 3932707                    /home/r00t/.m2/repository/org/springframework/spring-jdbc/5.3.4/spring-jdbc-5.3.4.jar
7f75a4ffc000-7f75a4ffe000 r--s 00009000 08:01 3932691                    /home/r00t/.m2/repository/org/slf4j/slf4j-api/1.7.30/slf4j-api-1.7.30.jar
7f75a4ffe000-7f75a5002000 r--s 00023000 08:01 3932720                    /home/r00t/.m2/repository/com/zaxxer/HikariCP/3.4.5/HikariCP-3.4.5.jar
7f75a5002000-7f75a5009000 r--s 00045000 08:01 3932719                    /home/r00t/.m2/repository/org/yaml/snakeyaml/1.27/snakeyaml-1.27.jar
7f75a5009000-7f75a500b000 r--s 00005000 08:01 3934510                    /home/r00t/.m2/repository/jakarta/annotation/jakarta.annotation-api/1.3.5/jakarta.annotation-api-1.3.5.jar
7f75a500b000-7f75a500d000 r--s 00000000 08:01 3932710                    /home/r00t/.m2/repository/org/slf4j/jul-to-slf4j/1.7.30/jul-to-slf4j-1.7.30.jar
7f75a500d000-7f75a5013000 r--s 00042000 08:01 3932712                    /home/r00t/.m2/repository/org/apache/logging/log4j/log4j-api/2.13.3/log4j-api-2.13.3.jar
7f75a5013000-7f75a5015000 r--s 00003000 08:01 3932701                    /home/r00t/.m2/repository/org/apache/logging/log4j/log4j-to-slf4j/2.13.3/log4j-to-slf4j-2.13.3.jar
7f75a5015000-7f75a5020000 r--s 00069000 08:01 3932702                    /home/r00t/.m2/repository/ch/qos/logback/logback-core/1.2.3/logback-core-1.2.3.jar
7f75a5020000-7f75a5026000 r--s 00041000 08:01 3932699                    /home/r00t/.m2/repository/ch/qos/logback/logback-classic/1.2.3/logback-classic-1.2.3.jar
7f75a5026000-7f75a5027000 r--s 00001000 08:01 3932706                    /home/r00t/.m2/repository/org/springframework/boot/spring-boot-starter-logging/2.4.3/spring-boot-starter-logging-2.4.3.jar
7f75a5027000-7f75a5052000 r--s 0014e000 08:01 3934515                    /home/r00t/.m2/repository/org/springframework/boot/spring-boot-autoconfigure/2.4.3/spring-boot-autoconfigure-2.4.3.jar
7f75a5052000-7f75a506e000 r--s 00125000 08:01 3932693                    /home/r00t/.m2/repository/org/springframework/boot/spring-boot/2.4.3/spring-boot-2.4.3.jar
7f75a506e000-7f75a5081000 r--s 0034b000 08:01 266904                     /usr/lib/jvm/java-8-openjdk-amd64/jre/lib/resources.jar
7f75a5081000-7f75a5084000 ---p 00000000 00:00 0 
7f75a5084000-7f75a5182000 rw-p 00000000 00:00 0 
7f75a5182000-7f75a5b41000 r--p 00000000 08:01 138866                     /usr/lib/locale/locale-archive
7f75a5b41000-7f75a5b44000 ---p 00000000 00:00 0 
7f75a5b44000-7f75a5c42000 rw-p 00000000 00:00 0 
7f75a5c42000-7f75a5c45000 ---p 00000000 00:00 0 
7f75a5c45000-7f75a5d43000 rw-p 00000000 00:00 0 
7f75a5d43000-7f75a5d44000 ---p 00000000 00:00 0 
7f75a5d44000-7f75a674d000 rw-p 00000000 00:00 0 
7f75a674d000-7f75a691e000 r--s 03ca5000 08:01 266838                     /usr/lib/jvm/java-8-openjdk-amd64/jre/lib/rt.jar
7f75a691e000-7f75ab331000 rw-p 00000000 00:00 0 
7f75ab331000-7f75ab332000 ---p 00000000 00:00 0 
7f75ab332000-7f75ab432000 rw-p 00000000 00:00 0 
7f75ab432000-7f75ab433000 ---p 00000000 00:00 0 
7f75ab433000-7f75ab54c000 rw-p 00000000 00:00 0 
7f75ab54c000-7f75ab7cb000 ---p 00000000 00:00 0 
7f75ab7cb000-7f75ab7e4000 rw-p 00000000 00:00 0 
7f75ab7e4000-7f75aba62000 ---p 00000000 00:00 0 
7f75aba62000-7f75abaa8000 rw-p 00000000 00:00 0 
7f75abaa8000-7f75abbae000 ---p 00000000 00:00 0 
7f75abbae000-7f75abbc6000 rw-p 00000000 00:00 0 
7f75abbc6000-7f75abf6f000 ---p 00000000 00:00 0 
7f75abf6f000-7f75ac52f000 rwxp 00000000 00:00 0 
7f75ac52f000-7f75baf6f000 ---p 00000000 00:00 0 
7f75baf6f000-7f75baf77000 r-xp 00000000 08:01 266876                     /usr/lib/jvm/java-8-openjdk-amd64/jre/lib/amd64/libzip.so
7f75baf77000-7f75bb176000 ---p 00008000 08:01 266876                     /usr/lib/jvm/java-8-openjdk-amd64/jre/lib/amd64/libzip.so
7f75bb176000-7f75bb177000 r--p 00007000 08:01 266876                     /usr/lib/jvm/java-8-openjdk-amd64/jre/lib/amd64/libzip.so
7f75bb177000-7f75bb178000 rw-p 00008000 08:01 266876                     /usr/lib/jvm/java-8-openjdk-amd64/jre/lib/amd64/libzip.so
7f75bb178000-7f75bb183000 r-xp 00000000 08:01 3412875                    /lib/x86_64-linux-gnu/libnss_files-2.23.so
7f75bb183000-7f75bb382000 ---p 0000b000 08:01 3412875                    /lib/x86_64-linux-gnu/libnss_files-2.23.so
7f75bb382000-7f75bb383000 r--p 0000a000 08:01 3412875                    /lib/x86_64-linux-gnu/libnss_files-2.23.so
7f75bb383000-7f75bb384000 rw-p 0000b000 08:01 3412875                    /lib/x86_64-linux-gnu/libnss_files-2.23.so
7f75bb384000-7f75bb38a000 rw-p 00000000 00:00 0 
7f75bb38a000-7f75bb395000 r-xp 00000000 08:01 3412885                    /lib/x86_64-linux-gnu/libnss_nis-2.23.so
7f75bb395000-7f75bb594000 ---p 0000b000 08:01 3412885                    /lib/x86_64-linux-gnu/libnss_nis-2.23.so
7f75bb594000-7f75bb595000 r--p 0000a000 08:01 3412885                    /lib/x86_64-linux-gnu/libnss_nis-2.23.so
7f75bb595000-7f75bb596000 rw-p 0000b000 08:01 3412885                    /lib/x86_64-linux-gnu/libnss_nis-2.23.so
7f75bb596000-7f75bb5ac000 r-xp 00000000 08:01 3412869                    /lib/x86_64-linux-gnu/libnsl-2.23.so
7f75bb5ac000-7f75bb7ab000 ---p 00016000 08:01 3412869                    /lib/x86_64-linux-gnu/libnsl-2.23.so
7f75bb7ab000-7f75bb7ac000 r--p 00015000 08:01 3412869                    /lib/x86_64-linux-gnu/libnsl-2.23.so
7f75bb7ac000-7f75bb7ad000 rw-p 00016000 08:01 3412869                    /lib/x86_64-linux-gnu/libnsl-2.23.so
7f75bb7ad000-7f75bb7af000 rw-p 00000000 00:00 0 
7f75bb7af000-7f75bb7b7000 r-xp 00000000 08:01 3412871                    /lib/x86_64-linux-gnu/libnss_compat-2.23.so
7f75bb7b7000-7f75bb9b6000 ---p 00008000 08:01 3412871                    /lib/x86_64-linux-gnu/libnss_compat-2.23.so
7f75bb9b6000-7f75bb9b7000 r--p 00007000 08:01 3412871                    /lib/x86_64-linux-gnu/libnss_compat-2.23.so
7f75bb9b7000-7f75bb9b8000 rw-p 00008000 08:01 3412871                    /lib/x86_64-linux-gnu/libnss_compat-2.23.so
7f75bb9b8000-7f75bb9c2000 r-xp 00000000 08:01 266894                     /usr/lib/jvm/java-8-openjdk-amd64/jre/lib/amd64/libinstrument.so
7f75bb9c2000-7f75bbbc1000 ---p 0000a000 08:01 266894                     /usr/lib/jvm/java-8-openjdk-amd64/jre/lib/amd64/libinstrument.so
7f75bbbc1000-7f75bbbc2000 r--p 00009000 08:01 266894                     /usr/lib/jvm/java-8-openjdk-amd64/jre/lib/amd64/libinstrument.so
7f75bbbc2000-7f75bbbc3000 rw-p 0000a000 08:01 266894                     /usr/lib/jvm/java-8-openjdk-amd64/jre/lib/amd64/libinstrument.so
7f75bbbc3000-7f75bbbed000 r-xp 00000000 08:01 266883                     /usr/lib/jvm/java-8-openjdk-amd64/jre/lib/amd64/libjava.so
7f75bbbed000-7f75bbdec000 ---p 0002a000 08:01 266883                     /usr/lib/jvm/java-8-openjdk-amd64/jre/lib/amd64/libjava.so
7f75bbdec000-7f75bbded000 r--p 00029000 08:01 266883                     /usr/lib/jvm/java-8-openjdk-amd64/jre/lib/amd64/libjava.so
7f75bbded000-7f75bbdef000 rw-p 0002a000 08:01 266883                     /usr/lib/jvm/java-8-openjdk-amd64/jre/lib/amd64/libjava.so
7f75bbdef000-7f75bbdfe000 r-xp 00000000 08:01 266881                     /usr/lib/jvm/java-8-openjdk-amd64/jre/lib/amd64/libverify.so
7f75bbdfe000-7f75bbffd000 ---p 0000f000 08:01 266881                     /usr/lib/jvm/java-8-openjdk-amd64/jre/lib/amd64/libverify.so
7f75bbffd000-7f75bbfff000 r--p 0000e000 08:01 266881                     /usr/lib/jvm/java-8-openjdk-amd64/jre/lib/amd64/libverify.so
7f75bbfff000-7f75bc000000 rw-p 00010000 08:01 266881                     /usr/lib/jvm/java-8-openjdk-amd64/jre/lib/amd64/libverify.so
7f75bc000000-7f75bcce1000 rw-p 00000000 00:00 0 
7f75bcce1000-7f75c0000000 ---p 00000000 00:00 0 
7f75c0000000-7f75c0001000 r--s 00001000 08:01 3934535                    /home/r00t/.m2/repository/org/springframework/boot/spring-boot-starter/2.4.3/spring-boot-starter-2.4.3.jar
7f75c0001000-7f75c0002000 r--s 00001000 08:01 3934519                    /home/r00t/.m2/repository/org/springframework/boot/spring-boot-starter-jdbc/2.4.3/spring-boot-starter-jdbc-2.4.3.jar
7f75c0002000-7f75c0003000 r--s 00000000 08:01 266837                     /usr/lib/jvm/java-8-openjdk-amd64/jre/lib/management-agent.jar
7f75c0003000-7f75c0014000 r--s 001bf000 08:01 266834                     /usr/lib/jvm/java-8-openjdk-amd64/jre/lib/jsse.jar
7f75c0014000-7f75c001a000 r--s 000d3000 08:01 266845                     /usr/lib/jvm/java-8-openjdk-amd64/jre/lib/jfr.jar
7f75c001a000-7f75c001c000 r--s 00016000 08:01 266822                     /usr/lib/jvm/java-8-openjdk-amd64/jre/lib/jce.jar
7f75c001c000-7f75c0021000 r--s 002f9000 08:01 266866                     /usr/lib/jvm/java-8-openjdk-amd64/jre/lib/charsets.jar
7f75c0021000-7f75c003c000 r--s 001d6000 08:01 266856                     /usr/lib/jvm/java-8-openjdk-amd64/jre/lib/ext/nashorn.jar
7f75c003c000-7f75c0057000 r--s 00394000 08:01 266854                     /usr/lib/jvm/java-8-openjdk-amd64/jre/lib/ext/cldrdata.jar
7f75c0057000-7f75c00cd000 rw-p 00000000 00:00 0 
7f75c00cd000-7f75c00d4000 r-xp 00000000 08:01 3412930                    /lib/x86_64-linux-gnu/librt-2.23.so
7f75c00d4000-7f75c02d3000 ---p 00007000 08:01 3412930                    /lib/x86_64-linux-gnu/librt-2.23.so
7f75c02d3000-7f75c02d4000 r--p 00006000 08:01 3412930                    /lib/x86_64-linux-gnu/librt-2.23.so
7f75c02d4000-7f75c02d5000 rw-p 00007000 08:01 3412930                    /lib/x86_64-linux-gnu/librt-2.23.so
7f75c02d5000-7f75c02eb000 r-xp 00000000 08:01 3412814                    /lib/x86_64-linux-gnu/libgcc_s.so.1
7f75c02eb000-7f75c04ea000 ---p 00016000 08:01 3412814                    /lib/x86_64-linux-gnu/libgcc_s.so.1
7f75c04ea000-7f75c04eb000 rw-p 00015000 08:01 3412814                    /lib/x86_64-linux-gnu/libgcc_s.so.1
7f75c04eb000-7f75c05f3000 r-xp 00000000 08:01 3412846                    /lib/x86_64-linux-gnu/libm-2.23.so
7f75c05f3000-7f75c07f2000 ---p 00108000 08:01 3412846                    /lib/x86_64-linux-gnu/libm-2.23.so
7f75c07f2000-7f75c07f3000 r--p 00107000 08:01 3412846                    /lib/x86_64-linux-gnu/libm-2.23.so
7f75c07f3000-7f75c07f4000 rw-p 00108000 08:01 3412846                    /lib/x86_64-linux-gnu/libm-2.23.so
7f75c07f4000-7f75c0966000 r-xp 00000000 08:01 141232                     /usr/lib/x86_64-linux-gnu/libstdc++.so.6.0.21
7f75c0966000-7f75c0b66000 ---p 00172000 08:01 141232                     /usr/lib/x86_64-linux-gnu/libstdc++.so.6.0.21
7f75c0b66000-7f75c0b70000 r--p 00172000 08:01 141232                     /usr/lib/x86_64-linux-gnu/libstdc++.so.6.0.21
7f75c0b70000-7f75c0b72000 rw-p 0017c000 08:01 141232                     /usr/lib/x86_64-linux-gnu/libstdc++.so.6.0.21
7f75c0b72000-7f75c0b76000 rw-p 00000000 00:00 0 
7f75c0b76000-7f75c189c000 r-xp 00000000 08:01 266898                     /usr/lib/jvm/java-8-openjdk-amd64/jre/lib/amd64/server/libjvm.so
7f75c189c000-7f75c1a9b000 ---p 00d26000 08:01 266898                     /usr/lib/jvm/java-8-openjdk-amd64/jre/lib/amd64/server/libjvm.so
7f75c1a9b000-7f75c1b31000 r--p 00d25000 08:01 266898                     /usr/lib/jvm/java-8-openjdk-amd64/jre/lib/amd64/server/libjvm.so
7f75c1b31000-7f75c1b5a000 rw-p 00dbb000 08:01 266898                     /usr/lib/jvm/java-8-openjdk-amd64/jre/lib/amd64/server/libjvm.so
7f75c1b5a000-7f75c1b8d000 rw-p 00000000 00:00 0 
7f75c1b8d000-7f75c1ba5000 r-xp 00000000 08:01 3412922                    /lib/x86_64-linux-gnu/libpthread-2.23.so
7f75c1ba5000-7f75c1da4000 ---p 00018000 08:01 3412922                    /lib/x86_64-linux-gnu/libpthread-2.23.so
7f75c1da4000-7f75c1da5000 r--p 00017000 08:01 3412922                    /lib/x86_64-linux-gnu/libpthread-2.23.so
7f75c1da5000-7f75c1da6000 rw-p 00018000 08:01 3412922                    /lib/x86_64-linux-gnu/libpthread-2.23.so
7f75c1da6000-7f75c1daa000 rw-p 00000000 00:00 0 
7f75c1daa000-7f75c1dad000 r-xp 00000000 08:01 3412800                    /lib/x86_64-linux-gnu/libdl-2.23.so
7f75c1dad000-7f75c1fac000 ---p 00003000 08:01 3412800                    /lib/x86_64-linux-gnu/libdl-2.23.so
7f75c1fac000-7f75c1fad000 r--p 00002000 08:01 3412800                    /lib/x86_64-linux-gnu/libdl-2.23.so
7f75c1fad000-7f75c1fae000 rw-p 00003000 08:01 3412800                    /lib/x86_64-linux-gnu/libdl-2.23.so
7f75c1fae000-7f75c1fc7000 r-xp 00000000 08:01 3412967                    /lib/x86_64-linux-gnu/libz.so.1.2.8
7f75c1fc7000-7f75c21c6000 ---p 00019000 08:01 3412967                    /lib/x86_64-linux-gnu/libz.so.1.2.8
7f75c21c6000-7f75c21c7000 r--p 00018000 08:01 3412967                    /lib/x86_64-linux-gnu/libz.so.1.2.8
7f75c21c7000-7f75c21c8000 rw-p 00019000 08:01 3412967                    /lib/x86_64-linux-gnu/libz.so.1.2.8
7f75c21c8000-7f75c2388000 r-xp 00000000 08:01 3412776                    /lib/x86_64-linux-gnu/libc-2.23.so
7f75c2388000-7f75c2588000 ---p 001c0000 08:01 3412776                    /lib/x86_64-linux-gnu/libc-2.23.so
7f75c2588000-7f75c258c000 r--p 001c0000 08:01 3412776                    /lib/x86_64-linux-gnu/libc-2.23.so
7f75c258c000-7f75c258e000 rw-p 001c4000 08:01 3412776                    /lib/x86_64-linux-gnu/libc-2.23.so
7f75c258e000-7f75c2592000 rw-p 00000000 00:00 0 
7f75c2592000-7f75c25a0000 r-xp 00000000 08:01 266888                     /usr/lib/jvm/java-8-openjdk-amd64/jre/lib/amd64/jli/libjli.so
7f75c25a0000-7f75c279f000 ---p 0000e000 08:01 266888                     /usr/lib/jvm/java-8-openjdk-amd64/jre/lib/amd64/jli/libjli.so
7f75c279f000-7f75c27a0000 r--p 0000d000 08:01 266888                     /usr/lib/jvm/java-8-openjdk-amd64/jre/lib/amd64/jli/libjli.so
7f75c27a0000-7f75c27a1000 rw-p 0000e000 08:01 266888                     /usr/lib/jvm/java-8-openjdk-amd64/jre/lib/amd64/jli/libjli.so
7f75c27a1000-7f75c27c7000 r-xp 00000000 08:01 3412748                    /lib/x86_64-linux-gnu/ld-2.23.so
7f75c27c7000-7f75c27d2000 r--s 00116000 08:01 266858                     /usr/lib/jvm/java-8-openjdk-amd64/jre/lib/ext/localedata.jar
7f75c27d2000-7f75c27d8000 r--s 0003d000 08:01 266862                     /usr/lib/jvm/java-8-openjdk-amd64/jre/lib/ext/sunjce_provider.jar
7f75c27d8000-7f75c27d9000 r--s 0000a000 08:01 266857                     /usr/lib/jvm/java-8-openjdk-amd64/jre/lib/ext/jaccess.jar
7f75c27d9000-7f75c28a9000 rw-p 00000000 00:00 0 
7f75c28a9000-7f75c28ac000 ---p 00000000 00:00 0 
7f75c28ac000-7f75c29ae000 rw-p 00000000 00:00 0 
7f75c29ae000-7f75c29b1000 r--s 0000f000 08:01 266860                     /usr/lib/jvm/java-8-openjdk-amd64/jre/lib/ext/icedtea-sound.jar
7f75c29b1000-7f75c29b3000 r--s 00008000 08:01 266853                     /usr/lib/jvm/java-8-openjdk-amd64/jre/lib/ext/sunec.jar
7f75c29b3000-7f75c29b5000 r--s 00010000 08:01 266855                     /usr/lib/jvm/java-8-openjdk-amd64/jre/lib/ext/zipfs.jar
7f75c29b5000-7f75c29b9000 r--s 00040000 08:01 266859                     /usr/lib/jvm/java-8-openjdk-amd64/jre/lib/ext/sunpkcs11.jar
7f75c29b9000-7f75c29bb000 r--s 00001000 08:01 266861                     /usr/lib/jvm/java-8-openjdk-amd64/jre/lib/ext/dnsns.jar
7f75c29bb000-7f75c29c3000 rw-s 00000000 08:01 4199672                    /tmp/hsperfdata_r00t/59887
7f75c29c3000-7f75c29c4000 rw-p 00000000 00:00 0 
7f75c29c4000-7f75c29c5000 ---p 00000000 00:00 0 
7f75c29c5000-7f75c29c6000 rw-p 00000000 00:00 0 
7f75c29c6000-7f75c29c7000 r--p 00025000 08:01 3412748                    /lib/x86_64-linux-gnu/ld-2.23.so
7f75c29c7000-7f75c29c8000 rw-p 00026000 08:01 3412748                    /lib/x86_64-linux-gnu/ld-2.23.so
7f75c29c8000-7f75c29c9000 rw-p 00000000 00:00 0 
7ffccbf4a000-7ffccbf6d000 rw-p 00000000 00:00 0                          [stack]
7ffccbfb2000-7ffccbfb5000 r--p 00000000 00:00 0                          [vvar]
7ffccbfb5000-7ffccbfb7000 r-xp 00000000 00:00 0                          [vdso]
ffffffffff600000-ffffffffff601000 r-xp 00000000 00:00 0                  [vsyscall]

VM Arguments:
jvm_args: -XX:TieredStopAtLevel=1 -Xverify:none -Dspring.output.ansi.enabled=always -javaagent:/opt/idea-IU-203.7148.57/lib/idea_rt.jar=41619:/opt/idea-IU-203.7148.57/bin -Dcom.sun.management.jmxremote -Dspring.jmx.enabled=true -Dspring.liveBeansView.mbeanDomain -Dspring.application.admin.enabled=true -Dfile.encoding=UTF-8 
java_command: upc.csp1_0.Csp10Application
java_class_path (initial): /usr/lib/jvm/java-1.8.0-openjdk-amd64/jre/lib/charsets.jar:/usr/lib/jvm/java-1.8.0-openjdk-amd64/jre/lib/ext/cldrdata.jar:/usr/lib/jvm/java-1.8.0-openjdk-amd64/jre/lib/ext/dnsns.jar:/usr/lib/jvm/java-1.8.0-openjdk-amd64/jre/lib/ext/icedtea-sound.jar:/usr/lib/jvm/java-1.8.0-openjdk-amd64/jre/lib/ext/jaccess.jar:/usr/lib/jvm/java-1.8.0-openjdk-amd64/jre/lib/ext/localedata.jar:/usr/lib/jvm/java-1.8.0-openjdk-amd64/jre/lib/ext/nashorn.jar:/usr/lib/jvm/java-1.8.0-openjdk-amd64/jre/lib/ext/sunec.jar:/usr/lib/jvm/java-1.8.0-openjdk-amd64/jre/lib/ext/sunjce_provider.jar:/usr/lib/jvm/java-1.8.0-openjdk-amd64/jre/lib/ext/sunpkcs11.jar:/usr/lib/jvm/java-1.8.0-openjdk-amd64/jre/lib/ext/zipfs.jar:/usr/lib/jvm/java-1.8.0-openjdk-amd64/jre/lib/jce.jar:/usr/lib/jvm/java-1.8.0-openjdk-amd64/jre/lib/jfr.jar:/usr/lib/jvm/java-1.8.0-openjdk-amd64/jre/lib/jsse.jar:/usr/lib/jvm/java-1.8.0-openjdk-amd64/jre/lib/management-agent.jar:/usr/lib/jvm/java-1.8.0-openjdk-amd64/jre/lib/resources.jar:/usr/lib/jvm/java-1.8.0-openjdk-amd64/jre/lib/rt.jar:/home/r00t/IdeaProjects/csp1_0/csp1_0/csp1_0/csp1_0/target/classes:/home/r00t/.m2/repository/org/springframework/boot/spring-boot-starter-jdbc/2.4.3/spring-boot-starter-jdbc-2.4.3.jar:/home/r00t/.m2/repository/org/springframework/boot/spring-boot-starter/2.4.3/spring-boot-starter-2.4.3.jar:/home/r00t/.m2/repository/org/springframework/boot/spring-boot/2.4.3/spring-boot-2.4.3.jar:/home/r00t/.m2/repository/org/springframework/boot/spring-boot-autoconfigure/2.4.3/spring-boot-autoconfigure-2.4.3.jar:/home/r00t/.m2/repository/org/springframework/boot/spring-boot-starter-logging/2.4.3/spring-boot-starter-logging-2.4.3.jar:/home/r00t/.m2/repository/ch/qos/logback/logback-classic/1.2.3/logback-classic-1.2.3.jar:/home/r00t/.m2/repository/ch/qos/logback/logback-core/1.2.3/logback-core-1.2.3.jar:/home/r00t/.m2/repository/org/apache/logging/log4j/log4j-to-slf4j/2.13.3/log4j-to-slf4j-2.13.3.jar:/home/r00t/.m2/repository/org/apache/log
Launcher Type: SUN_STANDARD

Environment Variables:
JAVA_HOME=/usr/lib/jvm/java-8-openjdk-amd64
CLASSPATH=/opt/idea-IU-203.7148.57/lib/bootstrap.jar:/opt/idea-IU-203.7148.57/lib/util.jar:/opt/idea-IU-203.7148.57/lib/jdom.jar:/opt/idea-IU-203.7148.57/lib/log4j.jar:/opt/idea-IU-203.7148.57/lib/jna.jar:/lib/tools.jar
PATH=/home/r00t/bin:/home/r00t/.local/bin:/usr/local/sbin:/usr/local/bin:/usr/sbin:/usr/bin:/sbin:/bin:/usr/games:/usr/local/games:/snap/bin:/opt/maven/apache-maven-3.6.3/bin
SHELL=/bin/bash
DISPLAY=:0

Signal Handlers:
SIGSEGV: [libjvm.so+0xb1f1b0], sa_mask[0]=11111111011111111101111111111110, sa_flags=SA_RESTART|SA_SIGINFO
SIGBUS: [libjvm.so+0xb1f1b0], sa_mask[0]=11111111011111111101111111111110, sa_flags=SA_RESTART|SA_SIGINFO
SIGFPE: [libjvm.so+0x956cf0], sa_mask[0]=11111111011111111101111111111110, sa_flags=SA_RESTART|SA_SIGINFO
SIGPIPE: [libjvm.so+0x956cf0], sa_mask[0]=11111111011111111101111111111110, sa_flags=SA_RESTART|SA_SIGINFO
SIGXFSZ: [libjvm.so+0x956cf0], sa_mask[0]=11111111011111111101111111111110, sa_flags=SA_RESTART|SA_SIGINFO
SIGILL: [libjvm.so+0x956cf0], sa_mask[0]=11111111011111111101111111111110, sa_flags=SA_RESTART|SA_SIGINFO
SIGUSR1: SIG_DFL, sa_mask[0]=00000000000000000000000000000000, sa_flags=none
SIGUSR2: [libjvm.so+0x956ba0], sa_mask[0]=00100000000000000000000000000000, sa_flags=SA_RESTART|SA_SIGINFO
SIGHUP: [libjvm.so+0x957230], sa_mask[0]=11111111011111111101111111111110, sa_flags=SA_RESTART|SA_SIGINFO
SIGINT: [libjvm.so+0x957230], sa_mask[0]=11111111011111111101111111111110, sa_flags=SA_RESTART|SA_SIGINFO
SIGTERM: [libjvm.so+0x957230], sa_mask[0]=11111111011111111101111111111110, sa_flags=SA_RESTART|SA_SIGINFO
SIGQUIT: [libjvm.so+0x957230], sa_mask[0]=11111111011111111101111111111110, sa_flags=SA_RESTART|SA_SIGINFO


---------------  S Y S T E M  ---------------

OS:DISTRIB_ID=Ubuntu
DISTRIB_RELEASE=16.04
DISTRIB_CODENAME=xenial
DISTRIB_DESCRIPTION="Ubuntu 16.04.7 LTS"

uname:Linux 4.15.0-142-generic #146~16.04.1-Ubuntu SMP Tue Apr 13 09:27:15 UTC 2021 x86_64
libc:glibc 2.23 NPTL 2.23 
rlimit: STACK 8192k, CORE 0k, NPROC 31574, NOFILE 1048576, AS infinity
load average:0.67 0.79 1.17

/proc/meminfo:
MemTotal:        8144672 kB
MemFree:          146496 kB
MemAvailable:      60236 kB
Buffers:            1424 kB
Cached:           128764 kB
SwapCached:         1224 kB
Active:          6757564 kB
Inactive:         874232 kB
Active(anon):    6741660 kB
Inactive(anon):   851748 kB
Active(file):      15904 kB
Inactive(file):    22484 kB
Unevictable:       34916 kB
Mlocked:           34916 kB
SwapTotal:        998396 kB
SwapFree:              0 kB
Dirty:               216 kB
Writeback:           552 kB
AnonPages:       7535288 kB
Mapped:            55684 kB
Shmem:             84408 kB
Slab:             145312 kB
SReclaimable:      62688 kB
SUnreclaim:        82624 kB
KernelStack:       22560 kB
PageTables:        82500 kB
NFS_Unstable:          0 kB
Bounce:                0 kB
WritebackTmp:          0 kB
CommitLimit:     5070732 kB
Committed_AS:   13279956 kB
VmallocTotal:   34359738367 kB
VmallocUsed:           0 kB
VmallocChunk:          0 kB
HardwareCorrupted:     0 kB
AnonHugePages:         0 kB
ShmemHugePages:        0 kB
ShmemPmdMapped:        0 kB
CmaTotal:              0 kB
CmaFree:               0 kB
HugePages_Total:       0
HugePages_Free:        0
HugePages_Rsvd:        0
HugePages_Surp:        0
Hugepagesize:       2048 kB
DirectMap4k:      190272 kB
DirectMap2M:     6100992 kB
DirectMap1G:     4194304 kB

container (cgroup) information:
container_type: cgroupv1
cpu_cpuset_cpus: 0-1
cpu_memory_nodes: 0
active_processor_count: 2
cpu_quota: -1
cpu_period: 100000
cpu_shares: -1
memory_limit_in_bytes: -1
memory_and_swap_limit_in_bytes: -2
memory_soft_limit_in_bytes: -1
memory_usage_in_bytes: 7849738240
memory_max_usage_in_bytes: 16175104


CPU:total 2 (initial active 2) (1 cores per cpu, 1 threads per core) family 6 model 151 stepping 2, cmov, cx8, fxsr, mmx, sse, sse2, sse3, ssse3, sse4.1, sse4.2, popcnt, avx, avx2, aes, clmul, erms, 3dnowpref, lzcnt, tsc, tscinvbit, bmi1, bmi2, adx

/proc/cpuinfo:
processor	: 0
vendor_id	: GenuineIntel
cpu family	: 6
model		: 151
model name	: 12th Gen Intel(R) Core(TM) i7-12700
stepping	: 2
microcode	: 0x1e
cpu MHz		: 2112.000
cache size	: 25600 KB
physical id	: 0
siblings	: 1
core id		: 0
cpu cores	: 1
apicid		: 0
initial apicid	: 0
fpu		: yes
fpu_exception	: yes
cpuid level	: 32
wp		: yes
flags		: fpu vme de pse tsc msr pae mce cx8 apic sep mtrr pge mca cmov pat pse36 clflush mmx fxsr sse sse2 ss syscall nx pdpe1gb rdtscp lm constant_tsc arch_perfmon nopl xtopology tsc_reliable nonstop_tsc cpuid pni pclmulqdq ssse3 fma cx16 pcid sse4_1 sse4_2 x2apic movbe popcnt tsc_deadline_timer aes xsave avx f16c rdrand hypervisor lahf_lm abm 3dnowprefetch invpcid_single ssbd ibrs ibpb stibp ibrs_enhanced fsgsbase tsc_adjust bmi1 avx2 smep bmi2 invpcid rdseed adx smap clflushopt clwb sha_ni xsaveopt xsavec xgetbv1 xsaves arat umip pku ospke gfni vaes vpclmulqdq rdpid md_clear flush_l1d arch_capabilities
bugs		: spectre_v1 spectre_v2 spec_store_bypass swapgs itlb_multihit
bogomips	: 4224.00
clflush size	: 64
cache_alignment	: 64
address sizes	: 45 bits physical, 48 bits virtual
power management:

processor	: 1
vendor_id	: GenuineIntel
cpu family	: 6
model		: 151
model name	: 12th Gen Intel(R) Core(TM) i7-12700
stepping	: 2
microcode	: 0x1e
cpu MHz		: 2112.000
cache size	: 25600 KB
physical id	: 2
siblings	: 1
core id		: 0
cpu cores	: 1
apicid		: 2
initial apicid	: 2
fpu		: yes
fpu_exception	: yes
cpuid level	: 32
wp		: yes
flags		: fpu vme de pse tsc msr pae mce cx8 apic sep mtrr pge mca cmov pat pse36 clflush mmx fxsr sse sse2 ss syscall nx pdpe1gb rdtscp lm constant_tsc arch_perfmon nopl xtopology tsc_reliable nonstop_tsc cpuid pni pclmulqdq ssse3 fma cx16 pcid sse4_1 sse4_2 x2apic movbe popcnt tsc_deadline_timer aes xsave avx f16c rdrand hypervisor lahf_lm abm 3dnowprefetch invpcid_single ssbd ibrs ibpb stibp ibrs_enhanced fsgsbase tsc_adjust bmi1 avx2 smep bmi2 invpcid rdseed adx smap clflushopt clwb sha_ni xsaveopt xsavec xgetbv1 xsaves arat umip pku ospke gfni vaes vpclmulqdq rdpid md_clear flush_l1d arch_capabilities
bugs		: spectre_v1 spectre_v2 spec_store_bypass swapgs itlb_multihit
bogomips	: 4224.00
clflush size	: 64
cache_alignment	: 64
address sizes	: 45 bits physical, 48 bits virtual
power management:



Memory: 4k page, physical 8144672k(146496k free), swap 998396k(0k free)

vm_info: OpenJDK 64-Bit Server VM (25.292-b10) for linux-amd64 JRE (1.8.0_292-8u292-b10-0ubuntu1~16.04.1-b10), built on Apr 21 2021 12:47:35 by "buildd" with gcc 5.4.0 20160609

time: Sat Jun 10 20:51:00 2023
timezone: CST
elapsed time: 2.960989 seconds (0d 0h 0m 2s)

