#
# There is insufficient memory for the Java Runtime Environment to continue.
# Native memory allocation (mmap) failed to map 103284736 bytes for committing reserved memory.
# Possible reasons:
#   The system is out of physical RAM or swap space
#   The process is running with CompressedOops enabled, and the Java Heap may be blocking the growth of the native heap
# Possible solutions:
#   Reduce memory load on the system
#   Increase physical memory or swap space
#   Check if swap backing store is full
#   Decrease Java heap size (-Xmx/-Xms)
#   Decrease number of Java threads
#   Decrease Java thread stack sizes (-Xss)
#   Set larger code cache with -XX:ReservedCodeCacheSize=
#   JVM is running with Unscaled Compressed Oops mode in which the Java heap is
#     placed in the first 4GB address space. The Java Heap base address is the
#     maximum limit for the native heap growth. Please use -XX:HeapBaseMinAddress
#     to set the Java Heap base and to place the Java Heap above 4GB virtual address.
# This output file may be truncated or incomplete.
#
#  Out of Memory Error (os_linux.cpp:2798), pid=77665, tid=0x00007fd408cca700
#
# JRE version: OpenJDK Runtime Environment (8.0_292-b10) (build 1.8.0_292-8u292-b10-0ubuntu1~16.04.1-b10)
# Java VM: OpenJDK 64-Bit Server VM (25.292-b10 mixed mode linux-amd64 compressed oops)
# Failed to write core dump. Core dumps have been disabled. To enable core dumping, try "ulimit -c unlimited" before starting Java again
#

---------------  T H R E A D  ---------------

Current thread (0x00007fd41c101000):  VMThread [stack: 0x00007fd408bca000,0x00007fd408ccb000] [id=77677]

Stack: [0x00007fd408bca000,0x00007fd408ccb000],  sp=0x00007fd408cc9360,  free space=1020k
Native frames: (J=compiled Java code, j=interpreted, Vv=VM code, C=native code)
V  [libjvm.so+0xb1e67b]
V  [libjvm.so+0x4e01dc]
V  [libjvm.so+0x95bc48]
V  [libjvm.so+0x953b3e]
V  [libjvm.so+0x9d4ad6]
V  [libjvm.so+0x9d5e03]
V  [libjvm.so+0x9d2204]
V  [libjvm.so+0x9d249c]
V  [libjvm.so+0x983953]
V  [libjvm.so+0xb20372]
V  [libjvm.so+0xb26067]
V  [libjvm.so+0xb23b43]
V  [libjvm.so+0xb23ee5]
V  [libjvm.so+0xb244b2]
V  [libjvm.so+0x958fe2]

VM_Operation (0x00007fd4258b2220): ParallelGCFailedAllocation, mode: safepoint, requested by thread 0x00007fd41c010000


---------------  P R O C E S S  ---------------

Java Threads: ( => current thread )
  0x00007fd41cd03000 JavaThread "container-0" [_thread_blocked, id=77716, stack(0x00007fd3f186b000,0x00007fd3f196c000)]
  0x00007fd41cd02000 JavaThread "Catalina-utility-2" [_thread_blocked, id=77715, stack(0x00007fd3f256c000,0x00007fd3f266d000)]
  0x00007fd41cd00800 JavaThread "Catalina-utility-1" [_thread_blocked, id=77714, stack(0x00007fd3f286f000,0x00007fd3f2970000)]
  0x0000563b1f289000 JavaThread "RMI Scheduler(0)" daemon [_thread_blocked, id=77702, stack(0x00007fd3f266d000,0x00007fd3f276e000)]
  0x00007fd3d4003800 JavaThread "RMI TCP Connection(1)-127.0.0.1" daemon [_thread_in_native, id=77701, stack(0x00007fd3f276e000,0x00007fd3f286f000)]
  0x00007fd3ec001000 JavaThread "Attach Listener" daemon [_thread_blocked, id=77697, stack(0x00007fd3f2970000,0x00007fd3f2a71000)]
  0x00007fd41c61f800 JavaThread "RMI TCP Accept-0" daemon [_thread_in_native, id=77692, stack(0x00007fd3f319a000,0x00007fd3f329b000)]
  0x00007fd41c56d800 JavaThread "Service Thread" daemon [_thread_blocked, id=77691, stack(0x00007fd3f34b6000,0x00007fd3f35b7000)]
  0x00007fd41c56a000 JavaThread "C1 CompilerThread1" daemon [_thread_blocked, id=77690, stack(0x00007fd3f35b7000,0x00007fd3f36b8000)]
  0x00007fd41c568800 JavaThread "C2 CompilerThread0" daemon [_thread_blocked, id=77689, stack(0x00007fd3f36b8000,0x00007fd3f37b9000)]
  0x00007fd41c564800 JavaThread "Monitor Ctrl-Break" daemon [_thread_in_native, id=77688, stack(0x00007fd3f37bf000,0x00007fd3f38c0000)]
  0x00007fd41c140800 JavaThread "Signal Dispatcher" daemon [_thread_blocked, id=77686, stack(0x00007fd3f3eff000,0x00007fd3f4000000)]
  0x00007fd41c10f800 JavaThread "Finalizer" daemon [_thread_blocked, id=77681, stack(0x00007fd4089c8000,0x00007fd408ac9000)]
  0x00007fd41c10a800 JavaThread "Reference Handler" daemon [_thread_blocked, id=77678, stack(0x00007fd408ac9000,0x00007fd408bca000)]
  0x00007fd41c010000 JavaThread "main" [_thread_blocked, id=77669, stack(0x00007fd4257bb000,0x00007fd4258bc000)]

Other Threads:
=>0x00007fd41c101000 VMThread [stack: 0x00007fd408bca000,0x00007fd408ccb000] [id=77677]
  0x00007fd41c62d800 WatcherThread [stack: 0x00007fd3f3099000,0x00007fd3f319a000] [id=77693]

VM state:at safepoint (normal execution)

VM Mutex/Monitor currently owned by a thread:  ([mutex/lock_event])
[0x00007fd41c00c320] Threads_lock - owner thread: 0x00007fd41c101000
[0x00007fd41c00c820] Heap_lock - owner thread: 0x00007fd41c010000

heap address: 0x0000000083a00000, size: 1990 MB, Compressed Oops mode: 32-bit
Narrow klass base: 0x0000000000000000, Narrow klass shift: 3
Compressed class space size: 1073741824 Address: 0x0000000100000000

Heap:
 PSYoungGen      total 136192K, used 5098K [0x00000000d6900000, 0x00000000df300000, 0x0000000100000000)
  eden space 131072K, 0% used [0x00000000d6900000,0x00000000d6900000,0x00000000de900000)
  from space 5120K, 99% used [0x00000000de900000,0x00000000dedfaba8,0x00000000dee00000)
  to   space 5120K, 0% used [0x00000000dee00000,0x00000000dee00000,0x00000000df300000)
 ParOldGen       total 56320K, used 13647K [0x0000000083a00000, 0x0000000087100000, 0x00000000d6900000)
  object space 56320K, 24% used [0x0000000083a00000,0x0000000084753c18,0x0000000087100000)
 Metaspace       used 27558K, capacity 29442K, committed 29568K, reserved 1075200K
  class space    used 3774K, capacity 4101K, committed 4224K, reserved 1048576K

Card table byte_map: [0x00007fd4217aa000,0x00007fd421b8e000] byte_map_base: 0x00007fd42138d000

Marking Bits: (ParMarkBitMap*) 0x00007fd424a828a0
 Begin Bits: [0x00007fd4091d0000, 0x00007fd40b0e8000)
 End Bits:   [0x00007fd40b0e8000, 0x00007fd40d000000)

Polling page: 0x00007fd4258d6000

CodeCache: size=245760Kb used=5863Kb max_used=5863Kb free=239896Kb
 bounds [0x00007fd40d000000, 0x00007fd40d5c0000, 0x00007fd41c000000]
 total_blobs=3338 nmethods=2936 adapters=315
 compilation: enabled

Compilation events (10 events):
Event: 3.107 Thread 0x00007fd41c56a000 nmethod 2933 0x00007fd40d5b6a50 code [0x00007fd40d5b6bc0, 0x00007fd40d5b6d30]
Event: 3.107 Thread 0x00007fd41c56a000 2934   !   1       java.io.ObjectStreamClass::lookup (335 bytes)
Event: 3.108 Thread 0x00007fd41c56a000 nmethod 2934 0x00007fd40d5b6e50 code [0x00007fd40d5b7140, 0x00007fd40d5b8348]
Event: 3.108 Thread 0x00007fd41c56a000 2932       1       sun.rmi.server.MarshalOutputStream::replaceObject (33 bytes)
Event: 3.109 Thread 0x00007fd41c56a000 nmethod 2932 0x00007fd40d5b8e90 code [0x00007fd40d5b9040, 0x00007fd40d5b95a8]
Event: 3.118 Thread 0x00007fd41c56a000 2935       1       java.util.stream.Collectors$$Lambda$16/1635546341::accept (11 bytes)
Event: 3.118 Thread 0x00007fd41c56a000 nmethod 2935 0x00007fd40d5b9950 code [0x00007fd40d5b9ac0, 0x00007fd40d5b9c48]
Event: 3.122 Thread 0x00007fd41c56a000 2936       1       java.util.Locale::getCountry (8 bytes)
Event: 3.122 Thread 0x00007fd41c56a000 nmethod 2936 0x00007fd40d5b9cd0 code [0x00007fd40d5b9e20, 0x00007fd40d5b9f30]
Event: 3.412 Thread 0x00007fd41c56a000 2937       1       java.util.WeakHashMap::<init> (133 bytes)

GC Heap History (10 events):
Event: 0.717 GC heap after
Heap after GC invocations=1 (full 0):
 PSYoungGen      total 37888K, used 4338K [0x00000000d6900000, 0x00000000db300000, 0x0000000100000000)
  eden space 32768K, 0% used [0x00000000d6900000,0x00000000d6900000,0x00000000d8900000)
  from space 5120K, 84% used [0x00000000d8900000,0x00000000d8d3cb08,0x00000000d8e00000)
  to   space 5120K, 0% used [0x00000000dae00000,0x00000000dae00000,0x00000000db300000)
 ParOldGen       total 86016K, used 8K [0x0000000083a00000, 0x0000000088e00000, 0x00000000d6900000)
  object space 86016K, 0% used [0x0000000083a00000,0x0000000083a02000,0x0000000088e00000)
 Metaspace       used 10668K, capacity 10990K, committed 11136K, reserved 1058816K
  class space    used 1310K, capacity 1401K, committed 1408K, reserved 1048576K
}
Event: 1.104 GC heap before
{Heap before GC invocations=2 (full 0):
 PSYoungGen      total 37888K, used 37106K [0x00000000d6900000, 0x00000000db300000, 0x0000000100000000)
  eden space 32768K, 100% used [0x00000000d6900000,0x00000000d8900000,0x00000000d8900000)
  from space 5120K, 84% used [0x00000000d8900000,0x00000000d8d3cb08,0x00000000d8e00000)
  to   space 5120K, 0% used [0x00000000dae00000,0x00000000dae00000,0x00000000db300000)
 ParOldGen       total 86016K, used 8K [0x0000000083a00000, 0x0000000088e00000, 0x00000000d6900000)
  object space 86016K, 0% used [0x0000000083a00000,0x0000000083a02000,0x0000000088e00000)
 Metaspace       used 14135K, capacity 14854K, committed 15104K, reserved 1062912K
  class space    used 1867K, capacity 2033K, committed 2048K, reserved 1048576K
Event: 1.111 GC heap after
Heap after GC invocations=2 (full 0):
 PSYoungGen      total 70656K, used 5090K [0x00000000d6900000, 0x00000000db300000, 0x0000000100000000)
  eden space 65536K, 0% used [0x00000000d6900000,0x00000000d6900000,0x00000000da900000)
  from space 5120K, 99% used [0x00000000dae00000,0x00000000db2f88e0,0x00000000db300000)
  to   space 5120K, 0% used [0x00000000da900000,0x00000000da900000,0x00000000dae00000)
 ParOldGen       total 86016K, used 857K [0x0000000083a00000, 0x0000000088e00000, 0x00000000d6900000)
  object space 86016K, 0% used [0x0000000083a00000,0x0000000083ad64d0,0x0000000088e00000)
 Metaspace       used 14135K, capacity 14854K, committed 15104K, reserved 1062912K
  class space    used 1867K, capacity 2033K, committed 2048K, reserved 1048576K
}
Event: 2.036 GC heap before
{Heap before GC invocations=3 (full 0):
 PSYoungGen      total 70656K, used 70626K [0x00000000d6900000, 0x00000000db300000, 0x0000000100000000)
  eden space 65536K, 100% used [0x00000000d6900000,0x00000000da900000,0x00000000da900000)
  from space 5120K, 99% used [0x00000000dae00000,0x00000000db2f88e0,0x00000000db300000)
  to   space 5120K, 0% used [0x00000000da900000,0x00000000da900000,0x00000000dae00000)
 ParOldGen       total 86016K, used 857K [0x0000000083a00000, 0x0000000088e00000, 0x00000000d6900000)
  object space 86016K, 0% used [0x0000000083a00000,0x0000000083ad64d0,0x0000000088e00000)
 Metaspace       used 19809K, capacity 20770K, committed 20992K, reserved 1067008K
  class space    used 2606K, capacity 2815K, committed 2816K, reserved 1048576K
Event: 2.068 GC heap after
Heap after GC invocations=3 (full 0):
 PSYoungGen      total 70656K, used 5109K [0x00000000d6900000, 0x00000000df300000, 0x0000000100000000)
  eden space 65536K, 0% used [0x00000000d6900000,0x00000000d6900000,0x00000000da900000)
  from space 5120K, 99% used [0x00000000da900000,0x00000000dadfd6d8,0x00000000dae00000)
  to   space 5120K, 0% used [0x00000000dee00000,0x00000000dee00000,0x00000000df300000)
 ParOldGen       total 86016K, used 6456K [0x0000000083a00000, 0x0000000088e00000, 0x00000000d6900000)
  object space 86016K, 7% used [0x0000000083a00000,0x000000008404e070,0x0000000088e00000)
 Metaspace       used 19809K, capacity 20770K, committed 20992K, reserved 1067008K
  class space    used 2606K, capacity 2815K, committed 2816K, reserved 1048576K
}
Event: 2.281 GC heap before
{Heap before GC invocations=4 (full 0):
 PSYoungGen      total 70656K, used 17134K [0x00000000d6900000, 0x00000000df300000, 0x0000000100000000)
  eden space 65536K, 18% used [0x00000000d6900000,0x00000000d74be1b8,0x00000000da900000)
  from space 5120K, 99% used [0x00000000da900000,0x00000000dadfd6d8,0x00000000dae00000)
  to   space 5120K, 0% used [0x00000000dee00000,0x00000000dee00000,0x00000000df300000)
 ParOldGen       total 86016K, used 6456K [0x0000000083a00000, 0x0000000088e00000, 0x00000000d6900000)
  object space 86016K, 7% used [0x0000000083a00000,0x000000008404e070,0x0000000088e00000)
 Metaspace       used 20282K, capacity 21260K, committed 21296K, reserved 1067008K
  class space    used 2693K, capacity 2908K, committed 2944K, reserved 1048576K
Event: 2.292 GC heap after
Heap after GC invocations=4 (full 0):
 PSYoungGen      total 136192K, used 5104K [0x00000000d6900000, 0x00000000df300000, 0x0000000100000000)
  eden space 131072K, 0% used [0x00000000d6900000,0x00000000d6900000,0x00000000de900000)
  from space 5120K, 99% used [0x00000000dee00000,0x00000000df2fc010,0x00000000df300000)
  to   space 5120K, 0% used [0x00000000de900000,0x00000000de900000,0x00000000dee00000)
 ParOldGen       total 86016K, used 7347K [0x0000000083a00000, 0x0000000088e00000, 0x00000000d6900000)
  object space 86016K, 8% used [0x0000000083a00000,0x000000008412cfc8,0x0000000088e00000)
 Metaspace       used 20282K, capacity 21260K, committed 21296K, reserved 1067008K
  class space    used 2693K, capacity 2908K, committed 2944K, reserved 1048576K
}
Event: 2.292 GC heap before
{Heap before GC invocations=5 (full 1):
 PSYoungGen      total 136192K, used 5104K [0x00000000d6900000, 0x00000000df300000, 0x0000000100000000)
  eden space 131072K, 0% used [0x00000000d6900000,0x00000000d6900000,0x00000000de900000)
  from space 5120K, 99% used [0x00000000dee00000,0x00000000df2fc010,0x00000000df300000)
  to   space 5120K, 0% used [0x00000000de900000,0x00000000de900000,0x00000000dee00000)
 ParOldGen       total 86016K, used 7347K [0x0000000083a00000, 0x0000000088e00000, 0x00000000d6900000)
  object space 86016K, 8% used [0x0000000083a00000,0x000000008412cfc8,0x0000000088e00000)
 Metaspace       used 20282K, capacity 21260K, committed 21296K, reserved 1067008K
  class space    used 2693K, capacity 2908K, committed 2944K, reserved 1048576K
Event: 2.322 GC heap after
Heap after GC invocations=5 (full 1):
 PSYoungGen      total 136192K, used 0K [0x00000000d6900000, 0x00000000df300000, 0x0000000100000000)
  eden space 131072K, 0% used [0x00000000d6900000,0x00000000d6900000,0x00000000de900000)
  from space 5120K, 0% used [0x00000000dee00000,0x00000000dee00000,0x00000000df300000)
  to   space 5120K, 0% used [0x00000000de900000,0x00000000de900000,0x00000000dee00000)
 ParOldGen       total 56320K, used 6963K [0x0000000083a00000, 0x0000000087100000, 0x00000000d6900000)
  object space 56320K, 12% used [0x0000000083a00000,0x00000000840ccd90,0x0000000087100000)
 Metaspace       used 20282K, capacity 21260K, committed 21296K, reserved 1067008K
  class space    used 2693K, capacity 2908K, committed 2944K, reserved 1048576K
}
Event: 3.511 GC heap before
{Heap before GC invocations=6 (full 1):
 PSYoungGen      total 136192K, used 131072K [0x00000000d6900000, 0x00000000df300000, 0x0000000100000000)
  eden space 131072K, 100% used [0x00000000d6900000,0x00000000de900000,0x00000000de900000)
  from space 5120K, 0% used [0x00000000dee00000,0x00000000dee00000,0x00000000df300000)
  to   space 5120K, 0% used [0x00000000de900000,0x00000000de900000,0x00000000dee00000)
 ParOldGen       total 56320K, used 6963K [0x0000000083a00000, 0x0000000087100000, 0x00000000d6900000)
  object space 56320K, 12% used [0x0000000083a00000,0x00000000840ccd90,0x0000000087100000)
 Metaspace       used 27558K, capacity 29442K, committed 29568K, reserved 1075200K
  class space    used 3774K, capacity 4101K, committed 4224K, reserved 1048576K

Deoptimization events (0 events):
No events

Classes redefined (0 events):
No events

Internal exceptions (10 events):
Event: 3.457 Thread 0x00007fd41c010000 Exception <a 'java/lang/ArrayIndexOutOfBoundsException'> (0x00000000de4834b0) thrown at [/build/openjdk-8-RKFhH1/openjdk-8-8u292-b10/src/hotspot/src/share/vm/runtime/sharedRuntime.cpp, line 609]
Event: 3.457 Thread 0x00007fd41c010000 Exception <a 'java/lang/ClassNotFoundException': org/springframework/beans/factory/InitializingBeanCustomizer> (0x00000000de4a0f30) thrown at [/build/openjdk-8-RKFhH1/openjdk-8-8u292-b10/src/hotspot/src/share/vm/classfile/systemDictionary.cpp, line 217]
Event: 3.458 Thread 0x00007fd41c010000 Exception <a 'java/lang/ArrayIndexOutOfBoundsException'> (0x00000000de4d3a58) thrown at [/build/openjdk-8-RKFhH1/openjdk-8-8u292-b10/src/hotspot/src/share/vm/runtime/sharedRuntime.cpp, line 609]
Event: 3.461 Thread 0x00007fd41c010000 Exception <a 'java/lang/ArrayIndexOutOfBoundsException'> (0x00000000de531fb8) thrown at [/build/openjdk-8-RKFhH1/openjdk-8-8u292-b10/src/hotspot/src/share/vm/runtime/sharedRuntime.cpp, line 609]
Event: 3.462 Thread 0x00007fd41c010000 Exception <a 'java/lang/ArrayIndexOutOfBoundsException'> (0x00000000de56d5a0) thrown at [/build/openjdk-8-RKFhH1/openjdk-8-8u292-b10/src/hotspot/src/share/vm/runtime/sharedRuntime.cpp, line 609]
Event: 3.462 Thread 0x00007fd41c010000 Exception <a 'java/lang/ArrayIndexOutOfBoundsException'> (0x00000000de574f58) thrown at [/build/openjdk-8-RKFhH1/openjdk-8-8u292-b10/src/hotspot/src/share/vm/runtime/sharedRuntime.cpp, line 609]
Event: 3.469 Thread 0x00007fd41c010000 Exception <a 'java/lang/ArrayIndexOutOfBoundsException'> (0x00000000de6cd848) thrown at [/build/openjdk-8-RKFhH1/openjdk-8-8u292-b10/src/hotspot/src/share/vm/runtime/sharedRuntime.cpp, line 609]
Event: 3.470 Thread 0x00007fd41c010000 Exception <a 'java/lang/ArrayIndexOutOfBoundsException'> (0x00000000de71c070) thrown at [/build/openjdk-8-RKFhH1/openjdk-8-8u292-b10/src/hotspot/src/share/vm/runtime/sharedRuntime.cpp, line 609]
Event: 3.471 Thread 0x00007fd41c010000 Exception <a 'java/lang/ArrayIndexOutOfBoundsException'> (0x00000000de754f68) thrown at [/build/openjdk-8-RKFhH1/openjdk-8-8u292-b10/src/hotspot/src/share/vm/runtime/sharedRuntime.cpp, line 609]
Event: 3.483 Thread 0x00007fd41c010000 Exception <a 'java/lang/NoSuchMethodError': java.lang.Object.lambda$static$0(Ljava/lang/Object;)Ljava/lang/Object;> (0x00000000de89d958) thrown at [/build/openjdk-8-RKFhH1/openjdk-8-8u292-b10/src/hotspot/src/share/vm/interpreter/linkResolver.cpp, line 620

Events (10 events):
Event: 3.485 loading class com/zaxxer/hikari/metrics/MetricsTrackerFactory done
Event: 3.485 loading class com/zaxxer/hikari/HikariPoolMXBean
Event: 3.485 loading class com/zaxxer/hikari/HikariPoolMXBean done
Event: 3.485 loading class com/zaxxer/hikari/pool/HikariPool
Event: 3.485 loading class com/zaxxer/hikari/pool/HikariPool done
Event: 3.486 loading class com/zaxxer/hikari/util/ConcurrentBag$IBagStateListener
Event: 3.486 loading class com/zaxxer/hikari/util/ConcurrentBag$IBagStateListener done
Event: 3.486 loading class com/zaxxer/hikari/pool/PoolBase
Event: 3.486 loading class com/zaxxer/hikari/pool/PoolBase done
Event: 3.486 Executing VM operation: ParallelGCFailedAllocation


Dynamic libraries:
83a00000-87100000 rw-p 00000000 00:00 0 
87100000-d6900000 ---p 00000000 00:00 0 
d6900000-df300000 rw-p 00000000 00:00 0 
e5580000-100000000 ---p 00000000 00:00 0 
100000000-100420000 rw-p 00000000 00:00 0 
100420000-140000000 ---p 00000000 00:00 0 
563b1e88b000-563b1e88c000 r-xp 00000000 08:01 266934                     /usr/lib/jvm/java-8-openjdk-amd64/jre/bin/java
563b1ea8b000-563b1ea8c000 r--p 00000000 08:01 266934                     /usr/lib/jvm/java-8-openjdk-amd64/jre/bin/java
563b1ea8c000-563b1ea8d000 rw-p 00001000 08:01 266934                     /usr/lib/jvm/java-8-openjdk-amd64/jre/bin/java
563b1f266000-563b1f2a8000 rw-p 00000000 00:00 0                          [heap]
7fd3cc000000-7fd3cc021000 rw-p 00000000 00:00 0 
7fd3cc021000-7fd3d0000000 ---p 00000000 00:00 0 
7fd3d0000000-7fd3d0127000 rw-p 00000000 00:00 0 
7fd3d0127000-7fd3d4000000 ---p 00000000 00:00 0 
7fd3d4000000-7fd3d4021000 rw-p 00000000 00:00 0 
7fd3d4021000-7fd3d8000000 ---p 00000000 00:00 0 
7fd3d8000000-7fd3d8056000 rw-p 00000000 00:00 0 
7fd3d8056000-7fd3dc000000 ---p 00000000 00:00 0 
7fd3dc000000-7fd3dc021000 rw-p 00000000 00:00 0 
7fd3dc021000-7fd3e0000000 ---p 00000000 00:00 0 
7fd3e0000000-7fd3e0021000 rw-p 00000000 00:00 0 
7fd3e0021000-7fd3e4000000 ---p 00000000 00:00 0 
7fd3e4000000-7fd3e404e000 rw-p 00000000 00:00 0 
7fd3e404e000-7fd3e8000000 ---p 00000000 00:00 0 
7fd3e8000000-7fd3e846f000 rw-p 00000000 00:00 0 
7fd3e846f000-7fd3ec000000 ---p 00000000 00:00 0 
7fd3ec000000-7fd3ec021000 rw-p 00000000 00:00 0 
7fd3ec021000-7fd3f0000000 ---p 00000000 00:00 0 
7fd3f186b000-7fd3f186e000 ---p 00000000 00:00 0 
7fd3f186e000-7fd3f1a2c000 rw-p 00000000 00:00 0 
7fd3f1a2c000-7fd3f1b6c000 ---p 00000000 00:00 0 
7fd3f1b6c000-7fd3f1d6c000 rw-p 00000000 00:00 0 
7fd3f1d6c000-7fd3f1f6c000 rw-p 00000000 00:00 0 
7fd3f1f6c000-7fd3f216c000 rw-p 00000000 00:00 0 
7fd3f216c000-7fd3f236c000 rw-p 00000000 00:00 0 
7fd3f236c000-7fd3f256c000 rw-p 00000000 00:00 0 
7fd3f256c000-7fd3f256f000 ---p 00000000 00:00 0 
7fd3f256f000-7fd3f266d000 rw-p 00000000 00:00 0 
7fd3f266d000-7fd3f2670000 ---p 00000000 00:00 0 
7fd3f2670000-7fd3f276e000 rw-p 00000000 00:00 0 
7fd3f276e000-7fd3f2771000 ---p 00000000 00:00 0 
7fd3f2771000-7fd3f286f000 rw-p 00000000 00:00 0 
7fd3f286f000-7fd3f2872000 ---p 00000000 00:00 0 
7fd3f2872000-7fd3f2970000 rw-p 00000000 00:00 0 
7fd3f2970000-7fd3f2973000 ---p 00000000 00:00 0 
7fd3f2973000-7fd3f2c71000 rw-p 00000000 00:00 0 
7fd3f2c71000-7fd3f2e71000 rw-p 00000000 00:00 0 
7fd3f2e71000-7fd3f3071000 rw-p 00000000 00:00 0 
7fd3f3071000-7fd3f3078000 r--s 00000000 08:01 395915                     /usr/lib/x86_64-linux-gnu/gconv/gconv-modules.cache
7fd3f3078000-7fd3f3099000 r--p 00000000 08:01 531259                     /usr/share/locale-langpack/zh_CN/LC_MESSAGES/libc.mo
7fd3f3099000-7fd3f309a000 ---p 00000000 00:00 0 
7fd3f309a000-7fd3f319a000 rw-p 00000000 00:00 0 
7fd3f319a000-7fd3f319d000 ---p 00000000 00:00 0 
7fd3f319d000-7fd3f329b000 rw-p 00000000 00:00 0 
7fd3f329b000-7fd3f32ac000 r--s 001bf000 08:01 266834                     /usr/lib/jvm/java-8-openjdk-amd64/jre/lib/jsse.jar
7fd3f32ac000-7fd3f32b5000 r-xp 00000000 08:01 266869                     /usr/lib/jvm/java-8-openjdk-amd64/jre/lib/amd64/libmanagement.so
7fd3f32b5000-7fd3f34b4000 ---p 00009000 08:01 266869                     /usr/lib/jvm/java-8-openjdk-amd64/jre/lib/amd64/libmanagement.so
7fd3f34b4000-7fd3f34b5000 r--p 00008000 08:01 266869                     /usr/lib/jvm/java-8-openjdk-amd64/jre/lib/amd64/libmanagement.so
7fd3f34b5000-7fd3f34b6000 rw-p 00009000 08:01 266869                     /usr/lib/jvm/java-8-openjdk-amd64/jre/lib/amd64/libmanagement.so
7fd3f34b6000-7fd3f34b9000 ---p 00000000 00:00 0 
7fd3f34b9000-7fd3f35b7000 rw-p 00000000 00:00 0 
7fd3f35b7000-7fd3f35ba000 ---p 00000000 00:00 0 
7fd3f35ba000-7fd3f36b8000 rw-p 00000000 00:00 0 
7fd3f36b8000-7fd3f36bb000 ---p 00000000 00:00 0 
7fd3f36bb000-7fd3f37b9000 rw-p 00000000 00:00 0 
7fd3f37b9000-7fd3f37bf000 r--s 000d3000 08:01 266845                     /usr/lib/jvm/java-8-openjdk-amd64/jre/lib/jfr.jar
7fd3f37bf000-7fd3f37c2000 ---p 00000000 00:00 0 
7fd3f37c2000-7fd3f38c0000 rw-p 00000000 00:00 0 
7fd3f38c0000-7fd3f38d8000 r-xp 00000000 08:01 266877                     /usr/lib/jvm/java-8-openjdk-amd64/jre/lib/amd64/libnet.so
7fd3f38d8000-7fd3f3ad7000 ---p 00018000 08:01 266877                     /usr/lib/jvm/java-8-openjdk-amd64/jre/lib/amd64/libnet.so
7fd3f3ad7000-7fd3f3ad8000 r--p 00017000 08:01 266877                     /usr/lib/jvm/java-8-openjdk-amd64/jre/lib/amd64/libnet.so
7fd3f3ad8000-7fd3f3ad9000 rw-p 00018000 08:01 266877                     /usr/lib/jvm/java-8-openjdk-amd64/jre/lib/amd64/libnet.so
7fd3f3ad9000-7fd3f3aeb000 r-xp 00000000 08:01 266873                     /usr/lib/jvm/java-8-openjdk-amd64/jre/lib/amd64/libnio.so
7fd3f3aeb000-7fd3f3cea000 ---p 00012000 08:01 266873                     /usr/lib/jvm/java-8-openjdk-amd64/jre/lib/amd64/libnio.so
7fd3f3cea000-7fd3f3ceb000 r--p 00011000 08:01 266873                     /usr/lib/jvm/java-8-openjdk-amd64/jre/lib/amd64/libnio.so
7fd3f3ceb000-7fd3f3cec000 rw-p 00012000 08:01 266873                     /usr/lib/jvm/java-8-openjdk-amd64/jre/lib/amd64/libnio.so
7fd3f3cec000-7fd3f3cee000 r--s 0001d000 08:01 3277768                    /opt/idea-IU-203.7148.57/lib/idea_rt.jar
7fd3f3cee000-7fd3f3cf0000 r--s 0000e000 08:01 4065998                    /home/r00t/.m2/repository/oro/oro/2.0.8/oro-2.0.8.jar
7fd3f3cf0000-7fd3f3cf3000 r--s 0001f000 08:01 4065970                    /home/r00t/.m2/repository/commons-validator/commons-validator/1.3.1/commons-validator-1.3.1.jar
7fd3f3cf3000-7fd3f3cf5000 r--s 00008000 08:01 4066993                    /home/r00t/.m2/repository/commons-logging/commons-logging/1.0.4/commons-logging-1.0.4.jar
7fd3f3cf5000-7fd3f3cf9000 r--s 00020000 08:01 4065966                    /home/r00t/.m2/repository/commons-digester/commons-digester/1.8/commons-digester-1.8.jar
7fd3f3cf9000-7fd3f3cfb000 r--s 00014000 08:01 4065968                    /home/r00t/.m2/repository/commons-chain/commons-chain/1.1/commons-chain-1.1.jar
7fd3f3cfb000-7fd3f3d00000 r--s 0002a000 08:01 4065964                    /home/r00t/.m2/repository/commons-beanutils/commons-beanutils/1.7.0/commons-beanutils-1.7.0.jar
7fd3f3d00000-7fd3f3d05000 r--s 00068000 08:01 4459383                    /home/r00t/.m2/repository/antlr/antlr/2.7.7/antlr-2.7.7.jar
7fd3f3d05000-7fd3f3d0b000 r--s 0004b000 08:01 4065938                    /home/r00t/.m2/repository/org/apache/struts/struts-core/1.3.8/struts-core-1.3.8.jar
7fd3f3d0b000-7fd3f3d0c000 r--s 00002000 08:01 4459217                    /home/r00t/.m2/repository/org/reactivestreams/reactive-streams/1.0.3/reactive-streams-1.0.3.jar
7fd3f3d0c000-7fd3f3d66000 r--s 003fd000 08:01 4459219                    /home/r00t/.m2/repository/org/neo4j/driver/neo4j-java-driver/4.1.1/neo4j-java-driver-4.1.1.jar
7fd3f3d66000-7fd3f3d80000 r--s 00115000 08:01 4459221                    /home/r00t/.m2/repository/org/springframework/data/spring-data-commons/2.4.5/spring-data-commons-2.4.5.jar
7fd3f3d80000-7fd3f3d87000 r--s 0003a000 08:01 4328794                    /home/r00t/.m2/repository/org/neo4j/neo4j-cypher-dsl/2021.0.0/neo4j-cypher-dsl-2021.0.0.jar
7fd3f3d87000-7fd3f3d88000 r--s 00000000 08:01 4063788                    /home/r00t/.m2/repository/org/apiguardian/apiguardian-api/1.1.0/apiguardian-api-1.1.0.jar
7fd3f3d88000-7fd3f3d92000 r--s 00073000 08:01 4066901                    /home/r00t/.m2/repository/org/springframework/data/spring-data-neo4j/6.0.5/spring-data-neo4j-6.0.5.jar
7fd3f3d92000-7fd3f3d93000 r--s 00001000 08:01 4459237                    /home/r00t/.m2/repository/org/springframework/boot/spring-boot-starter-data-neo4j/2.4.3/spring-boot-starter-data-neo4j-2.4.3.jar
7fd3f3d93000-7fd3f3d95000 r--s 0000b000 08:01 4066700                    /home/r00t/.m2/repository/org/json/json/20160212/json-20160212.jar
7fd3f3d95000-7fd3f3d97000 r--s 00009000 08:01 4066698                    /home/r00t/.m2/repository/org/apache/httpcomponents/httpmime/4.5.13/httpmime-4.5.13.jar
7fd3f3d97000-7fd3f3d9f000 r--s 00053000 08:01 4066697                    /home/r00t/.m2/repository/org/apache/httpcomponents/httpcore-nio/4.4.14/httpcore-nio-4.4.14.jar
7fd3f3d9f000-7fd3f3da2000 r--s 00029000 08:01 4066692                    /home/r00t/.m2/repository/org/apache/httpcomponents/httpasyncclient/4.1.4/httpasyncclient-4.1.4.jar
7fd3f3da2000-7fd3f3da9000 r--s 00050000 08:01 4066691                    /home/r00t/.m2/repository/commons-codec/commons-codec/1.15/commons-codec-1.15.jar
7fd3f3da9000-7fd3f3db1000 r--s 00049000 08:01 4066688                    /home/r00t/.m2/repository/org/apache/httpcomponents/httpcore/4.4.14/httpcore-4.4.14.jar
7fd3f3db1000-7fd3f3dbe000 r--s 000b2000 08:01 4064298                    /home/r00t/.m2/repository/org/apache/httpcomponents/httpclient/4.5.13/httpclient-4.5.13.jar
7fd3f3dbe000-7fd3f3dc0000 r--s 00009000 08:01 4066694                    /home/r00t/.m2/repository/com/mashape/unirest/unirest-java/1.4.9/unirest-java-1.4.9.jar
7fd3f3dc0000-7fd3f3dc1000 r--s 00005000 08:01 3934219                    /home/r00t/.m2/repository/org/springframework/spring-jcl/5.3.4/spring-jcl-5.3.4.jar
7fd3f3dc1000-7fd3f3ddd000 r--s 0014b000 08:01 3932711                    /home/r00t/.m2/repository/org/springframework/spring-core/5.3.4/spring-core-5.3.4.jar
7fd3f3ddd000-7fd3f3df7000 r--s 00234000 08:01 3934529                    /home/r00t/.m2/repository/mysql/mysql-connector-java/8.0.23/mysql-connector-java-8.0.23.jar
7fd3f3df7000-7fd3f3df9000 r--s 00010000 08:01 3932717                    /home/r00t/.m2/repository/org/mybatis/mybatis-spring/2.0.6/mybatis-spring-2.0.6.jar
7fd3f3df9000-7fd3f3e15000 r--s 0018d000 08:01 3933326                    /home/r00t/.m2/repository/org/mybatis/mybatis/3.5.6/mybatis-3.5.6.jar
7fd3f3e15000-7fd3f3e17000 r--s 00005000 08:01 3932692                    /home/r00t/.m2/repository/org/mybatis/spring/boot/mybatis-spring-boot-autoconfigure/2.1.4/mybatis-spring-boot-autoconfigure-2.1.4.jar
7fd3f3e17000-7fd3f3e18000 r--s 00000000 08:01 3932704                    /home/r00t/.m2/repository/org/mybatis/spring/boot/mybatis-spring-boot-starter/2.1.4/mybatis-spring-boot-starter-2.1.4.jar
7fd3f3e18000-7fd3f3e1d000 r--s 00040000 08:01 3934223                    /home/r00t/.m2/repository/org/springframework/spring-expression/5.3.4/spring-expression-5.3.4.jar
7fd3f3e1d000-7fd3f3e38000 r--s 00115000 08:01 3934523                    /home/r00t/.m2/repository/org/springframework/spring-context/5.3.4/spring-context-5.3.4.jar
7fd3f3e38000-7fd3f3e41000 r--s 00053000 08:01 3934524                    /home/r00t/.m2/repository/org/springframework/spring-aop/5.3.4/spring-aop-5.3.4.jar
7fd3f3e41000-7fd3f3e54000 r--s 000e2000 08:01 3934227                    /home/r00t/.m2/repository/org/springframework/spring-webmvc/5.3.4/spring-webmvc-5.3.4.jar
7fd3f3e54000-7fd3f3e72000 r--s 00164000 08:01 3934522                    /home/r00t/.m2/repository/org/springframework/spring-web/5.3.4/spring-web-5.3.4.jar
7fd3f3e72000-7fd3f3e78000 r--s 0003d000 08:01 3932721                    /home/r00t/.m2/repository/org/apache/tomcat/embed/tomcat-embed-websocket/9.0.43/tomcat-embed-websocket-9.0.43.jar
7fd3f3e78000-7fd3f3e7d000 r--s 00036000 08:01 3934508                    /home/r00t/.m2/repository/org/glassfish/jakarta.el/3.0.3/jakarta.el-3.0.3.jar
7fd3f3e7d000-7fd3f3ea8000 r--s 00314000 08:01 3934512                    /home/r00t/.m2/repository/org/apache/tomcat/embed/tomcat-embed-core/9.0.43/tomcat-embed-core-9.0.43.jar
7fd3f3ea8000-7fd3f3ea9000 r--s 00001000 08:01 3934509                    /home/r00t/.m2/repository/org/springframework/boot/spring-boot-starter-tomcat/2.4.3/spring-boot-starter-tomcat-2.4.3.jar
7fd3f3ea9000-7fd3f3eab000 r--s 00001000 08:01 3933354                    /home/r00t/.m2/repository/com/fasterxml/jackson/module/jackson-module-parameter-names/2.11.4/jackson-module-parameter-names-2.11.4.jar
7fd3f3eab000-7fd3f3eaf000 r--s 00018000 08:01 3934495                    /home/r00t/.m2/repository/com/fasterxml/jackson/datatype/jackson-datatype-jsr310/2.11.4/jackson-datatype-jsr310-2.11.4.jar
7fd3f3eaf000-7fd3f3eb1000 r--s 00007000 08:01 3934491                    /home/r00t/.m2/repository/com/fasterxml/jackson/datatype/jackson-datatype-jdk8/2.11.4/jackson-datatype-jdk8-2.11.4.jar
7fd3f3eb1000-7fd3f3eb5000 r--s 00052000 08:01 3933313                    /home/r00t/.m2/repository/com/fasterxml/jackson/core/jackson-core/2.11.4/jackson-core-2.11.4.jar
7fd3f3eb5000-7fd3f3eb8000 r--s 0000f000 08:01 3934498                    /home/r00t/.m2/repository/com/fasterxml/jackson/core/jackson-annotations/2.11.4/jackson-annotations-2.11.4.jar
7fd3f3eb8000-7fd3f3ece000 r--s 00146000 08:01 3934506                    /home/r00t/.m2/repository/com/fasterxml/jackson/core/jackson-databind/2.11.4/jackson-databind-2.11.4.jar
7fd3f3ece000-7fd3f3ecf000 r--s 00001000 08:01 3934212                    /home/r00t/.m2/repository/org/springframework/boot/spring-boot-starter-json/2.4.3/spring-boot-starter-json-2.4.3.jar
7fd3f3ecf000-7fd3f3ed0000 r--s 00001000 08:01 3934133                    /home/r00t/.m2/repository/org/springframework/boot/spring-boot-starter-web/2.4.3/spring-boot-starter-web-2.4.3.jar
7fd3f3ed0000-7fd3f3ed3000 r--s 00028000 08:01 3932705                    /home/r00t/.m2/repository/org/unbescape/unbescape/1.1.6.RELEASE/unbescape-1.1.6.RELEASE.jar
7fd3f3ed3000-7fd3f3ed8000 r--s 00037000 08:01 3932714                    /home/r00t/.m2/repository/org/attoparser/attoparser/2.0.5.RELEASE/attoparser-2.0.5.RELEASE.jar
7fd3f3ed8000-7fd3f3ee8000 r--s 000c4000 08:01 3933370                    /home/r00t/.m2/repository/org/thymeleaf/thymeleaf/3.0.12.RELEASE/thymeleaf-3.0.12.RELEASE.jar
7fd3f3ee8000-7fd3f3ef2000 r--s 00047000 08:01 3933300                    /home/r00t/.m2/repository/org/springframework/spring-tx/5.3.4/spring-tx-5.3.4.jar
7fd3f3ef2000-7fd3f3eff000 r--s 0009e000 08:01 3934520                    /home/r00t/.m2/repository/org/springframework/spring-beans/5.3.4/spring-beans-5.3.4.jar
7fd3f3eff000-7fd3f3f02000 ---p 00000000 00:00 0 
7fd3f3f02000-7fd3f4000000 rw-p 00000000 00:00 0 
7fd3f4000000-7fd3f4021000 rw-p 00000000 00:00 0 
7fd3f4021000-7fd3f8000000 ---p 00000000 00:00 0 
7fd3f8000000-7fd3f8021000 rw-p 00000000 00:00 0 
7fd3f8021000-7fd3fc000000 ---p 00000000 00:00 0 
7fd3fc000000-7fd3fc025000 rw-p 00000000 00:00 0 
7fd3fc025000-7fd400000000 ---p 00000000 00:00 0 
7fd400000000-7fd400021000 rw-p 00000000 00:00 0 
7fd400021000-7fd404000000 ---p 00000000 00:00 0 
7fd404000000-7fd404021000 rw-p 00000000 00:00 0 
7fd404021000-7fd408000000 ---p 00000000 00:00 0 
7fd408000000-7fd408009000 r--s 0005d000 08:01 3932707                    /home/r00t/.m2/repository/org/springframework/spring-jdbc/5.3.4/spring-jdbc-5.3.4.jar
7fd408009000-7fd4089c8000 r--p 00000000 08:01 138866                     /usr/lib/locale/locale-archive
7fd4089c8000-7fd4089cb000 ---p 00000000 00:00 0 
7fd4089cb000-7fd408ac9000 rw-p 00000000 00:00 0 
7fd408ac9000-7fd408acc000 ---p 00000000 00:00 0 
7fd408acc000-7fd408bca000 rw-p 00000000 00:00 0 
7fd408bca000-7fd408bcb000 ---p 00000000 00:00 0 
7fd408bcb000-7fd40d000000 rw-p 00000000 00:00 0 
7fd40d000000-7fd40d5c0000 rwxp 00000000 00:00 0 
7fd40d5c0000-7fd41c000000 ---p 00000000 00:00 0 
7fd41c000000-7fd41cd42000 rw-p 00000000 00:00 0 
7fd41cd42000-7fd420000000 ---p 00000000 00:00 0 
7fd420000000-7fd420001000 r--s 00009000 08:01 3933307                    /home/r00t/.m2/repository/org/thymeleaf/extras/thymeleaf-extras-java8time/3.0.4.RELEASE/thymeleaf-extras-java8time-3.0.4.RELEASE.jar
7fd420001000-7fd420005000 r--s 00028000 08:01 3933349                    /home/r00t/.m2/repository/org/thymeleaf/thymeleaf-spring5/3.0.12.RELEASE/thymeleaf-spring5-3.0.12.RELEASE.jar
7fd420005000-7fd420006000 r--s 00001000 08:01 3932708                    /home/r00t/.m2/repository/org/springframework/boot/spring-boot-starter-thymeleaf/2.4.3/spring-boot-starter-thymeleaf-2.4.3.jar
7fd420006000-7fd420008000 r--s 00009000 08:01 3932691                    /home/r00t/.m2/repository/org/slf4j/slf4j-api/1.7.30/slf4j-api-1.7.30.jar
7fd420008000-7fd42000c000 r--s 00023000 08:01 3932720                    /home/r00t/.m2/repository/com/zaxxer/HikariCP/3.4.5/HikariCP-3.4.5.jar
7fd42000c000-7fd420013000 r--s 00045000 08:01 3932719                    /home/r00t/.m2/repository/org/yaml/snakeyaml/1.27/snakeyaml-1.27.jar
7fd420013000-7fd420015000 r--s 00005000 08:01 3934510                    /home/r00t/.m2/repository/jakarta/annotation/jakarta.annotation-api/1.3.5/jakarta.annotation-api-1.3.5.jar
7fd420015000-7fd420017000 r--s 00000000 08:01 3932710                    /home/r00t/.m2/repository/org/slf4j/jul-to-slf4j/1.7.30/jul-to-slf4j-1.7.30.jar
7fd420017000-7fd42001d000 r--s 00042000 08:01 3932712                    /home/r00t/.m2/repository/org/apache/logging/log4j/log4j-api/2.13.3/log4j-api-2.13.3.jar
7fd42001d000-7fd42001f000 r--s 00003000 08:01 3932701                    /home/r00t/.m2/repository/org/apache/logging/log4j/log4j-to-slf4j/2.13.3/log4j-to-slf4j-2.13.3.jar
7fd42001f000-7fd42002a000 r--s 00069000 08:01 3932702                    /home/r00t/.m2/repository/ch/qos/logback/logback-core/1.2.3/logback-core-1.2.3.jar
7fd42002a000-7fd420030000 r--s 00041000 08:01 3932699                    /home/r00t/.m2/repository/ch/qos/logback/logback-classic/1.2.3/logback-classic-1.2.3.jar
7fd420030000-7fd420031000 r--s 00001000 08:01 3932706                    /home/r00t/.m2/repository/org/springframework/boot/spring-boot-starter-logging/2.4.3/spring-boot-starter-logging-2.4.3.jar
7fd420031000-7fd42005c000 r--s 0014e000 08:01 3934515                    /home/r00t/.m2/repository/org/springframework/boot/spring-boot-autoconfigure/2.4.3/spring-boot-autoconfigure-2.4.3.jar
7fd42005c000-7fd420078000 r--s 00125000 08:01 3932693                    /home/r00t/.m2/repository/org/springframework/boot/spring-boot/2.4.3/spring-boot-2.4.3.jar
7fd420078000-7fd420079000 r--s 00001000 08:01 3934535                    /home/r00t/.m2/repository/org/springframework/boot/spring-boot-starter/2.4.3/spring-boot-starter-2.4.3.jar
7fd420079000-7fd42007a000 r--s 00001000 08:01 3934519                    /home/r00t/.m2/repository/org/springframework/boot/spring-boot-starter-jdbc/2.4.3/spring-boot-starter-jdbc-2.4.3.jar
7fd42007a000-7fd42008d000 r--s 0034b000 08:01 266904                     /usr/lib/jvm/java-8-openjdk-amd64/jre/lib/resources.jar
7fd42008d000-7fd42008e000 r--s 00000000 08:01 266837                     /usr/lib/jvm/java-8-openjdk-amd64/jre/lib/management-agent.jar
7fd42008e000-7fd42009f000 r--s 001bf000 08:01 266834                     /usr/lib/jvm/java-8-openjdk-amd64/jre/lib/jsse.jar
7fd42009f000-7fd4200a5000 r--s 000d3000 08:01 266845                     /usr/lib/jvm/java-8-openjdk-amd64/jre/lib/jfr.jar
7fd4200a5000-7fd4200a7000 r--s 00016000 08:01 266822                     /usr/lib/jvm/java-8-openjdk-amd64/jre/lib/jce.jar
7fd4200a7000-7fd4200ac000 r--s 002f9000 08:01 266866                     /usr/lib/jvm/java-8-openjdk-amd64/jre/lib/charsets.jar
7fd4200ac000-7fd4200c7000 r--s 001d6000 08:01 266856                     /usr/lib/jvm/java-8-openjdk-amd64/jre/lib/ext/nashorn.jar
7fd4200c7000-7fd4200e2000 r--s 00394000 08:01 266854                     /usr/lib/jvm/java-8-openjdk-amd64/jre/lib/ext/cldrdata.jar
7fd4200e2000-7fd4204e6000 rw-p 00000000 00:00 0 
7fd4204e6000-7fd4206b7000 r--s 03ca5000 08:01 266838                     /usr/lib/jvm/java-8-openjdk-amd64/jre/lib/rt.jar
7fd4206b7000-7fd421310000 rw-p 00000000 00:00 0 
7fd421310000-7fd421311000 ---p 00000000 00:00 0 
7fd421311000-7fd421411000 rw-p 00000000 00:00 0 
7fd421411000-7fd421412000 ---p 00000000 00:00 0 
7fd421412000-7fd42152e000 rw-p 00000000 00:00 0 
7fd42152e000-7fd4217aa000 ---p 00000000 00:00 0 
7fd4217aa000-7fd4217c6000 rw-p 00000000 00:00 0 
7fd4217c6000-7fd421a41000 ---p 00000000 00:00 0 
7fd421a41000-7fd421a87000 rw-p 00000000 00:00 0 
7fd421a87000-7fd421b8d000 ---p 00000000 00:00 0 
7fd421b8d000-7fd421ba5000 rw-p 00000000 00:00 0 
7fd421ba5000-7fd421f4e000 ---p 00000000 00:00 0 
7fd421f4e000-7fd421f56000 r-xp 00000000 08:01 266876                     /usr/lib/jvm/java-8-openjdk-amd64/jre/lib/amd64/libzip.so
7fd421f56000-7fd422155000 ---p 00008000 08:01 266876                     /usr/lib/jvm/java-8-openjdk-amd64/jre/lib/amd64/libzip.so
7fd422155000-7fd422156000 r--p 00007000 08:01 266876                     /usr/lib/jvm/java-8-openjdk-amd64/jre/lib/amd64/libzip.so
7fd422156000-7fd422157000 rw-p 00008000 08:01 266876                     /usr/lib/jvm/java-8-openjdk-amd64/jre/lib/amd64/libzip.so
7fd422157000-7fd422162000 r-xp 00000000 08:01 3412875                    /lib/x86_64-linux-gnu/libnss_files-2.23.so
7fd422162000-7fd422361000 ---p 0000b000 08:01 3412875                    /lib/x86_64-linux-gnu/libnss_files-2.23.so
7fd422361000-7fd422362000 r--p 0000a000 08:01 3412875                    /lib/x86_64-linux-gnu/libnss_files-2.23.so
7fd422362000-7fd422363000 rw-p 0000b000 08:01 3412875                    /lib/x86_64-linux-gnu/libnss_files-2.23.so
7fd422363000-7fd422369000 rw-p 00000000 00:00 0 
7fd422369000-7fd422374000 r-xp 00000000 08:01 3412885                    /lib/x86_64-linux-gnu/libnss_nis-2.23.so
7fd422374000-7fd422573000 ---p 0000b000 08:01 3412885                    /lib/x86_64-linux-gnu/libnss_nis-2.23.so
7fd422573000-7fd422574000 r--p 0000a000 08:01 3412885                    /lib/x86_64-linux-gnu/libnss_nis-2.23.so
7fd422574000-7fd422575000 rw-p 0000b000 08:01 3412885                    /lib/x86_64-linux-gnu/libnss_nis-2.23.so
7fd422575000-7fd42258b000 r-xp 00000000 08:01 3412869                    /lib/x86_64-linux-gnu/libnsl-2.23.so
7fd42258b000-7fd42278a000 ---p 00016000 08:01 3412869                    /lib/x86_64-linux-gnu/libnsl-2.23.so
7fd42278a000-7fd42278b000 r--p 00015000 08:01 3412869                    /lib/x86_64-linux-gnu/libnsl-2.23.so
7fd42278b000-7fd42278c000 rw-p 00016000 08:01 3412869                    /lib/x86_64-linux-gnu/libnsl-2.23.so
7fd42278c000-7fd42278e000 rw-p 00000000 00:00 0 
7fd42278e000-7fd422796000 r-xp 00000000 08:01 3412871                    /lib/x86_64-linux-gnu/libnss_compat-2.23.so
7fd422796000-7fd422995000 ---p 00008000 08:01 3412871                    /lib/x86_64-linux-gnu/libnss_compat-2.23.so
7fd422995000-7fd422996000 r--p 00007000 08:01 3412871                    /lib/x86_64-linux-gnu/libnss_compat-2.23.so
7fd422996000-7fd422997000 rw-p 00008000 08:01 3412871                    /lib/x86_64-linux-gnu/libnss_compat-2.23.so
7fd422997000-7fd4229a1000 r-xp 00000000 08:01 266894                     /usr/lib/jvm/java-8-openjdk-amd64/jre/lib/amd64/libinstrument.so
7fd4229a1000-7fd422ba0000 ---p 0000a000 08:01 266894                     /usr/lib/jvm/java-8-openjdk-amd64/jre/lib/amd64/libinstrument.so
7fd422ba0000-7fd422ba1000 r--p 00009000 08:01 266894                     /usr/lib/jvm/java-8-openjdk-amd64/jre/lib/amd64/libinstrument.so
7fd422ba1000-7fd422ba2000 rw-p 0000a000 08:01 266894                     /usr/lib/jvm/java-8-openjdk-amd64/jre/lib/amd64/libinstrument.so
7fd422ba2000-7fd422bcc000 r-xp 00000000 08:01 266883                     /usr/lib/jvm/java-8-openjdk-amd64/jre/lib/amd64/libjava.so
7fd422bcc000-7fd422dcb000 ---p 0002a000 08:01 266883                     /usr/lib/jvm/java-8-openjdk-amd64/jre/lib/amd64/libjava.so
7fd422dcb000-7fd422dcc000 r--p 00029000 08:01 266883                     /usr/lib/jvm/java-8-openjdk-amd64/jre/lib/amd64/libjava.so
7fd422dcc000-7fd422dce000 rw-p 0002a000 08:01 266883                     /usr/lib/jvm/java-8-openjdk-amd64/jre/lib/amd64/libjava.so
7fd422dce000-7fd422ddd000 r-xp 00000000 08:01 266881                     /usr/lib/jvm/java-8-openjdk-amd64/jre/lib/amd64/libverify.so
7fd422ddd000-7fd422fdc000 ---p 0000f000 08:01 266881                     /usr/lib/jvm/java-8-openjdk-amd64/jre/lib/amd64/libverify.so
7fd422fdc000-7fd422fde000 r--p 0000e000 08:01 266881                     /usr/lib/jvm/java-8-openjdk-amd64/jre/lib/amd64/libverify.so
7fd422fde000-7fd422fdf000 rw-p 00010000 08:01 266881                     /usr/lib/jvm/java-8-openjdk-amd64/jre/lib/amd64/libverify.so
7fd422fdf000-7fd422fe6000 r-xp 00000000 08:01 3412930                    /lib/x86_64-linux-gnu/librt-2.23.so
7fd422fe6000-7fd4231e5000 ---p 00007000 08:01 3412930                    /lib/x86_64-linux-gnu/librt-2.23.so
7fd4231e5000-7fd4231e6000 r--p 00006000 08:01 3412930                    /lib/x86_64-linux-gnu/librt-2.23.so
7fd4231e6000-7fd4231e7000 rw-p 00007000 08:01 3412930                    /lib/x86_64-linux-gnu/librt-2.23.so
7fd4231e7000-7fd4231fd000 r-xp 00000000 08:01 3412814                    /lib/x86_64-linux-gnu/libgcc_s.so.1
7fd4231fd000-7fd4233fc000 ---p 00016000 08:01 3412814                    /lib/x86_64-linux-gnu/libgcc_s.so.1
7fd4233fc000-7fd4233fd000 rw-p 00015000 08:01 3412814                    /lib/x86_64-linux-gnu/libgcc_s.so.1
7fd4233fd000-7fd423505000 r-xp 00000000 08:01 3412846                    /lib/x86_64-linux-gnu/libm-2.23.so
7fd423505000-7fd423704000 ---p 00108000 08:01 3412846                    /lib/x86_64-linux-gnu/libm-2.23.so
7fd423704000-7fd423705000 r--p 00107000 08:01 3412846                    /lib/x86_64-linux-gnu/libm-2.23.so
7fd423705000-7fd423706000 rw-p 00108000 08:01 3412846                    /lib/x86_64-linux-gnu/libm-2.23.so
7fd423706000-7fd423878000 r-xp 00000000 08:01 141232                     /usr/lib/x86_64-linux-gnu/libstdc++.so.6.0.21
7fd423878000-7fd423a78000 ---p 00172000 08:01 141232                     /usr/lib/x86_64-linux-gnu/libstdc++.so.6.0.21
7fd423a78000-7fd423a82000 r--p 00172000 08:01 141232                     /usr/lib/x86_64-linux-gnu/libstdc++.so.6.0.21
7fd423a82000-7fd423a84000 rw-p 0017c000 08:01 141232                     /usr/lib/x86_64-linux-gnu/libstdc++.so.6.0.21
7fd423a84000-7fd423a88000 rw-p 00000000 00:00 0 
7fd423a88000-7fd4247ae000 r-xp 00000000 08:01 266898                     /usr/lib/jvm/java-8-openjdk-amd64/jre/lib/amd64/server/libjvm.so
7fd4247ae000-7fd4249ad000 ---p 00d26000 08:01 266898                     /usr/lib/jvm/java-8-openjdk-amd64/jre/lib/amd64/server/libjvm.so
7fd4249ad000-7fd424a43000 r--p 00d25000 08:01 266898                     /usr/lib/jvm/java-8-openjdk-amd64/jre/lib/amd64/server/libjvm.so
7fd424a43000-7fd424a6c000 rw-p 00dbb000 08:01 266898                     /usr/lib/jvm/java-8-openjdk-amd64/jre/lib/amd64/server/libjvm.so
7fd424a6c000-7fd424a9f000 rw-p 00000000 00:00 0 
7fd424a9f000-7fd424ab7000 r-xp 00000000 08:01 3412922                    /lib/x86_64-linux-gnu/libpthread-2.23.so
7fd424ab7000-7fd424cb6000 ---p 00018000 08:01 3412922                    /lib/x86_64-linux-gnu/libpthread-2.23.so
7fd424cb6000-7fd424cb7000 r--p 00017000 08:01 3412922                    /lib/x86_64-linux-gnu/libpthread-2.23.so
7fd424cb7000-7fd424cb8000 rw-p 00018000 08:01 3412922                    /lib/x86_64-linux-gnu/libpthread-2.23.so
7fd424cb8000-7fd424cbc000 rw-p 00000000 00:00 0 
7fd424cbc000-7fd424cbf000 r-xp 00000000 08:01 3412800                    /lib/x86_64-linux-gnu/libdl-2.23.so
7fd424cbf000-7fd424ebe000 ---p 00003000 08:01 3412800                    /lib/x86_64-linux-gnu/libdl-2.23.so
7fd424ebe000-7fd424ebf000 r--p 00002000 08:01 3412800                    /lib/x86_64-linux-gnu/libdl-2.23.so
7fd424ebf000-7fd424ec0000 rw-p 00003000 08:01 3412800                    /lib/x86_64-linux-gnu/libdl-2.23.so
7fd424ec0000-7fd424ed9000 r-xp 00000000 08:01 3412967                    /lib/x86_64-linux-gnu/libz.so.1.2.8
7fd424ed9000-7fd4250d8000 ---p 00019000 08:01 3412967                    /lib/x86_64-linux-gnu/libz.so.1.2.8
7fd4250d8000-7fd4250d9000 r--p 00018000 08:01 3412967                    /lib/x86_64-linux-gnu/libz.so.1.2.8
7fd4250d9000-7fd4250da000 rw-p 00019000 08:01 3412967                    /lib/x86_64-linux-gnu/libz.so.1.2.8
7fd4250da000-7fd42529a000 r-xp 00000000 08:01 3412776                    /lib/x86_64-linux-gnu/libc-2.23.so
7fd42529a000-7fd42549a000 ---p 001c0000 08:01 3412776                    /lib/x86_64-linux-gnu/libc-2.23.so
7fd42549a000-7fd42549e000 r--p 001c0000 08:01 3412776                    /lib/x86_64-linux-gnu/libc-2.23.so
7fd42549e000-7fd4254a0000 rw-p 001c4000 08:01 3412776                    /lib/x86_64-linux-gnu/libc-2.23.so
7fd4254a0000-7fd4254a4000 rw-p 00000000 00:00 0 
7fd4254a4000-7fd4254b2000 r-xp 00000000 08:01 266888                     /usr/lib/jvm/java-8-openjdk-amd64/jre/lib/amd64/jli/libjli.so
7fd4254b2000-7fd4256b1000 ---p 0000e000 08:01 266888                     /usr/lib/jvm/java-8-openjdk-amd64/jre/lib/amd64/jli/libjli.so
7fd4256b1000-7fd4256b2000 r--p 0000d000 08:01 266888                     /usr/lib/jvm/java-8-openjdk-amd64/jre/lib/amd64/jli/libjli.so
7fd4256b2000-7fd4256b3000 rw-p 0000e000 08:01 266888                     /usr/lib/jvm/java-8-openjdk-amd64/jre/lib/amd64/jli/libjli.so
7fd4256b3000-7fd4256d9000 r-xp 00000000 08:01 3412748                    /lib/x86_64-linux-gnu/ld-2.23.so
7fd4256d9000-7fd4256e4000 r--s 00116000 08:01 266858                     /usr/lib/jvm/java-8-openjdk-amd64/jre/lib/ext/localedata.jar
7fd4256e4000-7fd4256ea000 r--s 0003d000 08:01 266862                     /usr/lib/jvm/java-8-openjdk-amd64/jre/lib/ext/sunjce_provider.jar
7fd4256ea000-7fd4256eb000 r--s 0000a000 08:01 266857                     /usr/lib/jvm/java-8-openjdk-amd64/jre/lib/ext/jaccess.jar
7fd4256eb000-7fd4257bb000 rw-p 00000000 00:00 0 
7fd4257bb000-7fd4257be000 ---p 00000000 00:00 0 
7fd4257be000-7fd4258c0000 rw-p 00000000 00:00 0 
7fd4258c0000-7fd4258c3000 r--s 0000f000 08:01 266860                     /usr/lib/jvm/java-8-openjdk-amd64/jre/lib/ext/icedtea-sound.jar
7fd4258c3000-7fd4258c5000 r--s 00008000 08:01 266853                     /usr/lib/jvm/java-8-openjdk-amd64/jre/lib/ext/sunec.jar
7fd4258c5000-7fd4258c7000 r--s 00010000 08:01 266855                     /usr/lib/jvm/java-8-openjdk-amd64/jre/lib/ext/zipfs.jar
7fd4258c7000-7fd4258cb000 r--s 00040000 08:01 266859                     /usr/lib/jvm/java-8-openjdk-amd64/jre/lib/ext/sunpkcs11.jar
7fd4258cb000-7fd4258cd000 r--s 00001000 08:01 266861                     /usr/lib/jvm/java-8-openjdk-amd64/jre/lib/ext/dnsns.jar
7fd4258cd000-7fd4258d5000 rw-s 00000000 08:01 4199270                    /tmp/hsperfdata_r00t/77665
7fd4258d5000-7fd4258d6000 rw-p 00000000 00:00 0 
7fd4258d6000-7fd4258d7000 ---p 00000000 00:00 0 
7fd4258d7000-7fd4258d8000 rw-p 00000000 00:00 0 
7fd4258d8000-7fd4258d9000 r--p 00025000 08:01 3412748                    /lib/x86_64-linux-gnu/ld-2.23.so
7fd4258d9000-7fd4258da000 rw-p 00026000 08:01 3412748                    /lib/x86_64-linux-gnu/ld-2.23.so
7fd4258da000-7fd4258db000 rw-p 00000000 00:00 0 
7ffe24ef2000-7ffe24f15000 rw-p 00000000 00:00 0                          [stack]
7ffe24f58000-7ffe24f5b000 r--p 00000000 00:00 0                          [vvar]
7ffe24f5b000-7ffe24f5d000 r-xp 00000000 00:00 0                          [vdso]
ffffffffff600000-ffffffffff601000 r-xp 00000000 00:00 0                  [vsyscall]

VM Arguments:
jvm_args: -XX:TieredStopAtLevel=1 -Xverify:none -Dspring.output.ansi.enabled=always -javaagent:/opt/idea-IU-203.7148.57/lib/idea_rt.jar=41565:/opt/idea-IU-203.7148.57/bin -Dcom.sun.management.jmxremote -Dspring.jmx.enabled=true -Dspring.liveBeansView.mbeanDomain -Dspring.application.admin.enabled=true -Dfile.encoding=UTF-8 
java_command: upc.csp1_0.Csp10Application
java_class_path (initial): /usr/lib/jvm/java-1.8.0-openjdk-amd64/jre/lib/charsets.jar:/usr/lib/jvm/java-1.8.0-openjdk-amd64/jre/lib/ext/cldrdata.jar:/usr/lib/jvm/java-1.8.0-openjdk-amd64/jre/lib/ext/dnsns.jar:/usr/lib/jvm/java-1.8.0-openjdk-amd64/jre/lib/ext/icedtea-sound.jar:/usr/lib/jvm/java-1.8.0-openjdk-amd64/jre/lib/ext/jaccess.jar:/usr/lib/jvm/java-1.8.0-openjdk-amd64/jre/lib/ext/localedata.jar:/usr/lib/jvm/java-1.8.0-openjdk-amd64/jre/lib/ext/nashorn.jar:/usr/lib/jvm/java-1.8.0-openjdk-amd64/jre/lib/ext/sunec.jar:/usr/lib/jvm/java-1.8.0-openjdk-amd64/jre/lib/ext/sunjce_provider.jar:/usr/lib/jvm/java-1.8.0-openjdk-amd64/jre/lib/ext/sunpkcs11.jar:/usr/lib/jvm/java-1.8.0-openjdk-amd64/jre/lib/ext/zipfs.jar:/usr/lib/jvm/java-1.8.0-openjdk-amd64/jre/lib/jce.jar:/usr/lib/jvm/java-1.8.0-openjdk-amd64/jre/lib/jfr.jar:/usr/lib/jvm/java-1.8.0-openjdk-amd64/jre/lib/jsse.jar:/usr/lib/jvm/java-1.8.0-openjdk-amd64/jre/lib/management-agent.jar:/usr/lib/jvm/java-1.8.0-openjdk-amd64/jre/lib/resources.jar:/usr/lib/jvm/java-1.8.0-openjdk-amd64/jre/lib/rt.jar:/home/r00t/IdeaProjects/csp1_0/csp1_0/csp1_0/csp1_0/target/classes:/home/r00t/.m2/repository/org/springframework/boot/spring-boot-starter-jdbc/2.4.3/spring-boot-starter-jdbc-2.4.3.jar:/home/r00t/.m2/repository/org/springframework/boot/spring-boot-starter/2.4.3/spring-boot-starter-2.4.3.jar:/home/r00t/.m2/repository/org/springframework/boot/spring-boot/2.4.3/spring-boot-2.4.3.jar:/home/r00t/.m2/repository/org/springframework/boot/spring-boot-autoconfigure/2.4.3/spring-boot-autoconfigure-2.4.3.jar:/home/r00t/.m2/repository/org/springframework/boot/spring-boot-starter-logging/2.4.3/spring-boot-starter-logging-2.4.3.jar:/home/r00t/.m2/repository/ch/qos/logback/logback-classic/1.2.3/logback-classic-1.2.3.jar:/home/r00t/.m2/repository/ch/qos/logback/logback-core/1.2.3/logback-core-1.2.3.jar:/home/r00t/.m2/repository/org/apache/logging/log4j/log4j-to-slf4j/2.13.3/log4j-to-slf4j-2.13.3.jar:/home/r00t/.m2/repository/org/apache/log
Launcher Type: SUN_STANDARD

Environment Variables:
JAVA_HOME=/usr/lib/jvm/java-8-openjdk-amd64
CLASSPATH=/opt/idea-IU-203.7148.57/lib/bootstrap.jar:/opt/idea-IU-203.7148.57/lib/util.jar:/opt/idea-IU-203.7148.57/lib/jdom.jar:/opt/idea-IU-203.7148.57/lib/log4j.jar:/opt/idea-IU-203.7148.57/lib/jna.jar:/lib/tools.jar
PATH=/home/r00t/bin:/home/r00t/.local/bin:/usr/local/sbin:/usr/local/bin:/usr/sbin:/usr/bin:/sbin:/bin:/usr/games:/usr/local/games:/snap/bin:/opt/maven/apache-maven-3.6.3/bin
SHELL=/bin/bash
DISPLAY=:0

Signal Handlers:
SIGSEGV: [libjvm.so+0xb1f1b0], sa_mask[0]=11111111011111111101111111111110, sa_flags=SA_RESTART|SA_SIGINFO
SIGBUS: [libjvm.so+0xb1f1b0], sa_mask[0]=11111111011111111101111111111110, sa_flags=SA_RESTART|SA_SIGINFO
SIGFPE: [libjvm.so+0x956cf0], sa_mask[0]=11111111011111111101111111111110, sa_flags=SA_RESTART|SA_SIGINFO
SIGPIPE: [libjvm.so+0x956cf0], sa_mask[0]=11111111011111111101111111111110, sa_flags=SA_RESTART|SA_SIGINFO
SIGXFSZ: [libjvm.so+0x956cf0], sa_mask[0]=11111111011111111101111111111110, sa_flags=SA_RESTART|SA_SIGINFO
SIGILL: [libjvm.so+0x956cf0], sa_mask[0]=11111111011111111101111111111110, sa_flags=SA_RESTART|SA_SIGINFO
SIGUSR1: SIG_DFL, sa_mask[0]=00000000000000000000000000000000, sa_flags=none
SIGUSR2: [libjvm.so+0x956ba0], sa_mask[0]=00100000000000000000000000000000, sa_flags=SA_RESTART|SA_SIGINFO
SIGHUP: [libjvm.so+0x957230], sa_mask[0]=11111111011111111101111111111110, sa_flags=SA_RESTART|SA_SIGINFO
SIGINT: [libjvm.so+0x957230], sa_mask[0]=11111111011111111101111111111110, sa_flags=SA_RESTART|SA_SIGINFO
SIGTERM: [libjvm.so+0x957230], sa_mask[0]=11111111011111111101111111111110, sa_flags=SA_RESTART|SA_SIGINFO
SIGQUIT: [libjvm.so+0x957230], sa_mask[0]=11111111011111111101111111111110, sa_flags=SA_RESTART|SA_SIGINFO


---------------  S Y S T E M  ---------------

OS:DISTRIB_ID=Ubuntu
DISTRIB_RELEASE=16.04
DISTRIB_CODENAME=xenial
DISTRIB_DESCRIPTION="Ubuntu 16.04.7 LTS"

uname:Linux 4.15.0-142-generic #146~16.04.1-Ubuntu SMP Tue Apr 13 09:27:15 UTC 2021 x86_64
libc:glibc 2.23 NPTL 2.23 
rlimit: STACK 8192k, CORE 0k, NPROC 31574, NOFILE 1048576, AS infinity
load average:1.18 2.03 1.99

/proc/meminfo:
MemTotal:        8144672 kB
MemFree:          103096 kB
MemAvailable:       4468 kB
Buffers:             724 kB
Cached:           104092 kB
SwapCached:         4448 kB
Active:          6823236 kB
Inactive:         859212 kB
Active(anon):    6816184 kB
Inactive(anon):   852108 kB
Active(file):       7052 kB
Inactive(file):     7104 kB
Unevictable:       34916 kB
Mlocked:           34916 kB
SwapTotal:        998396 kB
SwapFree:              0 kB
Dirty:               192 kB
Writeback:           704 kB
AnonPages:       7608184 kB
Mapped:            41868 kB
Shmem:             83168 kB
Slab:             144080 kB
SReclaimable:      62192 kB
SUnreclaim:        81888 kB
KernelStack:       22032 kB
PageTables:        79732 kB
NFS_Unstable:          0 kB
Bounce:                0 kB
WritebackTmp:          0 kB
CommitLimit:     5070732 kB
Committed_AS:   13145564 kB
VmallocTotal:   34359738367 kB
VmallocUsed:           0 kB
VmallocChunk:          0 kB
HardwareCorrupted:     0 kB
AnonHugePages:         0 kB
ShmemHugePages:        0 kB
ShmemPmdMapped:        0 kB
CmaTotal:              0 kB
CmaFree:               0 kB
HugePages_Total:       0
HugePages_Free:        0
HugePages_Rsvd:        0
HugePages_Surp:        0
Hugepagesize:       2048 kB
DirectMap4k:      190272 kB
DirectMap2M:     6100992 kB
DirectMap1G:     4194304 kB

container (cgroup) information:
container_type: cgroupv1
cpu_cpuset_cpus: 0-1
cpu_memory_nodes: 0
active_processor_count: 2
cpu_quota: -1
cpu_period: 100000
cpu_shares: -1
memory_limit_in_bytes: -1
memory_and_swap_limit_in_bytes: -2
memory_soft_limit_in_bytes: -1
memory_usage_in_bytes: 7898521600
memory_max_usage_in_bytes: 20668416


CPU:total 2 (initial active 2) (1 cores per cpu, 1 threads per core) family 6 model 151 stepping 2, cmov, cx8, fxsr, mmx, sse, sse2, sse3, ssse3, sse4.1, sse4.2, popcnt, avx, avx2, aes, clmul, erms, 3dnowpref, lzcnt, tsc, tscinvbit, bmi1, bmi2, adx

/proc/cpuinfo:
processor	: 0
vendor_id	: GenuineIntel
cpu family	: 6
model		: 151
model name	: 12th Gen Intel(R) Core(TM) i7-12700
stepping	: 2
microcode	: 0x1e
cpu MHz		: 2112.000
cache size	: 25600 KB
physical id	: 0
siblings	: 1
core id		: 0
cpu cores	: 1
apicid		: 0
initial apicid	: 0
fpu		: yes
fpu_exception	: yes
cpuid level	: 32
wp		: yes
flags		: fpu vme de pse tsc msr pae mce cx8 apic sep mtrr pge mca cmov pat pse36 clflush mmx fxsr sse sse2 ss syscall nx pdpe1gb rdtscp lm constant_tsc arch_perfmon nopl xtopology tsc_reliable nonstop_tsc cpuid pni pclmulqdq ssse3 fma cx16 pcid sse4_1 sse4_2 x2apic movbe popcnt tsc_deadline_timer aes xsave avx f16c rdrand hypervisor lahf_lm abm 3dnowprefetch invpcid_single ssbd ibrs ibpb stibp ibrs_enhanced fsgsbase tsc_adjust bmi1 avx2 smep bmi2 invpcid rdseed adx smap clflushopt clwb sha_ni xsaveopt xsavec xgetbv1 xsaves arat umip pku ospke gfni vaes vpclmulqdq rdpid md_clear flush_l1d arch_capabilities
bugs		: spectre_v1 spectre_v2 spec_store_bypass swapgs itlb_multihit
bogomips	: 4224.00
clflush size	: 64
cache_alignment	: 64
address sizes	: 45 bits physical, 48 bits virtual
power management:

processor	: 1
vendor_id	: GenuineIntel
cpu family	: 6
model		: 151
model name	: 12th Gen Intel(R) Core(TM) i7-12700
stepping	: 2
microcode	: 0x1e
cpu MHz		: 2112.000
cache size	: 25600 KB
physical id	: 2
siblings	: 1
core id		: 0
cpu cores	: 1
apicid		: 2
initial apicid	: 2
fpu		: yes
fpu_exception	: yes
cpuid level	: 32
wp		: yes
flags		: fpu vme de pse tsc msr pae mce cx8 apic sep mtrr pge mca cmov pat pse36 clflush mmx fxsr sse sse2 ss syscall nx pdpe1gb rdtscp lm constant_tsc arch_perfmon nopl xtopology tsc_reliable nonstop_tsc cpuid pni pclmulqdq ssse3 fma cx16 pcid sse4_1 sse4_2 x2apic movbe popcnt tsc_deadline_timer aes xsave avx f16c rdrand hypervisor lahf_lm abm 3dnowprefetch invpcid_single ssbd ibrs ibpb stibp ibrs_enhanced fsgsbase tsc_adjust bmi1 avx2 smep bmi2 invpcid rdseed adx smap clflushopt clwb sha_ni xsaveopt xsavec xgetbv1 xsaves arat umip pku ospke gfni vaes vpclmulqdq rdpid md_clear flush_l1d arch_capabilities
bugs		: spectre_v1 spectre_v2 spec_store_bypass swapgs itlb_multihit
bogomips	: 4224.00
clflush size	: 64
cache_alignment	: 64
address sizes	: 45 bits physical, 48 bits virtual
power management:



Memory: 4k page, physical 8144672k(103096k free), swap 998396k(0k free)

vm_info: OpenJDK 64-Bit Server VM (25.292-b10) for linux-amd64 JRE (1.8.0_292-8u292-b10-0ubuntu1~16.04.1-b10), built on Apr 21 2021 12:47:35 by "buildd" with gcc 5.4.0 20160609

time: Thu Jun 15 20:27:23 2023
timezone: CST
elapsed time: 3.586448 seconds (0d 0h 0m 3s)

