#
# There is insufficient memory for the Java Runtime Environment to continue.
# Native memory allocation (mmap) failed to map 91750400 bytes for committing reserved memory.
# Possible reasons:
#   The system is out of physical RAM or swap space
#   The process is running with CompressedOops enabled, and the Java Heap may be blocking the growth of the native heap
# Possible solutions:
#   Reduce memory load on the system
#   Increase physical memory or swap space
#   Check if swap backing store is full
#   Decrease Java heap size (-Xmx/-Xms)
#   Decrease number of Java threads
#   Decrease Java thread stack sizes (-Xss)
#   Set larger code cache with -XX:ReservedCodeCacheSize=
#   JVM is running with Unscaled Compressed Oops mode in which the Java heap is
#     placed in the first 4GB address space. The Java Heap base address is the
#     maximum limit for the native heap growth. Please use -XX:HeapBaseMinAddress
#     to set the Java Heap base and to place the Java Heap above 4GB virtual address.
# This output file may be truncated or incomplete.
#
#  Out of Memory Error (os_linux.cpp:2798), pid=75717, tid=0x00007f0db69ae700
#
# JRE version: OpenJDK Runtime Environment (8.0_292-b10) (build 1.8.0_292-8u292-b10-0ubuntu1~16.04.1-b10)
# Java VM: OpenJDK 64-Bit Server VM (25.292-b10 mixed mode linux-amd64 compressed oops)
# Failed to write core dump. Core dumps have been disabled. To enable core dumping, try "ulimit -c unlimited" before starting Java again
#

---------------  T H R E A D  ---------------

Current thread (0x00007f0dcc101000):  VMThread [stack: 0x00007f0db68ae000,0x00007f0db69af000] [id=75732]

Stack: [0x00007f0db68ae000,0x00007f0db69af000],  sp=0x00007f0db69ad360,  free space=1020k
Native frames: (J=compiled Java code, j=interpreted, Vv=VM code, C=native code)
V  [libjvm.so+0xb1e67b]
V  [libjvm.so+0x4e01dc]
V  [libjvm.so+0x95bc48]
V  [libjvm.so+0x953b3e]
V  [libjvm.so+0x9d4ad6]
V  [libjvm.so+0x9d5e03]
V  [libjvm.so+0x9d2204]
V  [libjvm.so+0x9d249c]
V  [libjvm.so+0x983953]
V  [libjvm.so+0xb20372]
V  [libjvm.so+0xb26067]
V  [libjvm.so+0xb23b43]
V  [libjvm.so+0xb23ee5]
V  [libjvm.so+0xb244b2]
V  [libjvm.so+0x958fe2]

VM_Operation (0x00007f0dd34c4300): ParallelGCFailedAllocation, mode: safepoint, requested by thread 0x00007f0dcc010000


---------------  P R O C E S S  ---------------

Java Threads: ( => current thread )
  0x00007f0dcce45800 JavaThread "mysql-cj-abandoned-connection-cleanup" daemon [_thread_blocked, id=75765, stack(0x00007f0d7f2fd000,0x00007f0d7f3fe000)]
  0x00007f0dcce0a000 JavaThread "container-0" [_thread_blocked, id=75764, stack(0x00007f0d7f3fe000,0x00007f0d7f4ff000)]
  0x00007f0d943f3800 JavaThread "Catalina-utility-2" [_thread_blocked, id=75763, stack(0x00007f0d7fcff000,0x00007f0d7fe00000)]
  0x00007f0dcce08800 JavaThread "Catalina-utility-1" [_thread_blocked, id=75762, stack(0x00007f0db4279000,0x00007f0db437a000)]
  0x00007f0d78007800 JavaThread "RMI Scheduler(0)" daemon [_thread_blocked, id=75751, stack(0x00007f0db437a000,0x00007f0db447b000)]
  0x00007f0d8c001800 JavaThread "RMI TCP Connection(1)-127.0.0.1" daemon [_thread_blocked, id=75747, stack(0x00007f0db447b000,0x00007f0db457c000)]
  0x00007f0d98001000 JavaThread "Attach Listener" daemon [_thread_blocked, id=75745, stack(0x00007f0db457c000,0x00007f0db467d000)]
  0x00007f0dcc610800 JavaThread "RMI TCP Accept-0" daemon [_thread_in_native, id=75740, stack(0x00007f0db4da6000,0x00007f0db4ea7000)]
  0x00007f0dcc56f800 JavaThread "Service Thread" daemon [_thread_blocked, id=75739, stack(0x00007f0db50c2000,0x00007f0db51c3000)]
  0x00007f0dcc56a000 JavaThread "C1 CompilerThread1" daemon [_thread_blocked, id=75738, stack(0x00007f0db51c3000,0x00007f0db52c4000)]
  0x00007f0dcc568800 JavaThread "C2 CompilerThread0" daemon [_thread_blocked, id=75737, stack(0x00007f0db52c4000,0x00007f0db53c5000)]
  0x00007f0dcc564800 JavaThread "Monitor Ctrl-Break" daemon [_thread_in_native, id=75736, stack(0x00007f0db53cb000,0x00007f0db54cc000)]
  0x00007f0dcc140800 JavaThread "Signal Dispatcher" daemon [_thread_blocked, id=75735, stack(0x00007f0db5bec000,0x00007f0db5ced000)]
  0x00007f0dcc10f800 JavaThread "Finalizer" daemon [_thread_blocked, id=75734, stack(0x00007f0db66ac000,0x00007f0db67ad000)]
  0x00007f0dcc10a800 JavaThread "Reference Handler" daemon [_thread_blocked, id=75733, stack(0x00007f0db67ad000,0x00007f0db68ae000)]
  0x00007f0dcc010000 JavaThread "main" [_thread_blocked, id=75720, stack(0x00007f0dd33c7000,0x00007f0dd34c8000)]

Other Threads:
=>0x00007f0dcc101000 VMThread [stack: 0x00007f0db68ae000,0x00007f0db69af000] [id=75732]
  0x00007f0dcc61e800 WatcherThread [stack: 0x00007f0db4ca5000,0x00007f0db4da6000] [id=75741]

VM state:at safepoint (normal execution)

VM Mutex/Monitor currently owned by a thread:  ([mutex/lock_event])
[0x00007f0dcc00c320] Threads_lock - owner thread: 0x00007f0dcc101000
[0x00007f0dcc00c820] Heap_lock - owner thread: 0x00007f0dcc010000

heap address: 0x0000000083a00000, size: 1990 MB, Compressed Oops mode: 32-bit
Narrow klass base: 0x0000000000000000, Narrow klass shift: 3
Compressed class space size: 1073741824 Address: 0x0000000100000000

Heap:
 PSYoungGen      total 120320K, used 8703K [0x00000000d6900000, 0x00000000df880000, 0x0000000100000000)
  eden space 111616K, 0% used [0x00000000d6900000,0x00000000d6900000,0x00000000dd600000)
  from space 8704K, 99% used [0x00000000de780000,0x00000000defffcf0,0x00000000df000000)
  to   space 6656K, 0% used [0x00000000df200000,0x00000000df200000,0x00000000df880000)
 ParOldGen       total 53248K, used 8267K [0x0000000083a00000, 0x0000000086e00000, 0x00000000d6900000)
  object space 53248K, 15% used [0x0000000083a00000,0x0000000084212c78,0x0000000086e00000)
 Metaspace       used 31557K, capacity 33520K, committed 33664K, reserved 1079296K
  class space    used 4283K, capacity 4660K, committed 4736K, reserved 1048576K

Card table byte_map: [0x00007f0dbc235000,0x00007f0dbc619000] byte_map_base: 0x00007f0dbbe18000

Marking Bits: (ParMarkBitMap*) 0x00007f0dd268e8a0
 Begin Bits: [0x00007f0db806c000, 0x00007f0db9f84000)
 End Bits:   [0x00007f0db9f84000, 0x00007f0dbbe9c000)

Polling page: 0x00007f0dd34e2000

CodeCache: size=245760Kb used=6259Kb max_used=6259Kb free=239500Kb
 bounds [0x00007f0dbc9d9000, 0x00007f0dbcff9000, 0x00007f0dcb9d9000]
 total_blobs=3512 nmethods=3080 adapters=345
 compilation: enabled

Compilation events (10 events):
Event: 2.919 Thread 0x00007f0dcc56a000 3077       1       java.lang.Class::getDeclaredAnnotation (22 bytes)
Event: 2.919 Thread 0x00007f0dcc56a000 nmethod 3077 0x00007f0dbcff4910 code [0x00007f0dbcff4aa0, 0x00007f0dbcff4ce8]
Event: 2.920 Thread 0x00007f0dcc56a000 3078       1       org.springframework.core.convert.support.GenericConversionService$ConverterCacheKey::hashCode (19 bytes)
Event: 2.920 Thread 0x00007f0dcc56a000 nmethod 3078 0x00007f0dbcff4e50 code [0x00007f0dbcff4fc0, 0x00007f0dbcff5158]
Event: 2.920 Thread 0x00007f0dcc56a000 3079       1       sun.reflect.ClassFileAssembler::opc_athrow (12 bytes)
Event: 2.920 Thread 0x00007f0dcc56a000 nmethod 3079 0x00007f0dbcff52d0 code [0x00007f0dbcff5440, 0x00007f0dbcff55c8]
Event: 2.920 Thread 0x00007f0dcc56a000 3080       1       java.util.stream.AbstractPipeline::close (48 bytes)
Event: 2.921 Thread 0x00007f0dcc56a000 nmethod 3080 0x00007f0dbcff56d0 code [0x00007f0dbcff5840, 0x00007f0dbcff59e8]
Event: 2.923 Thread 0x00007f0dcc56a000 3081       1       java.util.Collections$SetFromMap::add (22 bytes)
Event: 2.923 Thread 0x00007f0dcc56a000 nmethod 3081 0x00007f0dbcff5a90 code [0x00007f0dbcff5c00, 0x00007f0dbcff5d68]

GC Heap History (10 events):
Event: 1.733 GC heap after
Heap after GC invocations=3 (full 0):
 PSYoungGen      total 37888K, used 5096K [0x00000000d6900000, 0x00000000db300000, 0x0000000100000000)
  eden space 32768K, 0% used [0x00000000d6900000,0x00000000d6900000,0x00000000d8900000)
  from space 5120K, 99% used [0x00000000d8900000,0x00000000d8dfa0c8,0x00000000d8e00000)
  to   space 5120K, 0% used [0x00000000dae00000,0x00000000dae00000,0x00000000db300000)
 ParOldGen       total 86016K, used 3283K [0x0000000083a00000, 0x0000000088e00000, 0x00000000d6900000)
  object space 86016K, 3% used [0x0000000083a00000,0x0000000083d34ff8,0x0000000088e00000)
 Metaspace       used 17841K, capacity 18692K, committed 18944K, reserved 1064960K
  class space    used 2327K, capacity 2518K, committed 2560K, reserved 1048576K
}
Event: 2.046 GC heap before
{Heap before GC invocations=4 (full 0):
 PSYoungGen      total 37888K, used 37864K [0x00000000d6900000, 0x00000000db300000, 0x0000000100000000)
  eden space 32768K, 100% used [0x00000000d6900000,0x00000000d8900000,0x00000000d8900000)
  from space 5120K, 99% used [0x00000000d8900000,0x00000000d8dfa0c8,0x00000000d8e00000)
  to   space 5120K, 0% used [0x00000000dae00000,0x00000000dae00000,0x00000000db300000)
 ParOldGen       total 86016K, used 3283K [0x0000000083a00000, 0x0000000088e00000, 0x00000000d6900000)
  object space 86016K, 3% used [0x0000000083a00000,0x0000000083d34ff8,0x0000000088e00000)
 Metaspace       used 19842K, capacity 20842K, committed 20992K, reserved 1067008K
  class space    used 2606K, capacity 2815K, committed 2816K, reserved 1048576K
Event: 2.051 GC heap after
Heap after GC invocations=4 (full 0):
 PSYoungGen      total 70656K, used 5109K [0x00000000d6900000, 0x00000000db300000, 0x0000000100000000)
  eden space 65536K, 0% used [0x00000000d6900000,0x00000000d6900000,0x00000000da900000)
  from space 5120K, 99% used [0x00000000dae00000,0x00000000db2fd6d8,0x00000000db300000)
  to   space 5120K, 0% used [0x00000000da900000,0x00000000da900000,0x00000000dae00000)
 ParOldGen       total 86016K, used 6230K [0x0000000083a00000, 0x0000000088e00000, 0x00000000d6900000)
  object space 86016K, 7% used [0x0000000083a00000,0x0000000084015b58,0x0000000088e00000)
 Metaspace       used 19842K, capacity 20842K, committed 20992K, reserved 1067008K
  class space    used 2606K, capacity 2815K, committed 2816K, reserved 1048576K
}
Event: 2.129 GC heap before
{Heap before GC invocations=5 (full 0):
 PSYoungGen      total 70656K, used 14638K [0x00000000d6900000, 0x00000000db300000, 0x0000000100000000)
  eden space 65536K, 14% used [0x00000000d6900000,0x00000000d724e4a0,0x00000000da900000)
  from space 5120K, 99% used [0x00000000dae00000,0x00000000db2fd6d8,0x00000000db300000)
  to   space 5120K, 0% used [0x00000000da900000,0x00000000da900000,0x00000000dae00000)
 ParOldGen       total 86016K, used 6230K [0x0000000083a00000, 0x0000000088e00000, 0x00000000d6900000)
  object space 86016K, 7% used [0x0000000083a00000,0x0000000084015b58,0x0000000088e00000)
 Metaspace       used 20250K, capacity 21250K, committed 21296K, reserved 1067008K
  class space    used 2680K, capacity 2899K, committed 2944K, reserved 1048576K
Event: 2.133 GC heap after
Heap after GC invocations=5 (full 0):
 PSYoungGen      total 70656K, used 5109K [0x00000000d6900000, 0x00000000dfb00000, 0x0000000100000000)
  eden space 65536K, 0% used [0x00000000d6900000,0x00000000d6900000,0x00000000da900000)
  from space 5120K, 99% used [0x00000000da900000,0x00000000dadfd6b8,0x00000000dae00000)
  to   space 9216K, 0% used [0x00000000df200000,0x00000000df200000,0x00000000dfb00000)
 ParOldGen       total 86016K, used 6909K [0x0000000083a00000, 0x0000000088e00000, 0x00000000d6900000)
  object space 86016K, 8% used [0x0000000083a00000,0x00000000840bf740,0x0000000088e00000)
 Metaspace       used 20250K, capacity 21250K, committed 21296K, reserved 1067008K
  class space    used 2680K, capacity 2899K, committed 2944K, reserved 1048576K
}
Event: 2.133 GC heap before
{Heap before GC invocations=6 (full 1):
 PSYoungGen      total 70656K, used 5109K [0x00000000d6900000, 0x00000000dfb00000, 0x0000000100000000)
  eden space 65536K, 0% used [0x00000000d6900000,0x00000000d6900000,0x00000000da900000)
  from space 5120K, 99% used [0x00000000da900000,0x00000000dadfd6b8,0x00000000dae00000)
  to   space 9216K, 0% used [0x00000000df200000,0x00000000df200000,0x00000000dfb00000)
 ParOldGen       total 86016K, used 6909K [0x0000000083a00000, 0x0000000088e00000, 0x00000000d6900000)
  object space 86016K, 8% used [0x0000000083a00000,0x00000000840bf740,0x0000000088e00000)
 Metaspace       used 20250K, capacity 21250K, committed 21296K, reserved 1067008K
  class space    used 2680K, capacity 2899K, committed 2944K, reserved 1048576K
Event: 2.153 GC heap after
Heap after GC invocations=6 (full 1):
 PSYoungGen      total 70656K, used 0K [0x00000000d6900000, 0x00000000dfb00000, 0x0000000100000000)
  eden space 65536K, 0% used [0x00000000d6900000,0x00000000d6900000,0x00000000da900000)
  from space 5120K, 0% used [0x00000000da900000,0x00000000da900000,0x00000000dae00000)
  to   space 9216K, 0% used [0x00000000df200000,0x00000000df200000,0x00000000dfb00000)
 ParOldGen       total 53248K, used 6728K [0x0000000083a00000, 0x0000000086e00000, 0x00000000d6900000)
  object space 53248K, 12% used [0x0000000083a00000,0x00000000840922e8,0x0000000086e00000)
 Metaspace       used 20250K, capacity 21250K, committed 21296K, reserved 1067008K
  class space    used 2680K, capacity 2899K, committed 2944K, reserved 1048576K
}
Event: 2.454 GC heap before
{Heap before GC invocations=7 (full 1):
 PSYoungGen      total 70656K, used 65536K [0x00000000d6900000, 0x00000000dfb00000, 0x0000000100000000)
  eden space 65536K, 100% used [0x00000000d6900000,0x00000000da900000,0x00000000da900000)
  from space 5120K, 0% used [0x00000000da900000,0x00000000da900000,0x00000000dae00000)
  to   space 9216K, 0% used [0x00000000df200000,0x00000000df200000,0x00000000dfb00000)
 ParOldGen       total 53248K, used 6728K [0x0000000083a00000, 0x0000000086e00000, 0x00000000d6900000)
  object space 53248K, 12% used [0x0000000083a00000,0x00000000840922e8,0x0000000086e00000)
 Metaspace       used 23639K, capacity 25058K, committed 25344K, reserved 1071104K
  class space    used 3213K, capacity 3527K, committed 3584K, reserved 1048576K
Event: 2.461 GC heap after
Heap after GC invocations=7 (full 1):
 PSYoungGen      total 118272K, used 6444K [0x00000000d6900000, 0x00000000df880000, 0x0000000100000000)
  eden space 111616K, 0% used [0x00000000d6900000,0x00000000d6900000,0x00000000dd600000)
  from space 6656K, 96% used [0x00000000df200000,0x00000000df84b2c8,0x00000000df880000)
  to   space 8704K, 0% used [0x00000000de780000,0x00000000de780000,0x00000000df000000)
 ParOldGen       total 53248K, used 6728K [0x0000000083a00000, 0x0000000086e00000, 0x00000000d6900000)
  object space 53248K, 12% used [0x0000000083a00000,0x00000000840922e8,0x0000000086e00000)
 Metaspace       used 23639K, capacity 25058K, committed 25344K, reserved 1071104K
  class space    used 3213K, capacity 3527K, committed 3584K, reserved 1048576K
}
Event: 2.924 GC heap before
{Heap before GC invocations=8 (full 1):
 PSYoungGen      total 118272K, used 118060K [0x00000000d6900000, 0x00000000df880000, 0x0000000100000000)
  eden space 111616K, 100% used [0x00000000d6900000,0x00000000dd600000,0x00000000dd600000)
  from space 6656K, 96% used [0x00000000df200000,0x00000000df84b2c8,0x00000000df880000)
  to   space 8704K, 0% used [0x00000000de780000,0x00000000de780000,0x00000000df000000)
 ParOldGen       total 53248K, used 6728K [0x0000000083a00000, 0x0000000086e00000, 0x00000000d6900000)
  object space 53248K, 12% used [0x0000000083a00000,0x00000000840922e8,0x0000000086e00000)
 Metaspace       used 31557K, capacity 33520K, committed 33664K, reserved 1079296K
  class space    used 4283K, capacity 4660K, committed 4736K, reserved 1048576K

Deoptimization events (0 events):
No events

Classes redefined (0 events):
No events

Internal exceptions (10 events):
Event: 2.909 Thread 0x00007f0dcc010000 Exception <a 'java/lang/ArrayIndexOutOfBoundsException'> (0x00000000dd17ced8) thrown at [/build/openjdk-8-RKFhH1/openjdk-8-8u292-b10/src/hotspot/src/share/vm/runtime/sharedRuntime.cpp, line 609]
Event: 2.911 Thread 0x00007f0dcc010000 Exception <a 'java/lang/ArrayIndexOutOfBoundsException'> (0x00000000dd1f3fe8) thrown at [/build/openjdk-8-RKFhH1/openjdk-8-8u292-b10/src/hotspot/src/share/vm/runtime/sharedRuntime.cpp, line 609]
Event: 2.912 Thread 0x00007f0dcc010000 Exception <a 'java/lang/ArrayIndexOutOfBoundsException'> (0x00000000dd2783d0) thrown at [/build/openjdk-8-RKFhH1/openjdk-8-8u292-b10/src/hotspot/src/share/vm/runtime/sharedRuntime.cpp, line 609]
Event: 2.914 Thread 0x00007f0dcc010000 Exception <a 'java/lang/ArrayIndexOutOfBoundsException'> (0x00000000dd2ef968) thrown at [/build/openjdk-8-RKFhH1/openjdk-8-8u292-b10/src/hotspot/src/share/vm/runtime/sharedRuntime.cpp, line 609]
Event: 2.915 Thread 0x00007f0dcc010000 Exception <a 'java/lang/ArrayIndexOutOfBoundsException'> (0x00000000dd3670f0) thrown at [/build/openjdk-8-RKFhH1/openjdk-8-8u292-b10/src/hotspot/src/share/vm/runtime/sharedRuntime.cpp, line 609]
Event: 2.917 Thread 0x00007f0dcc010000 Exception <a 'java/lang/ArrayIndexOutOfBoundsException'> (0x00000000dd3de210) thrown at [/build/openjdk-8-RKFhH1/openjdk-8-8u292-b10/src/hotspot/src/share/vm/runtime/sharedRuntime.cpp, line 609]
Event: 2.919 Thread 0x00007f0dcc010000 Exception <a 'java/lang/ArrayIndexOutOfBoundsException'> (0x00000000dd45b168) thrown at [/build/openjdk-8-RKFhH1/openjdk-8-8u292-b10/src/hotspot/src/share/vm/runtime/sharedRuntime.cpp, line 609]
Event: 2.920 Thread 0x00007f0dcc010000 Exception <a 'java/lang/ArrayIndexOutOfBoundsException'> (0x00000000dd4dad60) thrown at [/build/openjdk-8-RKFhH1/openjdk-8-8u292-b10/src/hotspot/src/share/vm/runtime/sharedRuntime.cpp, line 609]
Event: 2.922 Thread 0x00007f0dcc010000 Exception <a 'java/lang/ArrayIndexOutOfBoundsException'> (0x00000000dd554418) thrown at [/build/openjdk-8-RKFhH1/openjdk-8-8u292-b10/src/hotspot/src/share/vm/runtime/sharedRuntime.cpp, line 609]
Event: 2.923 Thread 0x00007f0dcc010000 Exception <a 'java/lang/ArrayIndexOutOfBoundsException'> (0x00000000dd5cb688) thrown at [/build/openjdk-8-RKFhH1/openjdk-8-8u292-b10/src/hotspot/src/share/vm/runtime/sharedRuntime.cpp, line 609]

Events (10 events):
Event: 2.894 loading class org/springframework/aop/framework/JdkDynamicAopProxy done
Event: 2.895 loading class org/springframework/aop/framework/AopProxy
Event: 2.895 loading class org/springframework/aop/framework/AopProxy done
Event: 2.895 loading class org/springframework/aop/framework/AopConfigException
Event: 2.895 loading class org/springframework/aop/framework/AopConfigException done
Event: 2.896 loading class org/springframework/aop/Advisor$1
Event: 2.896 loading class org/springframework/aop/Advisor$1 done
Event: 2.900 loading class org/springframework/core/SerializableTypeWrapper$FieldTypeProvider
Event: 2.900 loading class org/springframework/core/SerializableTypeWrapper$FieldTypeProvider done
Event: 2.924 Executing VM operation: ParallelGCFailedAllocation


Dynamic libraries:
83a00000-86e00000 rw-p 00000000 00:00 0 
86e00000-d6900000 ---p 00000000 00:00 0 
d6900000-df880000 rw-p 00000000 00:00 0 
e5000000-100000000 ---p 00000000 00:00 0 
100000000-1004a0000 rw-p 00000000 00:00 0 
1004a0000-140000000 ---p 00000000 00:00 0 
559b918b5000-559b918b6000 r-xp 00000000 08:01 266934                     /usr/lib/jvm/java-8-openjdk-amd64/jre/bin/java
559b91ab5000-559b91ab6000 r--p 00000000 08:01 266934                     /usr/lib/jvm/java-8-openjdk-amd64/jre/bin/java
559b91ab6000-559b91ab7000 rw-p 00001000 08:01 266934                     /usr/lib/jvm/java-8-openjdk-amd64/jre/bin/java
559b92302000-559b92323000 rw-p 00000000 00:00 0                          [heap]
7f0d78000000-7f0d78021000 rw-p 00000000 00:00 0 
7f0d78021000-7f0d7c000000 ---p 00000000 00:00 0 
7f0d7eefd000-7f0d7ef3d000 rw-p 00000000 00:00 0 
7f0d7ef3d000-7f0d7f0fd000 ---p 00000000 00:00 0 
7f0d7f0fd000-7f0d7f2fd000 rw-p 00000000 00:00 0 
7f0d7f2fd000-7f0d7f300000 ---p 00000000 00:00 0 
7f0d7f300000-7f0d7f3fe000 rw-p 00000000 00:00 0 
7f0d7f3fe000-7f0d7f401000 ---p 00000000 00:00 0 
7f0d7f401000-7f0d7f6ff000 rw-p 00000000 00:00 0 
7f0d7f6ff000-7f0d7f8ff000 rw-p 00000000 00:00 0 
7f0d7f8ff000-7f0d7faff000 rw-p 00000000 00:00 0 
7f0d7faff000-7f0d7fcff000 rw-p 00000000 00:00 0 
7f0d7fcff000-7f0d7fd02000 ---p 00000000 00:00 0 
7f0d7fd02000-7f0d80000000 rw-p 00000000 00:00 0 
7f0d80000000-7f0d8004f000 rw-p 00000000 00:00 0 
7f0d8004f000-7f0d84000000 ---p 00000000 00:00 0 
7f0d84000000-7f0d8412f000 rw-p 00000000 00:00 0 
7f0d8412f000-7f0d88000000 ---p 00000000 00:00 0 
7f0d88000000-7f0d88021000 rw-p 00000000 00:00 0 
7f0d88021000-7f0d8c000000 ---p 00000000 00:00 0 
7f0d8c000000-7f0d8c021000 rw-p 00000000 00:00 0 
7f0d8c021000-7f0d90000000 ---p 00000000 00:00 0 
7f0d90000000-7f0d90056000 rw-p 00000000 00:00 0 
7f0d90056000-7f0d94000000 ---p 00000000 00:00 0 
7f0d94000000-7f0d94421000 rw-p 00000000 00:00 0 
7f0d94421000-7f0d98000000 ---p 00000000 00:00 0 
7f0d98000000-7f0d98021000 rw-p 00000000 00:00 0 
7f0d98021000-7f0d9c000000 ---p 00000000 00:00 0 
7f0d9c000000-7f0d9c021000 rw-p 00000000 00:00 0 
7f0d9c021000-7f0da0000000 ---p 00000000 00:00 0 
7f0da0000000-7f0da0021000 rw-p 00000000 00:00 0 
7f0da0021000-7f0da4000000 ---p 00000000 00:00 0 
7f0da4000000-7f0da4021000 rw-p 00000000 00:00 0 
7f0da4021000-7f0da8000000 ---p 00000000 00:00 0 
7f0da8000000-7f0da8021000 rw-p 00000000 00:00 0 
7f0da8021000-7f0dac000000 ---p 00000000 00:00 0 
7f0dac000000-7f0dac021000 rw-p 00000000 00:00 0 
7f0dac021000-7f0db0000000 ---p 00000000 00:00 0 
7f0db0000000-7f0db0026000 rw-p 00000000 00:00 0 
7f0db0026000-7f0db4000000 ---p 00000000 00:00 0 
7f0db4079000-7f0db4279000 rw-p 00000000 00:00 0 
7f0db4279000-7f0db427c000 ---p 00000000 00:00 0 
7f0db427c000-7f0db437a000 rw-p 00000000 00:00 0 
7f0db437a000-7f0db437d000 ---p 00000000 00:00 0 
7f0db437d000-7f0db447b000 rw-p 00000000 00:00 0 
7f0db447b000-7f0db447e000 ---p 00000000 00:00 0 
7f0db447e000-7f0db457c000 rw-p 00000000 00:00 0 
7f0db457c000-7f0db457f000 ---p 00000000 00:00 0 
7f0db457f000-7f0db487d000 rw-p 00000000 00:00 0 
7f0db487d000-7f0db4a7d000 rw-p 00000000 00:00 0 
7f0db4a7d000-7f0db4c7d000 rw-p 00000000 00:00 0 
7f0db4c7d000-7f0db4c84000 r--s 00000000 08:01 395915                     /usr/lib/x86_64-linux-gnu/gconv/gconv-modules.cache
7f0db4c84000-7f0db4ca5000 r--p 00000000 08:01 531259                     /usr/share/locale-langpack/zh_CN/LC_MESSAGES/libc.mo
7f0db4ca5000-7f0db4ca6000 ---p 00000000 00:00 0 
7f0db4ca6000-7f0db4da6000 rw-p 00000000 00:00 0 
7f0db4da6000-7f0db4da9000 ---p 00000000 00:00 0 
7f0db4da9000-7f0db4ea7000 rw-p 00000000 00:00 0 
7f0db4ea7000-7f0db4eb8000 r--s 001bf000 08:01 266834                     /usr/lib/jvm/java-8-openjdk-amd64/jre/lib/jsse.jar
7f0db4eb8000-7f0db4ec1000 r-xp 00000000 08:01 266869                     /usr/lib/jvm/java-8-openjdk-amd64/jre/lib/amd64/libmanagement.so
7f0db4ec1000-7f0db50c0000 ---p 00009000 08:01 266869                     /usr/lib/jvm/java-8-openjdk-amd64/jre/lib/amd64/libmanagement.so
7f0db50c0000-7f0db50c1000 r--p 00008000 08:01 266869                     /usr/lib/jvm/java-8-openjdk-amd64/jre/lib/amd64/libmanagement.so
7f0db50c1000-7f0db50c2000 rw-p 00009000 08:01 266869                     /usr/lib/jvm/java-8-openjdk-amd64/jre/lib/amd64/libmanagement.so
7f0db50c2000-7f0db50c5000 ---p 00000000 00:00 0 
7f0db50c5000-7f0db51c3000 rw-p 00000000 00:00 0 
7f0db51c3000-7f0db51c6000 ---p 00000000 00:00 0 
7f0db51c6000-7f0db52c4000 rw-p 00000000 00:00 0 
7f0db52c4000-7f0db52c7000 ---p 00000000 00:00 0 
7f0db52c7000-7f0db53c5000 rw-p 00000000 00:00 0 
7f0db53c5000-7f0db53cb000 r--s 000d3000 08:01 266845                     /usr/lib/jvm/java-8-openjdk-amd64/jre/lib/jfr.jar
7f0db53cb000-7f0db53ce000 ---p 00000000 00:00 0 
7f0db53ce000-7f0db54cc000 rw-p 00000000 00:00 0 
7f0db54cc000-7f0db54e4000 r-xp 00000000 08:01 266877                     /usr/lib/jvm/java-8-openjdk-amd64/jre/lib/amd64/libnet.so
7f0db54e4000-7f0db56e3000 ---p 00018000 08:01 266877                     /usr/lib/jvm/java-8-openjdk-amd64/jre/lib/amd64/libnet.so
7f0db56e3000-7f0db56e4000 r--p 00017000 08:01 266877                     /usr/lib/jvm/java-8-openjdk-amd64/jre/lib/amd64/libnet.so
7f0db56e4000-7f0db56e5000 rw-p 00018000 08:01 266877                     /usr/lib/jvm/java-8-openjdk-amd64/jre/lib/amd64/libnet.so
7f0db56e5000-7f0db56f7000 r-xp 00000000 08:01 266873                     /usr/lib/jvm/java-8-openjdk-amd64/jre/lib/amd64/libnio.so
7f0db56f7000-7f0db58f6000 ---p 00012000 08:01 266873                     /usr/lib/jvm/java-8-openjdk-amd64/jre/lib/amd64/libnio.so
7f0db58f6000-7f0db58f7000 r--p 00011000 08:01 266873                     /usr/lib/jvm/java-8-openjdk-amd64/jre/lib/amd64/libnio.so
7f0db58f7000-7f0db58f8000 rw-p 00012000 08:01 266873                     /usr/lib/jvm/java-8-openjdk-amd64/jre/lib/amd64/libnio.so
7f0db58f8000-7f0db58fa000 r--s 0001d000 08:01 3277768                    /opt/idea-IU-203.7148.57/lib/idea_rt.jar
7f0db58fa000-7f0db58fc000 r--s 0000e000 08:01 4065998                    /home/r00t/.m2/repository/oro/oro/2.0.8/oro-2.0.8.jar
7f0db58fc000-7f0db58ff000 r--s 0001f000 08:01 4065970                    /home/r00t/.m2/repository/commons-validator/commons-validator/1.3.1/commons-validator-1.3.1.jar
7f0db58ff000-7f0db5901000 r--s 00008000 08:01 4066993                    /home/r00t/.m2/repository/commons-logging/commons-logging/1.0.4/commons-logging-1.0.4.jar
7f0db5901000-7f0db5905000 r--s 00020000 08:01 4065966                    /home/r00t/.m2/repository/commons-digester/commons-digester/1.8/commons-digester-1.8.jar
7f0db5905000-7f0db5907000 r--s 00014000 08:01 4065968                    /home/r00t/.m2/repository/commons-chain/commons-chain/1.1/commons-chain-1.1.jar
7f0db5907000-7f0db590c000 r--s 0002a000 08:01 4065964                    /home/r00t/.m2/repository/commons-beanutils/commons-beanutils/1.7.0/commons-beanutils-1.7.0.jar
7f0db590c000-7f0db5911000 r--s 00068000 08:01 4459383                    /home/r00t/.m2/repository/antlr/antlr/2.7.7/antlr-2.7.7.jar
7f0db5911000-7f0db5917000 r--s 0004b000 08:01 4065938                    /home/r00t/.m2/repository/org/apache/struts/struts-core/1.3.8/struts-core-1.3.8.jar
7f0db5917000-7f0db5918000 r--s 00002000 08:01 4459217                    /home/r00t/.m2/repository/org/reactivestreams/reactive-streams/1.0.3/reactive-streams-1.0.3.jar
7f0db5918000-7f0db5972000 r--s 003fd000 08:01 4459219                    /home/r00t/.m2/repository/org/neo4j/driver/neo4j-java-driver/4.1.1/neo4j-java-driver-4.1.1.jar
7f0db5972000-7f0db598c000 r--s 00115000 08:01 4459221                    /home/r00t/.m2/repository/org/springframework/data/spring-data-commons/2.4.5/spring-data-commons-2.4.5.jar
7f0db598c000-7f0db5993000 r--s 0003a000 08:01 4328794                    /home/r00t/.m2/repository/org/neo4j/neo4j-cypher-dsl/2021.0.0/neo4j-cypher-dsl-2021.0.0.jar
7f0db5993000-7f0db5994000 r--s 00000000 08:01 4063788                    /home/r00t/.m2/repository/org/apiguardian/apiguardian-api/1.1.0/apiguardian-api-1.1.0.jar
7f0db5994000-7f0db599e000 r--s 00073000 08:01 4066901                    /home/r00t/.m2/repository/org/springframework/data/spring-data-neo4j/6.0.5/spring-data-neo4j-6.0.5.jar
7f0db599e000-7f0db599f000 r--s 00001000 08:01 4459237                    /home/r00t/.m2/repository/org/springframework/boot/spring-boot-starter-data-neo4j/2.4.3/spring-boot-starter-data-neo4j-2.4.3.jar
7f0db599f000-7f0db59a1000 r--s 0000b000 08:01 4066700                    /home/r00t/.m2/repository/org/json/json/20160212/json-20160212.jar
7f0db59a1000-7f0db59a3000 r--s 00009000 08:01 4066698                    /home/r00t/.m2/repository/org/apache/httpcomponents/httpmime/4.5.13/httpmime-4.5.13.jar
7f0db59a3000-7f0db59ab000 r--s 00053000 08:01 4066697                    /home/r00t/.m2/repository/org/apache/httpcomponents/httpcore-nio/4.4.14/httpcore-nio-4.4.14.jar
7f0db59ab000-7f0db59ae000 r--s 00029000 08:01 4066692                    /home/r00t/.m2/repository/org/apache/httpcomponents/httpasyncclient/4.1.4/httpasyncclient-4.1.4.jar
7f0db59ae000-7f0db59b5000 r--s 00050000 08:01 4066691                    /home/r00t/.m2/repository/commons-codec/commons-codec/1.15/commons-codec-1.15.jar
7f0db59b5000-7f0db59bd000 r--s 00049000 08:01 4066688                    /home/r00t/.m2/repository/org/apache/httpcomponents/httpcore/4.4.14/httpcore-4.4.14.jar
7f0db59bd000-7f0db59ca000 r--s 000b2000 08:01 4064298                    /home/r00t/.m2/repository/org/apache/httpcomponents/httpclient/4.5.13/httpclient-4.5.13.jar
7f0db59ca000-7f0db59cc000 r--s 00009000 08:01 4066694                    /home/r00t/.m2/repository/com/mashape/unirest/unirest-java/1.4.9/unirest-java-1.4.9.jar
7f0db59cc000-7f0db59cd000 r--s 00005000 08:01 3934219                    /home/r00t/.m2/repository/org/springframework/spring-jcl/5.3.4/spring-jcl-5.3.4.jar
7f0db59cd000-7f0db59e9000 r--s 0014b000 08:01 3932711                    /home/r00t/.m2/repository/org/springframework/spring-core/5.3.4/spring-core-5.3.4.jar
7f0db59e9000-7f0db5a03000 r--s 00234000 08:01 3934529                    /home/r00t/.m2/repository/mysql/mysql-connector-java/8.0.23/mysql-connector-java-8.0.23.jar
7f0db5a03000-7f0db5a05000 r--s 00010000 08:01 3932717                    /home/r00t/.m2/repository/org/mybatis/mybatis-spring/2.0.6/mybatis-spring-2.0.6.jar
7f0db5a05000-7f0db5a21000 r--s 0018d000 08:01 3933326                    /home/r00t/.m2/repository/org/mybatis/mybatis/3.5.6/mybatis-3.5.6.jar
7f0db5a21000-7f0db5a23000 r--s 00005000 08:01 3932692                    /home/r00t/.m2/repository/org/mybatis/spring/boot/mybatis-spring-boot-autoconfigure/2.1.4/mybatis-spring-boot-autoconfigure-2.1.4.jar
7f0db5a23000-7f0db5a24000 r--s 00000000 08:01 3932704                    /home/r00t/.m2/repository/org/mybatis/spring/boot/mybatis-spring-boot-starter/2.1.4/mybatis-spring-boot-starter-2.1.4.jar
7f0db5a24000-7f0db5a29000 r--s 00040000 08:01 3934223                    /home/r00t/.m2/repository/org/springframework/spring-expression/5.3.4/spring-expression-5.3.4.jar
7f0db5a29000-7f0db5a44000 r--s 00115000 08:01 3934523                    /home/r00t/.m2/repository/org/springframework/spring-context/5.3.4/spring-context-5.3.4.jar
7f0db5a44000-7f0db5a4d000 r--s 00053000 08:01 3934524                    /home/r00t/.m2/repository/org/springframework/spring-aop/5.3.4/spring-aop-5.3.4.jar
7f0db5a4d000-7f0db5a60000 r--s 000e2000 08:01 3934227                    /home/r00t/.m2/repository/org/springframework/spring-webmvc/5.3.4/spring-webmvc-5.3.4.jar
7f0db5a60000-7f0db5a7e000 r--s 00164000 08:01 3934522                    /home/r00t/.m2/repository/org/springframework/spring-web/5.3.4/spring-web-5.3.4.jar
7f0db5a7e000-7f0db5a84000 r--s 0003d000 08:01 3932721                    /home/r00t/.m2/repository/org/apache/tomcat/embed/tomcat-embed-websocket/9.0.43/tomcat-embed-websocket-9.0.43.jar
7f0db5a84000-7f0db5a89000 r--s 00036000 08:01 3934508                    /home/r00t/.m2/repository/org/glassfish/jakarta.el/3.0.3/jakarta.el-3.0.3.jar
7f0db5a89000-7f0db5ab4000 r--s 00314000 08:01 3934512                    /home/r00t/.m2/repository/org/apache/tomcat/embed/tomcat-embed-core/9.0.43/tomcat-embed-core-9.0.43.jar
7f0db5ab4000-7f0db5ab5000 r--s 00001000 08:01 3934509                    /home/r00t/.m2/repository/org/springframework/boot/spring-boot-starter-tomcat/2.4.3/spring-boot-starter-tomcat-2.4.3.jar
7f0db5ab5000-7f0db5ab7000 r--s 00001000 08:01 3933354                    /home/r00t/.m2/repository/com/fasterxml/jackson/module/jackson-module-parameter-names/2.11.4/jackson-module-parameter-names-2.11.4.jar
7f0db5ab7000-7f0db5abb000 r--s 00018000 08:01 3934495                    /home/r00t/.m2/repository/com/fasterxml/jackson/datatype/jackson-datatype-jsr310/2.11.4/jackson-datatype-jsr310-2.11.4.jar
7f0db5abb000-7f0db5abd000 r--s 00007000 08:01 3934491                    /home/r00t/.m2/repository/com/fasterxml/jackson/datatype/jackson-datatype-jdk8/2.11.4/jackson-datatype-jdk8-2.11.4.jar
7f0db5abd000-7f0db5ac1000 r--s 00052000 08:01 3933313                    /home/r00t/.m2/repository/com/fasterxml/jackson/core/jackson-core/2.11.4/jackson-core-2.11.4.jar
7f0db5ac1000-7f0db5ac4000 r--s 0000f000 08:01 3934498                    /home/r00t/.m2/repository/com/fasterxml/jackson/core/jackson-annotations/2.11.4/jackson-annotations-2.11.4.jar
7f0db5ac4000-7f0db5ada000 r--s 00146000 08:01 3934506                    /home/r00t/.m2/repository/com/fasterxml/jackson/core/jackson-databind/2.11.4/jackson-databind-2.11.4.jar
7f0db5ada000-7f0db5adb000 r--s 00001000 08:01 3934212                    /home/r00t/.m2/repository/org/springframework/boot/spring-boot-starter-json/2.4.3/spring-boot-starter-json-2.4.3.jar
7f0db5adb000-7f0db5adc000 r--s 00001000 08:01 3934133                    /home/r00t/.m2/repository/org/springframework/boot/spring-boot-starter-web/2.4.3/spring-boot-starter-web-2.4.3.jar
7f0db5adc000-7f0db5add000 r--s 00009000 08:01 3933307                    /home/r00t/.m2/repository/org/thymeleaf/extras/thymeleaf-extras-java8time/3.0.4.RELEASE/thymeleaf-extras-java8time-3.0.4.RELEASE.jar
7f0db5add000-7f0db5ae0000 r--s 00028000 08:01 3932705                    /home/r00t/.m2/repository/org/unbescape/unbescape/1.1.6.RELEASE/unbescape-1.1.6.RELEASE.jar
7f0db5ae0000-7f0db5ae5000 r--s 00037000 08:01 3932714                    /home/r00t/.m2/repository/org/attoparser/attoparser/2.0.5.RELEASE/attoparser-2.0.5.RELEASE.jar
7f0db5ae5000-7f0db5af5000 r--s 000c4000 08:01 3933370                    /home/r00t/.m2/repository/org/thymeleaf/thymeleaf/3.0.12.RELEASE/thymeleaf-3.0.12.RELEASE.jar
7f0db5af5000-7f0db5af9000 r--s 00028000 08:01 3933349                    /home/r00t/.m2/repository/org/thymeleaf/thymeleaf-spring5/3.0.12.RELEASE/thymeleaf-spring5-3.0.12.RELEASE.jar
7f0db5af9000-7f0db5afa000 r--s 00001000 08:01 3932708                    /home/r00t/.m2/repository/org/springframework/boot/spring-boot-starter-thymeleaf/2.4.3/spring-boot-starter-thymeleaf-2.4.3.jar
7f0db5afa000-7f0db5b04000 r--s 00047000 08:01 3933300                    /home/r00t/.m2/repository/org/springframework/spring-tx/5.3.4/spring-tx-5.3.4.jar
7f0db5b04000-7f0db5b11000 r--s 0009e000 08:01 3934520                    /home/r00t/.m2/repository/org/springframework/spring-beans/5.3.4/spring-beans-5.3.4.jar
7f0db5b11000-7f0db5b1a000 r--s 0005d000 08:01 3932707                    /home/r00t/.m2/repository/org/springframework/spring-jdbc/5.3.4/spring-jdbc-5.3.4.jar
7f0db5b1a000-7f0db5b1c000 r--s 00009000 08:01 3932691                    /home/r00t/.m2/repository/org/slf4j/slf4j-api/1.7.30/slf4j-api-1.7.30.jar
7f0db5b1c000-7f0db5b20000 r--s 00023000 08:01 3932720                    /home/r00t/.m2/repository/com/zaxxer/HikariCP/3.4.5/HikariCP-3.4.5.jar
7f0db5b20000-7f0db5b27000 r--s 00045000 08:01 3932719                    /home/r00t/.m2/repository/org/yaml/snakeyaml/1.27/snakeyaml-1.27.jar
7f0db5b27000-7f0db5b29000 r--s 00005000 08:01 3934510                    /home/r00t/.m2/repository/jakarta/annotation/jakarta.annotation-api/1.3.5/jakarta.annotation-api-1.3.5.jar
7f0db5b29000-7f0db5b2b000 r--s 00000000 08:01 3932710                    /home/r00t/.m2/repository/org/slf4j/jul-to-slf4j/1.7.30/jul-to-slf4j-1.7.30.jar
7f0db5b2b000-7f0db5b31000 r--s 00042000 08:01 3932712                    /home/r00t/.m2/repository/org/apache/logging/log4j/log4j-api/2.13.3/log4j-api-2.13.3.jar
7f0db5b31000-7f0db5b33000 r--s 00003000 08:01 3932701                    /home/r00t/.m2/repository/org/apache/logging/log4j/log4j-to-slf4j/2.13.3/log4j-to-slf4j-2.13.3.jar
7f0db5b33000-7f0db5b3e000 r--s 00069000 08:01 3932702                    /home/r00t/.m2/repository/ch/qos/logback/logback-core/1.2.3/logback-core-1.2.3.jar
7f0db5b3e000-7f0db5b44000 r--s 00041000 08:01 3932699                    /home/r00t/.m2/repository/ch/qos/logback/logback-classic/1.2.3/logback-classic-1.2.3.jar
7f0db5b44000-7f0db5b45000 r--s 00001000 08:01 3932706                    /home/r00t/.m2/repository/org/springframework/boot/spring-boot-starter-logging/2.4.3/spring-boot-starter-logging-2.4.3.jar
7f0db5b45000-7f0db5b70000 r--s 0014e000 08:01 3934515                    /home/r00t/.m2/repository/org/springframework/boot/spring-boot-autoconfigure/2.4.3/spring-boot-autoconfigure-2.4.3.jar
7f0db5b70000-7f0db5b8c000 r--s 00125000 08:01 3932693                    /home/r00t/.m2/repository/org/springframework/boot/spring-boot/2.4.3/spring-boot-2.4.3.jar
7f0db5b8c000-7f0db5b9f000 r--s 0034b000 08:01 266904                     /usr/lib/jvm/java-8-openjdk-amd64/jre/lib/resources.jar
7f0db5b9f000-7f0db5bb0000 r--s 001bf000 08:01 266834                     /usr/lib/jvm/java-8-openjdk-amd64/jre/lib/jsse.jar
7f0db5bb0000-7f0db5bb6000 r--s 000d3000 08:01 266845                     /usr/lib/jvm/java-8-openjdk-amd64/jre/lib/jfr.jar
7f0db5bb6000-7f0db5bd1000 r--s 001d6000 08:01 266856                     /usr/lib/jvm/java-8-openjdk-amd64/jre/lib/ext/nashorn.jar
7f0db5bd1000-7f0db5bec000 r--s 00394000 08:01 266854                     /usr/lib/jvm/java-8-openjdk-amd64/jre/lib/ext/cldrdata.jar
7f0db5bec000-7f0db5bef000 ---p 00000000 00:00 0 
7f0db5bef000-7f0db5ced000 rw-p 00000000 00:00 0 
7f0db5ced000-7f0db66ac000 r--p 00000000 08:01 138866                     /usr/lib/locale/locale-archive
7f0db66ac000-7f0db66af000 ---p 00000000 00:00 0 
7f0db66af000-7f0db67ad000 rw-p 00000000 00:00 0 
7f0db67ad000-7f0db67b0000 ---p 00000000 00:00 0 
7f0db67b0000-7f0db68ae000 rw-p 00000000 00:00 0 
7f0db68ae000-7f0db68af000 ---p 00000000 00:00 0 
7f0db68af000-7f0db72b8000 rw-p 00000000 00:00 0 
7f0db72b8000-7f0db7489000 r--s 03ca5000 08:01 266838                     /usr/lib/jvm/java-8-openjdk-amd64/jre/lib/rt.jar
7f0db7489000-7f0dbbe9c000 rw-p 00000000 00:00 0 
7f0dbbe9c000-7f0dbbe9d000 ---p 00000000 00:00 0 
7f0dbbe9d000-7f0dbbfb7000 rw-p 00000000 00:00 0 
7f0dbbfb7000-7f0dbc235000 ---p 00000000 00:00 0 
7f0dbc235000-7f0dbc24f000 rw-p 00000000 00:00 0 
7f0dbc24f000-7f0dbc4cc000 ---p 00000000 00:00 0 
7f0dbc4cc000-7f0dbc515000 rw-p 00000000 00:00 0 
7f0dbc515000-7f0dbc618000 ---p 00000000 00:00 0 
7f0dbc618000-7f0dbc632000 rw-p 00000000 00:00 0 
7f0dbc632000-7f0dbc9d9000 ---p 00000000 00:00 0 
7f0dbc9d9000-7f0dbcff9000 rwxp 00000000 00:00 0 
7f0dbcff9000-7f0dcb9d9000 ---p 00000000 00:00 0 
7f0dcb9d9000-7f0dcb9e1000 r-xp 00000000 08:01 266876                     /usr/lib/jvm/java-8-openjdk-amd64/jre/lib/amd64/libzip.so
7f0dcb9e1000-7f0dcbbe0000 ---p 00008000 08:01 266876                     /usr/lib/jvm/java-8-openjdk-amd64/jre/lib/amd64/libzip.so
7f0dcbbe0000-7f0dcbbe1000 r--p 00007000 08:01 266876                     /usr/lib/jvm/java-8-openjdk-amd64/jre/lib/amd64/libzip.so
7f0dcbbe1000-7f0dcbbe2000 rw-p 00008000 08:01 266876                     /usr/lib/jvm/java-8-openjdk-amd64/jre/lib/amd64/libzip.so
7f0dcbbe2000-7f0dcbbed000 r-xp 00000000 08:01 3412875                    /lib/x86_64-linux-gnu/libnss_files-2.23.so
7f0dcbbed000-7f0dcbdec000 ---p 0000b000 08:01 3412875                    /lib/x86_64-linux-gnu/libnss_files-2.23.so
7f0dcbdec000-7f0dcbded000 r--p 0000a000 08:01 3412875                    /lib/x86_64-linux-gnu/libnss_files-2.23.so
7f0dcbded000-7f0dcbdee000 rw-p 0000b000 08:01 3412875                    /lib/x86_64-linux-gnu/libnss_files-2.23.so
7f0dcbdee000-7f0dcbdf4000 rw-p 00000000 00:00 0 
7f0dcbdf4000-7f0dcbdff000 r-xp 00000000 08:01 3412885                    /lib/x86_64-linux-gnu/libnss_nis-2.23.so
7f0dcbdff000-7f0dcbffe000 ---p 0000b000 08:01 3412885                    /lib/x86_64-linux-gnu/libnss_nis-2.23.so
7f0dcbffe000-7f0dcbfff000 r--p 0000a000 08:01 3412885                    /lib/x86_64-linux-gnu/libnss_nis-2.23.so
7f0dcbfff000-7f0dcc000000 rw-p 0000b000 08:01 3412885                    /lib/x86_64-linux-gnu/libnss_nis-2.23.so
7f0dcc000000-7f0dccf08000 rw-p 00000000 00:00 0 
7f0dccf08000-7f0dd0000000 ---p 00000000 00:00 0 
7f0dd0000000-7f0dd0001000 r--s 00001000 08:01 3934535                    /home/r00t/.m2/repository/org/springframework/boot/spring-boot-starter/2.4.3/spring-boot-starter-2.4.3.jar
7f0dd0001000-7f0dd0002000 r--s 00001000 08:01 3934519                    /home/r00t/.m2/repository/org/springframework/boot/spring-boot-starter-jdbc/2.4.3/spring-boot-starter-jdbc-2.4.3.jar
7f0dd0002000-7f0dd0003000 r--s 00000000 08:01 266837                     /usr/lib/jvm/java-8-openjdk-amd64/jre/lib/management-agent.jar
7f0dd0003000-7f0dd0005000 r--s 00016000 08:01 266822                     /usr/lib/jvm/java-8-openjdk-amd64/jre/lib/jce.jar
7f0dd0005000-7f0dd000a000 r--s 002f9000 08:01 266866                     /usr/lib/jvm/java-8-openjdk-amd64/jre/lib/charsets.jar
7f0dd000a000-7f0dd0080000 rw-p 00000000 00:00 0 
7f0dd0080000-7f0dd0081000 ---p 00000000 00:00 0 
7f0dd0081000-7f0dd0181000 rw-p 00000000 00:00 0 
7f0dd0181000-7f0dd0197000 r-xp 00000000 08:01 3412869                    /lib/x86_64-linux-gnu/libnsl-2.23.so
7f0dd0197000-7f0dd0396000 ---p 00016000 08:01 3412869                    /lib/x86_64-linux-gnu/libnsl-2.23.so
7f0dd0396000-7f0dd0397000 r--p 00015000 08:01 3412869                    /lib/x86_64-linux-gnu/libnsl-2.23.so
7f0dd0397000-7f0dd0398000 rw-p 00016000 08:01 3412869                    /lib/x86_64-linux-gnu/libnsl-2.23.so
7f0dd0398000-7f0dd039a000 rw-p 00000000 00:00 0 
7f0dd039a000-7f0dd03a2000 r-xp 00000000 08:01 3412871                    /lib/x86_64-linux-gnu/libnss_compat-2.23.so
7f0dd03a2000-7f0dd05a1000 ---p 00008000 08:01 3412871                    /lib/x86_64-linux-gnu/libnss_compat-2.23.so
7f0dd05a1000-7f0dd05a2000 r--p 00007000 08:01 3412871                    /lib/x86_64-linux-gnu/libnss_compat-2.23.so
7f0dd05a2000-7f0dd05a3000 rw-p 00008000 08:01 3412871                    /lib/x86_64-linux-gnu/libnss_compat-2.23.so
7f0dd05a3000-7f0dd05ad000 r-xp 00000000 08:01 266894                     /usr/lib/jvm/java-8-openjdk-amd64/jre/lib/amd64/libinstrument.so
7f0dd05ad000-7f0dd07ac000 ---p 0000a000 08:01 266894                     /usr/lib/jvm/java-8-openjdk-amd64/jre/lib/amd64/libinstrument.so
7f0dd07ac000-7f0dd07ad000 r--p 00009000 08:01 266894                     /usr/lib/jvm/java-8-openjdk-amd64/jre/lib/amd64/libinstrument.so
7f0dd07ad000-7f0dd07ae000 rw-p 0000a000 08:01 266894                     /usr/lib/jvm/java-8-openjdk-amd64/jre/lib/amd64/libinstrument.so
7f0dd07ae000-7f0dd07d8000 r-xp 00000000 08:01 266883                     /usr/lib/jvm/java-8-openjdk-amd64/jre/lib/amd64/libjava.so
7f0dd07d8000-7f0dd09d7000 ---p 0002a000 08:01 266883                     /usr/lib/jvm/java-8-openjdk-amd64/jre/lib/amd64/libjava.so
7f0dd09d7000-7f0dd09d8000 r--p 00029000 08:01 266883                     /usr/lib/jvm/java-8-openjdk-amd64/jre/lib/amd64/libjava.so
7f0dd09d8000-7f0dd09da000 rw-p 0002a000 08:01 266883                     /usr/lib/jvm/java-8-openjdk-amd64/jre/lib/amd64/libjava.so
7f0dd09da000-7f0dd09e9000 r-xp 00000000 08:01 266881                     /usr/lib/jvm/java-8-openjdk-amd64/jre/lib/amd64/libverify.so
7f0dd09e9000-7f0dd0be8000 ---p 0000f000 08:01 266881                     /usr/lib/jvm/java-8-openjdk-amd64/jre/lib/amd64/libverify.so
7f0dd0be8000-7f0dd0bea000 r--p 0000e000 08:01 266881                     /usr/lib/jvm/java-8-openjdk-amd64/jre/lib/amd64/libverify.so
7f0dd0bea000-7f0dd0beb000 rw-p 00010000 08:01 266881                     /usr/lib/jvm/java-8-openjdk-amd64/jre/lib/amd64/libverify.so
7f0dd0beb000-7f0dd0bf2000 r-xp 00000000 08:01 3412930                    /lib/x86_64-linux-gnu/librt-2.23.so
7f0dd0bf2000-7f0dd0df1000 ---p 00007000 08:01 3412930                    /lib/x86_64-linux-gnu/librt-2.23.so
7f0dd0df1000-7f0dd0df2000 r--p 00006000 08:01 3412930                    /lib/x86_64-linux-gnu/librt-2.23.so
7f0dd0df2000-7f0dd0df3000 rw-p 00007000 08:01 3412930                    /lib/x86_64-linux-gnu/librt-2.23.so
7f0dd0df3000-7f0dd0e09000 r-xp 00000000 08:01 3412814                    /lib/x86_64-linux-gnu/libgcc_s.so.1
7f0dd0e09000-7f0dd1008000 ---p 00016000 08:01 3412814                    /lib/x86_64-linux-gnu/libgcc_s.so.1
7f0dd1008000-7f0dd1009000 rw-p 00015000 08:01 3412814                    /lib/x86_64-linux-gnu/libgcc_s.so.1
7f0dd1009000-7f0dd1111000 r-xp 00000000 08:01 3412846                    /lib/x86_64-linux-gnu/libm-2.23.so
7f0dd1111000-7f0dd1310000 ---p 00108000 08:01 3412846                    /lib/x86_64-linux-gnu/libm-2.23.so
7f0dd1310000-7f0dd1311000 r--p 00107000 08:01 3412846                    /lib/x86_64-linux-gnu/libm-2.23.so
7f0dd1311000-7f0dd1312000 rw-p 00108000 08:01 3412846                    /lib/x86_64-linux-gnu/libm-2.23.so
7f0dd1312000-7f0dd1484000 r-xp 00000000 08:01 141232                     /usr/lib/x86_64-linux-gnu/libstdc++.so.6.0.21
7f0dd1484000-7f0dd1684000 ---p 00172000 08:01 141232                     /usr/lib/x86_64-linux-gnu/libstdc++.so.6.0.21
7f0dd1684000-7f0dd168e000 r--p 00172000 08:01 141232                     /usr/lib/x86_64-linux-gnu/libstdc++.so.6.0.21
7f0dd168e000-7f0dd1690000 rw-p 0017c000 08:01 141232                     /usr/lib/x86_64-linux-gnu/libstdc++.so.6.0.21
7f0dd1690000-7f0dd1694000 rw-p 00000000 00:00 0 
7f0dd1694000-7f0dd23ba000 r-xp 00000000 08:01 266898                     /usr/lib/jvm/java-8-openjdk-amd64/jre/lib/amd64/server/libjvm.so
7f0dd23ba000-7f0dd25b9000 ---p 00d26000 08:01 266898                     /usr/lib/jvm/java-8-openjdk-amd64/jre/lib/amd64/server/libjvm.so
7f0dd25b9000-7f0dd264f000 r--p 00d25000 08:01 266898                     /usr/lib/jvm/java-8-openjdk-amd64/jre/lib/amd64/server/libjvm.so
7f0dd264f000-7f0dd2678000 rw-p 00dbb000 08:01 266898                     /usr/lib/jvm/java-8-openjdk-amd64/jre/lib/amd64/server/libjvm.so
7f0dd2678000-7f0dd26ab000 rw-p 00000000 00:00 0 
7f0dd26ab000-7f0dd26c3000 r-xp 00000000 08:01 3412922                    /lib/x86_64-linux-gnu/libpthread-2.23.so
7f0dd26c3000-7f0dd28c2000 ---p 00018000 08:01 3412922                    /lib/x86_64-linux-gnu/libpthread-2.23.so
7f0dd28c2000-7f0dd28c3000 r--p 00017000 08:01 3412922                    /lib/x86_64-linux-gnu/libpthread-2.23.so
7f0dd28c3000-7f0dd28c4000 rw-p 00018000 08:01 3412922                    /lib/x86_64-linux-gnu/libpthread-2.23.so
7f0dd28c4000-7f0dd28c8000 rw-p 00000000 00:00 0 
7f0dd28c8000-7f0dd28cb000 r-xp 00000000 08:01 3412800                    /lib/x86_64-linux-gnu/libdl-2.23.so
7f0dd28cb000-7f0dd2aca000 ---p 00003000 08:01 3412800                    /lib/x86_64-linux-gnu/libdl-2.23.so
7f0dd2aca000-7f0dd2acb000 r--p 00002000 08:01 3412800                    /lib/x86_64-linux-gnu/libdl-2.23.so
7f0dd2acb000-7f0dd2acc000 rw-p 00003000 08:01 3412800                    /lib/x86_64-linux-gnu/libdl-2.23.so
7f0dd2acc000-7f0dd2ae5000 r-xp 00000000 08:01 3412967                    /lib/x86_64-linux-gnu/libz.so.1.2.8
7f0dd2ae5000-7f0dd2ce4000 ---p 00019000 08:01 3412967                    /lib/x86_64-linux-gnu/libz.so.1.2.8
7f0dd2ce4000-7f0dd2ce5000 r--p 00018000 08:01 3412967                    /lib/x86_64-linux-gnu/libz.so.1.2.8
7f0dd2ce5000-7f0dd2ce6000 rw-p 00019000 08:01 3412967                    /lib/x86_64-linux-gnu/libz.so.1.2.8
7f0dd2ce6000-7f0dd2ea6000 r-xp 00000000 08:01 3412776                    /lib/x86_64-linux-gnu/libc-2.23.so
7f0dd2ea6000-7f0dd30a6000 ---p 001c0000 08:01 3412776                    /lib/x86_64-linux-gnu/libc-2.23.so
7f0dd30a6000-7f0dd30aa000 r--p 001c0000 08:01 3412776                    /lib/x86_64-linux-gnu/libc-2.23.so
7f0dd30aa000-7f0dd30ac000 rw-p 001c4000 08:01 3412776                    /lib/x86_64-linux-gnu/libc-2.23.so
7f0dd30ac000-7f0dd30b0000 rw-p 00000000 00:00 0 
7f0dd30b0000-7f0dd30be000 r-xp 00000000 08:01 266888                     /usr/lib/jvm/java-8-openjdk-amd64/jre/lib/amd64/jli/libjli.so
7f0dd30be000-7f0dd32bd000 ---p 0000e000 08:01 266888                     /usr/lib/jvm/java-8-openjdk-amd64/jre/lib/amd64/jli/libjli.so
7f0dd32bd000-7f0dd32be000 r--p 0000d000 08:01 266888                     /usr/lib/jvm/java-8-openjdk-amd64/jre/lib/amd64/jli/libjli.so
7f0dd32be000-7f0dd32bf000 rw-p 0000e000 08:01 266888                     /usr/lib/jvm/java-8-openjdk-amd64/jre/lib/amd64/jli/libjli.so
7f0dd32bf000-7f0dd32e5000 r-xp 00000000 08:01 3412748                    /lib/x86_64-linux-gnu/ld-2.23.so
7f0dd32e5000-7f0dd32f0000 r--s 00116000 08:01 266858                     /usr/lib/jvm/java-8-openjdk-amd64/jre/lib/ext/localedata.jar
7f0dd32f0000-7f0dd32f6000 r--s 0003d000 08:01 266862                     /usr/lib/jvm/java-8-openjdk-amd64/jre/lib/ext/sunjce_provider.jar
7f0dd32f6000-7f0dd32f7000 r--s 0000a000 08:01 266857                     /usr/lib/jvm/java-8-openjdk-amd64/jre/lib/ext/jaccess.jar
7f0dd32f7000-7f0dd33c7000 rw-p 00000000 00:00 0 
7f0dd33c7000-7f0dd33ca000 ---p 00000000 00:00 0 
7f0dd33ca000-7f0dd34cc000 rw-p 00000000 00:00 0 
7f0dd34cc000-7f0dd34cf000 r--s 0000f000 08:01 266860                     /usr/lib/jvm/java-8-openjdk-amd64/jre/lib/ext/icedtea-sound.jar
7f0dd34cf000-7f0dd34d1000 r--s 00008000 08:01 266853                     /usr/lib/jvm/java-8-openjdk-amd64/jre/lib/ext/sunec.jar
7f0dd34d1000-7f0dd34d3000 r--s 00010000 08:01 266855                     /usr/lib/jvm/java-8-openjdk-amd64/jre/lib/ext/zipfs.jar
7f0dd34d3000-7f0dd34d7000 r--s 00040000 08:01 266859                     /usr/lib/jvm/java-8-openjdk-amd64/jre/lib/ext/sunpkcs11.jar
7f0dd34d7000-7f0dd34d9000 r--s 00001000 08:01 266861                     /usr/lib/jvm/java-8-openjdk-amd64/jre/lib/ext/dnsns.jar
7f0dd34d9000-7f0dd34e1000 rw-s 00000000 08:01 4199270                    /tmp/hsperfdata_r00t/75717
7f0dd34e1000-7f0dd34e2000 rw-p 00000000 00:00 0 
7f0dd34e2000-7f0dd34e3000 ---p 00000000 00:00 0 
7f0dd34e3000-7f0dd34e4000 rw-p 00000000 00:00 0 
7f0dd34e4000-7f0dd34e5000 r--p 00025000 08:01 3412748                    /lib/x86_64-linux-gnu/ld-2.23.so
7f0dd34e5000-7f0dd34e6000 rw-p 00026000 08:01 3412748                    /lib/x86_64-linux-gnu/ld-2.23.so
7f0dd34e6000-7f0dd34e7000 rw-p 00000000 00:00 0 
7fffef5e0000-7fffef603000 rw-p 00000000 00:00 0                          [stack]
7fffef6cc000-7fffef6cf000 r--p 00000000 00:00 0                          [vvar]
7fffef6cf000-7fffef6d1000 r-xp 00000000 00:00 0                          [vdso]
ffffffffff600000-ffffffffff601000 r-xp 00000000 00:00 0                  [vsyscall]

VM Arguments:
jvm_args: -XX:TieredStopAtLevel=1 -Xverify:none -Dspring.output.ansi.enabled=always -javaagent:/opt/idea-IU-203.7148.57/lib/idea_rt.jar=34729:/opt/idea-IU-203.7148.57/bin -Dcom.sun.management.jmxremote -Dspring.jmx.enabled=true -Dspring.liveBeansView.mbeanDomain -Dspring.application.admin.enabled=true -Dfile.encoding=UTF-8 
java_command: upc.csp1_0.Csp10Application
java_class_path (initial): /usr/lib/jvm/java-1.8.0-openjdk-amd64/jre/lib/charsets.jar:/usr/lib/jvm/java-1.8.0-openjdk-amd64/jre/lib/ext/cldrdata.jar:/usr/lib/jvm/java-1.8.0-openjdk-amd64/jre/lib/ext/dnsns.jar:/usr/lib/jvm/java-1.8.0-openjdk-amd64/jre/lib/ext/icedtea-sound.jar:/usr/lib/jvm/java-1.8.0-openjdk-amd64/jre/lib/ext/jaccess.jar:/usr/lib/jvm/java-1.8.0-openjdk-amd64/jre/lib/ext/localedata.jar:/usr/lib/jvm/java-1.8.0-openjdk-amd64/jre/lib/ext/nashorn.jar:/usr/lib/jvm/java-1.8.0-openjdk-amd64/jre/lib/ext/sunec.jar:/usr/lib/jvm/java-1.8.0-openjdk-amd64/jre/lib/ext/sunjce_provider.jar:/usr/lib/jvm/java-1.8.0-openjdk-amd64/jre/lib/ext/sunpkcs11.jar:/usr/lib/jvm/java-1.8.0-openjdk-amd64/jre/lib/ext/zipfs.jar:/usr/lib/jvm/java-1.8.0-openjdk-amd64/jre/lib/jce.jar:/usr/lib/jvm/java-1.8.0-openjdk-amd64/jre/lib/jfr.jar:/usr/lib/jvm/java-1.8.0-openjdk-amd64/jre/lib/jsse.jar:/usr/lib/jvm/java-1.8.0-openjdk-amd64/jre/lib/management-agent.jar:/usr/lib/jvm/java-1.8.0-openjdk-amd64/jre/lib/resources.jar:/usr/lib/jvm/java-1.8.0-openjdk-amd64/jre/lib/rt.jar:/home/r00t/IdeaProjects/csp1_0/csp1_0/csp1_0/csp1_0/target/classes:/home/r00t/.m2/repository/org/springframework/boot/spring-boot-starter-jdbc/2.4.3/spring-boot-starter-jdbc-2.4.3.jar:/home/r00t/.m2/repository/org/springframework/boot/spring-boot-starter/2.4.3/spring-boot-starter-2.4.3.jar:/home/r00t/.m2/repository/org/springframework/boot/spring-boot/2.4.3/spring-boot-2.4.3.jar:/home/r00t/.m2/repository/org/springframework/boot/spring-boot-autoconfigure/2.4.3/spring-boot-autoconfigure-2.4.3.jar:/home/r00t/.m2/repository/org/springframework/boot/spring-boot-starter-logging/2.4.3/spring-boot-starter-logging-2.4.3.jar:/home/r00t/.m2/repository/ch/qos/logback/logback-classic/1.2.3/logback-classic-1.2.3.jar:/home/r00t/.m2/repository/ch/qos/logback/logback-core/1.2.3/logback-core-1.2.3.jar:/home/r00t/.m2/repository/org/apache/logging/log4j/log4j-to-slf4j/2.13.3/log4j-to-slf4j-2.13.3.jar:/home/r00t/.m2/repository/org/apache/log
Launcher Type: SUN_STANDARD

Environment Variables:
JAVA_HOME=/usr/lib/jvm/java-8-openjdk-amd64
CLASSPATH=/opt/idea-IU-203.7148.57/lib/bootstrap.jar:/opt/idea-IU-203.7148.57/lib/util.jar:/opt/idea-IU-203.7148.57/lib/jdom.jar:/opt/idea-IU-203.7148.57/lib/log4j.jar:/opt/idea-IU-203.7148.57/lib/jna.jar:/lib/tools.jar
PATH=/home/r00t/bin:/home/r00t/.local/bin:/usr/local/sbin:/usr/local/bin:/usr/sbin:/usr/bin:/sbin:/bin:/usr/games:/usr/local/games:/snap/bin:/opt/maven/apache-maven-3.6.3/bin
SHELL=/bin/bash
DISPLAY=:0

Signal Handlers:
SIGSEGV: [libjvm.so+0xb1f1b0], sa_mask[0]=11111111011111111101111111111110, sa_flags=SA_RESTART|SA_SIGINFO
SIGBUS: [libjvm.so+0xb1f1b0], sa_mask[0]=11111111011111111101111111111110, sa_flags=SA_RESTART|SA_SIGINFO
SIGFPE: [libjvm.so+0x956cf0], sa_mask[0]=11111111011111111101111111111110, sa_flags=SA_RESTART|SA_SIGINFO
SIGPIPE: [libjvm.so+0x956cf0], sa_mask[0]=11111111011111111101111111111110, sa_flags=SA_RESTART|SA_SIGINFO
SIGXFSZ: [libjvm.so+0x956cf0], sa_mask[0]=11111111011111111101111111111110, sa_flags=SA_RESTART|SA_SIGINFO
SIGILL: [libjvm.so+0x956cf0], sa_mask[0]=11111111011111111101111111111110, sa_flags=SA_RESTART|SA_SIGINFO
SIGUSR1: SIG_DFL, sa_mask[0]=00000000000000000000000000000000, sa_flags=none
SIGUSR2: [libjvm.so+0x956ba0], sa_mask[0]=00100000000000000000000000000000, sa_flags=SA_RESTART|SA_SIGINFO
SIGHUP: [libjvm.so+0x957230], sa_mask[0]=11111111011111111101111111111110, sa_flags=SA_RESTART|SA_SIGINFO
SIGINT: [libjvm.so+0x957230], sa_mask[0]=11111111011111111101111111111110, sa_flags=SA_RESTART|SA_SIGINFO
SIGTERM: [libjvm.so+0x957230], sa_mask[0]=11111111011111111101111111111110, sa_flags=SA_RESTART|SA_SIGINFO
SIGQUIT: [libjvm.so+0x957230], sa_mask[0]=11111111011111111101111111111110, sa_flags=SA_RESTART|SA_SIGINFO


---------------  S Y S T E M  ---------------

OS:DISTRIB_ID=Ubuntu
DISTRIB_RELEASE=16.04
DISTRIB_CODENAME=xenial
DISTRIB_DESCRIPTION="Ubuntu 16.04.7 LTS"

uname:Linux 4.15.0-142-generic #146~16.04.1-Ubuntu SMP Tue Apr 13 09:27:15 UTC 2021 x86_64
libc:glibc 2.23 NPTL 2.23 
rlimit: STACK 8192k, CORE 0k, NPROC 31574, NOFILE 1048576, AS infinity
load average:9.31 6.34 3.39

/proc/meminfo:
MemTotal:        8144672 kB
MemFree:          103496 kB
MemAvailable:      13172 kB
Buffers:             696 kB
Cached:           120988 kB
SwapCached:         7368 kB
Active:          6813524 kB
Inactive:         868216 kB
Active(anon):    6798192 kB
Inactive(anon):   852740 kB
Active(file):      15332 kB
Inactive(file):    15476 kB
Unevictable:       34916 kB
Mlocked:           34916 kB
SwapTotal:        998396 kB
SwapFree:              0 kB
Dirty:                60 kB
Writeback:           732 kB
AnonPages:       7587780 kB
Mapped:            58712 kB
Shmem:             83292 kB
Slab:             144152 kB
SReclaimable:      62152 kB
SUnreclaim:        82000 kB
KernelStack:       22432 kB
PageTables:        79740 kB
NFS_Unstable:          0 kB
Bounce:                0 kB
WritebackTmp:          0 kB
CommitLimit:     5070732 kB
Committed_AS:   13125344 kB
VmallocTotal:   34359738367 kB
VmallocUsed:           0 kB
VmallocChunk:          0 kB
HardwareCorrupted:     0 kB
AnonHugePages:         0 kB
ShmemHugePages:        0 kB
ShmemPmdMapped:        0 kB
CmaTotal:              0 kB
CmaFree:               0 kB
HugePages_Total:       0
HugePages_Free:        0
HugePages_Rsvd:        0
HugePages_Surp:        0
Hugepagesize:       2048 kB
DirectMap4k:      190272 kB
DirectMap2M:     6100992 kB
DirectMap1G:     4194304 kB

container (cgroup) information:
container_type: cgroupv1
cpu_cpuset_cpus: 0-1
cpu_memory_nodes: 0
active_processor_count: 2
cpu_quota: -1
cpu_period: 100000
cpu_shares: -1
memory_limit_in_bytes: -1
memory_and_swap_limit_in_bytes: -2
memory_soft_limit_in_bytes: -1
memory_usage_in_bytes: 7897288704
memory_max_usage_in_bytes: 20668416


CPU:total 2 (initial active 2) (1 cores per cpu, 1 threads per core) family 6 model 151 stepping 2, cmov, cx8, fxsr, mmx, sse, sse2, sse3, ssse3, sse4.1, sse4.2, popcnt, avx, avx2, aes, clmul, erms, 3dnowpref, lzcnt, tsc, tscinvbit, bmi1, bmi2, adx

/proc/cpuinfo:
processor	: 0
vendor_id	: GenuineIntel
cpu family	: 6
model		: 151
model name	: 12th Gen Intel(R) Core(TM) i7-12700
stepping	: 2
microcode	: 0x1e
cpu MHz		: 2112.000
cache size	: 25600 KB
physical id	: 0
siblings	: 1
core id		: 0
cpu cores	: 1
apicid		: 0
initial apicid	: 0
fpu		: yes
fpu_exception	: yes
cpuid level	: 32
wp		: yes
flags		: fpu vme de pse tsc msr pae mce cx8 apic sep mtrr pge mca cmov pat pse36 clflush mmx fxsr sse sse2 ss syscall nx pdpe1gb rdtscp lm constant_tsc arch_perfmon nopl xtopology tsc_reliable nonstop_tsc cpuid pni pclmulqdq ssse3 fma cx16 pcid sse4_1 sse4_2 x2apic movbe popcnt tsc_deadline_timer aes xsave avx f16c rdrand hypervisor lahf_lm abm 3dnowprefetch invpcid_single ssbd ibrs ibpb stibp ibrs_enhanced fsgsbase tsc_adjust bmi1 avx2 smep bmi2 invpcid rdseed adx smap clflushopt clwb sha_ni xsaveopt xsavec xgetbv1 xsaves arat umip pku ospke gfni vaes vpclmulqdq rdpid md_clear flush_l1d arch_capabilities
bugs		: spectre_v1 spectre_v2 spec_store_bypass swapgs itlb_multihit
bogomips	: 4224.00
clflush size	: 64
cache_alignment	: 64
address sizes	: 45 bits physical, 48 bits virtual
power management:

processor	: 1
vendor_id	: GenuineIntel
cpu family	: 6
model		: 151
model name	: 12th Gen Intel(R) Core(TM) i7-12700
stepping	: 2
microcode	: 0x1e
cpu MHz		: 2112.000
cache size	: 25600 KB
physical id	: 2
siblings	: 1
core id		: 0
cpu cores	: 1
apicid		: 2
initial apicid	: 2
fpu		: yes
fpu_exception	: yes
cpuid level	: 32
wp		: yes
flags		: fpu vme de pse tsc msr pae mce cx8 apic sep mtrr pge mca cmov pat pse36 clflush mmx fxsr sse sse2 ss syscall nx pdpe1gb rdtscp lm constant_tsc arch_perfmon nopl xtopology tsc_reliable nonstop_tsc cpuid pni pclmulqdq ssse3 fma cx16 pcid sse4_1 sse4_2 x2apic movbe popcnt tsc_deadline_timer aes xsave avx f16c rdrand hypervisor lahf_lm abm 3dnowprefetch invpcid_single ssbd ibrs ibpb stibp ibrs_enhanced fsgsbase tsc_adjust bmi1 avx2 smep bmi2 invpcid rdseed adx smap clflushopt clwb sha_ni xsaveopt xsavec xgetbv1 xsaves arat umip pku ospke gfni vaes vpclmulqdq rdpid md_clear flush_l1d arch_capabilities
bugs		: spectre_v1 spectre_v2 spec_store_bypass swapgs itlb_multihit
bogomips	: 4224.00
clflush size	: 64
cache_alignment	: 64
address sizes	: 45 bits physical, 48 bits virtual
power management:



Memory: 4k page, physical 8144672k(103496k free), swap 998396k(0k free)

vm_info: OpenJDK 64-Bit Server VM (25.292-b10) for linux-amd64 JRE (1.8.0_292-8u292-b10-0ubuntu1~16.04.1-b10), built on Apr 21 2021 12:47:35 by "buildd" with gcc 5.4.0 20160609

time: Thu Jun 15 19:24:29 2023
timezone: CST
elapsed time: 3.250648 seconds (0d 0h 0m 3s)

